#
# There is insufficient memory for the Java Runtime Environment to continue.
# Native memory allocation (malloc) failed to allocate 1303216 bytes for Chunk::new
# Possible reasons:
#   The system is out of physical RAM or swap space
#   The process is running with CompressedOops enabled, and the Java Heap may be blocking the growth of the native heap
# Possible solutions:
#   Reduce memory load on the system
#   Increase physical memory or swap space
#   Check if swap backing store is full
#   Decrease Java heap size (-Xmx/-Xms)
#   Decrease number of Java threads
#   Decrease Java thread stack sizes (-Xss)
#   Set larger code cache with -XX:ReservedCodeCacheSize=
#   JVM is running with Unscaled Compressed Oops mode in which the Java heap is
#     placed in the first 4GB address space. The Java Heap base address is the
#     maximum limit for the native heap growth. Please use -XX:HeapBaseMinAddress
#     to set the Java Heap base and to place the Java Heap above 4GB virtual address.
# This output file may be truncated or incomplete.
#
#  Out of Memory Error (./src/hotspot/share/memory/arena.cpp:197), pid=5508, tid=7896
#
# JRE version: OpenJDK Runtime Environment (11.0.10) (build 11.0.10+0-b96-7249189)
# Java VM: OpenJDK 64-Bit Server VM (11.0.10+0-b96-7249189, mixed mode, tiered, compressed oops, g1 gc, windows-amd64)
# No core dump will be written. Minidumps are not enabled by default on client versions of Windows
#

---------------  S U M M A R Y ------------

Command Line: --add-opens=java.base/java.util=ALL-UNNAMED --add-opens=java.base/java.lang=ALL-UNNAMED --add-opens=java.base/java.lang.invoke=ALL-UNNAMED --add-opens=java.base/java.util=ALL-UNNAMED --add-opens=java.prefs/java.util.prefs=ALL-UNNAMED --add-opens=java.prefs/java.util.prefs=ALL-UNNAMED --add-opens=java.base/java.nio.charset=ALL-UNNAMED --add-opens=java.base/java.net=ALL-UNNAMED --add-opens=java.base/java.util.concurrent.atomic=ALL-UNNAMED -Xmx2048m -Dfile.encoding=UTF-8 -Duser.country=US -Duser.language=en -Duser.variant org.gradle.launcher.daemon.bootstrap.GradleDaemon 7.0.2

Host: Intel(R) Core(TM) i5-3210M CPU @ 2.50GHz, 4 cores, 3G,  Windows 10 , 64 bit Build 18362 (10.0.18362.1500)
Time: Wed Oct  6 00:00:27 2021 SE Asia Standard Time elapsed time: 25.474458 seconds (0d 0h 0m 25s)

---------------  T H R E A D  ---------------

Current thread (0x000002a93e1ed800):  JavaThread "C2 CompilerThread0" daemon [_thread_in_native, id=7896, stack(0x000000d64c400000,0x000000d64c500000)]


Current CompileTask:
C2:  25474 6754       4       jdk.internal.loader.URLClassPath$JarLoader$2::getCodeSigners (8 bytes)

Stack: [0x000000d64c400000,0x000000d64c500000]
Native frames: (J=compiled Java code, j=interpreted, Vv=VM code, C=native code)
V  [jvm.dll+0x5ecfaa]
V  [jvm.dll+0x722bd5]
V  [jvm.dll+0x72412d]
V  [jvm.dll+0x7247e3]
V  [jvm.dll+0x242928]
V  [jvm.dll+0xbc4fc]
V  [jvm.dll+0xbca0c]
V  [jvm.dll+0x352d3b]
V  [jvm.dll+0x320ad3]
V  [jvm.dll+0x31ffca]
V  [jvm.dll+0x1fb602]
V  [jvm.dll+0x1fa7f4]
V  [jvm.dll+0x18354c]
V  [jvm.dll+0x208ee7]
V  [jvm.dll+0x207731]
V  [jvm.dll+0x6eb1cf]
V  [jvm.dll+0x6e3d45]
V  [jvm.dll+0x5ebe96]
C  [ucrtbase.dll+0x210b2]
C  [KERNEL32.DLL+0x17c24]
C  [ntdll.dll+0x6d721]


---------------  P R O C E S S  ---------------

Threads class SMR info:
_java_thread_list=0x000002a9442d53d0, length=42, elements={
0x000002a923ccc800, 0x000002a93d866000, 0x000002a93d872000, 0x000002a93e1e6800,
0x000002a93e1e7800, 0x000002a93e1e8800, 0x000002a93e1ed800, 0x000002a93e233000,
0x000002a93e238000, 0x000002a93e327800, 0x000002a93f0fb000, 0x000002a940a10800,
0x000002a93f753800, 0x000002a93fcb7000, 0x000002a93fcb7800, 0x000002a9401b2000,
0x000002a9403e4800, 0x000002a9401ad000, 0x000002a940171000, 0x000002a9408a8800,
0x000002a9408af000, 0x000002a9408ad800, 0x000002a9408ae000, 0x000002a9408a9800,
0x000002a9408aa000, 0x000002a9408ab000, 0x000002a9408ac800, 0x000002a9408ac000,
0x000002a9408d8000, 0x000002a9408db000, 0x000002a9408d7000, 0x000002a9408d8800,
0x000002a9408da800, 0x000002a9408dc000, 0x000002a9408d6800, 0x000002a9408e0000,
0x000002a9408e1000, 0x000002a9408de800, 0x000002a9408df800, 0x000002a9408dd000,
0x000002a9408e1800, 0x000002a9408e2800
}

Java Threads: ( => current thread )
  0x000002a923ccc800 JavaThread "main" [_thread_blocked, id=3184, stack(0x000000d64b800000,0x000000d64b900000)]
  0x000002a93d866000 JavaThread "Reference Handler" daemon [_thread_blocked, id=2680, stack(0x000000d64bf00000,0x000000d64c000000)]
  0x000002a93d872000 JavaThread "Finalizer" daemon [_thread_blocked, id=8604, stack(0x000000d64c000000,0x000000d64c100000)]
  0x000002a93e1e6800 JavaThread "Signal Dispatcher" daemon [_thread_blocked, id=9532, stack(0x000000d64c100000,0x000000d64c200000)]
  0x000002a93e1e7800 JavaThread "Attach Listener" daemon [_thread_blocked, id=3764, stack(0x000000d64c200000,0x000000d64c300000)]
  0x000002a93e1e8800 JavaThread "Service Thread" daemon [_thread_blocked, id=2052, stack(0x000000d64c300000,0x000000d64c400000)]
=>0x000002a93e1ed800 JavaThread "C2 CompilerThread0" daemon [_thread_in_native, id=7896, stack(0x000000d64c400000,0x000000d64c500000)]
  0x000002a93e233000 JavaThread "C1 CompilerThread0" daemon [_thread_blocked, id=1892, stack(0x000000d64c500000,0x000000d64c600000)]
  0x000002a93e238000 JavaThread "Sweeper thread" daemon [_thread_blocked, id=6316, stack(0x000000d64c600000,0x000000d64c700000)]
  0x000002a93e327800 JavaThread "Common-Cleaner" daemon [_thread_blocked, id=2340, stack(0x000000d64c700000,0x000000d64c800000)]
  0x000002a93f0fb000 JavaThread "Daemon health stats" [_thread_blocked, id=9840, stack(0x000000d64cb00000,0x000000d64cc00000)]
  0x000002a940a10800 JavaThread "Incoming local TCP Connector on port 49457" [_thread_in_native, id=6680, stack(0x000000d64c900000,0x000000d64ca00000)]
  0x000002a93f753800 JavaThread "Daemon periodic checks" [_thread_blocked, id=8412, stack(0x000000d64ce00000,0x000000d64cf00000)]
  0x000002a93fcb7000 JavaThread "Daemon" [_thread_blocked, id=4500, stack(0x000000d64cf00000,0x000000d64d000000)]
  0x000002a93fcb7800 JavaThread "Handler for socket connection from /127.0.0.1:49457 to /127.0.0.1:49458" [_thread_in_native, id=6580, stack(0x000000d64d000000,0x000000d64d100000)]
  0x000002a9401b2000 JavaThread "Cancel handler" [_thread_blocked, id=2820, stack(0x000000d64d100000,0x000000d64d200000)]
  0x000002a9403e4800 JavaThread "Daemon worker" [_thread_in_Java, id=7288, stack(0x000000d64d200000,0x000000d64d300000)]
  0x000002a9401ad000 JavaThread "Asynchronous log dispatcher for DefaultDaemonConnection: socket connection from /127.0.0.1:49457 to /127.0.0.1:49458" [_thread_blocked, id=7508, stack(0x000000d64d300000,0x000000d64d400000)]
  0x000002a940171000 JavaThread "Stdin handler" [_thread_blocked, id=5908, stack(0x000000d64d400000,0x000000d64d500000)]
  0x000002a9408a8800 JavaThread "Daemon client event forwarder" [_thread_blocked, id=9248, stack(0x000000d64d500000,0x000000d64d600000)]
  0x000002a9408af000 JavaThread "Cache worker for file hash cache (C:\Users\Admin\.gradle\caches\7.0.2\fileHashes)" [_thread_blocked, id=856, stack(0x000000d64d600000,0x000000d64d700000)]
  0x000002a9408ad800 JavaThread "File lock request listener" [_thread_in_native, id=1600, stack(0x000000d64d700000,0x000000d64d800000)]
  0x000002a9408ae000 JavaThread "Cache worker for journal cache (C:\Users\Admin\.gradle\caches\journal-1)" [_thread_blocked, id=7744, stack(0x000000d64d800000,0x000000d64d900000)]
  0x000002a9408a9800 JavaThread "Cache worker for file hash cache (D:\USTHMobile\androiddev2022\USTHMobile\.gradle\7.0.2\fileHashes)" [_thread_blocked, id=4564, stack(0x000000d64d900000,0x000000d64da00000)]
  0x000002a9408aa000 JavaThread "File watcher server" daemon [_thread_in_native, id=2032, stack(0x000000d64da00000,0x000000d64db00000)]
  0x000002a9408ab000 JavaThread "File watcher consumer" daemon [_thread_blocked, id=9828, stack(0x000000d64db00000,0x000000d64dc00000)]
  0x000002a9408ac800 JavaThread "Cache worker for checksums cache (D:\USTHMobile\androiddev2022\USTHMobile\.gradle\checksums)" [_thread_blocked, id=6120, stack(0x000000d64dc00000,0x000000d64dd00000)]
  0x000002a9408ac000 JavaThread "Cache worker for cache directory md-supplier (C:\Users\Admin\.gradle\caches\7.0.2\md-supplier)" [_thread_blocked, id=6616, stack(0x000000d64dd00000,0x000000d64de00000)]
  0x000002a9408d8000 JavaThread "Cache worker for cache directory md-rule (C:\Users\Admin\.gradle\caches\7.0.2\md-rule)" [_thread_blocked, id=8144, stack(0x000000d64de00000,0x000000d64df00000)]
  0x000002a9408db000 JavaThread "Cache worker for execution history cache (C:\Users\Admin\.gradle\caches\7.0.2\executionHistory)" [_thread_blocked, id=9876, stack(0x000000d64df00000,0x000000d64e000000)]
  0x000002a9408d7000 JavaThread "jar transforms" [_thread_blocked, id=3480, stack(0x000000d64e000000,0x000000d64e100000)]
  0x000002a9408d8800 JavaThread "jar transforms Thread 2" [_thread_blocked, id=5204, stack(0x000000d64e100000,0x000000d64e200000)]
  0x000002a9408da800 JavaThread "Cache worker for file content cache (C:\Users\Admin\.gradle\caches\7.0.2\fileContent)" [_thread_blocked, id=1840, stack(0x000000d64e200000,0x000000d64e300000)]
  0x000002a9408dc000 JavaThread "Cache worker for dependencies-accessors (D:\USTHMobile\androiddev2022\USTHMobile\.gradle\7.0.2\dependencies-accessors)" [_thread_blocked, id=8120, stack(0x000000d64e300000,0x000000d64e400000)]
  0x000002a9408d6800 JavaThread "jar transforms Thread 3" [_thread_blocked, id=6276, stack(0x000000d64e400000,0x000000d64e500000)]
  0x000002a9408e0000 JavaThread "Cache worker for Build Output Cleanup Cache (D:\USTHMobile\androiddev2022\USTHMobile\.gradle\buildOutputCleanup)" [_thread_blocked, id=8432, stack(0x000000d64e500000,0x000000d64e600000)]
  0x000002a9408e1000 JavaThread "Build operations" [_thread_blocked, id=8548, stack(0x000000d64e600000,0x000000d64e700000)]
  0x000002a9408de800 JavaThread "Build operations Thread 2" [_thread_blocked, id=9480, stack(0x000000d64e700000,0x000000d64e800000)]
  0x000002a9408df800 JavaThread "Build operations Thread 3" [_thread_blocked, id=4508, stack(0x000000d64e800000,0x000000d64e900000)]
  0x000002a9408dd000 JavaThread "Build operations Thread 4" [_thread_blocked, id=1076, stack(0x000000d64e900000,0x000000d64ea00000)]
  0x000002a9408e1800 JavaThread "jar transforms Thread 4" [_thread_blocked, id=6844, stack(0x000000d64ea00000,0x000000d64eb00000)]
  0x000002a9408e2800 JavaThread "Memory manager" [_thread_blocked, id=7264, stack(0x000000d64eb00000,0x000000d64ec00000)]

Other Threads:
  0x000002a93d861000 VMThread "VM Thread" [stack: 0x000000d64be00000,0x000000d64bf00000] [id=10120]
  0x000002a93e37f000 WatcherThread [stack: 0x000000d64c800000,0x000000d64c900000] [id=6784]
  0x000002a923ce5800 GCTaskThread "GC Thread#0" [stack: 0x000000d64b900000,0x000000d64ba00000] [id=944]
  0x000002a93e666000 GCTaskThread "GC Thread#1" [stack: 0x000000d64ca00000,0x000000d64cb00000] [id=9420]
  0x000002a93fb0a800 GCTaskThread "GC Thread#2" [stack: 0x000000d64cc00000,0x000000d64cd00000] [id=5536]
  0x000002a93fbaa800 GCTaskThread "GC Thread#3" [stack: 0x000000d64cd00000,0x000000d64ce00000] [id=3988]
  0x000002a923d15000 ConcurrentGCThread "G1 Main Marker" [stack: 0x000000d64ba00000,0x000000d64bb00000] [id=2848]
  0x000002a923d18800 ConcurrentGCThread "G1 Conc#0" [stack: 0x000000d64bb00000,0x000000d64bc00000] [id=460]
  0x000002a923d70800 ConcurrentGCThread "G1 Refine#0" [stack: 0x000000d64bc00000,0x000000d64bd00000] [id=3544]
  0x000002a923d71800 ConcurrentGCThread "G1 Young RemSet Sampling" [stack: 0x000000d64bd00000,0x000000d64be00000] [id=1500]

Threads with active compile tasks:
C2 CompilerThread0  25513 6754       4       jdk.internal.loader.URLClassPath$JarLoader$2::getCodeSigners (8 bytes)

VM state:not at safepoint (normal execution)

VM Mutex/Monitor currently owned by a thread: None

Heap address: 0x0000000080000000, size: 2048 MB, Compressed Oops mode: 32-bit
Narrow klass base: 0x0000000000000000, Narrow klass shift: 3
Compressed class space size: 1073741824 Address: 0x0000000100000000

Heap:
 garbage-first heap   total 114688K, used 63312K [0x0000000080000000, 0x0000000100000000)
  region size 1024K, 13 young (13312K), 4 survivors (4096K)
 Metaspace       used 72638K, capacity 74284K, committed 74492K, reserved 1114112K
  class space    used 9394K, capacity 9988K, committed 10112K, reserved 1048576K
Heap Regions: E=young(eden), S=young(survivor), O=old, HS=humongous(starts), HC=humongous(continues), CS=collection set, F=free, A=archive, TAMS=top-at-mark-start (previous, next)
|   0|0x0000000080000000, 0x0000000080100000, 0x0000000080100000|100%| O|  |TAMS 0x0000000080100000, 0x0000000080000000| Untracked 
|   1|0x0000000080100000, 0x0000000080200000, 0x0000000080200000|100%| O|  |TAMS 0x0000000080200000, 0x0000000080100000| Untracked 
|   2|0x0000000080200000, 0x0000000080300000, 0x0000000080300000|100%| O|  |TAMS 0x0000000080300000, 0x0000000080200000| Untracked 
|   3|0x0000000080300000, 0x0000000080400000, 0x0000000080400000|100%|HS|  |TAMS 0x0000000080400000, 0x0000000080300000| Complete 
|   4|0x0000000080400000, 0x0000000080500000, 0x0000000080500000|100%|HC|  |TAMS 0x0000000080500000, 0x0000000080400000| Complete 
|   5|0x0000000080500000, 0x0000000080600000, 0x0000000080600000|100%|HC|  |TAMS 0x0000000080600000, 0x0000000080500000| Complete 
|   6|0x0000000080600000, 0x0000000080700000, 0x0000000080700000|100%| O|  |TAMS 0x0000000080700000, 0x0000000080600000| Untracked 
|   7|0x0000000080700000, 0x0000000080800000, 0x0000000080800000|100%| O|  |TAMS 0x0000000080800000, 0x0000000080700000| Untracked 
|   8|0x0000000080800000, 0x0000000080900000, 0x0000000080900000|100%| O|  |TAMS 0x0000000080900000, 0x0000000080800000| Untracked 
|   9|0x0000000080900000, 0x0000000080a00000, 0x0000000080a00000|100%| O|  |TAMS 0x0000000080a00000, 0x0000000080900000| Untracked 
|  10|0x0000000080a00000, 0x0000000080b00000, 0x0000000080b00000|100%| O|  |TAMS 0x0000000080b00000, 0x0000000080a00000| Untracked 
|  11|0x0000000080b00000, 0x0000000080c00000, 0x0000000080c00000|100%| O|  |TAMS 0x0000000080c00000, 0x0000000080b00000| Untracked 
|  12|0x0000000080c00000, 0x0000000080d00000, 0x0000000080d00000|100%| O|  |TAMS 0x0000000080d00000, 0x0000000080c00000| Untracked 
|  13|0x0000000080d00000, 0x0000000080e00000, 0x0000000080e00000|100%| O|  |TAMS 0x0000000080e00000, 0x0000000080d00000| Untracked 
|  14|0x0000000080e00000, 0x0000000080f00000, 0x0000000080f00000|100%| O|  |TAMS 0x0000000080f00000, 0x0000000080e00000| Untracked 
|  15|0x0000000080f00000, 0x0000000081000000, 0x0000000081000000|100%| O|  |TAMS 0x0000000081000000, 0x0000000080f00000| Untracked 
|  16|0x0000000081000000, 0x0000000081100000, 0x0000000081100000|100%| O|  |TAMS 0x0000000081100000, 0x0000000081000000| Untracked 
|  17|0x0000000081100000, 0x0000000081200000, 0x0000000081200000|100%| O|  |TAMS 0x0000000081200000, 0x0000000081100000| Untracked 
|  18|0x0000000081200000, 0x0000000081300000, 0x0000000081300000|100%| O|  |TAMS 0x0000000081300000, 0x0000000081200000| Untracked 
|  19|0x0000000081300000, 0x0000000081400000, 0x0000000081400000|100%| O|  |TAMS 0x0000000081400000, 0x0000000081300000| Untracked 
|  20|0x0000000081400000, 0x0000000081500000, 0x0000000081500000|100%| O|  |TAMS 0x0000000081500000, 0x0000000081400000| Untracked 
|  21|0x0000000081500000, 0x0000000081600000, 0x0000000081600000|100%| O|  |TAMS 0x0000000081600000, 0x0000000081500000| Untracked 
|  22|0x0000000081600000, 0x0000000081700000, 0x0000000081700000|100%| O|  |TAMS 0x0000000081700000, 0x0000000081600000| Untracked 
|  23|0x0000000081700000, 0x0000000081800000, 0x0000000081800000|100%| O|  |TAMS 0x0000000081800000, 0x0000000081700000| Untracked 
|  24|0x0000000081800000, 0x0000000081900000, 0x0000000081900000|100%| O|  |TAMS 0x0000000081900000, 0x0000000081800000| Untracked 
|  25|0x0000000081900000, 0x0000000081a00000, 0x0000000081a00000|100%| O|  |TAMS 0x0000000081a00000, 0x0000000081900000| Untracked 
|  26|0x0000000081a00000, 0x0000000081b00000, 0x0000000081b00000|100%| O|  |TAMS 0x0000000081b00000, 0x0000000081a00000| Untracked 
|  27|0x0000000081b00000, 0x0000000081c00000, 0x0000000081c00000|100%| O|  |TAMS 0x0000000081c00000, 0x0000000081b00000| Untracked 
|  28|0x0000000081c00000, 0x0000000081d00000, 0x0000000081d00000|100%|HS|  |TAMS 0x0000000081d00000, 0x0000000081c00000| Complete 
|  29|0x0000000081d00000, 0x0000000081e00000, 0x0000000081e00000|100%| O|  |TAMS 0x0000000081e00000, 0x0000000081d00000| Untracked 
|  30|0x0000000081e00000, 0x0000000081f00000, 0x0000000081f00000|100%|HS|  |TAMS 0x0000000081f00000, 0x0000000081e00000| Complete 
|  31|0x0000000081f00000, 0x0000000082000000, 0x0000000082000000|100%| O|  |TAMS 0x0000000082000000, 0x0000000081f00000| Untracked 
|  32|0x0000000082000000, 0x0000000082100000, 0x0000000082100000|100%| O|  |TAMS 0x0000000082100000, 0x0000000082000000| Untracked 
|  33|0x0000000082100000, 0x0000000082200000, 0x0000000082200000|100%| O|  |TAMS 0x0000000082200000, 0x0000000082100000| Untracked 
|  34|0x0000000082200000, 0x0000000082300000, 0x0000000082300000|100%|HS|  |TAMS 0x0000000082300000, 0x0000000082200000| Complete 
|  35|0x0000000082300000, 0x0000000082400000, 0x0000000082400000|100%|HC|  |TAMS 0x0000000082400000, 0x0000000082300000| Complete 
|  36|0x0000000082400000, 0x0000000082500000, 0x0000000082500000|100%| O|  |TAMS 0x0000000082500000, 0x0000000082400000| Untracked 
|  37|0x0000000082500000, 0x0000000082600000, 0x0000000082600000|100%| O|  |TAMS 0x0000000082600000, 0x0000000082500000| Untracked 
|  38|0x0000000082600000, 0x0000000082700000, 0x0000000082700000|100%| O|  |TAMS 0x0000000082700000, 0x0000000082600000| Untracked 
|  39|0x0000000082700000, 0x0000000082800000, 0x0000000082800000|100%| O|  |TAMS 0x0000000082800000, 0x0000000082700000| Untracked 
|  40|0x0000000082800000, 0x0000000082900000, 0x0000000082900000|100%| O|  |TAMS 0x0000000082900000, 0x0000000082800000| Untracked 
|  41|0x0000000082900000, 0x0000000082a00000, 0x0000000082a00000|100%| O|  |TAMS 0x0000000082a00000, 0x0000000082900000| Untracked 
|  42|0x0000000082a00000, 0x0000000082b00000, 0x0000000082b00000|100%| O|  |TAMS 0x0000000082b00000, 0x0000000082a00000| Untracked 
|  43|0x0000000082b00000, 0x0000000082c00000, 0x0000000082c00000|100%| O|  |TAMS 0x0000000082c00000, 0x0000000082b00000| Untracked 
|  44|0x0000000082c00000, 0x0000000082d00000, 0x0000000082d00000|100%| O|  |TAMS 0x0000000082d00000, 0x0000000082c00000| Untracked 
|  45|0x0000000082d00000, 0x0000000082e00000, 0x0000000082e00000|100%| O|  |TAMS 0x0000000082e00000, 0x0000000082d00000| Untracked 
|  46|0x0000000082e00000, 0x0000000082f00000, 0x0000000082f00000|100%| O|  |TAMS 0x0000000082f00000, 0x0000000082e00000| Untracked 
|  47|0x0000000082f00000, 0x0000000083000000, 0x0000000083000000|100%| O|  |TAMS 0x0000000083000000, 0x0000000082f00000| Untracked 
|  48|0x0000000083000000, 0x0000000083100000, 0x0000000083100000|100%| O|  |TAMS 0x0000000083100000, 0x0000000083000000| Untracked 
|  49|0x0000000083100000, 0x0000000083200000, 0x0000000083200000|100%| O|  |TAMS 0x0000000083144800, 0x0000000083100000| Untracked 
|  50|0x0000000083200000, 0x00000000832b7600, 0x0000000083300000| 71%| O|  |TAMS 0x0000000083200000, 0x0000000083200000| Untracked 
|  51|0x0000000083300000, 0x0000000083300000, 0x0000000083400000|  0%| F|  |TAMS 0x0000000083300000, 0x0000000083300000| Untracked 
|  52|0x0000000083400000, 0x0000000083400000, 0x0000000083500000|  0%| F|  |TAMS 0x0000000083400000, 0x0000000083400000| Untracked 
|  53|0x0000000083500000, 0x0000000083500000, 0x0000000083600000|  0%| F|  |TAMS 0x0000000083500000, 0x0000000083500000| Untracked 
|  54|0x0000000083600000, 0x0000000083600000, 0x0000000083700000|  0%| F|  |TAMS 0x0000000083600000, 0x0000000083600000| Untracked 
|  55|0x0000000083700000, 0x0000000083700000, 0x0000000083800000|  0%| F|  |TAMS 0x0000000083700000, 0x0000000083700000| Untracked 
|  56|0x0000000083800000, 0x0000000083800000, 0x0000000083900000|  0%| F|  |TAMS 0x0000000083800000, 0x0000000083800000| Untracked 
|  57|0x0000000083900000, 0x0000000083900000, 0x0000000083a00000|  0%| F|  |TAMS 0x0000000083900000, 0x0000000083900000| Untracked 
|  58|0x0000000083a00000, 0x0000000083a00000, 0x0000000083b00000|  0%| F|  |TAMS 0x0000000083a00000, 0x0000000083a00000| Untracked 
|  59|0x0000000083b00000, 0x0000000083b00000, 0x0000000083c00000|  0%| F|  |TAMS 0x0000000083b00000, 0x0000000083b00000| Untracked 
|  60|0x0000000083c00000, 0x0000000083c00000, 0x0000000083d00000|  0%| F|  |TAMS 0x0000000083c00000, 0x0000000083c00000| Untracked 
|  61|0x0000000083d00000, 0x0000000083d00000, 0x0000000083e00000|  0%| F|  |TAMS 0x0000000083d00000, 0x0000000083d00000| Untracked 
|  62|0x0000000083e00000, 0x0000000083e00000, 0x0000000083f00000|  0%| F|  |TAMS 0x0000000083e00000, 0x0000000083e00000| Untracked 
|  63|0x0000000083f00000, 0x0000000083f00000, 0x0000000084000000|  0%| F|  |TAMS 0x0000000083f00000, 0x0000000083f00000| Untracked 
|  64|0x0000000084000000, 0x0000000084000000, 0x0000000084100000|  0%| F|  |TAMS 0x0000000084000000, 0x0000000084000000| Untracked 
|  65|0x0000000084100000, 0x0000000084100000, 0x0000000084200000|  0%| F|  |TAMS 0x0000000084100000, 0x0000000084100000| Untracked 
|  66|0x0000000084200000, 0x0000000084200000, 0x0000000084300000|  0%| F|  |TAMS 0x0000000084200000, 0x0000000084200000| Untracked 
|  67|0x0000000084300000, 0x0000000084300000, 0x0000000084400000|  0%| F|  |TAMS 0x0000000084300000, 0x0000000084300000| Untracked 
|  68|0x0000000084400000, 0x0000000084400000, 0x0000000084500000|  0%| F|  |TAMS 0x0000000084400000, 0x0000000084400000| Untracked 
|  69|0x0000000084500000, 0x0000000084500000, 0x0000000084600000|  0%| F|  |TAMS 0x0000000084500000, 0x0000000084500000| Untracked 
|  70|0x0000000084600000, 0x0000000084600000, 0x0000000084700000|  0%| F|  |TAMS 0x0000000084600000, 0x0000000084600000| Untracked 
|  71|0x0000000084700000, 0x0000000084700000, 0x0000000084800000|  0%| F|  |TAMS 0x0000000084700000, 0x0000000084700000| Untracked 
|  72|0x0000000084800000, 0x0000000084800000, 0x0000000084900000|  0%| F|  |TAMS 0x0000000084800000, 0x0000000084800000| Untracked 
|  73|0x0000000084900000, 0x0000000084900000, 0x0000000084a00000|  0%| F|  |TAMS 0x0000000084900000, 0x0000000084900000| Untracked 
|  74|0x0000000084a00000, 0x0000000084a00000, 0x0000000084b00000|  0%| F|  |TAMS 0x0000000084a00000, 0x0000000084a00000| Untracked 
|  75|0x0000000084b00000, 0x0000000084b00000, 0x0000000084c00000|  0%| F|  |TAMS 0x0000000084b00000, 0x0000000084b00000| Untracked 
|  76|0x0000000084c00000, 0x0000000084c00000, 0x0000000084d00000|  0%| F|  |TAMS 0x0000000084c00000, 0x0000000084c00000| Untracked 
|  77|0x0000000084d00000, 0x0000000084d00000, 0x0000000084e00000|  0%| F|  |TAMS 0x0000000084d00000, 0x0000000084d00000| Untracked 
|  78|0x0000000084e00000, 0x0000000084e00000, 0x0000000084f00000|  0%| F|  |TAMS 0x0000000084e00000, 0x0000000084e00000| Untracked 
|  79|0x0000000084f00000, 0x0000000084f1cce8, 0x0000000085000000| 11%| S|CS|TAMS 0x0000000084f00000, 0x0000000084f00000| Complete 
|  80|0x0000000085000000, 0x0000000085100000, 0x0000000085100000|100%| S|CS|TAMS 0x0000000085000000, 0x0000000085000000| Complete 
|  81|0x0000000085100000, 0x0000000085200000, 0x0000000085200000|100%| S|CS|TAMS 0x0000000085100000, 0x0000000085100000| Complete 
|  82|0x0000000085200000, 0x0000000085300000, 0x0000000085300000|100%| S|CS|TAMS 0x0000000085200000, 0x0000000085200000| Complete 
|  83|0x0000000085300000, 0x0000000085300000, 0x0000000085400000|  0%| F|  |TAMS 0x0000000085300000, 0x0000000085300000| Untracked 
|  84|0x0000000085400000, 0x0000000085400000, 0x0000000085500000|  0%| F|  |TAMS 0x0000000085400000, 0x0000000085400000| Untracked 
|  85|0x0000000085500000, 0x0000000085500000, 0x0000000085600000|  0%| F|  |TAMS 0x0000000085500000, 0x0000000085500000| Untracked 
|  86|0x0000000085600000, 0x0000000085600000, 0x0000000085700000|  0%| F|  |TAMS 0x0000000085600000, 0x0000000085600000| Untracked 
|  87|0x0000000085700000, 0x0000000085700000, 0x0000000085800000|  0%| F|  |TAMS 0x0000000085700000, 0x0000000085700000| Untracked 
|  88|0x0000000085800000, 0x0000000085800000, 0x0000000085900000|  0%| F|  |TAMS 0x0000000085800000, 0x0000000085800000| Untracked 
|  89|0x0000000085900000, 0x0000000085900000, 0x0000000085a00000|  0%| F|  |TAMS 0x0000000085900000, 0x0000000085900000| Untracked 
|  90|0x0000000085a00000, 0x0000000085a00000, 0x0000000085b00000|  0%| F|  |TAMS 0x0000000085a00000, 0x0000000085a00000| Untracked 
|  91|0x0000000085b00000, 0x0000000085b00000, 0x0000000085c00000|  0%| F|  |TAMS 0x0000000085b00000, 0x0000000085b00000| Untracked 
|  92|0x0000000085c00000, 0x0000000085c00000, 0x0000000085d00000|  0%| F|  |TAMS 0x0000000085c00000, 0x0000000085c00000| Untracked 
|  93|0x0000000085d00000, 0x0000000085d00000, 0x0000000085e00000|  0%| F|  |TAMS 0x0000000085d00000, 0x0000000085d00000| Untracked 
|  94|0x0000000085e00000, 0x0000000085e00000, 0x0000000085f00000|  0%| F|  |TAMS 0x0000000085e00000, 0x0000000085e00000| Untracked 
|  95|0x0000000085f00000, 0x0000000085f00000, 0x0000000086000000|  0%| F|  |TAMS 0x0000000085f00000, 0x0000000085f00000| Untracked 
|  96|0x0000000086000000, 0x0000000086000000, 0x0000000086100000|  0%| F|  |TAMS 0x0000000086000000, 0x0000000086000000| Untracked 
|  97|0x0000000086100000, 0x0000000086100000, 0x0000000086200000|  0%| F|  |TAMS 0x0000000086100000, 0x0000000086100000| Untracked 
|  98|0x0000000086200000, 0x0000000086200000, 0x0000000086300000|  0%| F|  |TAMS 0x0000000086200000, 0x0000000086200000| Untracked 
|  99|0x0000000086300000, 0x0000000086300000, 0x0000000086400000|  0%| F|  |TAMS 0x0000000086300000, 0x0000000086300000| Untracked 
| 100|0x0000000086400000, 0x0000000086400000, 0x0000000086500000|  0%| F|  |TAMS 0x0000000086400000, 0x0000000086400000| Untracked 
| 101|0x0000000086500000, 0x0000000086500000, 0x0000000086600000|  0%| F|  |TAMS 0x0000000086500000, 0x0000000086500000| Untracked 
| 102|0x0000000086600000, 0x0000000086600000, 0x0000000086700000|  0%| F|  |TAMS 0x0000000086600000, 0x0000000086600000| Untracked 
| 103|0x0000000086700000, 0x0000000086780800, 0x0000000086800000| 50%| E|  |TAMS 0x0000000086700000, 0x0000000086700000| Complete 
| 104|0x0000000086800000, 0x0000000086900000, 0x0000000086900000|100%| E|CS|TAMS 0x0000000086800000, 0x0000000086800000| Complete 
| 105|0x0000000086900000, 0x0000000086a00000, 0x0000000086a00000|100%| E|CS|TAMS 0x0000000086900000, 0x0000000086900000| Complete 
| 106|0x0000000086a00000, 0x0000000086b00000, 0x0000000086b00000|100%| E|CS|TAMS 0x0000000086a00000, 0x0000000086a00000| Complete 
| 107|0x0000000086b00000, 0x0000000086c00000, 0x0000000086c00000|100%| E|CS|TAMS 0x0000000086b00000, 0x0000000086b00000| Complete 
| 108|0x0000000086c00000, 0x0000000086d00000, 0x0000000086d00000|100%| E|CS|TAMS 0x0000000086c00000, 0x0000000086c00000| Complete 
| 109|0x0000000086d00000, 0x0000000086e00000, 0x0000000086e00000|100%| E|CS|TAMS 0x0000000086d00000, 0x0000000086d00000| Complete 
| 110|0x0000000086e00000, 0x0000000086f00000, 0x0000000086f00000|100%| E|CS|TAMS 0x0000000086e00000, 0x0000000086e00000| Complete 
| 111|0x0000000086f00000, 0x0000000087000000, 0x0000000087000000|100%| E|CS|TAMS 0x0000000086f00000, 0x0000000086f00000| Complete 

Card table byte_map: [0x000002a936bb0000,0x000002a936fb0000] _byte_map_base: 0x000002a9367b0000

Marking Bits (Prev, Next): (CMBitMap*) 0x000002a923d0c568, (CMBitMap*) 0x000002a923d0c5a0
 Prev Bits: [0x000002a9373b0000, 0x000002a9393b0000)
 Next Bits: [0x000002a9393b0000, 0x000002a93b3b0000)

Polling page: 0x000002a921b80000

Metaspace:

Usage:
  Non-class:     62.79 MB capacity,    61.77 MB ( 98%) used,   869.42 KB (  1%) free+waste,   176.63 KB ( <1%) overhead. 
      Class:      9.75 MB capacity,     9.18 MB ( 94%) used,   509.66 KB (  5%) free+waste,    82.00 KB ( <1%) overhead. 
       Both:     72.54 MB capacity,    70.94 MB ( 98%) used,     1.35 MB (  2%) free+waste,   258.63 KB ( <1%) overhead. 

Virtual space:
  Non-class space:       64.00 MB reserved,      62.87 MB ( 98%) committed 
      Class space:        1.00 GB reserved,       9.88 MB ( <1%) committed 
             Both:        1.06 GB reserved,      72.75 MB (  7%) committed 

Chunk freelists:
   Non-Class:  20.00 KB
       Class:  28.00 KB
        Both:  48.00 KB

MaxMetaspaceSize: 17179869184.00 GB
CompressedClassSpaceSize: 1.00 GB

CodeHeap 'non-profiled nmethods': size=120064Kb used=3277Kb max_used=3277Kb free=116786Kb
 bounds [0x000002a92f270000, 0x000002a92f5b0000, 0x000002a9367b0000]
CodeHeap 'profiled nmethods': size=120000Kb used=13701Kb max_used=13701Kb free=106298Kb
 bounds [0x000002a927d40000, 0x000002a928ab0000, 0x000002a92f270000]
CodeHeap 'non-nmethods': size=5696Kb used=2267Kb max_used=2305Kb free=3428Kb
 bounds [0x000002a9277b0000, 0x000002a927a20000, 0x000002a927d40000]
 total_blobs=7565 nmethods=6703 adapters=773
 compilation: enabled
              stopped_count=0, restarted_count=0
 full_count=0

Compilation events (20 events):
Event: 25.323 Thread 0x000002a93e233000 6764   !   3       jdk.internal.loader.BuiltinClassLoader$2::run (114 bytes)
Event: 25.324 Thread 0x000002a93e233000 nmethod 6764 0x000002a928a95390 code [0x000002a928a95640, 0x000002a928a96418]
Event: 25.324 Thread 0x000002a93e233000 6765       3       java.lang.ClassLoader::getResource (41 bytes)
Event: 25.325 Thread 0x000002a93e233000 nmethod 6765 0x000002a928a96910 code [0x000002a928a96b20, 0x000002a928a970f8]
Event: 25.325 Thread 0x000002a93e233000 6767       2       jdk.internal.loader.BuiltinClassLoader::hasClassPath (13 bytes)
Event: 25.325 Thread 0x000002a93e233000 nmethod 6767 0x000002a928a97290 code [0x000002a928a97440, 0x000002a928a97558]
Event: 25.329 Thread 0x000002a93e233000 6768       3       java.io.WinNTFileSystem::normalize (224 bytes)
Event: 25.333 Thread 0x000002a93e233000 nmethod 6768 0x000002a928a97610 code [0x000002a928a97a20, 0x000002a928a997d8]
Event: 25.333 Thread 0x000002a93e233000 6770       3       sun.nio.fs.WindowsPathParser::normalize (233 bytes)
Event: 25.339 Thread 0x000002a93e233000 nmethod 6770 0x000002a928a9a310 code [0x000002a928a9a980, 0x000002a928a9de88]
Event: 25.346 Thread 0x000002a93e233000 6771       3       java.util.StringTokenizer::<init> (8 bytes)
Event: 25.346 Thread 0x000002a93e233000 nmethod 6771 0x000002a928a9f210 code [0x000002a928a9f3c0, 0x000002a928a9f4e8]
Event: 25.350 Thread 0x000002a93e233000 6773       3       java.lang.StackTraceElement::<init> (10 bytes)
Event: 25.350 Thread 0x000002a93e233000 nmethod 6773 0x000002a928a9f590 code [0x000002a928a9f740, 0x000002a928a9f898]
Event: 25.351 Thread 0x000002a93e233000 6774  s!   3       java.lang.StackTraceElement::computeFormat (71 bytes)
Event: 25.352 Thread 0x000002a93e233000 nmethod 6774 0x000002a928a9f990 code [0x000002a928a9fbc0, 0x000002a928aa04f8]
Event: 25.352 Thread 0x000002a93e233000 6775       3       java.lang.StackTraceElement::isHashedInJavaBase (31 bytes)
Event: 25.352 Thread 0x000002a93e233000 nmethod 6775 0x000002a928aa0790 code [0x000002a928aa09a0, 0x000002a928aa0e78]
Event: 25.352 Thread 0x000002a93e233000 6776       3       java.lang.Module::getLayer (43 bytes)
Event: 25.353 Thread 0x000002a93e233000 nmethod 6776 0x000002a928aa1010 code [0x000002a928aa1200, 0x000002a928aa1588]

GC Heap History (20 events):
Event: 19.691 GC heap before
{Heap before GC invocations=31 (full 0):
 garbage-first heap   total 78848K, used 57717K [0x0000000080000000, 0x0000000100000000)
  region size 1024K, 17 young (17408K), 2 survivors (2048K)
 Metaspace       used 54385K, capacity 55718K, committed 55932K, reserved 1097728K
  class space    used 6896K, capacity 7390K, committed 7424K, reserved 1048576K
}
Event: 19.695 GC heap after
{Heap after GC invocations=32 (full 0):
 garbage-first heap   total 78848K, used 42825K [0x0000000080000000, 0x0000000100000000)
  region size 1024K, 2 young (2048K), 2 survivors (2048K)
 Metaspace       used 54385K, capacity 55718K, committed 55932K, reserved 1097728K
  class space    used 6896K, capacity 7390K, committed 7424K, reserved 1048576K
}
Event: 21.076 GC heap before
{Heap before GC invocations=32 (full 0):
 garbage-first heap   total 78848K, used 59209K [0x0000000080000000, 0x0000000100000000)
  region size 1024K, 18 young (18432K), 2 survivors (2048K)
 Metaspace       used 57165K, capacity 58541K, committed 58876K, reserved 1099776K
  class space    used 7194K, capacity 7706K, committed 7808K, reserved 1048576K
}
Event: 21.092 GC heap after
{Heap after GC invocations=33 (full 0):
 garbage-first heap   total 78848K, used 43645K [0x0000000080000000, 0x0000000100000000)
  region size 1024K, 3 young (3072K), 3 survivors (3072K)
 Metaspace       used 57165K, capacity 58541K, committed 58876K, reserved 1099776K
  class space    used 7194K, capacity 7706K, committed 7808K, reserved 1048576K
}
Event: 21.883 GC heap before
{Heap before GC invocations=34 (full 0):
 garbage-first heap   total 78848K, used 60029K [0x0000000080000000, 0x0000000100000000)
  region size 1024K, 19 young (19456K), 3 survivors (3072K)
 Metaspace       used 60199K, capacity 61635K, committed 61820K, reserved 1103872K
  class space    used 7582K, capacity 8121K, committed 8192K, reserved 1048576K
}
Event: 21.893 GC heap after
{Heap after GC invocations=35 (full 0):
 garbage-first heap   total 78848K, used 45344K [0x0000000080000000, 0x0000000100000000)
  region size 1024K, 3 young (3072K), 3 survivors (3072K)
 Metaspace       used 60199K, capacity 61635K, committed 61820K, reserved 1103872K
  class space    used 7582K, capacity 8121K, committed 8192K, reserved 1048576K
}
Event: 22.247 GC heap before
{Heap before GC invocations=35 (full 0):
 garbage-first heap   total 78848K, used 60704K [0x0000000080000000, 0x0000000100000000)
  region size 1024K, 19 young (19456K), 3 survivors (3072K)
 Metaspace       used 61053K, capacity 62572K, committed 62716K, reserved 1103872K
  class space    used 7681K, capacity 8218K, committed 8320K, reserved 1048576K
}
Event: 22.256 GC heap after
{Heap after GC invocations=36 (full 0):
 garbage-first heap   total 95232K, used 47055K [0x0000000080000000, 0x0000000100000000)
  region size 1024K, 3 young (3072K), 3 survivors (3072K)
 Metaspace       used 61053K, capacity 62572K, committed 62716K, reserved 1103872K
  class space    used 7681K, capacity 8218K, committed 8320K, reserved 1048576K
}
Event: 22.739 GC heap before
{Heap before GC invocations=37 (full 0):
 garbage-first heap   total 95232K, used 68559K [0x0000000080000000, 0x0000000100000000)
  region size 1024K, 24 young (24576K), 3 survivors (3072K)
 Metaspace       used 63251K, capacity 64713K, committed 65020K, reserved 1105920K
  class space    used 7968K, capacity 8521K, committed 8576K, reserved 1048576K
}
Event: 22.746 GC heap after
{Heap after GC invocations=38 (full 0):
 garbage-first heap   total 95232K, used 48395K [0x0000000080000000, 0x0000000100000000)
  region size 1024K, 2 young (2048K), 2 survivors (2048K)
 Metaspace       used 63251K, capacity 64713K, committed 65020K, reserved 1105920K
  class space    used 7968K, capacity 8521K, committed 8576K, reserved 1048576K
}
Event: 22.799 GC heap before
{Heap before GC invocations=38 (full 0):
 garbage-first heap   total 95232K, used 50443K [0x0000000080000000, 0x0000000100000000)
  region size 1024K, 5 young (5120K), 2 survivors (2048K)
 Metaspace       used 63527K, capacity 65074K, committed 65276K, reserved 1105920K
  class space    used 8000K, capacity 8555K, committed 8576K, reserved 1048576K
}
Event: 22.802 GC heap after
{Heap after GC invocations=39 (full 0):
 garbage-first heap   total 95232K, used 48777K [0x0000000080000000, 0x0000000100000000)
  region size 1024K, 2 young (2048K), 2 survivors (2048K)
 Metaspace       used 63527K, capacity 65074K, committed 65276K, reserved 1105920K
  class space    used 8000K, capacity 8555K, committed 8576K, reserved 1048576K
}
Event: 23.363 GC heap before
{Heap before GC invocations=40 (full 0):
 garbage-first heap   total 95232K, used 71305K [0x0000000080000000, 0x0000000100000000)
  region size 1024K, 23 young (23552K), 2 survivors (2048K)
 Metaspace       used 64385K, capacity 65960K, committed 66172K, reserved 1107968K
  class space    used 8130K, capacity 8696K, committed 8704K, reserved 1048576K
}
Event: 23.370 GC heap after
{Heap after GC invocations=41 (full 0):
 garbage-first heap   total 95232K, used 50474K [0x0000000080000000, 0x0000000100000000)
  region size 1024K, 3 young (3072K), 3 survivors (3072K)
 Metaspace       used 64385K, capacity 65960K, committed 66172K, reserved 1107968K
  class space    used 8130K, capacity 8696K, committed 8704K, reserved 1048576K
}
Event: 23.797 GC heap before
{Heap before GC invocations=41 (full 0):
 garbage-first heap   total 95232K, used 70954K [0x0000000080000000, 0x0000000100000000)
  region size 1024K, 23 young (23552K), 3 survivors (3072K)
 Metaspace       used 65878K, capacity 67502K, committed 67708K, reserved 1107968K
  class space    used 8320K, capacity 8890K, committed 8960K, reserved 1048576K
}
Event: 23.807 GC heap after
{Heap after GC invocations=42 (full 0):
 garbage-first heap   total 95232K, used 52176K [0x0000000080000000, 0x0000000100000000)
  region size 1024K, 2 young (2048K), 2 survivors (2048K)
 Metaspace       used 65878K, capacity 67502K, committed 67708K, reserved 1107968K
  class space    used 8320K, capacity 8890K, committed 8960K, reserved 1048576K
}
Event: 24.387 GC heap before
{Heap before GC invocations=43 (full 0):
 garbage-first heap   total 95232K, used 72656K [0x0000000080000000, 0x0000000100000000)
  region size 1024K, 22 young (22528K), 2 survivors (2048K)
 Metaspace       used 68760K, capacity 70364K, committed 70524K, reserved 1110016K
  class space    used 8841K, capacity 9415K, committed 9472K, reserved 1048576K
}
Event: 24.393 GC heap after
{Heap after GC invocations=44 (full 0):
 garbage-first heap   total 114688K, used 53217K [0x0000000080000000, 0x0000000100000000)
  region size 1024K, 3 young (3072K), 3 survivors (3072K)
 Metaspace       used 68760K, capacity 70364K, committed 70524K, reserved 1110016K
  class space    used 8841K, capacity 9415K, committed 9472K, reserved 1048576K
}
Event: 25.271 GC heap before
{Heap before GC invocations=44 (full 0):
 garbage-first heap   total 114688K, used 82913K [0x0000000080000000, 0x0000000100000000)
  region size 1024K, 32 young (32768K), 3 survivors (3072K)
 Metaspace       used 71612K, capacity 73292K, committed 73468K, reserved 1114112K
  class space    used 9235K, capacity 9828K, committed 9856K, reserved 1048576K
}
Event: 25.280 GC heap after
{Heap after GC invocations=45 (full 0):
 garbage-first heap   total 114688K, used 55120K [0x0000000080000000, 0x0000000100000000)
  region size 1024K, 4 young (4096K), 4 survivors (4096K)
 Metaspace       used 71612K, capacity 73292K, committed 73468K, reserved 1114112K
  class space    used 9235K, capacity 9828K, committed 9856K, reserved 1048576K
}

Deoptimization events (20 events):
Event: 25.038 Thread 0x000002a9403e4800 Uncommon trap: trap_request=0xffffff4d fr.pc=0x000002a92f2d8d9c relative=0x000000000000099c
Event: 25.038 Thread 0x000002a9403e4800 Uncommon trap: reason=unstable_if action=reinterpret pc=0x000002a92f2d8d9c method=java.util.HashMap.resize()[Ljava/util/HashMap$Node; @ 203 c2
Event: 25.038 Thread 0x000002a9403e4800 DEOPT PACKING pc=0x000002a92f2d8d9c sp=0x000000d64d2f9b50
Event: 25.038 Thread 0x000002a9403e4800 DEOPT UNPACKING pc=0x000002a9277d782f sp=0x000000d64d2f9af0 mode 2
Event: 25.038 Thread 0x000002a9403e4800 Uncommon trap: trap_request=0xffffff4d fr.pc=0x000002a92f584790 relative=0x00000000000002d0
Event: 25.038 Thread 0x000002a9403e4800 Uncommon trap: reason=unstable_if action=reinterpret pc=0x000002a92f584790 method=java.util.HashMap.getNode(ILjava/lang/Object;)Ljava/util/HashMap$Node; @ 84 c2
Event: 25.038 Thread 0x000002a9403e4800 DEOPT PACKING pc=0x000002a92f584790 sp=0x000000d64d2f9c20
Event: 25.039 Thread 0x000002a9403e4800 DEOPT UNPACKING pc=0x000002a9277d782f sp=0x000000d64d2f9b30 mode 2
Event: 25.039 Thread 0x000002a9403e4800 Uncommon trap: trap_request=0xffffff4d fr.pc=0x000002a92f4c7268 relative=0x00000000000001a8
Event: 25.039 Thread 0x000002a9403e4800 Uncommon trap: reason=unstable_if action=reinterpret pc=0x000002a92f4c7268 method=java.util.HashMap.getNode(ILjava/lang/Object;)Ljava/util/HashMap$Node; @ 84 c2
Event: 25.039 Thread 0x000002a9403e4800 DEOPT PACKING pc=0x000002a92f4c7268 sp=0x000000d64d2f9b90
Event: 25.039 Thread 0x000002a9403e4800 DEOPT UNPACKING pc=0x000002a9277d782f sp=0x000000d64d2f9b18 mode 2
Event: 25.255 Thread 0x000002a9403e4800 Uncommon trap: trap_request=0xffffff4d fr.pc=0x000002a92f4a77ac relative=0x0000000000001a4c
Event: 25.255 Thread 0x000002a9403e4800 Uncommon trap: reason=unstable_if action=reinterpret pc=0x000002a92f4a77ac method=sun.nio.fs.WindowsPathParser.normalize(Ljava/lang/StringBuilder;Ljava/lang/String;I)Ljava/lang/String; @ 172 c2
Event: 25.255 Thread 0x000002a9403e4800 DEOPT PACKING pc=0x000002a92f4a77ac sp=0x000000d64d2f99e0
Event: 25.255 Thread 0x000002a9403e4800 DEOPT UNPACKING pc=0x000002a9277d782f sp=0x000000d64d2f99d0 mode 2
Event: 25.317 Thread 0x000002a9403e4800 Uncommon trap: trap_request=0xffffff4d fr.pc=0x000002a92f3fe998 relative=0x0000000000000798
Event: 25.317 Thread 0x000002a9403e4800 Uncommon trap: reason=unstable_if action=reinterpret pc=0x000002a92f3fe998 method=java.util.jar.JarFile.getVersionedEntry(Ljava/lang/String;Ljava/util/jar/JarEntry;)Ljava/util/jar/JarEntry; @ 67 c2
Event: 25.317 Thread 0x000002a9403e4800 DEOPT PACKING pc=0x000002a92f3fe998 sp=0x000000d64d2f7de0
Event: 25.317 Thread 0x000002a9403e4800 DEOPT UNPACKING pc=0x000002a9277d782f sp=0x000000d64d2f7dc8 mode 2

Classes redefined (0 events):
No events

Internal exceptions (20 events):
Event: 23.430 Thread 0x000002a9403e4800 Exception <a 'java/lang/ClassNotFoundException'{0x000000008567daf0}: build_5uve8utjg3r1f80qou5bb5t7z$_run_closure1$_closure4BeanInfo> (0x000000008567daf0) thrown at [./src/hotspot/share/classfile/systemDictionary.cpp, line 231]
Event: 23.431 Thread 0x000002a9403e4800 Exception <a 'java/lang/ClassNotFoundException'{0x000000008568e258}: build_5uve8utjg3r1f80qou5bb5t7z$_run_closure1$_closure4Customizer> (0x000000008568e258) thrown at [./src/hotspot/share/classfile/systemDictionary.cpp, line 231]
Event: 23.434 Thread 0x000002a9403e4800 Exception <a 'java/lang/ClassNotFoundException'{0x00000000856bcd48}: build_5uve8utjg3r1f80qou5bb5t7z$_run_closure1BeanInfo> (0x00000000856bcd48) thrown at [./src/hotspot/share/classfile/systemDictionary.cpp, line 231]
Event: 23.435 Thread 0x000002a9403e4800 Exception <a 'java/lang/ClassNotFoundException'{0x00000000856ccdd8}: build_5uve8utjg3r1f80qou5bb5t7z$_run_closure1Customizer> (0x00000000856ccdd8) thrown at [./src/hotspot/share/classfile/systemDictionary.cpp, line 231]
Event: 23.440 Thread 0x000002a9403e4800 Exception <a 'java/lang/ClassNotFoundException'{0x000000008552ac40}: org/gradle/api/JavaVersionBeanInfo> (0x000000008552ac40) thrown at [./src/hotspot/share/classfile/systemDictionary.cpp, line 231]
Event: 23.441 Thread 0x000002a9403e4800 Exception <a 'java/lang/ClassNotFoundException'{0x0000000085554ee8}: org/gradle/api/JavaVersionCustomizer> (0x0000000085554ee8) thrown at [./src/hotspot/share/classfile/systemDictionary.cpp, line 231]
Event: 23.447 Thread 0x000002a9403e4800 Exception <a 'java/lang/ClassNotFoundException'{0x00000000855adc38}: com/android/build/gradle/internal/CompileOptions_DecoratedBeanInfo> (0x00000000855adc38) thrown at [./src/hotspot/share/classfile/systemDictionary.cpp, line 231]
Event: 23.447 Thread 0x000002a9403e4800 Exception <a 'java/lang/ClassNotFoundException'{0x00000000855c5090}: com/android/build/gradle/internal/CompileOptionsBeanInfo> (0x00000000855c5090) thrown at [./src/hotspot/share/classfile/systemDictionary.cpp, line 231]
Event: 23.449 Thread 0x000002a9403e4800 Exception <a 'java/lang/ClassNotFoundException'{0x00000000855dceb8}: com/android/build/gradle/internal/CompileOptionsCustomizer> (0x00000000855dceb8) thrown at [./src/hotspot/share/classfile/systemDictionary.cpp, line 231]
Event: 23.450 Thread 0x000002a9403e4800 Exception <a 'java/lang/ClassNotFoundException'{0x0000000085401970}: com/android/build/gradle/internal/CompileOptions_DecoratedCustomizer> (0x0000000085401970) thrown at [./src/hotspot/share/classfile/systemDictionary.cpp, line 231]
Event: 24.618 Thread 0x000002a9403e4800 Exception <a 'java/lang/ClassNotFoundException'{0x0000000086451b78}: com/android/build/gradle/internal/api/ApkVariantOutputImpl_DecoratedBeanInfo> (0x0000000086451b78) thrown at [./src/hotspot/share/classfile/systemDictionary.cpp, line 231]
Event: 24.619 Thread 0x000002a9403e4800 Exception <a 'java/lang/ClassNotFoundException'{0x000000008646b598}: com/android/build/gradle/internal/api/ApkVariantOutputImplBeanInfo> (0x000000008646b598) thrown at [./src/hotspot/share/classfile/systemDictionary.cpp, line 231]
Event: 24.620 Thread 0x000002a9403e4800 Exception <a 'java/lang/ClassNotFoundException'{0x00000000864859a8}: com/android/build/gradle/internal/api/BaseVariantOutputImplBeanInfo> (0x00000000864859a8) thrown at [./src/hotspot/share/classfile/systemDictionary.cpp, line 231]
Event: 24.620 Thread 0x000002a9403e4800 Exception <a 'java/lang/ClassNotFoundException'{0x000000008649fbe0}: com/android/build/gradle/internal/api/BaseVariantOutputImplCustomizer> (0x000000008649fbe0) thrown at [./src/hotspot/share/classfile/systemDictionary.cpp, line 231]
Event: 24.622 Thread 0x000002a9403e4800 Exception <a 'java/lang/ClassNotFoundException'{0x00000000864cc4b0}: com/android/build/gradle/internal/api/ApkVariantOutputImplCustomizer> (0x00000000864cc4b0) thrown at [./src/hotspot/share/classfile/systemDictionary.cpp, line 231]
Event: 24.623 Thread 0x000002a9403e4800 Exception <a 'java/lang/ClassNotFoundException'{0x00000000864f5188}: com/android/build/gradle/internal/api/ApkVariantOutputImpl_DecoratedCustomizer> (0x00000000864f5188) thrown at [./src/hotspot/share/classfile/systemDictionary.cpp, line 231]
Event: 24.641 Thread 0x000002a9403e4800 Exception <a 'java/lang/NoClassDefFoundError'{0x000000008625b6e0}: org/jetbrains/kotlin/gradle/plugin/KotlinBasePluginWrapper> (0x000000008625b6e0) thrown at [./src/hotspot/share/classfile/systemDictionary.cpp, line 220]
Event: 25.130 Thread 0x000002a9403e4800 Exception <a 'sun/nio/fs/WindowsException'{0x0000000085511ce0}> (0x0000000085511ce0) thrown at [./src/hotspot/share/prims/jni.cpp, line 615]
Event: 25.130 Thread 0x000002a9403e4800 Exception <a 'sun/nio/fs/WindowsException'{0x00000000855122a8}> (0x00000000855122a8) thrown at [./src/hotspot/share/prims/jni.cpp, line 615]
Event: 25.418 Thread 0x000002a9403e4800 Exception <a 'java/lang/NullPointerException'{0x0000000086ab2d90}> (0x0000000086ab2d90) thrown at [./src/hotspot/share/interpreter/linkResolver.cpp, line 1440]

Events (20 events):
Event: 25.437 loading class com/sun/xml/bind/v2/model/impl/RuntimeBuiltinLeafInfoImpl$StringImpl
Event: 25.437 loading class com/sun/xml/bind/v2/model/impl/RuntimeBuiltinLeafInfoImpl$StringImpl done
Event: 25.438 loading class javax/xml/bind/MarshalException
Event: 25.438 loading class javax/xml/bind/MarshalException done
Event: 25.439 loading class com/sun/xml/bind/v2/model/impl/RuntimeBuiltinLeafInfoImpl$1
Event: 25.439 loading class com/sun/xml/bind/v2/model/impl/RuntimeBuiltinLeafInfoImpl$1 done
Event: 25.440 loading class com/sun/xml/bind/v2/model/impl/RuntimeBuiltinLeafInfoImpl$2
Event: 25.440 loading class com/sun/xml/bind/v2/model/impl/RuntimeBuiltinLeafInfoImpl$2 done
Event: 25.441 loading class com/sun/xml/bind/v2/model/impl/RuntimeBuiltinLeafInfoImpl$3
Event: 25.441 loading class com/sun/xml/bind/v2/model/impl/RuntimeBuiltinLeafInfoImpl$3 done
Event: 25.442 loading class javax/xml/datatype/DatatypeConstants
Event: 25.442 loading class javax/xml/datatype/DatatypeConstants done
Event: 25.442 loading class javax/xml/datatype/DatatypeConstants$Field
Event: 25.443 loading class javax/xml/datatype/DatatypeConstants$Field done
Event: 25.443 loading class com/sun/xml/bind/v2/model/impl/RuntimeBuiltinLeafInfoImpl$4
Event: 25.443 loading class com/sun/xml/bind/v2/model/impl/RuntimeBuiltinLeafInfoImpl$4 done
Event: 25.443 loading class com/sun/xml/bind/v2/model/impl/RuntimeBuiltinLeafInfoImpl$5
Event: 25.443 loading class com/sun/xml/bind/v2/model/impl/RuntimeBuiltinLeafInfoImpl$5 done
Event: 25.444 loading class com/sun/xml/bind/v2/model/impl/RuntimeBuiltinLeafInfoImpl$6
Event: 25.444 loading class com/sun/xml/bind/v2/model/impl/RuntimeBuiltinLeafInfoImpl$6 done


Dynamic libraries:
0x00007ff780fb0000 - 0x00007ff780fba000 	C:\Program Files\Android\Android Studio\jre\bin\java.exe
0x00007ffc38620000 - 0x00007ffc38810000 	C:\Windows\SYSTEM32\ntdll.dll
0x00007ffc37e20000 - 0x00007ffc37ed2000 	C:\Windows\System32\KERNEL32.DLL
0x00007ffc356c0000 - 0x00007ffc35965000 	C:\Windows\System32\KERNELBASE.dll
0x00007ffc355c0000 - 0x00007ffc356ba000 	C:\Windows\System32\ucrtbase.dll
0x00007ffc29340000 - 0x00007ffc29359000 	C:\Program Files\Android\Android Studio\jre\bin\jli.dll
0x00007ffc37330000 - 0x00007ffc374c4000 	C:\Windows\System32\USER32.dll
0x00007ffc36600000 - 0x00007ffc36621000 	C:\Windows\System32\win32u.dll
0x00007ffc36aa0000 - 0x00007ffc36ac6000 	C:\Windows\System32\GDI32.dll
0x00007ffc35b30000 - 0x00007ffc35cc8000 	C:\Windows\System32\gdi32full.dll
0x00007ffc36630000 - 0x00007ffc366ce000 	C:\Windows\System32\msvcp_win.dll
0x00007ffc28800000 - 0x00007ffc28817000 	C:\Program Files\Android\Android Studio\jre\bin\VCRUNTIME140.dll
0x00007ffc2f150000 - 0x00007ffc2f3d4000 	C:\Windows\WinSxS\amd64_microsoft.windows.common-controls_6595b64144ccf1df_6.0.18362.1556_none_9e7e372fe45e41d5\COMCTL32.dll
0x00007ffc36a00000 - 0x00007ffc36a9e000 	C:\Windows\System32\msvcrt.dll
0x00007ffc36f10000 - 0x00007ffc37246000 	C:\Windows\System32\combase.dll
0x00007ffc374d0000 - 0x00007ffc375ef000 	C:\Windows\System32\RPCRT4.dll
0x00007ffc35aa0000 - 0x00007ffc35b21000 	C:\Windows\System32\bcryptPrimitives.dll
0x00007ffc38510000 - 0x00007ffc3853e000 	C:\Windows\System32\IMM32.DLL
0x00007ffc1c000000 - 0x00007ffc1c09d000 	C:\Program Files\Android\Android Studio\jre\bin\msvcp140.dll
0x00007ffbfede0000 - 0x00007ffbff8af000 	C:\Program Files\Android\Android Studio\jre\bin\server\jvm.dll
0x00007ffc36ad0000 - 0x00007ffc36b73000 	C:\Windows\System32\ADVAPI32.dll
0x00007ffc38540000 - 0x00007ffc385d7000 	C:\Windows\System32\sechost.dll
0x00007ffc37250000 - 0x00007ffc37258000 	C:\Windows\System32\PSAPI.DLL
0x00007ffc1bb00000 - 0x00007ffc1bb09000 	C:\Windows\SYSTEM32\WSOCK32.dll
0x00007ffc36e20000 - 0x00007ffc36e8f000 	C:\Windows\System32\WS2_32.dll
0x00007ffc32160000 - 0x00007ffc32184000 	C:\Windows\SYSTEM32\WINMM.dll
0x00007ffc25660000 - 0x00007ffc2566a000 	C:\Windows\SYSTEM32\VERSION.dll
0x00007ffc32130000 - 0x00007ffc3215d000 	C:\Windows\SYSTEM32\WINMMBASE.dll
0x00007ffc365b0000 - 0x00007ffc365fa000 	C:\Windows\System32\cfgmgr32.dll
0x00007ffc354e0000 - 0x00007ffc354f1000 	C:\Windows\System32\kernel.appcore.dll
0x00007ffc28280000 - 0x00007ffc28291000 	C:\Program Files\Android\Android Studio\jre\bin\verify.dll
0x00007ffc23900000 - 0x00007ffc23af4000 	C:\Windows\SYSTEM32\DBGHELP.DLL
0x00007ffc237b0000 - 0x00007ffc237da000 	C:\Windows\SYSTEM32\dbgcore.DLL
0x00007ffc1a610000 - 0x00007ffc1a639000 	C:\Program Files\Android\Android Studio\jre\bin\java.dll
0x00007ffc2c930000 - 0x00007ffc2c93b000 	C:\Program Files\Android\Android Studio\jre\bin\jimage.dll
0x00007ffc28260000 - 0x00007ffc28278000 	C:\Program Files\Android\Android Studio\jre\bin\zip.dll
0x00007ffc37720000 - 0x00007ffc37e07000 	C:\Windows\System32\SHELL32.dll
0x00007ffc368a0000 - 0x00007ffc36948000 	C:\Windows\System32\shcore.dll
0x00007ffc35cd0000 - 0x00007ffc3644b000 	C:\Windows\System32\windows.storage.dll
0x00007ffc35550000 - 0x00007ffc3556e000 	C:\Windows\System32\profapi.dll
0x00007ffc35500000 - 0x00007ffc3554a000 	C:\Windows\System32\powrprof.dll
0x00007ffc354d0000 - 0x00007ffc354e0000 	C:\Windows\System32\UMPDC.dll
0x00007ffc36830000 - 0x00007ffc36882000 	C:\Windows\System32\shlwapi.dll
0x00007ffc359d0000 - 0x00007ffc359e7000 	C:\Windows\System32\cryptsp.dll
0x00007ffc2afb0000 - 0x00007ffc2afca000 	C:\Program Files\Android\Android Studio\jre\bin\net.dll
0x00007ffc29510000 - 0x00007ffc2960a000 	C:\Windows\SYSTEM32\WINHTTP.dll
0x00007ffc34cb0000 - 0x00007ffc34d17000 	C:\Windows\system32\mswsock.dll
0x00007ffc29360000 - 0x00007ffc29374000 	C:\Program Files\Android\Android Studio\jre\bin\nio.dll
0x00007ffc285c0000 - 0x00007ffc285e7000 	C:\Users\Admin\.gradle\native\8bec1ad78214c89d9ad589b4d07fe93259594b29d510b10fafb7a158f7737e5d\windows-amd64\native-platform.dll
0x00007ffbee630000 - 0x00007ffbee76d000 	C:\Users\Admin\.gradle\native\53dbd7edfb1c66fb8903c78663c9afc45aea4f116125fa6feffd364cf09443e8\windows-amd64\native-platform-file-events.dll
0x00007ffc19720000 - 0x00007ffc1972a000 	C:\Program Files\Android\Android Studio\jre\bin\management.dll
0x00007ffc19710000 - 0x00007ffc1971c000 	C:\Program Files\Android\Android Studio\jre\bin\management_ext.dll
0x00007ffc34830000 - 0x00007ffc34863000 	C:\Windows\system32\rsaenh.dll
0x00007ffc35590000 - 0x00007ffc355b6000 	C:\Windows\System32\bcrypt.dll
0x00007ffc353c0000 - 0x00007ffc353e5000 	C:\Windows\SYSTEM32\USERENV.dll
0x00007ffc34e80000 - 0x00007ffc34e8c000 	C:\Windows\SYSTEM32\CRYPTBASE.dll
0x00007ffc349c0000 - 0x00007ffc349fa000 	C:\Windows\SYSTEM32\IPHLPAPI.DLL
0x00007ffc36890000 - 0x00007ffc36898000 	C:\Windows\System32\NSI.dll
0x00007ffc2da90000 - 0x00007ffc2daa6000 	C:\Windows\SYSTEM32\dhcpcsvc6.DLL
0x00007ffc2dad0000 - 0x00007ffc2daec000 	C:\Windows\SYSTEM32\dhcpcsvc.DLL
0x00007ffc34a00000 - 0x00007ffc34acb000 	C:\Windows\SYSTEM32\DNSAPI.dll

dbghelp: loaded successfully - version: 4.0.5 - missing functions: none
symbol engine: initialized successfully - sym options: 0x614 - pdb path: .;C:\Program Files\Android\Android Studio\jre\bin;C:\Windows\SYSTEM32;C:\Windows\WinSxS\amd64_microsoft.windows.common-controls_6595b64144ccf1df_6.0.18362.1556_none_9e7e372fe45e41d5;C:\Program Files\Android\Android Studio\jre\bin\server;C:\Users\Admin\.gradle\native\8bec1ad78214c89d9ad589b4d07fe93259594b29d510b10fafb7a158f7737e5d\windows-amd64;C:\Users\Admin\.gradle\native\53dbd7edfb1c66fb8903c78663c9afc45aea4f116125fa6feffd364cf09443e8\windows-amd64

VM Arguments:
jvm_args: --add-opens=java.base/java.util=ALL-UNNAMED --add-opens=java.base/java.lang=ALL-UNNAMED --add-opens=java.base/java.lang.invoke=ALL-UNNAMED --add-opens=java.base/java.util=ALL-UNNAMED --add-opens=java.prefs/java.util.prefs=ALL-UNNAMED --add-opens=java.prefs/java.util.prefs=ALL-UNNAMED --add-opens=java.base/java.nio.charset=ALL-UNNAMED --add-opens=java.base/java.net=ALL-UNNAMED --add-opens=java.base/java.util.concurrent.atomic=ALL-UNNAMED -Xmx2048m -Dfile.encoding=UTF-8 -Duser.country=US -Duser.language=en -Duser.variant 
java_command: org.gradle.launcher.daemon.bootstrap.GradleDaemon 7.0.2
java_class_path (initial): C:\Users\Admin\.gradle\wrapper\dists\gradle-7.0.2-bin\857tjihv64xamwrf0h14cai3r\gradle-7.0.2\lib\gradle-launcher-7.0.2.jar
Launcher Type: SUN_STANDARD

[Global flags]
     intx CICompilerCount                          = 3                                         {product} {ergonomic}
     uint ConcGCThreads                            = 1                                         {product} {ergonomic}
     uint G1ConcRefinementThreads                  = 4                                         {product} {ergonomic}
   size_t G1HeapRegionSize                         = 1048576                                   {product} {ergonomic}
    uintx GCDrainStackTargetSize                   = 64                                        {product} {ergonomic}
   size_t InitialHeapSize                          = 67108864                                  {product} {ergonomic}
   size_t MarkStackSize                            = 4194304                                   {product} {ergonomic}
   size_t MaxHeapSize                              = 2147483648                                {product} {command line}
   size_t MaxNewSize                               = 1287651328                                {product} {ergonomic}
   size_t MinHeapDeltaBytes                        = 1048576                                   {product} {ergonomic}
    uintx NonNMethodCodeHeapSize                   = 5830732                                {pd product} {ergonomic}
    uintx NonProfiledCodeHeapSize                  = 122913754                              {pd product} {ergonomic}
    uintx ProfiledCodeHeapSize                     = 122913754                              {pd product} {ergonomic}
    uintx ReservedCodeCacheSize                    = 251658240                              {pd product} {ergonomic}
     bool SegmentedCodeCache                       = true                                      {product} {ergonomic}
     bool UseCompressedClassPointers               = true                                 {lp64_product} {ergonomic}
     bool UseCompressedOops                        = true                                 {lp64_product} {ergonomic}
     bool UseG1GC                                  = true                                      {product} {ergonomic}
     bool UseLargePagesIndividualAllocation        = false                                  {pd product} {ergonomic}

Logging:
Log output configuration:
 #0: stdout all=warning uptime,level,tags
 #1: stderr all=off uptime,level,tags

Environment Variables:
PATH=C:\Windows\system32;C:\Windows;C:\Windows\System32\Wbem;C:\Windows\System32\WindowsPowerShell\v1.0\;C:\Windows\System32\OpenSSH\;C:\Program Files (x86)\ATI Technologies\ATI.ACE\Core-Static;C:\Program Files\Git\cmd;C:\Users\Admin\AppData\Local\Microsoft\WindowsApps;;C:\Users\Admin\AppData\Local\Programs\Microsoft VS Code\bin
USERNAME=Admin
OS=Windows_NT
PROCESSOR_IDENTIFIER=Intel64 Family 6 Model 58 Stepping 9, GenuineIntel



---------------  S Y S T E M  ---------------

OS: Windows 10 , 64 bit Build 18362 (10.0.18362.1500)
OS uptime: 1 days 1:26 hours

CPU:total 4 (initial active 4) (2 cores per cpu, 2 threads per core) family 6 model 58 stepping 9 microcode 0x21, cmov, cx8, fxsr, mmx, sse, sse2, sse3, ssse3, sse4.1, sse4.2, popcnt, avx, aes, clmul, erms, ht, tsc, tscinvbit, tscinv

Memory: 4k page, system-wide physical 3968M (180M free)
TotalPageFile size 7968M (AvailPageFile size 4M)
current process WorkingSet (physical memory assigned to process): 264M, peak: 264M
current process commit charge ("private bytes"): 334M, peak: 335M

vm_info: OpenJDK 64-Bit Server VM (11.0.10+0-b96-7249189) for windows-amd64 JRE (11.0.10+0-b96-7249189), built on Mar 31 2021 21:44:00 by "builder" with MS VC++ 14.0 (VS2015)

END.
