#
# There is insufficient memory for the Java Runtime Environment to continue.
# Native memory allocation (malloc) failed to allocate 1908176 bytes for Chunk::new
# Possible reasons:
#   The system is out of physical RAM or swap space
#   The process is running with CompressedOops enabled, and the Java Heap may be blocking the growth of the native heap
# Possible solutions:
#   Reduce memory load on the system
#   Increase physical memory or swap space
#   Check if swap backing store is full
#   Decrease Java heap size (-Xmx/-Xms)
#   Decrease number of Java threads
#   Decrease Java thread stack sizes (-Xss)
#   Set larger code cache with -XX:ReservedCodeCacheSize=
#   JVM is running with Unscaled Compressed Oops mode in which the Java heap is
#     placed in the first 4GB address space. The Java Heap base address is the
#     maximum limit for the native heap growth. Please use -XX:HeapBaseMinAddress
#     to set the Java Heap base and to place the Java Heap above 4GB virtual address.
# This output file may be truncated or incomplete.
#
#  Out of Memory Error (./src/hotspot/share/memory/arena.cpp:197), pid=6240, tid=7380
#
# JRE version: OpenJDK Runtime Environment (11.0.10) (build 11.0.10+0-b96-7249189)
# Java VM: OpenJDK 64-Bit Server VM (11.0.10+0-b96-7249189, mixed mode, tiered, compressed oops, g1 gc, windows-amd64)
# No core dump will be written. Minidumps are not enabled by default on client versions of Windows
#

---------------  S U M M A R Y ------------

Command Line: --add-opens=java.base/java.util=ALL-UNNAMED --add-opens=java.base/java.lang=ALL-UNNAMED --add-opens=java.base/java.lang.invoke=ALL-UNNAMED --add-opens=java.base/java.util=ALL-UNNAMED --add-opens=java.prefs/java.util.prefs=ALL-UNNAMED --add-opens=java.prefs/java.util.prefs=ALL-UNNAMED --add-opens=java.base/java.nio.charset=ALL-UNNAMED --add-opens=java.base/java.net=ALL-UNNAMED --add-opens=java.base/java.util.concurrent.atomic=ALL-UNNAMED -Xmx2048m -Dfile.encoding=UTF-8 -Duser.country=US -Duser.language=en -Duser.variant org.gradle.launcher.daemon.bootstrap.GradleDaemon 7.0.2

Host: Intel(R) Core(TM) i5-3210M CPU @ 2.50GHz, 4 cores, 3G,  Windows 10 , 64 bit Build 18362 (10.0.18362.1500)
Time: Wed Oct  6 00:46:12 2021 SE Asia Standard Time elapsed time: 39.308859 seconds (0d 0h 0m 39s)

---------------  T H R E A D  ---------------

Current thread (0x000002016b952000):  JavaThread "C2 CompilerThread0" daemon [_thread_in_native, id=7380, stack(0x0000008904700000,0x0000008904800000)]


Current CompileTask:
C2:  39309 11203   !   4       org.gradle.internal.classloader.CachingClassLoader::loadClass (85 bytes)

Stack: [0x0000008904700000,0x0000008904800000]
Native frames: (J=compiled Java code, j=interpreted, Vv=VM code, C=native code)
V  [jvm.dll+0x5ecfaa]
V  [jvm.dll+0x722bd5]
V  [jvm.dll+0x72412d]
V  [jvm.dll+0x7247e3]
V  [jvm.dll+0x242928]
V  [jvm.dll+0xbc4fc]
V  [jvm.dll+0xbca0c]
V  [jvm.dll+0x352d7d]
V  [jvm.dll+0x320ad3]
V  [jvm.dll+0x31ffca]
V  [jvm.dll+0x1fb602]
V  [jvm.dll+0x1fa7f4]
V  [jvm.dll+0x18354c]
V  [jvm.dll+0x208ee7]
V  [jvm.dll+0x207731]
V  [jvm.dll+0x6eb1cf]
V  [jvm.dll+0x6e3d45]
V  [jvm.dll+0x5ebe96]
C  [ucrtbase.dll+0x210b2]
C  [KERNEL32.DLL+0x17c24]
C  [ntdll.dll+0x6d721]


---------------  P R O C E S S  ---------------

Threads class SMR info:
_java_thread_list=0x000002017184de50, length=53, elements={
0x0000020151d8d800, 0x000002016b92c800, 0x000002016b92d800, 0x000002016c2e3800,
0x000002016b94b800, 0x000002016b94f000, 0x000002016b952000, 0x000002016b99b800,
0x000002016c304000, 0x000002016c3f4000, 0x000002016da2d000, 0x000002016f764000,
0x000002016eb20000, 0x000002016ebcf000, 0x000002016d607800, 0x000002016efcb800,
0x000002016d7f1000, 0x000002016e4b1000, 0x000002016dd03000, 0x000002016d7d4000,
0x000002016d7d5000, 0x000002016d7d5800, 0x000002016d7d6800, 0x000002016e1fb800,
0x000002016e1fb000, 0x000002016e1fc800, 0x000002016e201800, 0x000002016e200000,
0x000002016e200800, 0x000002016e202000, 0x000002016e1fd800, 0x000002016e204000,
0x000002016e1fe000, 0x000002016e1ff000, 0x000002016e208000, 0x000002016e205800,
0x000002016e206800, 0x000002016e209000, 0x000002016e209800, 0x000002016e207000,
0x00000201720dd800, 0x00000201720e0000, 0x00000201720df000, 0x00000201720e0800,
0x00000201720e2800, 0x00000201720e1800, 0x00000201720dc800, 0x00000201720e5800,
0x00000201720e8000, 0x00000201720e5000, 0x00000201720e3000, 0x00000201720e6800,
0x00000201720e7000
}

Java Threads: ( => current thread )
  0x0000020151d8d800 JavaThread "main" [_thread_blocked, id=1584, stack(0x0000008903b00000,0x0000008903c00000)]
  0x000002016b92c800 JavaThread "Reference Handler" daemon [_thread_blocked, id=9644, stack(0x0000008904200000,0x0000008904300000)]
  0x000002016b92d800 JavaThread "Finalizer" daemon [_thread_blocked, id=9532, stack(0x0000008904300000,0x0000008904400000)]
  0x000002016c2e3800 JavaThread "Signal Dispatcher" daemon [_thread_blocked, id=7608, stack(0x0000008904400000,0x0000008904500000)]
  0x000002016b94b800 JavaThread "Attach Listener" daemon [_thread_blocked, id=9572, stack(0x0000008904500000,0x0000008904600000)]
  0x000002016b94f000 JavaThread "Service Thread" daemon [_thread_blocked, id=2864, stack(0x0000008904600000,0x0000008904700000)]
=>0x000002016b952000 JavaThread "C2 CompilerThread0" daemon [_thread_in_native, id=7380, stack(0x0000008904700000,0x0000008904800000)]
  0x000002016b99b800 JavaThread "C1 CompilerThread0" daemon [_thread_blocked, id=7864, stack(0x0000008904800000,0x0000008904900000)]
  0x000002016c304000 JavaThread "Sweeper thread" daemon [_thread_blocked, id=7960, stack(0x0000008904900000,0x0000008904a00000)]
  0x000002016c3f4000 JavaThread "Common-Cleaner" daemon [_thread_blocked, id=8856, stack(0x0000008904a00000,0x0000008904b00000)]
  0x000002016da2d000 JavaThread "Daemon health stats" [_thread_blocked, id=6972, stack(0x0000008904e00000,0x0000008904f00000)]
  0x000002016f764000 JavaThread "Incoming local TCP Connector on port 49462" [_thread_in_native, id=3068, stack(0x0000008904c00000,0x0000008904d00000)]
  0x000002016eb20000 JavaThread "Daemon periodic checks" [_thread_blocked, id=9748, stack(0x0000008905100000,0x0000008905200000)]
  0x000002016ebcf000 JavaThread "Daemon" [_thread_blocked, id=9656, stack(0x0000008905200000,0x0000008905300000)]
  0x000002016d607800 JavaThread "Handler for socket connection from /127.0.0.1:49462 to /127.0.0.1:49463" [_thread_in_native, id=7248, stack(0x0000008905300000,0x0000008905400000)]
  0x000002016efcb800 JavaThread "Cancel handler" [_thread_blocked, id=9848, stack(0x0000008905400000,0x0000008905500000)]
  0x000002016d7f1000 JavaThread "Daemon worker" [_thread_blocked, id=6516, stack(0x0000008905500000,0x0000008905600000)]
  0x000002016e4b1000 JavaThread "Asynchronous log dispatcher for DefaultDaemonConnection: socket connection from /127.0.0.1:49462 to /127.0.0.1:49463" [_thread_blocked, id=3480, stack(0x0000008905600000,0x0000008905700000)]
  0x000002016dd03000 JavaThread "Stdin handler" [_thread_blocked, id=2324, stack(0x0000008905700000,0x0000008905800000)]
  0x000002016d7d4000 JavaThread "Daemon client event forwarder" [_thread_blocked, id=9460, stack(0x0000008905800000,0x0000008905900000)]
  0x000002016d7d5000 JavaThread "Cache worker for file hash cache (C:\Users\Admin\.gradle\caches\7.0.2\fileHashes)" [_thread_blocked, id=10016, stack(0x0000008905900000,0x0000008905a00000)]
  0x000002016d7d5800 JavaThread "File lock request listener" [_thread_in_native, id=1044, stack(0x0000008905a00000,0x0000008905b00000)]
  0x000002016d7d6800 JavaThread "Cache worker for journal cache (C:\Users\Admin\.gradle\caches\journal-1)" [_thread_blocked, id=7964, stack(0x0000008905b00000,0x0000008905c00000)]
  0x000002016e1fb800 JavaThread "Cache worker for file hash cache (D:\USTHMobile\androiddev2022\USTHMobile\.gradle\7.0.2\fileHashes)" [_thread_blocked, id=3648, stack(0x0000008905d00000,0x0000008905e00000)]
  0x000002016e1fb000 JavaThread "File watcher server" daemon [_thread_in_native, id=6652, stack(0x0000008905e00000,0x0000008905f00000)]
  0x000002016e1fc800 JavaThread "File watcher consumer" daemon [_thread_blocked, id=6764, stack(0x0000008905f00000,0x0000008906000000)]
  0x000002016e201800 JavaThread "Cache worker for checksums cache (D:\USTHMobile\androiddev2022\USTHMobile\.gradle\checksums)" [_thread_blocked, id=7776, stack(0x0000008906000000,0x0000008906100000)]
  0x000002016e200000 JavaThread "Cache worker for cache directory md-supplier (C:\Users\Admin\.gradle\caches\7.0.2\md-supplier)" [_thread_blocked, id=2784, stack(0x0000008906100000,0x0000008906200000)]
  0x000002016e200800 JavaThread "Cache worker for cache directory md-rule (C:\Users\Admin\.gradle\caches\7.0.2\md-rule)" [_thread_blocked, id=5116, stack(0x0000008906200000,0x0000008906300000)]
  0x000002016e202000 JavaThread "Cache worker for execution history cache (C:\Users\Admin\.gradle\caches\7.0.2\executionHistory)" [_thread_blocked, id=9444, stack(0x0000008906300000,0x0000008906400000)]
  0x000002016e1fd800 JavaThread "jar transforms" [_thread_blocked, id=7752, stack(0x0000008906400000,0x0000008906500000)]
  0x000002016e204000 JavaThread "jar transforms Thread 2" [_thread_blocked, id=3452, stack(0x0000008906500000,0x0000008906600000)]
  0x000002016e1fe000 JavaThread "Cache worker for file content cache (C:\Users\Admin\.gradle\caches\7.0.2\fileContent)" [_thread_blocked, id=5432, stack(0x0000008906600000,0x0000008906700000)]
  0x000002016e1ff000 JavaThread "Cache worker for dependencies-accessors (D:\USTHMobile\androiddev2022\USTHMobile\.gradle\7.0.2\dependencies-accessors)" [_thread_blocked, id=8252, stack(0x0000008906700000,0x0000008906800000)]
  0x000002016e208000 JavaThread "jar transforms Thread 3" [_thread_blocked, id=508, stack(0x0000008906800000,0x0000008906900000)]
  0x000002016e205800 JavaThread "Cache worker for Build Output Cleanup Cache (D:\USTHMobile\androiddev2022\USTHMobile\.gradle\buildOutputCleanup)" [_thread_blocked, id=3624, stack(0x0000008906900000,0x0000008906a00000)]
  0x000002016e206800 JavaThread "Build operations" [_thread_in_native, id=3528, stack(0x0000008906a00000,0x0000008906b00000)]
  0x000002016e209000 JavaThread "Build operations Thread 2" [_thread_in_Java, id=9904, stack(0x0000008906b00000,0x0000008906c00000)]
  0x000002016e209800 JavaThread "Build operations Thread 3" [_thread_blocked, id=2920, stack(0x0000008906c00000,0x0000008906d00000)]
  0x000002016e207000 JavaThread "Build operations Thread 4" [_thread_blocked, id=656, stack(0x0000008906d00000,0x0000008906e00000)]
  0x00000201720dd800 JavaThread "jar transforms Thread 4" [_thread_blocked, id=7296, stack(0x0000008906e00000,0x0000008906f00000)]
  0x00000201720e0000 JavaThread "Memory manager" [_thread_blocked, id=7492, stack(0x0000008905c00000,0x0000008905d00000)]
  0x00000201720df000 JavaThread "build event listener" [_thread_blocked, id=368, stack(0x0000008906f00000,0x0000008907000000)]
  0x00000201720e0800 JavaThread "pool-3-thread-1" [_thread_blocked, id=8640, stack(0x0000008907000000,0x0000008907100000)]
  0x00000201720e2800 JavaThread "build event listener" [_thread_blocked, id=948, stack(0x0000008907100000,0x0000008907200000)]
  0x00000201720e1800 JavaThread "Execution worker for ':'" [_thread_blocked, id=10236, stack(0x0000008907200000,0x0000008907300000)]
  0x00000201720dc800 JavaThread "Execution worker for ':' Thread 2" [_thread_blocked, id=8772, stack(0x0000008907300000,0x0000008907400000)]
  0x00000201720e5800 JavaThread "Execution worker for ':' Thread 3" [_thread_blocked, id=4768, stack(0x0000008907400000,0x0000008907500000)]
  0x00000201720e8000 JavaThread "Cache worker for execution history cache (D:\USTHMobile\androiddev2022\USTHMobile\.gradle\7.0.2\executionHistory)" [_thread_blocked, id=6960, stack(0x0000008907500000,0x0000008907600000)]
  0x00000201720e5000 JavaThread "WorkerExecutor Queue" [_thread_blocked, id=9832, stack(0x0000008907600000,0x0000008907700000)]
  0x00000201720e3000 JavaThread "WorkerExecutor Queue Thread 2" [_thread_in_native, id=8116, stack(0x0000008907700000,0x0000008907800000)]
  0x00000201720e6800 JavaThread "WorkerExecutor Queue Thread 3" [_thread_blocked, id=6012, stack(0x0000008907a00000,0x0000008907b00000)]
  0x00000201720e7000 JavaThread "pool-4-thread-1" [_thread_blocked, id=5348, stack(0x0000008907b00000,0x0000008907c00000)]

Other Threads:
  0x000002016b92a000 VMThread "VM Thread" [stack: 0x0000008904100000,0x0000008904200000] [id=9328]
  0x000002016c469800 WatcherThread [stack: 0x0000008904b00000,0x0000008904c00000] [id=2488]
  0x0000020151da6000 GCTaskThread "GC Thread#0" [stack: 0x0000008903c00000,0x0000008903d00000] [id=5744]
  0x000002016cc67000 GCTaskThread "GC Thread#1" [stack: 0x0000008904d00000,0x0000008904e00000] [id=7536]
  0x000002016ed7f000 GCTaskThread "GC Thread#2" [stack: 0x0000008904f00000,0x0000008905000000] [id=1864]
  0x000002016e136800 GCTaskThread "GC Thread#3" [stack: 0x0000008905000000,0x0000008905100000] [id=4884]
  0x0000020151dd5800 ConcurrentGCThread "G1 Main Marker" [stack: 0x0000008903d00000,0x0000008903e00000] [id=5188]
  0x0000020151dd8800 ConcurrentGCThread "G1 Conc#0" [stack: 0x0000008903e00000,0x0000008903f00000] [id=6224]
  0x0000020151e32000 ConcurrentGCThread "G1 Refine#0" [stack: 0x0000008903f00000,0x0000008904000000] [id=1532]
  0x0000020173753800 ConcurrentGCThread "G1 Refine#1" [stack: 0x0000008903800000,0x0000008903900000] [id=5004]
  0x0000020151e33000 ConcurrentGCThread "G1 Young RemSet Sampling" [stack: 0x0000008904000000,0x0000008904100000] [id=8652]

Threads with active compile tasks:
C2 CompilerThread0  39359 11203   !   4       org.gradle.internal.classloader.CachingClassLoader::loadClass (85 bytes)

VM state:not at safepoint (normal execution)

VM Mutex/Monitor currently owned by a thread: None

Heap address: 0x0000000080000000, size: 2048 MB, Compressed Oops mode: 32-bit
Narrow klass base: 0x0000000000000000, Narrow klass shift: 3
Compressed class space size: 1073741824 Address: 0x0000000100000000

Heap:
 garbage-first heap   total 167936K, used 93768K [0x0000000080000000, 0x0000000100000000)
  region size 1024K, 7 young (7168K), 6 survivors (6144K)
 Metaspace       used 93053K, capacity 95347K, committed 95524K, reserved 1132544K
  class space    used 11885K, capacity 12694K, committed 12800K, reserved 1048576K
Heap Regions: E=young(eden), S=young(survivor), O=old, HS=humongous(starts), HC=humongous(continues), CS=collection set, F=free, A=archive, TAMS=top-at-mark-start (previous, next)
|   0|0x0000000080000000, 0x0000000080100000, 0x0000000080100000|100%| O|  |TAMS 0x0000000080100000, 0x0000000080100000| Untracked 
|   1|0x0000000080100000, 0x0000000080200000, 0x0000000080200000|100%| O|  |TAMS 0x0000000080200000, 0x0000000080200000| Untracked 
|   2|0x0000000080200000, 0x0000000080300000, 0x0000000080300000|100%| O|  |TAMS 0x0000000080300000, 0x0000000080300000| Untracked 
|   3|0x0000000080300000, 0x0000000080400000, 0x0000000080400000|100%|HS|  |TAMS 0x0000000080400000, 0x0000000080400000| Complete 
|   4|0x0000000080400000, 0x0000000080500000, 0x0000000080500000|100%|HC|  |TAMS 0x0000000080500000, 0x0000000080500000| Complete 
|   5|0x0000000080500000, 0x0000000080600000, 0x0000000080600000|100%|HC|  |TAMS 0x0000000080600000, 0x0000000080600000| Complete 
|   6|0x0000000080600000, 0x0000000080700000, 0x0000000080700000|100%| O|  |TAMS 0x0000000080700000, 0x0000000080700000| Untracked 
|   7|0x0000000080700000, 0x0000000080800000, 0x0000000080800000|100%| O|  |TAMS 0x0000000080800000, 0x0000000080800000| Untracked 
|   8|0x0000000080800000, 0x0000000080900000, 0x0000000080900000|100%| O|  |TAMS 0x0000000080900000, 0x0000000080900000| Untracked 
|   9|0x0000000080900000, 0x0000000080a00000, 0x0000000080a00000|100%| O|  |TAMS 0x0000000080a00000, 0x0000000080a00000| Untracked 
|  10|0x0000000080a00000, 0x0000000080b00000, 0x0000000080b00000|100%| O|  |TAMS 0x0000000080b00000, 0x0000000080b00000| Untracked 
|  11|0x0000000080b00000, 0x0000000080c00000, 0x0000000080c00000|100%| O|  |TAMS 0x0000000080c00000, 0x0000000080c00000| Untracked 
|  12|0x0000000080c00000, 0x0000000080d00000, 0x0000000080d00000|100%| O|  |TAMS 0x0000000080d00000, 0x0000000080d00000| Untracked 
|  13|0x0000000080d00000, 0x0000000080e00000, 0x0000000080e00000|100%| O|  |TAMS 0x0000000080e00000, 0x0000000080e00000| Untracked 
|  14|0x0000000080e00000, 0x0000000080f00000, 0x0000000080f00000|100%| O|  |TAMS 0x0000000080f00000, 0x0000000080f00000| Untracked 
|  15|0x0000000080f00000, 0x0000000081000000, 0x0000000081000000|100%| O|  |TAMS 0x0000000081000000, 0x0000000081000000| Untracked 
|  16|0x0000000081000000, 0x0000000081100000, 0x0000000081100000|100%| O|  |TAMS 0x0000000081100000, 0x0000000081100000| Untracked 
|  17|0x0000000081100000, 0x0000000081200000, 0x0000000081200000|100%| O|  |TAMS 0x0000000081200000, 0x0000000081200000| Untracked 
|  18|0x0000000081200000, 0x0000000081300000, 0x0000000081300000|100%| O|  |TAMS 0x0000000081300000, 0x0000000081300000| Untracked 
|  19|0x0000000081300000, 0x0000000081400000, 0x0000000081400000|100%| O|  |TAMS 0x0000000081400000, 0x0000000081400000| Untracked 
|  20|0x0000000081400000, 0x0000000081500000, 0x0000000081500000|100%| O|  |TAMS 0x0000000081500000, 0x0000000081500000| Untracked 
|  21|0x0000000081500000, 0x0000000081600000, 0x0000000081600000|100%| O|  |TAMS 0x0000000081600000, 0x0000000081600000| Untracked 
|  22|0x0000000081600000, 0x0000000081700000, 0x0000000081700000|100%| O|  |TAMS 0x0000000081700000, 0x0000000081700000| Untracked 
|  23|0x0000000081700000, 0x0000000081800000, 0x0000000081800000|100%| O|  |TAMS 0x0000000081800000, 0x0000000081800000| Untracked 
|  24|0x0000000081800000, 0x0000000081900000, 0x0000000081900000|100%|HS|  |TAMS 0x0000000081900000, 0x0000000081900000| Complete 
|  25|0x0000000081900000, 0x0000000081a00000, 0x0000000081a00000|100%| O|  |TAMS 0x0000000081a00000, 0x0000000081a00000| Untracked 
|  26|0x0000000081a00000, 0x0000000081b00000, 0x0000000081b00000|100%| O|  |TAMS 0x0000000081b00000, 0x0000000081b00000| Untracked 
|  27|0x0000000081b00000, 0x0000000081c00000, 0x0000000081c00000|100%|HS|  |TAMS 0x0000000081c00000, 0x0000000081c00000| Complete 
|  28|0x0000000081c00000, 0x0000000081d00000, 0x0000000081d00000|100%| O|  |TAMS 0x0000000081d00000, 0x0000000081d00000| Untracked 
|  29|0x0000000081d00000, 0x0000000081e00000, 0x0000000081e00000|100%|HS|  |TAMS 0x0000000081e00000, 0x0000000081e00000| Complete 
|  30|0x0000000081e00000, 0x0000000081f00000, 0x0000000081f00000|100%|HC|  |TAMS 0x0000000081f00000, 0x0000000081f00000| Complete 
|  31|0x0000000081f00000, 0x0000000082000000, 0x0000000082000000|100%| O|  |TAMS 0x0000000082000000, 0x0000000082000000| Untracked 
|  32|0x0000000082000000, 0x0000000082100000, 0x0000000082100000|100%| O|  |TAMS 0x0000000082100000, 0x0000000082100000| Untracked 
|  33|0x0000000082100000, 0x0000000082200000, 0x0000000082200000|100%| O|  |TAMS 0x0000000082200000, 0x0000000082200000| Untracked 
|  34|0x0000000082200000, 0x0000000082300000, 0x0000000082300000|100%| O|  |TAMS 0x0000000082300000, 0x0000000082300000| Untracked 
|  35|0x0000000082300000, 0x0000000082400000, 0x0000000082400000|100%| O|  |TAMS 0x0000000082400000, 0x0000000082400000| Untracked 
|  36|0x0000000082400000, 0x0000000082500000, 0x0000000082500000|100%| O|  |TAMS 0x0000000082500000, 0x0000000082500000| Untracked 
|  37|0x0000000082500000, 0x0000000082600000, 0x0000000082600000|100%| O|  |TAMS 0x0000000082600000, 0x0000000082600000| Untracked 
|  38|0x0000000082600000, 0x0000000082700000, 0x0000000082700000|100%| O|  |TAMS 0x0000000082700000, 0x0000000082700000| Untracked 
|  39|0x0000000082700000, 0x0000000082800000, 0x0000000082800000|100%| O|  |TAMS 0x0000000082800000, 0x0000000082800000| Untracked 
|  40|0x0000000082800000, 0x0000000082900000, 0x0000000082900000|100%| O|  |TAMS 0x0000000082900000, 0x0000000082900000| Untracked 
|  41|0x0000000082900000, 0x0000000082a00000, 0x0000000082a00000|100%| O|  |TAMS 0x0000000082a00000, 0x0000000082a00000| Untracked 
|  42|0x0000000082a00000, 0x0000000082b00000, 0x0000000082b00000|100%| O|  |TAMS 0x0000000082b00000, 0x0000000082b00000| Untracked 
|  43|0x0000000082b00000, 0x0000000082c00000, 0x0000000082c00000|100%| O|  |TAMS 0x0000000082c00000, 0x0000000082c00000| Untracked 
|  44|0x0000000082c00000, 0x0000000082d00000, 0x0000000082d00000|100%| O|  |TAMS 0x0000000082d00000, 0x0000000082d00000| Untracked 
|  45|0x0000000082d00000, 0x0000000082e00000, 0x0000000082e00000|100%| O|  |TAMS 0x0000000082e00000, 0x0000000082e00000| Untracked 
|  46|0x0000000082e00000, 0x0000000082f00000, 0x0000000082f00000|100%| O|  |TAMS 0x0000000082f00000, 0x0000000082f00000| Untracked 
|  47|0x0000000082f00000, 0x0000000083000000, 0x0000000083000000|100%| O|  |TAMS 0x0000000083000000, 0x0000000083000000| Untracked 
|  48|0x0000000083000000, 0x0000000083100000, 0x0000000083100000|100%| O|  |TAMS 0x0000000083100000, 0x0000000083100000| Untracked 
|  49|0x0000000083100000, 0x0000000083200000, 0x0000000083200000|100%| O|  |TAMS 0x0000000083200000, 0x0000000083200000| Untracked 
|  50|0x0000000083200000, 0x0000000083300000, 0x0000000083300000|100%| O|  |TAMS 0x0000000083300000, 0x0000000083300000| Untracked 
|  51|0x0000000083300000, 0x0000000083400000, 0x0000000083400000|100%| O|  |TAMS 0x0000000083400000, 0x0000000083400000| Untracked 
|  52|0x0000000083400000, 0x0000000083500000, 0x0000000083500000|100%| O|  |TAMS 0x0000000083500000, 0x0000000083500000| Untracked 
|  53|0x0000000083500000, 0x0000000083600000, 0x0000000083600000|100%| O|  |TAMS 0x0000000083600000, 0x0000000083600000| Untracked 
|  54|0x0000000083600000, 0x0000000083700000, 0x0000000083700000|100%| O|  |TAMS 0x0000000083700000, 0x0000000083700000| Untracked 
|  55|0x0000000083700000, 0x0000000083800000, 0x0000000083800000|100%| O|  |TAMS 0x0000000083800000, 0x0000000083800000| Untracked 
|  56|0x0000000083800000, 0x0000000083900000, 0x0000000083900000|100%| O|  |TAMS 0x0000000083900000, 0x0000000083900000| Untracked 
|  57|0x0000000083900000, 0x0000000083a00000, 0x0000000083a00000|100%| O|  |TAMS 0x0000000083a00000, 0x0000000083a00000| Untracked 
|  58|0x0000000083a00000, 0x0000000083b00000, 0x0000000083b00000|100%| O|  |TAMS 0x0000000083b00000, 0x0000000083b00000| Untracked 
|  59|0x0000000083b00000, 0x0000000083c00000, 0x0000000083c00000|100%| O|  |TAMS 0x0000000083c00000, 0x0000000083c00000| Untracked 
|  60|0x0000000083c00000, 0x0000000083d00000, 0x0000000083d00000|100%| O|  |TAMS 0x0000000083d00000, 0x0000000083d00000| Untracked 
|  61|0x0000000083d00000, 0x0000000083e00000, 0x0000000083e00000|100%| O|  |TAMS 0x0000000083e00000, 0x0000000083e00000| Untracked 
|  62|0x0000000083e00000, 0x0000000083f00000, 0x0000000083f00000|100%| O|  |TAMS 0x0000000083f00000, 0x0000000083f00000| Untracked 
|  63|0x0000000083f00000, 0x0000000084000000, 0x0000000084000000|100%| O|  |TAMS 0x0000000084000000, 0x0000000084000000| Untracked 
|  64|0x0000000084000000, 0x0000000084100000, 0x0000000084100000|100%| O|  |TAMS 0x0000000084000000, 0x0000000084100000| Untracked 
|  65|0x0000000084100000, 0x0000000084200000, 0x0000000084200000|100%| O|  |TAMS 0x0000000084100000, 0x0000000084200000| Untracked 
|  66|0x0000000084200000, 0x0000000084300000, 0x0000000084300000|100%| O|  |TAMS 0x0000000084200000, 0x0000000084300000| Untracked 
|  67|0x0000000084300000, 0x0000000084400000, 0x0000000084400000|100%|HS|  |TAMS 0x0000000084300000, 0x0000000084400000| Complete 
|  68|0x0000000084400000, 0x0000000084500000, 0x0000000084500000|100%|HC|  |TAMS 0x0000000084400000, 0x0000000084500000| Complete 
|  69|0x0000000084500000, 0x0000000084600000, 0x0000000084600000|100%| O|  |TAMS 0x0000000084500000, 0x0000000084600000| Untracked 
|  70|0x0000000084600000, 0x0000000084700000, 0x0000000084700000|100%| O|  |TAMS 0x0000000084700000, 0x0000000084700000| Untracked 
|  71|0x0000000084700000, 0x0000000084800000, 0x0000000084800000|100%| O|  |TAMS 0x0000000084800000, 0x0000000084800000| Untracked 
|  72|0x0000000084800000, 0x0000000084900000, 0x0000000084900000|100%| O|  |TAMS 0x0000000084900000, 0x0000000084900000| Untracked 
|  73|0x0000000084900000, 0x0000000084a00000, 0x0000000084a00000|100%| O|  |TAMS 0x0000000084900000, 0x0000000084a00000| Untracked 
|  74|0x0000000084a00000, 0x0000000084b00000, 0x0000000084b00000|100%| O|  |TAMS 0x0000000084a00000, 0x0000000084b00000| Untracked 
|  75|0x0000000084b00000, 0x0000000084c00000, 0x0000000084c00000|100%| O|  |TAMS 0x0000000084b00000, 0x0000000084c00000| Untracked 
|  76|0x0000000084c00000, 0x0000000084d00000, 0x0000000084d00000|100%| O|  |TAMS 0x0000000084d00000, 0x0000000084d00000| Untracked 
|  77|0x0000000084d00000, 0x0000000084e00000, 0x0000000084e00000|100%| O|  |TAMS 0x0000000084e00000, 0x0000000084e00000| Untracked 
|  78|0x0000000084e00000, 0x0000000084f00000, 0x0000000084f00000|100%| O|  |TAMS 0x0000000084f00000, 0x0000000084f00000| Untracked 
|  79|0x0000000084f00000, 0x0000000085000000, 0x0000000085000000|100%| O|  |TAMS 0x0000000084f79c00, 0x0000000085000000| Untracked 
|  80|0x0000000085000000, 0x0000000085100000, 0x0000000085100000|100%| O|  |TAMS 0x0000000085000000, 0x0000000085100000| Untracked 
|  81|0x0000000085100000, 0x0000000085200000, 0x0000000085200000|100%| O|  |TAMS 0x0000000085100000, 0x0000000085200000| Untracked 
|  82|0x0000000085200000, 0x0000000085292200, 0x0000000085300000| 57%| O|  |TAMS 0x0000000085200000, 0x0000000085292200| Untracked 
|  83|0x0000000085300000, 0x0000000085300000, 0x0000000085400000|  0%| F|  |TAMS 0x0000000085300000, 0x0000000085300000| Untracked 
|  84|0x0000000085400000, 0x0000000085400000, 0x0000000085500000|  0%| F|  |TAMS 0x0000000085400000, 0x0000000085400000| Untracked 
|  85|0x0000000085500000, 0x0000000085500000, 0x0000000085600000|  0%| F|  |TAMS 0x0000000085500000, 0x0000000085500000| Untracked 
|  86|0x0000000085600000, 0x0000000085600000, 0x0000000085700000|  0%| F|  |TAMS 0x0000000085600000, 0x0000000085600000| Untracked 
|  87|0x0000000085700000, 0x0000000085700000, 0x0000000085800000|  0%| F|  |TAMS 0x0000000085700000, 0x0000000085700000| Untracked 
|  88|0x0000000085800000, 0x0000000085800000, 0x0000000085900000|  0%| F|  |TAMS 0x0000000085800000, 0x0000000085800000| Untracked 
|  89|0x0000000085900000, 0x0000000085900000, 0x0000000085a00000|  0%| F|  |TAMS 0x0000000085900000, 0x0000000085900000| Untracked 
|  90|0x0000000085a00000, 0x0000000085a00000, 0x0000000085b00000|  0%| F|  |TAMS 0x0000000085a00000, 0x0000000085a00000| Untracked 
|  91|0x0000000085b00000, 0x0000000085b00000, 0x0000000085c00000|  0%| F|  |TAMS 0x0000000085b00000, 0x0000000085b00000| Untracked 
|  92|0x0000000085c00000, 0x0000000085c00000, 0x0000000085d00000|  0%| F|  |TAMS 0x0000000085c00000, 0x0000000085c00000| Untracked 
|  93|0x0000000085d00000, 0x0000000085d00000, 0x0000000085e00000|  0%| F|  |TAMS 0x0000000085d00000, 0x0000000085d00000| Untracked 
|  94|0x0000000085e00000, 0x0000000085e00000, 0x0000000085f00000|  0%| F|  |TAMS 0x0000000085e00000, 0x0000000085e00000| Untracked 
|  95|0x0000000085f00000, 0x0000000085f00000, 0x0000000086000000|  0%| F|  |TAMS 0x0000000085f00000, 0x0000000085f00000| Untracked 
|  96|0x0000000086000000, 0x0000000086000000, 0x0000000086100000|  0%| F|  |TAMS 0x0000000086000000, 0x0000000086000000| Untracked 
|  97|0x0000000086100000, 0x0000000086100000, 0x0000000086200000|  0%| F|  |TAMS 0x0000000086100000, 0x0000000086100000| Untracked 
|  98|0x0000000086200000, 0x0000000086200000, 0x0000000086300000|  0%| F|  |TAMS 0x0000000086200000, 0x0000000086200000| Untracked 
|  99|0x0000000086300000, 0x0000000086400000, 0x0000000086400000|100%| O|  |TAMS 0x0000000086400000, 0x0000000086400000| Untracked 
| 100|0x0000000086400000, 0x0000000086500000, 0x0000000086500000|100%| O|  |TAMS 0x0000000086500000, 0x0000000086500000| Untracked 
| 101|0x0000000086500000, 0x0000000086600000, 0x0000000086600000|100%| O|  |TAMS 0x0000000086600000, 0x0000000086600000| Untracked 
| 102|0x0000000086600000, 0x0000000086600000, 0x0000000086700000|  0%| F|  |TAMS 0x0000000086600000, 0x0000000086600000| Untracked 
| 103|0x0000000086700000, 0x0000000086700000, 0x0000000086800000|  0%| F|  |TAMS 0x0000000086700000, 0x0000000086700000| Untracked 
| 104|0x0000000086800000, 0x0000000086800000, 0x0000000086900000|  0%| F|  |TAMS 0x0000000086800000, 0x0000000086800000| Untracked 
| 105|0x0000000086900000, 0x0000000086900000, 0x0000000086a00000|  0%| F|  |TAMS 0x0000000086900000, 0x0000000086900000| Untracked 
| 106|0x0000000086a00000, 0x0000000086a00000, 0x0000000086b00000|  0%| F|  |TAMS 0x0000000086a00000, 0x0000000086a00000| Untracked 
| 107|0x0000000086b00000, 0x0000000086b00000, 0x0000000086c00000|  0%| F|  |TAMS 0x0000000086b00000, 0x0000000086b00000| Untracked 
| 108|0x0000000086c00000, 0x0000000086c00000, 0x0000000086d00000|  0%| F|  |TAMS 0x0000000086c00000, 0x0000000086c00000| Untracked 
| 109|0x0000000086d00000, 0x0000000086d00000, 0x0000000086e00000|  0%| F|  |TAMS 0x0000000086d00000, 0x0000000086d00000| Untracked 
| 110|0x0000000086e00000, 0x0000000086e00000, 0x0000000086f00000|  0%| F|  |TAMS 0x0000000086e00000, 0x0000000086e00000| Untracked 
| 111|0x0000000086f00000, 0x0000000086f00000, 0x0000000087000000|  0%| F|  |TAMS 0x0000000086f00000, 0x0000000086f00000| Untracked 
| 112|0x0000000087000000, 0x0000000087000000, 0x0000000087100000|  0%| F|  |TAMS 0x0000000087000000, 0x0000000087000000| Untracked 
| 113|0x0000000087100000, 0x0000000087100000, 0x0000000087200000|  0%| F|  |TAMS 0x0000000087100000, 0x0000000087100000| Untracked 
| 114|0x0000000087200000, 0x0000000087200000, 0x0000000087300000|  0%| F|  |TAMS 0x0000000087200000, 0x0000000087200000| Untracked 
| 115|0x0000000087300000, 0x0000000087400000, 0x0000000087400000|100%| S|CS|TAMS 0x0000000087300000, 0x0000000087300000| Complete 
| 116|0x0000000087400000, 0x0000000087500000, 0x0000000087500000|100%| S|CS|TAMS 0x0000000087400000, 0x0000000087400000| Complete 
| 117|0x0000000087500000, 0x0000000087600000, 0x0000000087600000|100%| S|CS|TAMS 0x0000000087500000, 0x0000000087500000| Complete 
| 118|0x0000000087600000, 0x0000000087700000, 0x0000000087700000|100%| S|CS|TAMS 0x0000000087600000, 0x0000000087600000| Complete 
| 119|0x0000000087700000, 0x0000000087800000, 0x0000000087800000|100%| S|CS|TAMS 0x0000000087700000, 0x0000000087700000| Complete 
| 120|0x0000000087800000, 0x0000000087900000, 0x0000000087900000|100%| S|CS|TAMS 0x0000000087800000, 0x0000000087800000| Complete 
| 121|0x0000000087900000, 0x0000000087900000, 0x0000000087a00000|  0%| F|  |TAMS 0x0000000087900000, 0x0000000087900000| Untracked 
| 122|0x0000000087a00000, 0x0000000087a00000, 0x0000000087b00000|  0%| F|  |TAMS 0x0000000087a00000, 0x0000000087a00000| Untracked 
| 123|0x0000000087b00000, 0x0000000087b00000, 0x0000000087c00000|  0%| F|  |TAMS 0x0000000087b00000, 0x0000000087b00000| Untracked 
| 124|0x0000000087c00000, 0x0000000087c00000, 0x0000000087d00000|  0%| F|  |TAMS 0x0000000087c00000, 0x0000000087c00000| Untracked 
| 125|0x0000000087d00000, 0x0000000087d00000, 0x0000000087e00000|  0%| F|  |TAMS 0x0000000087d00000, 0x0000000087d00000| Untracked 
| 126|0x0000000087e00000, 0x0000000087e00000, 0x0000000087f00000|  0%| F|  |TAMS 0x0000000087e00000, 0x0000000087e00000| Untracked 
| 127|0x0000000087f00000, 0x0000000087f00000, 0x0000000088000000|  0%| F|  |TAMS 0x0000000087f00000, 0x0000000087f00000| Untracked 
| 128|0x0000000088000000, 0x0000000088000000, 0x0000000088100000|  0%| F|  |TAMS 0x0000000088000000, 0x0000000088000000| Untracked 
| 129|0x0000000088100000, 0x0000000088100000, 0x0000000088200000|  0%| F|  |TAMS 0x0000000088100000, 0x0000000088100000| Untracked 
| 130|0x0000000088200000, 0x0000000088200000, 0x0000000088300000|  0%| F|  |TAMS 0x0000000088200000, 0x0000000088200000| Untracked 
| 131|0x0000000088300000, 0x0000000088300000, 0x0000000088400000|  0%| F|  |TAMS 0x0000000088300000, 0x0000000088300000| Untracked 
| 132|0x0000000088400000, 0x0000000088400000, 0x0000000088500000|  0%| F|  |TAMS 0x0000000088400000, 0x0000000088400000| Untracked 
| 133|0x0000000088500000, 0x0000000088500000, 0x0000000088600000|  0%| F|  |TAMS 0x0000000088500000, 0x0000000088500000| Untracked 
| 134|0x0000000088600000, 0x0000000088600000, 0x0000000088700000|  0%| F|  |TAMS 0x0000000088600000, 0x0000000088600000| Untracked 
| 135|0x0000000088700000, 0x0000000088700000, 0x0000000088800000|  0%| F|  |TAMS 0x0000000088700000, 0x0000000088700000| Untracked 
| 136|0x0000000088800000, 0x0000000088800000, 0x0000000088900000|  0%| F|  |TAMS 0x0000000088800000, 0x0000000088800000| Untracked 
| 137|0x0000000088900000, 0x0000000088900000, 0x0000000088a00000|  0%| F|  |TAMS 0x0000000088900000, 0x0000000088900000| Untracked 
| 138|0x0000000088a00000, 0x0000000088a00000, 0x0000000088b00000|  0%| F|  |TAMS 0x0000000088a00000, 0x0000000088a00000| Untracked 
| 139|0x0000000088b00000, 0x0000000088b00000, 0x0000000088c00000|  0%| F|  |TAMS 0x0000000088b00000, 0x0000000088b00000| Untracked 
| 140|0x0000000088c00000, 0x0000000088c00000, 0x0000000088d00000|  0%| F|  |TAMS 0x0000000088c00000, 0x0000000088c00000| Untracked 
| 141|0x0000000088d00000, 0x0000000088d00000, 0x0000000088e00000|  0%| F|  |TAMS 0x0000000088d00000, 0x0000000088d00000| Untracked 
| 142|0x0000000088e00000, 0x0000000088e00000, 0x0000000088f00000|  0%| F|  |TAMS 0x0000000088e00000, 0x0000000088e00000| Untracked 
| 143|0x0000000088f00000, 0x0000000088f00000, 0x0000000089000000|  0%| F|  |TAMS 0x0000000088f00000, 0x0000000088f00000| Untracked 
| 144|0x0000000089000000, 0x0000000089000000, 0x0000000089100000|  0%| F|  |TAMS 0x0000000089000000, 0x0000000089000000| Untracked 
| 145|0x0000000089100000, 0x0000000089100000, 0x0000000089200000|  0%| F|  |TAMS 0x0000000089100000, 0x0000000089100000| Untracked 
| 146|0x0000000089200000, 0x0000000089200000, 0x0000000089300000|  0%| F|  |TAMS 0x0000000089200000, 0x0000000089200000| Untracked 
| 147|0x0000000089300000, 0x0000000089300000, 0x0000000089400000|  0%| F|  |TAMS 0x0000000089300000, 0x0000000089300000| Untracked 
| 148|0x0000000089400000, 0x0000000089400000, 0x0000000089500000|  0%| F|  |TAMS 0x0000000089400000, 0x0000000089400000| Untracked 
| 149|0x0000000089500000, 0x0000000089500000, 0x0000000089600000|  0%| F|  |TAMS 0x0000000089500000, 0x0000000089500000| Untracked 
| 150|0x0000000089600000, 0x0000000089600000, 0x0000000089700000|  0%| F|  |TAMS 0x0000000089600000, 0x0000000089600000| Untracked 
| 151|0x0000000089700000, 0x0000000089700000, 0x0000000089800000|  0%| F|  |TAMS 0x0000000089700000, 0x0000000089700000| Untracked 
| 152|0x0000000089800000, 0x0000000089800000, 0x0000000089900000|  0%| F|  |TAMS 0x0000000089800000, 0x0000000089800000| Untracked 
| 153|0x0000000089900000, 0x0000000089900000, 0x0000000089a00000|  0%| F|  |TAMS 0x0000000089900000, 0x0000000089900000| Untracked 
| 154|0x0000000089a00000, 0x0000000089a00000, 0x0000000089b00000|  0%| F|  |TAMS 0x0000000089a00000, 0x0000000089a00000| Untracked 
| 155|0x0000000089b00000, 0x0000000089b00000, 0x0000000089c00000|  0%| F|  |TAMS 0x0000000089b00000, 0x0000000089b00000| Untracked 
| 156|0x0000000089c00000, 0x0000000089c00000, 0x0000000089d00000|  0%| F|  |TAMS 0x0000000089c00000, 0x0000000089c00000| Untracked 
| 157|0x0000000089d00000, 0x0000000089d00000, 0x0000000089e00000|  0%| F|  |TAMS 0x0000000089d00000, 0x0000000089d00000| Untracked 
| 158|0x0000000089e00000, 0x0000000089e00000, 0x0000000089f00000|  0%| F|  |TAMS 0x0000000089e00000, 0x0000000089e00000| Untracked 
| 159|0x0000000089f00000, 0x0000000089f00000, 0x000000008a000000|  0%| F|  |TAMS 0x0000000089f00000, 0x0000000089f00000| Untracked 
| 160|0x000000008a000000, 0x000000008a000000, 0x000000008a100000|  0%| F|  |TAMS 0x000000008a000000, 0x000000008a000000| Untracked 
| 161|0x000000008a100000, 0x000000008a100000, 0x000000008a200000|  0%| F|  |TAMS 0x000000008a100000, 0x000000008a100000| Untracked 
| 162|0x000000008a200000, 0x000000008a200000, 0x000000008a300000|  0%| F|  |TAMS 0x000000008a200000, 0x000000008a200000| Untracked 
| 163|0x000000008a300000, 0x000000008a3bed68, 0x000000008a400000| 74%| E|  |TAMS 0x000000008a300000, 0x000000008a300000| Complete 

Card table byte_map: [0x0000020164c70000,0x0000020165070000] _byte_map_base: 0x0000020164870000

Marking Bits (Prev, Next): (CMBitMap*) 0x0000020151dcc798, (CMBitMap*) 0x0000020151dcc7d0
 Prev Bits: [0x0000020165470000, 0x0000020167470000)
 Next Bits: [0x0000020167470000, 0x0000020169470000)

Polling page: 0x000002014fc70000

Metaspace:

Usage:
  Non-class:     80.72 MB capacity,    79.28 MB ( 98%) used,     1.19 MB (  1%) free+waste,   254.81 KB ( <1%) overhead. 
      Class:     12.40 MB capacity,    11.61 MB ( 94%) used,   694.50 KB (  5%) free+waste,   113.56 KB ( <1%) overhead. 
       Both:     93.11 MB capacity,    90.89 MB ( 98%) used,     1.87 MB (  2%) free+waste,   368.38 KB ( <1%) overhead. 

Virtual space:
  Non-class space:       82.00 MB reserved,      80.79 MB ( 99%) committed 
      Class space:        1.00 GB reserved,      12.50 MB (  1%) committed 
             Both:        1.08 GB reserved,      93.29 MB (  8%) committed 

Chunk freelists:
   Non-Class:  7.00 KB
       Class:  10.00 KB
        Both:  17.00 KB

MaxMetaspaceSize: 17179869184.00 GB
CompressedClassSpaceSize: 1.00 GB

CodeHeap 'non-profiled nmethods': size=120064Kb used=6046Kb max_used=6046Kb free=114017Kb
 bounds [0x000002015d330000, 0x000002015d920000, 0x0000020164870000]
CodeHeap 'profiled nmethods': size=120000Kb used=23632Kb max_used=23632Kb free=96367Kb
 bounds [0x0000020155e00000, 0x0000020157520000, 0x000002015d330000]
CodeHeap 'non-nmethods': size=5696Kb used=2313Kb max_used=2346Kb free=3382Kb
 bounds [0x0000020155870000, 0x0000020155ae0000, 0x0000020155e00000]
 total_blobs=12027 nmethods=11109 adapters=827
 compilation: enabled
              stopped_count=0, restarted_count=0
 full_count=0

Compilation events (20 events):
Event: 39.200 Thread 0x000002016b99b800 11263       3       com.android.tools.r8.graph.A0::d (50 bytes)
Event: 39.200 Thread 0x000002016b99b800 nmethod 11263 0x0000020157505890 code [0x0000020157505a60, 0x0000020157505c98]
Event: 39.205 Thread 0x000002016b99b800 11264       3       com.android.tools.r8.internal.p5::n (2 bytes)
Event: 39.205 Thread 0x000002016b99b800 nmethod 11264 0x0000020157505d90 code [0x0000020157505f40, 0x0000020157506038]
Event: 39.206 Thread 0x000002016b99b800 11266       3       com.android.tools.r8.internal.pa::<init> (16 bytes)
Event: 39.207 Thread 0x000002016b99b800 nmethod 11266 0x0000020157506110 code [0x00000201575062e0, 0x00000201575065d8]
Event: 39.207 Thread 0x000002016b99b800 11268       3       com.android.tools.r8.internal.T6::a (16 bytes)
Event: 39.208 Thread 0x000002016b99b800 nmethod 11268 0x0000020157506710 code [0x0000020157506900, 0x0000020157506ce8]
Event: 39.208 Thread 0x000002016b99b800 11267       3       com.android.tools.r8.graph.A0::a (8 bytes)
Event: 39.208 Thread 0x000002016b99b800 nmethod 11267 0x0000020157506f10 code [0x00000201575070c0, 0x00000201575071d8]
Event: 39.208 Thread 0x000002016b99b800 11269       1       com.android.tools.r8.graph.B0$b::e (5 bytes)
Event: 39.209 Thread 0x000002016b99b800 nmethod 11269 0x000002015d917290 code [0x000002015d917440, 0x000002015d9174d8]
Event: 39.209 Thread 0x000002016b99b800 11270       3       java.lang.StringLatin1::toBytes (9 bytes)
Event: 39.210 Thread 0x000002016b99b800 nmethod 11270 0x0000020157507290 code [0x0000020157507440, 0x00000201575075b8]
Event: 39.210 Thread 0x000002016b99b800 11271       3       com.android.tools.r8.graph.e0::equals (37 bytes)
Event: 39.210 Thread 0x000002016b99b800 nmethod 11271 0x0000020157507690 code [0x0000020157507860, 0x0000020157507c48]
Event: 39.212 Thread 0x000002016b99b800 11272       3       com.android.tools.r8.graph.B0$d::d (25 bytes)
Event: 39.213 Thread 0x000002016b99b800 nmethod 11272 0x0000020157507d10 code [0x0000020157507ee0, 0x00000201575082b8]
Event: 39.213 Thread 0x000002016b99b800 11273       3       com.android.tools.r8.internal.ef::a (26 bytes)
Event: 39.213 Thread 0x000002016b99b800 nmethod 11273 0x0000020157508410 code [0x00000201575085e0, 0x0000020157508878]

GC Heap History (20 events):
Event: 29.060 GC heap before
{Heap before GC invocations=34 (full 0):
 garbage-first heap   total 138240K, used 77690K [0x0000000080000000, 0x0000000100000000)
  region size 1024K, 17 young (17408K), 4 survivors (4096K)
 Metaspace       used 82030K, capacity 84097K, committed 84132K, reserved 1122304K
  class space    used 10600K, capacity 11367K, committed 11392K, reserved 1048576K
}
Event: 29.068 GC heap after
{Heap after GC invocations=35 (full 0):
 garbage-first heap   total 138240K, used 65665K [0x0000000080000000, 0x0000000100000000)
  region size 1024K, 4 young (4096K), 4 survivors (4096K)
 Metaspace       used 82030K, capacity 84097K, committed 84132K, reserved 1122304K
  class space    used 10600K, capacity 11367K, committed 11392K, reserved 1048576K
}
Event: 31.958 GC heap before
{Heap before GC invocations=36 (full 0):
 garbage-first heap   total 138240K, used 102529K [0x0000000080000000, 0x0000000100000000)
  region size 1024K, 40 young (40960K), 4 survivors (4096K)
 Metaspace       used 83099K, capacity 85168K, committed 85284K, reserved 1124352K
  class space    used 10702K, capacity 11467K, committed 11520K, reserved 1048576K
}
Event: 32.060 GC heap after
{Heap after GC invocations=37 (full 0):
 garbage-first heap   total 138240K, used 82234K [0x0000000080000000, 0x0000000100000000)
  region size 1024K, 6 young (6144K), 6 survivors (6144K)
 Metaspace       used 83099K, capacity 85168K, committed 85284K, reserved 1124352K
  class space    used 10702K, capacity 11467K, committed 11520K, reserved 1048576K
}
Event: 33.457 GC heap before
{Heap before GC invocations=38 (full 0):
 garbage-first heap   total 138240K, used 122170K [0x0000000080000000, 0x0000000100000000)
  region size 1024K, 31 young (31744K), 6 survivors (6144K)
 Metaspace       used 84925K, capacity 87118K, committed 87332K, reserved 1124352K
  class space    used 10902K, capacity 11693K, committed 11776K, reserved 1048576K
}
Event: 33.472 GC heap after
{Heap after GC invocations=39 (full 0):
 garbage-first heap   total 138240K, used 84210K [0x0000000080000000, 0x0000000100000000)
  region size 1024K, 2 young (2048K), 2 survivors (2048K)
 Metaspace       used 84925K, capacity 87118K, committed 87332K, reserved 1124352K
  class space    used 10902K, capacity 11693K, committed 11776K, reserved 1048576K
}
Event: 34.238 GC heap before
{Heap before GC invocations=39 (full 0):
 garbage-first heap   total 138240K, used 108786K [0x0000000080000000, 0x0000000100000000)
  region size 1024K, 27 young (27648K), 2 survivors (2048K)
 Metaspace       used 85516K, capacity 87648K, committed 87844K, reserved 1126400K
  class space    used 10951K, capacity 11734K, committed 11776K, reserved 1048576K
}
Event: 34.249 GC heap after
{Heap after GC invocations=40 (full 0):
 garbage-first heap   total 167936K, used 85084K [0x0000000080000000, 0x0000000100000000)
  region size 1024K, 3 young (3072K), 3 survivors (3072K)
 Metaspace       used 85516K, capacity 87648K, committed 87844K, reserved 1126400K
  class space    used 10951K, capacity 11734K, committed 11776K, reserved 1048576K
}
Event: 36.140 GC heap before
{Heap before GC invocations=41 (full 0):
 garbage-first heap   total 167936K, used 122972K [0x0000000080000000, 0x0000000100000000)
  region size 1024K, 41 young (41984K), 3 survivors (3072K)
 Metaspace       used 86909K, capacity 89062K, committed 89252K, reserved 1126400K
  class space    used 11095K, capacity 11877K, committed 11904K, reserved 1048576K
}
Event: 36.154 GC heap after
{Heap after GC invocations=42 (full 0):
 garbage-first heap   total 167936K, used 86640K [0x0000000080000000, 0x0000000100000000)
  region size 1024K, 5 young (5120K), 5 survivors (5120K)
 Metaspace       used 86909K, capacity 89062K, committed 89252K, reserved 1126400K
  class space    used 11095K, capacity 11877K, committed 11904K, reserved 1048576K
}
Event: 36.273 GC heap before
{Heap before GC invocations=42 (full 0):
 garbage-first heap   total 167936K, used 89712K [0x0000000080000000, 0x0000000100000000)
  region size 1024K, 8 young (8192K), 5 survivors (5120K)
 Metaspace       used 87037K, capacity 89222K, committed 89380K, reserved 1126400K
  class space    used 11111K, capacity 11909K, committed 12032K, reserved 1048576K
}
Event: 36.281 GC heap after
{Heap after GC invocations=43 (full 0):
 garbage-first heap   total 167936K, used 83120K [0x0000000080000000, 0x0000000100000000)
  region size 1024K, 1 young (1024K), 1 survivors (1024K)
 Metaspace       used 87037K, capacity 89222K, committed 89380K, reserved 1126400K
  class space    used 11111K, capacity 11909K, committed 12032K, reserved 1048576K
}
Event: 36.901 GC heap before
{Heap before GC invocations=43 (full 0):
 garbage-first heap   total 167936K, used 124080K [0x0000000080000000, 0x0000000100000000)
  region size 1024K, 42 young (43008K), 1 survivors (1024K)
 Metaspace       used 88553K, capacity 90717K, committed 90788K, reserved 1128448K
  class space    used 11312K, capacity 12106K, committed 12160K, reserved 1048576K
}
Event: 36.907 GC heap after
{Heap after GC invocations=44 (full 0):
 garbage-first heap   total 167936K, used 84190K [0x0000000080000000, 0x0000000100000000)
  region size 1024K, 2 young (2048K), 2 survivors (2048K)
 Metaspace       used 88553K, capacity 90717K, committed 90788K, reserved 1128448K
  class space    used 11312K, capacity 12106K, committed 12160K, reserved 1048576K
}
Event: 37.973 GC heap before
{Heap before GC invocations=45 (full 0):
 garbage-first heap   total 167936K, used 123102K [0x0000000080000000, 0x0000000100000000)
  region size 1024K, 45 young (46080K), 2 survivors (2048K)
 Metaspace       used 90085K, capacity 92204K, committed 92452K, reserved 1130496K
  class space    used 11508K, capacity 12280K, committed 12288K, reserved 1048576K
}
Event: 37.984 GC heap after
{Heap after GC invocations=46 (full 0):
 garbage-first heap   total 167936K, used 84920K [0x0000000080000000, 0x0000000100000000)
  region size 1024K, 6 young (6144K), 6 survivors (6144K)
 Metaspace       used 90085K, capacity 92204K, committed 92452K, reserved 1130496K
  class space    used 11508K, capacity 12280K, committed 12288K, reserved 1048576K
}
Event: 38.082 GC heap before
{Heap before GC invocations=46 (full 0):
 garbage-first heap   total 167936K, used 85944K [0x0000000080000000, 0x0000000100000000)
  region size 1024K, 8 young (8192K), 6 survivors (6144K)
 Metaspace       used 90112K, capacity 92274K, committed 92452K, reserved 1130496K
  class space    used 11512K, capacity 12282K, committed 12288K, reserved 1048576K
}
Event: 38.090 GC heap after
{Heap after GC invocations=47 (full 0):
 garbage-first heap   total 167936K, used 84747K [0x0000000080000000, 0x0000000100000000)
  region size 1024K, 1 young (1024K), 1 survivors (1024K)
 Metaspace       used 90112K, capacity 92274K, committed 92452K, reserved 1130496K
  class space    used 11512K, capacity 12282K, committed 12288K, reserved 1048576K
}
Event: 39.216 GC heap before
{Heap before GC invocations=47 (full 0):
 garbage-first heap   total 167936K, used 126731K [0x0000000080000000, 0x0000000100000000)
  region size 1024K, 43 young (44032K), 1 survivors (1024K)
 Metaspace       used 92993K, capacity 95248K, committed 95396K, reserved 1132544K
  class space    used 11879K, capacity 12661K, committed 12672K, reserved 1048576K
}
Event: 39.228 GC heap after
{Heap after GC invocations=48 (full 0):
 garbage-first heap   total 167936K, used 93768K [0x0000000080000000, 0x0000000100000000)
  region size 1024K, 6 young (6144K), 6 survivors (6144K)
 Metaspace       used 92993K, capacity 95248K, committed 95396K, reserved 1132544K
  class space    used 11879K, capacity 12661K, committed 12672K, reserved 1048576K
}

Deoptimization events (20 events):
Event: 36.934 Thread 0x000002016e209800 DEOPT PACKING pc=0x00000201573dea76 sp=0x0000008906cfa9b0
Event: 36.934 Thread 0x000002016e209800 DEOPT UNPACKING pc=0x000002015589764e sp=0x0000008906cf9ed0 mode 0
Event: 37.228 Thread 0x000002016e209800 Uncommon trap: trap_request=0xffffff4d fr.pc=0x000002015d360f10 relative=0x0000000000000730
Event: 37.228 Thread 0x000002016e209800 Uncommon trap: reason=unstable_if action=reinterpret pc=0x000002015d360f10 method=java.util.zip.ZipFile$Source.getEntryPos([BZ)I @ 105 c2
Event: 37.228 Thread 0x000002016e209800 DEOPT PACKING pc=0x000002015d360f10 sp=0x0000008906cf7f30
Event: 37.228 Thread 0x000002016e209800 DEOPT UNPACKING pc=0x000002015589782f sp=0x0000008906cf7ed0 mode 2
Event: 38.116 Thread 0x000002016e206800 Uncommon trap: trap_request=0xffffff4d fr.pc=0x000002015d7addc4 relative=0x00000000000002e4
Event: 38.116 Thread 0x000002016e206800 Uncommon trap: reason=unstable_if action=reinterpret pc=0x000002015d7addc4 method=com.google.common.collect.MapMakerInternalMap$Segment.getEntry(Ljava/lang/Object;I)Lcom/google/common/collect/MapMakerInternalMap$InternalEntry; @ 63 c2
Event: 38.116 Thread 0x000002016e206800 DEOPT PACKING pc=0x000002015d7addc4 sp=0x0000008906af2b90
Event: 38.116 Thread 0x000002016e206800 DEOPT UNPACKING pc=0x000002015589782f sp=0x0000008906af2b48 mode 2
Event: 38.120 Thread 0x000002016e209800 DEOPT PACKING pc=0x000002015741cb36 sp=0x0000008906cfac30
Event: 38.120 Thread 0x000002016e209800 DEOPT UNPACKING pc=0x000002015589764e sp=0x0000008906cfa110 mode 0
Event: 38.322 Thread 0x000002016e206800 DEOPT PACKING pc=0x00000201573dea55 sp=0x0000008906afa460
Event: 38.322 Thread 0x000002016e206800 DEOPT UNPACKING pc=0x000002015589764e sp=0x0000008906af9980 mode 0
Event: 38.556 Thread 0x000002016e1fc800 Uncommon trap: trap_request=0xffffff4d fr.pc=0x000002015d87d080 relative=0x00000000000006c0
Event: 38.556 Thread 0x000002016e1fc800 Uncommon trap: reason=unstable_if action=reinterpret pc=0x000002015d87d080 method=org.gradle.internal.file.DefaultFileHierarchySet$Node.isChildOfOrThis(Ljava/lang/String;I)Z @ 7 c2
Event: 38.556 Thread 0x000002016e1fc800 DEOPT PACKING pc=0x000002015d87d080 sp=0x0000008905ffeb00
Event: 38.556 Thread 0x000002016e1fc800 DEOPT UNPACKING pc=0x000002015589782f sp=0x0000008905ffea70 mode 2
Event: 39.153 Thread 0x000002016e209000 DEOPT PACKING pc=0x00000201573dea55 sp=0x0000008906bf9f30
Event: 39.153 Thread 0x000002016e209000 DEOPT UNPACKING pc=0x000002015589764e sp=0x0000008906bf9450 mode 0

Classes redefined (0 events):
No events

Internal exceptions (20 events):
Event: 35.266 Thread 0x00000201720dc800 Exception <a 'java/lang/NoSuchMethodError'{0x0000000089e9a188}: <clinit>> (0x0000000089e9a188) thrown at [./src/hotspot/share/prims/jni.cpp, line 1362]
Event: 35.266 Thread 0x00000201720dc800 Exception <a 'java/lang/NoSuchMethodError'{0x0000000089e9b4a8}: <clinit>> (0x0000000089e9b4a8) thrown at [./src/hotspot/share/prims/jni.cpp, line 1362]
Event: 35.266 Thread 0x00000201720dc800 Exception <a 'java/lang/NoSuchMethodError'{0x0000000089e9dc08}: <clinit>> (0x0000000089e9dc08) thrown at [./src/hotspot/share/prims/jni.cpp, line 1362]
Event: 35.276 Thread 0x00000201720dc800 Exception <a 'java/lang/NoSuchMethodError'{0x0000000089eb7d50}: <clinit>> (0x0000000089eb7d50) thrown at [./src/hotspot/share/prims/jni.cpp, line 1362]
Event: 35.279 Thread 0x00000201720dc800 Exception <a 'java/lang/NoSuchMethodError'{0x0000000089eb9230}: <clinit>> (0x0000000089eb9230) thrown at [./src/hotspot/share/prims/jni.cpp, line 1362]
Event: 35.407 Thread 0x00000201720dc800 Exception <a 'java/lang/NoSuchMethodError'{0x0000000089c6fcf8}: <clinit>> (0x0000000089c6fcf8) thrown at [./src/hotspot/share/prims/jni.cpp, line 1362]
Event: 35.432 Thread 0x00000201720dc800 Exception <a 'java/lang/NoSuchMethodError'{0x0000000089ca2410}: <clinit>> (0x0000000089ca2410) thrown at [./src/hotspot/share/prims/jni.cpp, line 1362]
Event: 35.437 Thread 0x00000201720dc800 Exception <a 'java/lang/NoSuchMethodError'{0x0000000089cb4f68}: <clinit>> (0x0000000089cb4f68) thrown at [./src/hotspot/share/prims/jni.cpp, line 1362]
Event: 36.025 Thread 0x000002016d7f1000 Exception <a 'java/lang/NoSuchMethodError'{0x0000000087e14280}: 'int java.lang.invoke.DirectMethodHandle$Holder.invokeSpecial(java.lang.Object, java.lang.Object, java.lang.Object, java.lang.Object, java.lang.Object)'> (0x0000000087e14280) thrown at [./src/hotspot/share/interpreter/linkResolver.cpp, line 773]
Event: 38.103 Thread 0x000002016e206800 Exception <a 'sun/nio/fs/WindowsException'{0x0000000089f2c790}> (0x0000000089f2c790) thrown at [./src/hotspot/share/prims/jni.cpp, line 615]
Event: 38.132 Thread 0x000002016e209000 Exception <a 'sun/nio/fs/WindowsException'{0x00000000896479d0}> (0x00000000896479d0) thrown at [./src/hotspot/share/prims/jni.cpp, line 615]
Event: 38.522 Thread 0x000002016e209800 Exception <a 'sun/nio/fs/WindowsException'{0x0000000088398ae0}> (0x0000000088398ae0) thrown at [./src/hotspot/share/prims/jni.cpp, line 615]
Event: 38.768 Thread 0x000002016e209000 Exception <a 'java/lang/NoSuchMethodError'{0x0000000087d0ccd8}: 'java.lang.Object java.lang.invoke.DirectMethodHandle$Holder.invokeStatic(java.lang.Object, java.lang.Object, java.lang.Object, java.lang.Object, java.lang.Object, java.lang.Object, java.lang.Object, java.lang.Object, java.lang.Object, java.lang.Object, java.lang.Object, java.lang.Object, java.lang.Object, java.lang.Object, java.lang.Object, java.lang.Object, java.lang.Object, java.lang.Object, int, java.lang.Object)'> (0x0000000087d0ccd8) thr
Event: 38.769 Thread 0x000002016e209000 Exception <a 'java/lang/NoSuchMethodError'{0x0000000087d12d60}: 'java.lang.Object java.lang.invoke.DirectMethodHandle$Holder.invokeStaticInit(java.lang.Object, java.lang.Object, java.lang.Object, java.lang.Object, java.lang.Object, java.lang.Object, java.lang.Object, java.lang.Object, java.lang.Object, java.lang.Object, java.lang.Object, java.lang.Object, java.lang.Object, java.lang.Object, java.lang.Object, java.lang.Object, java.lang.Object, java.lang.Object, int, java.lang.Object)'> (0x0000000087d12d60)
Event: 38.913 Thread 0x000002016e206800 Exception <a 'java/lang/IncompatibleClassChangeError'{0x0000000087e26e38}: Found class java.lang.Object, but interface was expected> (0x0000000087e26e38) thrown at [./src/hotspot/share/interpreter/linkResolver.cpp, line 839]
Event: 38.913 Thread 0x000002016e209800 Exception <a 'java/lang/IncompatibleClassChangeError'{0x0000000087dd8a50}: Found class java.lang.Object, but interface was expected> (0x0000000087dd8a50) thrown at [./src/hotspot/share/interpreter/linkResolver.cpp, line 839]
Event: 38.913 Thread 0x000002016e209000 Exception <a 'java/lang/IncompatibleClassChangeError'{0x0000000087c1a4b0}: Found class java.lang.Object, but interface was expected> (0x0000000087c1a4b0) thrown at [./src/hotspot/share/interpreter/linkResolver.cpp, line 839]
Event: 39.099 Thread 0x000002016e209000 Exception <a 'java/lang/NoSuchMethodError'{0x0000000087b8a290}: 'long java.lang.invoke.DirectMethodHandle$Holder.invokeStatic(java.lang.Object, long, java.lang.Object)'> (0x0000000087b8a290) thrown at [./src/hotspot/share/interpreter/linkResolver.cpp, line 773]
Event: 39.099 Thread 0x000002016e206800 Exception <a 'java/lang/NoSuchMethodError'{0x0000000087a72d08}: 'java.lang.Object java.lang.invoke.DirectMethodHandle$Holder.invokeStatic(java.lang.Object, long)'> (0x0000000087a72d08) thrown at [./src/hotspot/share/interpreter/linkResolver.cpp, line 773]
Event: 39.107 Thread 0x000002016e209000 Exception <a 'java/lang/NoSuchMethodError'{0x0000000087b8f990}: 'java.lang.Object java.lang.invoke.DirectMethodHandle$Holder.invokeStatic(java.lang.Object, long)'> (0x0000000087b8f990) thrown at [./src/hotspot/share/interpreter/linkResolver.cpp, line 773]

Events (20 events):
Event: 39.136 loading class com/android/tools/r8/internal/hr
Event: 39.136 loading class com/android/tools/r8/internal/hr done
Event: 39.137 loading class com/android/tools/r8/internal/pr
Event: 39.137 loading class com/android/tools/r8/internal/pr done
Event: 39.138 loading class com/android/tools/r8/internal/fr
Event: 39.138 loading class com/android/tools/r8/internal/fr done
Event: 39.142 loading class com/android/tools/r8/internal/I8
Event: 39.142 loading class com/android/tools/r8/internal/I8 done
Event: 39.191 loading class com/android/tools/r8/internal/B8
Event: 39.191 loading class com/android/tools/r8/internal/B8 done
Event: 39.205 loading class com/android/tools/r8/internal/CC
Event: 39.205 loading class com/android/tools/r8/internal/CC done
Event: 39.207 loading class com/android/tools/r8/graph/j0$h
Event: 39.207 loading class com/android/tools/r8/graph/j0$h done
Event: 39.212 loading class com/android/tools/r8/internal/mu
Event: 39.212 loading class com/android/tools/r8/internal/mu done
Event: 39.213 loading class com/android/tools/r8/internal/ku
Event: 39.213 loading class com/android/tools/r8/internal/ku done
Event: 39.214 Executing VM operation: G1CollectForAllocation
Event: 39.228 Executing VM operation: G1CollectForAllocation done


Dynamic libraries:
0x00007ff6fec20000 - 0x00007ff6fec2a000 	C:\Program Files\Android\Android Studio\jre\bin\java.exe
0x00007ffc38620000 - 0x00007ffc38810000 	C:\Windows\SYSTEM32\ntdll.dll
0x00007ffc37e20000 - 0x00007ffc37ed2000 	C:\Windows\System32\KERNEL32.DLL
0x00007ffc356c0000 - 0x00007ffc35965000 	C:\Windows\System32\KERNELBASE.dll
0x00007ffc355c0000 - 0x00007ffc356ba000 	C:\Windows\System32\ucrtbase.dll
0x00007ffc2c320000 - 0x00007ffc2c337000 	C:\Program Files\Android\Android Studio\jre\bin\VCRUNTIME140.dll
0x00007ffc2c300000 - 0x00007ffc2c319000 	C:\Program Files\Android\Android Studio\jre\bin\jli.dll
0x00007ffc37330000 - 0x00007ffc374c4000 	C:\Windows\System32\USER32.dll
0x00007ffc36600000 - 0x00007ffc36621000 	C:\Windows\System32\win32u.dll
0x00007ffc36aa0000 - 0x00007ffc36ac6000 	C:\Windows\System32\GDI32.dll
0x00007ffc35b30000 - 0x00007ffc35cc8000 	C:\Windows\System32\gdi32full.dll
0x00007ffc36630000 - 0x00007ffc366ce000 	C:\Windows\System32\msvcp_win.dll
0x00007ffc2f150000 - 0x00007ffc2f3d4000 	C:\Windows\WinSxS\amd64_microsoft.windows.common-controls_6595b64144ccf1df_6.0.18362.1556_none_9e7e372fe45e41d5\COMCTL32.dll
0x00007ffc36a00000 - 0x00007ffc36a9e000 	C:\Windows\System32\msvcrt.dll
0x00007ffc36f10000 - 0x00007ffc37246000 	C:\Windows\System32\combase.dll
0x00007ffc374d0000 - 0x00007ffc375ef000 	C:\Windows\System32\RPCRT4.dll
0x00007ffc35aa0000 - 0x00007ffc35b21000 	C:\Windows\System32\bcryptPrimitives.dll
0x00007ffc38510000 - 0x00007ffc3853e000 	C:\Windows\System32\IMM32.DLL
0x00007ffc19900000 - 0x00007ffc1999d000 	C:\Program Files\Android\Android Studio\jre\bin\msvcp140.dll
0x00007ffbfede0000 - 0x00007ffbff8af000 	C:\Program Files\Android\Android Studio\jre\bin\server\jvm.dll
0x00007ffc36ad0000 - 0x00007ffc36b73000 	C:\Windows\System32\ADVAPI32.dll
0x00007ffc38540000 - 0x00007ffc385d7000 	C:\Windows\System32\sechost.dll
0x00007ffc37250000 - 0x00007ffc37258000 	C:\Windows\System32\PSAPI.DLL
0x00007ffc1bb00000 - 0x00007ffc1bb09000 	C:\Windows\SYSTEM32\WSOCK32.dll
0x00007ffc36e20000 - 0x00007ffc36e8f000 	C:\Windows\System32\WS2_32.dll
0x00007ffc32160000 - 0x00007ffc32184000 	C:\Windows\SYSTEM32\WINMM.dll
0x00007ffc25660000 - 0x00007ffc2566a000 	C:\Windows\SYSTEM32\VERSION.dll
0x00007ffc32130000 - 0x00007ffc3215d000 	C:\Windows\SYSTEM32\WINMMBASE.dll
0x00007ffc365b0000 - 0x00007ffc365fa000 	C:\Windows\System32\cfgmgr32.dll
0x00007ffc354e0000 - 0x00007ffc354f1000 	C:\Windows\System32\kernel.appcore.dll
0x00007ffc2afb0000 - 0x00007ffc2afc1000 	C:\Program Files\Android\Android Studio\jre\bin\verify.dll
0x00007ffc23900000 - 0x00007ffc23af4000 	C:\Windows\SYSTEM32\DBGHELP.DLL
0x00007ffc237b0000 - 0x00007ffc237da000 	C:\Windows\SYSTEM32\dbgcore.DLL
0x00007ffc285c0000 - 0x00007ffc285e9000 	C:\Program Files\Android\Android Studio\jre\bin\java.dll
0x00007ffc2c930000 - 0x00007ffc2c93b000 	C:\Program Files\Android\Android Studio\jre\bin\jimage.dll
0x00007ffc28800000 - 0x00007ffc28818000 	C:\Program Files\Android\Android Studio\jre\bin\zip.dll
0x00007ffc37720000 - 0x00007ffc37e07000 	C:\Windows\System32\SHELL32.dll
0x00007ffc368a0000 - 0x00007ffc36948000 	C:\Windows\System32\shcore.dll
0x00007ffc35cd0000 - 0x00007ffc3644b000 	C:\Windows\System32\windows.storage.dll
0x00007ffc35550000 - 0x00007ffc3556e000 	C:\Windows\System32\profapi.dll
0x00007ffc35500000 - 0x00007ffc3554a000 	C:\Windows\System32\powrprof.dll
0x00007ffc354d0000 - 0x00007ffc354e0000 	C:\Windows\System32\UMPDC.dll
0x00007ffc36830000 - 0x00007ffc36882000 	C:\Windows\System32\shlwapi.dll
0x00007ffc359d0000 - 0x00007ffc359e7000 	C:\Windows\System32\cryptsp.dll
0x00007ffc28290000 - 0x00007ffc282aa000 	C:\Program Files\Android\Android Studio\jre\bin\net.dll
0x00007ffc29510000 - 0x00007ffc2960a000 	C:\Windows\SYSTEM32\WINHTTP.dll
0x00007ffc34cb0000 - 0x00007ffc34d17000 	C:\Windows\system32\mswsock.dll
0x00007ffc28270000 - 0x00007ffc28284000 	C:\Program Files\Android\Android Studio\jre\bin\nio.dll
0x00007ffc2c3c0000 - 0x00007ffc2c3e7000 	C:\Users\Admin\.gradle\native\8bec1ad78214c89d9ad589b4d07fe93259594b29d510b10fafb7a158f7737e5d\windows-amd64\native-platform.dll
0x00007ffc28380000 - 0x00007ffc284bd000 	C:\Users\Admin\.gradle\native\53dbd7edfb1c66fb8903c78663c9afc45aea4f116125fa6feffd364cf09443e8\windows-amd64\native-platform-file-events.dll
0x00007ffc29890000 - 0x00007ffc2989a000 	C:\Program Files\Android\Android Studio\jre\bin\management.dll
0x00007ffc28d20000 - 0x00007ffc28d2c000 	C:\Program Files\Android\Android Studio\jre\bin\management_ext.dll
0x00007ffc34830000 - 0x00007ffc34863000 	C:\Windows\system32\rsaenh.dll
0x00007ffc35590000 - 0x00007ffc355b6000 	C:\Windows\System32\bcrypt.dll
0x00007ffc353c0000 - 0x00007ffc353e5000 	C:\Windows\SYSTEM32\USERENV.dll
0x00007ffc34e80000 - 0x00007ffc34e8c000 	C:\Windows\SYSTEM32\CRYPTBASE.dll
0x00007ffc349c0000 - 0x00007ffc349fa000 	C:\Windows\SYSTEM32\IPHLPAPI.DLL
0x00007ffc36890000 - 0x00007ffc36898000 	C:\Windows\System32\NSI.dll
0x00007ffc2da90000 - 0x00007ffc2daa6000 	C:\Windows\SYSTEM32\dhcpcsvc6.DLL
0x00007ffc2dad0000 - 0x00007ffc2daec000 	C:\Windows\SYSTEM32\dhcpcsvc.DLL
0x00007ffc34a00000 - 0x00007ffc34acb000 	C:\Windows\SYSTEM32\DNSAPI.dll

dbghelp: loaded successfully - version: 4.0.5 - missing functions: none
symbol engine: initialized successfully - sym options: 0x614 - pdb path: .;C:\Program Files\Android\Android Studio\jre\bin;C:\Windows\SYSTEM32;C:\Windows\WinSxS\amd64_microsoft.windows.common-controls_6595b64144ccf1df_6.0.18362.1556_none_9e7e372fe45e41d5;C:\Program Files\Android\Android Studio\jre\bin\server;C:\Users\Admin\.gradle\native\8bec1ad78214c89d9ad589b4d07fe93259594b29d510b10fafb7a158f7737e5d\windows-amd64;C:\Users\Admin\.gradle\native\53dbd7edfb1c66fb8903c78663c9afc45aea4f116125fa6feffd364cf09443e8\windows-amd64

VM Arguments:
jvm_args: --add-opens=java.base/java.util=ALL-UNNAMED --add-opens=java.base/java.lang=ALL-UNNAMED --add-opens=java.base/java.lang.invoke=ALL-UNNAMED --add-opens=java.base/java.util=ALL-UNNAMED --add-opens=java.prefs/java.util.prefs=ALL-UNNAMED --add-opens=java.prefs/java.util.prefs=ALL-UNNAMED --add-opens=java.base/java.nio.charset=ALL-UNNAMED --add-opens=java.base/java.net=ALL-UNNAMED --add-opens=java.base/java.util.concurrent.atomic=ALL-UNNAMED -Xmx2048m -Dfile.encoding=UTF-8 -Duser.country=US -Duser.language=en -Duser.variant 
java_command: org.gradle.launcher.daemon.bootstrap.GradleDaemon 7.0.2
java_class_path (initial): C:\Users\Admin\.gradle\wrapper\dists\gradle-7.0.2-bin\857tjihv64xamwrf0h14cai3r\gradle-7.0.2\lib\gradle-launcher-7.0.2.jar
Launcher Type: SUN_STANDARD

[Global flags]
     intx CICompilerCount                          = 3                                         {product} {ergonomic}
     uint ConcGCThreads                            = 1                                         {product} {ergonomic}
     uint G1ConcRefinementThreads                  = 4                                         {product} {ergonomic}
   size_t G1HeapRegionSize                         = 1048576                                   {product} {ergonomic}
    uintx GCDrainStackTargetSize                   = 64                                        {product} {ergonomic}
   size_t InitialHeapSize                          = 67108864                                  {product} {ergonomic}
   size_t MarkStackSize                            = 4194304                                   {product} {ergonomic}
   size_t MaxHeapSize                              = 2147483648                                {product} {command line}
   size_t MaxNewSize                               = 1287651328                                {product} {ergonomic}
   size_t MinHeapDeltaBytes                        = 1048576                                   {product} {ergonomic}
    uintx NonNMethodCodeHeapSize                   = 5830732                                {pd product} {ergonomic}
    uintx NonProfiledCodeHeapSize                  = 122913754                              {pd product} {ergonomic}
    uintx ProfiledCodeHeapSize                     = 122913754                              {pd product} {ergonomic}
    uintx ReservedCodeCacheSize                    = 251658240                              {pd product} {ergonomic}
     bool SegmentedCodeCache                       = true                                      {product} {ergonomic}
     bool UseCompressedClassPointers               = true                                 {lp64_product} {ergonomic}
     bool UseCompressedOops                        = true                                 {lp64_product} {ergonomic}
     bool UseG1GC                                  = true                                      {product} {ergonomic}
     bool UseLargePagesIndividualAllocation        = false                                  {pd product} {ergonomic}

Logging:
Log output configuration:
 #0: stdout all=warning uptime,level,tags
 #1: stderr all=off uptime,level,tags

Environment Variables:
PATH=C:\Windows\system32;C:\Windows;C:\Windows\System32\Wbem;C:\Windows\System32\WindowsPowerShell\v1.0\;C:\Windows\System32\OpenSSH\;C:\Program Files (x86)\ATI Technologies\ATI.ACE\Core-Static;C:\Program Files\Git\cmd;C:\Users\Admin\AppData\Local\Microsoft\WindowsApps;;C:\Users\Admin\AppData\Local\Programs\Microsoft VS Code\bin
USERNAME=Admin
OS=Windows_NT
PROCESSOR_IDENTIFIER=Intel64 Family 6 Model 58 Stepping 9, GenuineIntel



---------------  S Y S T E M  ---------------

OS: Windows 10 , 64 bit Build 18362 (10.0.18362.1500)
OS uptime: 1 days 2:12 hours

CPU:total 4 (initial active 4) (2 cores per cpu, 2 threads per core) family 6 model 58 stepping 9 microcode 0x21, cmov, cx8, fxsr, mmx, sse, sse2, sse3, ssse3, sse4.1, sse4.2, popcnt, avx, aes, clmul, erms, ht, tsc, tscinvbit, tscinv

Memory: 4k page, system-wide physical 3968M (292M free)
TotalPageFile size 7968M (AvailPageFile size 3M)
current process WorkingSet (physical memory assigned to process): 431M, peak: 431M
current process commit charge ("private bytes"): 474M, peak: 475M

vm_info: OpenJDK 64-Bit Server VM (11.0.10+0-b96-7249189) for windows-amd64 JRE (11.0.10+0-b96-7249189), built on Mar 31 2021 21:44:00 by "builder" with MS VC++ 14.0 (VS2015)

END.
