#
# There is insufficient memory for the Java Runtime Environment to continue.
# Native memory allocation (mmap) failed to map 40894464 bytes for Failed to commit area from 0x000000008c300000 to 0x000000008ea00000 of length 40894464.
# Possible reasons:
#   The system is out of physical RAM or swap space
#   The process is running with CompressedOops enabled, and the Java Heap may be blocking the growth of the native heap
# Possible solutions:
#   Reduce memory load on the system
#   Increase physical memory or swap space
#   Check if swap backing store is full
#   Decrease Java heap size (-Xmx/-Xms)
#   Decrease number of Java threads
#   Decrease Java thread stack sizes (-Xss)
#   Set larger code cache with -XX:ReservedCodeCacheSize=
#   JVM is running with Unscaled Compressed Oops mode in which the Java heap is
#     placed in the first 4GB address space. The Java Heap base address is the
#     maximum limit for the native heap growth. Please use -XX:HeapBaseMinAddress
#     to set the Java Heap base and to place the Java Heap above 4GB virtual address.
# This output file may be truncated or incomplete.
#
#  Out of Memory Error (./src/hotspot/os/windows/os_windows.cpp:3301), pid=2740, tid=6504
#
# JRE version: OpenJDK Runtime Environment (11.0.10) (build 11.0.10+0-b96-7249189)
# Java VM: OpenJDK 64-Bit Server VM (11.0.10+0-b96-7249189, mixed mode, tiered, compressed oops, g1 gc, windows-amd64)
# No core dump will be written. Minidumps are not enabled by default on client versions of Windows
#

---------------  S U M M A R Y ------------

Command Line: --add-opens=java.base/java.util=ALL-UNNAMED --add-opens=java.base/java.lang=ALL-UNNAMED --add-opens=java.base/java.lang.invoke=ALL-UNNAMED --add-opens=java.base/java.util=ALL-UNNAMED --add-opens=java.prefs/java.util.prefs=ALL-UNNAMED --add-opens=java.prefs/java.util.prefs=ALL-UNNAMED --add-opens=java.base/java.nio.charset=ALL-UNNAMED --add-opens=java.base/java.net=ALL-UNNAMED --add-opens=java.base/java.util.concurrent.atomic=ALL-UNNAMED -Xmx2048m -Dfile.encoding=UTF-8 -Duser.country=US -Duser.language=en -Duser.variant org.gradle.launcher.daemon.bootstrap.GradleDaemon 7.0.2

Host: Intel(R) Core(TM) i5-3210M CPU @ 2.50GHz, 4 cores, 3G,  Windows 10 , 64 bit Build 18362 (10.0.18362.1500)
Time: Wed Oct  6 00:20:42 2021 SE Asia Standard Time elapsed time: 61.693680 seconds (0d 0h 1m 1s)

---------------  T H R E A D  ---------------

Current thread (0x000001dffa82f800):  VMThread "VM Thread" [stack: 0x000000bf05900000,0x000000bf05a00000] [id=6504]

Stack: [0x000000bf05900000,0x000000bf05a00000]
[error occurred during error reporting (printing stack bounds), id 0xc0000005, EXCEPTION_ACCESS_VIOLATION (0xc0000005) at pc=0x000001dfe3ff0f2d]

Native frames: (J=compiled Java code, j=interpreted, Vv=VM code, C=native code)
V  [jvm.dll+0x5ecfaa]
V  [jvm.dll+0x722bd5]
V  [jvm.dll+0x72412d]
V  [jvm.dll+0x724745]
V  [jvm.dll+0x7246fb]
V  [jvm.dll+0x5ec348]
V  [jvm.dll+0x5ecad8]
C  [ntdll.dll+0xa1fff]
C  [ntdll.dll+0x6aad9]
C  [ntdll.dll+0xa0c6e]
C  0x000001dfe3ff0f2d

VM_Operation (0x000000bf083f8ac0): G1CollectForAllocation, mode: safepoint, requested by thread 0x000001dffe805000


---------------  P R O C E S S  ---------------

Threads class SMR info:
_java_thread_list=0x000001dffb718aa0, length=57, elements={
0x000001dfded3e800, 0x000001dffa834000, 0x000001dffa83f800, 0x000001dffb1e2800,
0x000001dfdee0e000, 0x000001dffa850000, 0x000001dffa853000, 0x000001dffa854000,
0x000001dffa855800, 0x000001dffb2f6800, 0x000001dffd1c8800, 0x000001dffdd15000,
0x000001dffdc5e000, 0x000001dffc2c6800, 0x000001dffc2c7800, 0x000001dffc553800,
0x000001dffd7ce000, 0x000001dffbf9f800, 0x000001dffd39f000, 0x000001dffd1c9000,
0x000001dffd1cc800, 0x000001dffd1ca800, 0x000001dffd1cf800, 0x000001dffd1cb800,
0x000001dffd1ca000, 0x000001dffd1ce000, 0x000001dffd1cd000, 0x000001dffd1cf000,
0x000001dffe7fd000, 0x000001dffe7fa800, 0x000001dffe7f8800, 0x000001dffe7fc000,
0x000001dffe7f9800, 0x000001dffe7f8000, 0x000001dffe802800, 0x000001dffe801000,
0x000001dffe7fe800, 0x000001dffe803800, 0x000001dffe805000, 0x000001dffe801800,
0x000001dffe7ff800, 0x000001dffe804000, 0x000001dffe800000, 0x000001dffe806800,
0x000001dffc742000, 0x000001dffc745800, 0x000001dffc748000, 0x000001dffc748800,
0x000001dffc746800, 0x000001dffc744000, 0x000001dffc747000, 0x000001dffc743000,
0x000001dffc749800, 0x000001dffc744800, 0x000001dffc74d800, 0x000001dffc74e800,
0x000001dffc74f800
}

Java Threads: ( => current thread )
  0x000001dfded3e800 JavaThread "main" [_thread_blocked, id=9876, stack(0x000000bf05300000,0x000000bf05400000)]
  0x000001dffa834000 JavaThread "Reference Handler" daemon [_thread_blocked, id=9424, stack(0x000000bf05a00000,0x000000bf05b00000)]
  0x000001dffa83f800 JavaThread "Finalizer" daemon [_thread_blocked, id=7080, stack(0x000000bf05b00000,0x000000bf05c00000)]
  0x000001dffb1e2800 JavaThread "Signal Dispatcher" daemon [_thread_blocked, id=8496, stack(0x000000bf05c00000,0x000000bf05d00000)]
  0x000001dfdee0e000 JavaThread "Attach Listener" daemon [_thread_blocked, id=8824, stack(0x000000bf05d00000,0x000000bf05e00000)]
  0x000001dffa850000 JavaThread "Service Thread" daemon [_thread_blocked, id=4228, stack(0x000000bf05e00000,0x000000bf05f00000)]
  0x000001dffa853000 JavaThread "C2 CompilerThread0" daemon [_thread_blocked, id=6396, stack(0x000000bf05f00000,0x000000bf06000000)]
  0x000001dffa854000 JavaThread "C1 CompilerThread0" daemon [_thread_blocked, id=3712, stack(0x000000bf06000000,0x000000bf06100000)]
  0x000001dffa855800 JavaThread "Sweeper thread" daemon [_thread_blocked, id=8972, stack(0x000000bf06100000,0x000000bf06200000)]
  0x000001dffb2f6800 JavaThread "Common-Cleaner" daemon [_thread_blocked, id=1792, stack(0x000000bf06200000,0x000000bf06300000)]
  0x000001dffd1c8800 JavaThread "Daemon health stats" [_thread_blocked, id=2312, stack(0x000000bf06600000,0x000000bf06700000)]
  0x000001dffdd15000 JavaThread "Incoming local TCP Connector on port 53723" [_thread_in_native, id=1944, stack(0x000000bf06400000,0x000000bf06500000)]
  0x000001dffdc5e000 JavaThread "Daemon periodic checks" [_thread_blocked, id=1184, stack(0x000000bf06900000,0x000000bf06a00000)]
  0x000001dffc2c6800 JavaThread "Daemon" [_thread_blocked, id=9116, stack(0x000000bf06a00000,0x000000bf06b00000)]
  0x000001dffc2c7800 JavaThread "Handler for socket connection from /127.0.0.1:53723 to /127.0.0.1:53724" [_thread_in_native, id=5664, stack(0x000000bf06b00000,0x000000bf06c00000)]
  0x000001dffc553800 JavaThread "Cancel handler" [_thread_blocked, id=5076, stack(0x000000bf06c00000,0x000000bf06d00000)]
  0x000001dffd7ce000 JavaThread "Daemon worker" [_thread_blocked, id=8652, stack(0x000000bf06d00000,0x000000bf06e00000)]
  0x000001dffbf9f800 JavaThread "Asynchronous log dispatcher for DefaultDaemonConnection: socket connection from /127.0.0.1:53723 to /127.0.0.1:53724" [_thread_blocked, id=7880, stack(0x000000bf06e00000,0x000000bf06f00000)]
  0x000001dffd39f000 JavaThread "Stdin handler" [_thread_blocked, id=4076, stack(0x000000bf06f00000,0x000000bf07000000)]
  0x000001dffd1c9000 JavaThread "Daemon client event forwarder" [_thread_blocked, id=3972, stack(0x000000bf07000000,0x000000bf07100000)]
  0x000001dffd1cc800 JavaThread "Cache worker for file hash cache (C:\Users\Admin\.gradle\caches\7.0.2\fileHashes)" [_thread_blocked, id=756, stack(0x000000bf07100000,0x000000bf07200000)]
  0x000001dffd1ca800 JavaThread "File lock request listener" [_thread_in_native, id=2120, stack(0x000000bf07200000,0x000000bf07300000)]
  0x000001dffd1cf800 JavaThread "Cache worker for journal cache (C:\Users\Admin\.gradle\caches\journal-1)" [_thread_blocked, id=10112, stack(0x000000bf07300000,0x000000bf07400000)]
  0x000001dffd1cb800 JavaThread "Cache worker for file hash cache (D:\USTHMobile\androiddev2022\USTHMobile\.gradle\7.0.2\fileHashes)" [_thread_blocked, id=9064, stack(0x000000bf07400000,0x000000bf07500000)]
  0x000001dffd1ca000 JavaThread "File watcher server" daemon [_thread_blocked, id=8056, stack(0x000000bf07500000,0x000000bf07600000)]
  0x000001dffd1ce000 JavaThread "File watcher consumer" daemon [_thread_blocked, id=8808, stack(0x000000bf07600000,0x000000bf07700000)]
  0x000001dffd1cd000 JavaThread "Cache worker for checksums cache (D:\USTHMobile\androiddev2022\USTHMobile\.gradle\checksums)" [_thread_blocked, id=692, stack(0x000000bf07700000,0x000000bf07800000)]
  0x000001dffd1cf000 JavaThread "Cache worker for cache directory md-supplier (C:\Users\Admin\.gradle\caches\7.0.2\md-supplier)" [_thread_blocked, id=3808, stack(0x000000bf07800000,0x000000bf07900000)]
  0x000001dffe7fd000 JavaThread "Cache worker for cache directory md-rule (C:\Users\Admin\.gradle\caches\7.0.2\md-rule)" [_thread_blocked, id=3732, stack(0x000000bf07900000,0x000000bf07a00000)]
  0x000001dffe7fa800 JavaThread "Cache worker for execution history cache (C:\Users\Admin\.gradle\caches\7.0.2\executionHistory)" [_thread_blocked, id=2236, stack(0x000000bf07a00000,0x000000bf07b00000)]
  0x000001dffe7f8800 JavaThread "jar transforms" [_thread_blocked, id=9392, stack(0x000000bf07b00000,0x000000bf07c00000)]
  0x000001dffe7fc000 JavaThread "jar transforms Thread 2" [_thread_blocked, id=1072, stack(0x000000bf07c00000,0x000000bf07d00000)]
  0x000001dffe7f9800 JavaThread "Cache worker for file content cache (C:\Users\Admin\.gradle\caches\7.0.2\fileContent)" [_thread_blocked, id=10092, stack(0x000000bf07d00000,0x000000bf07e00000)]
  0x000001dffe7f8000 JavaThread "Cache worker for dependencies-accessors (D:\USTHMobile\androiddev2022\USTHMobile\.gradle\7.0.2\dependencies-accessors)" [_thread_blocked, id=5896, stack(0x000000bf07e00000,0x000000bf07f00000)]
  0x000001dffe802800 JavaThread "jar transforms Thread 3" [_thread_blocked, id=7104, stack(0x000000bf08000000,0x000000bf08100000)]
  0x000001dffe801000 JavaThread "Cache worker for Build Output Cleanup Cache (D:\USTHMobile\androiddev2022\USTHMobile\.gradle\buildOutputCleanup)" [_thread_blocked, id=632, stack(0x000000bf08100000,0x000000bf08200000)]
  0x000001dffe7fe800 JavaThread "Build operations" [_thread_blocked, id=7236, stack(0x000000bf07f00000,0x000000bf08000000)]
  0x000001dffe803800 JavaThread "Build operations Thread 2" [_thread_blocked, id=4616, stack(0x000000bf08200000,0x000000bf08300000)]
  0x000001dffe805000 JavaThread "Build operations Thread 3" [_thread_blocked, id=7120, stack(0x000000bf08300000,0x000000bf08400000)]
  0x000001dffe801800 JavaThread "Build operations Thread 4" [_thread_blocked, id=2748, stack(0x000000bf08400000,0x000000bf08500000)]
  0x000001dffe7ff800 JavaThread "jar transforms Thread 4" [_thread_blocked, id=1484, stack(0x000000bf08600000,0x000000bf08700000)]
  0x000001dffe804000 JavaThread "Memory manager" [_thread_blocked, id=8916, stack(0x000000bf08700000,0x000000bf08800000)]
  0x000001dffe800000 JavaThread "build event listener" [_thread_blocked, id=9776, stack(0x000000bf08800000,0x000000bf08900000)]
  0x000001dffe806800 JavaThread "pool-3-thread-1" [_thread_blocked, id=6808, stack(0x000000bf08900000,0x000000bf08a00000)]
  0x000001dffc742000 JavaThread "build event listener" [_thread_blocked, id=7264, stack(0x000000bf08a00000,0x000000bf08b00000)]
  0x000001dffc745800 JavaThread "Execution worker for ':'" [_thread_blocked, id=7464, stack(0x000000bf08b00000,0x000000bf08c00000)]
  0x000001dffc748000 JavaThread "Execution worker for ':' Thread 2" [_thread_blocked, id=9916, stack(0x000000bf08c00000,0x000000bf08d00000)]
  0x000001dffc748800 JavaThread "Execution worker for ':' Thread 3" [_thread_blocked, id=9736, stack(0x000000bf08d00000,0x000000bf08e00000)]
  0x000001dffc746800 JavaThread "Cache worker for execution history cache (D:\USTHMobile\androiddev2022\USTHMobile\.gradle\7.0.2\executionHistory)" [_thread_blocked, id=5256, stack(0x000000bf08e00000,0x000000bf08f00000)]
  0x000001dffc744000 JavaThread "WorkerExecutor Queue" [_thread_blocked, id=6844, stack(0x000000bf09000000,0x000000bf09100000)]
  0x000001dffc747000 JavaThread "WorkerExecutor Queue Thread 2" [_thread_blocked, id=6092, stack(0x000000bf09100000,0x000000bf09200000)]
  0x000001dffc743000 JavaThread "WorkerExecutor Queue Thread 3" [_thread_blocked, id=2872, stack(0x000000bf09200000,0x000000bf09300000)]
  0x000001dffc749800 JavaThread "WorkerExecutor Queue Thread 4" [_thread_blocked, id=3360, stack(0x000000bf09300000,0x000000bf09400000)]
  0x000001dffc744800 JavaThread "Java2D Disposer" daemon [_thread_blocked, id=8960, stack(0x000000bf09400000,0x000000bf09500000)]
  0x000001dffc74d800 JavaThread "pool-4-thread-1" [_thread_blocked, id=4180, stack(0x000000bf05100000,0x000000bf05200000)]
  0x000001dffc74e800 JavaThread "stderr" [_thread_in_native, id=3820, stack(0x000000bf09500000,0x000000bf09600000)]
  0x000001dffc74f800 JavaThread "stdout" [_thread_in_native, id=10148, stack(0x000000bf09600000,0x000000bf09700000)]

Other Threads:
=>0x000001dffa82f800 VMThread "VM Thread" [stack: 0x000000bf05900000,0x000000bf05a00000] [id=6504]
  0x000001dffb31c800 WatcherThread [stack: 0x000000bf06300000,0x000000bf06400000] [id=8200]
  0x000001dfded58800 GCTaskThread "GC Thread#0" [stack: 0x000000bf05400000,0x000000bf05500000] [id=7300]
  0x000001dffbb4f800 GCTaskThread "GC Thread#1" [stack: 0x000000bf06500000,0x000000bf06600000] [id=6724]
  0x000001dffd41d800 GCTaskThread "GC Thread#2" [stack: 0x000000bf06700000,0x000000bf06800000] [id=8276]
  0x000001dffcd58000 GCTaskThread "GC Thread#3" [stack: 0x000000bf06800000,0x000000bf06900000] [id=5140]
  0x000001dfded89800 ConcurrentGCThread "G1 Main Marker" [stack: 0x000000bf05500000,0x000000bf05600000] [id=1656]
  0x000001dfded8c800 ConcurrentGCThread "G1 Conc#0" [stack: 0x000000bf05600000,0x000000bf05700000] [id=6508]
  0x000001dfdede6800 ConcurrentGCThread "G1 Refine#0" [stack: 0x000000bf05700000,0x000000bf05800000] [id=708]
  0x000001dfdede7800 ConcurrentGCThread "G1 Young RemSet Sampling" [stack: 0x000000bf05800000,0x000000bf05900000] [id=7124]

Threads with active compile tasks:
C2 CompilerThread0  61736 17166       4       com.android.tools.r8.ir.regalloc.a$$Lambda$1344/0x0000000100e27440::test (16 bytes)

VM state:at safepoint (normal execution)

VM Mutex/Monitor currently owned by a thread:  ([mutex/lock_event])
[0x000001dfded3b550] Threads_lock - owner thread: 0x000001dffa82f800
[0x000001dfded3ba60] Heap_lock - owner thread: 0x000001dffe805000

Heap address: 0x0000000080000000, size: 2048 MB, Compressed Oops mode: 32-bit
Narrow klass base: 0x0000000000000000, Narrow klass shift: 3
Compressed class space size: 1073741824 Address: 0x0000000100000000

Heap:
 garbage-first heap   total 239616K, used 125225K [0x0000000080000000, 0x0000000100000000)
  region size 1024K, 5 young (5120K), 5 survivors (5120K)
 Metaspace       used 112221K, capacity 115205K, committed 115504K, reserved 1148928K
  class space    used 14064K, capacity 15186K, committed 15232K, reserved 1048576K
Heap Regions: E=young(eden), S=young(survivor), O=old, HS=humongous(starts), HC=humongous(continues), CS=collection set, F=free, A=archive, TAMS=top-at-mark-start (previous, next)
|   0|0x0000000080000000, 0x0000000080100000, 0x0000000080100000|100%| O|  |TAMS 0x0000000080100000, 0x0000000080000000| Untracked 
|   1|0x0000000080100000, 0x0000000080200000, 0x0000000080200000|100%| O|  |TAMS 0x0000000080200000, 0x0000000080100000| Untracked 
|   2|0x0000000080200000, 0x0000000080300000, 0x0000000080300000|100%| O|  |TAMS 0x0000000080300000, 0x0000000080200000| Untracked 
|   3|0x0000000080300000, 0x0000000080400000, 0x0000000080400000|100%|HS|  |TAMS 0x0000000080400000, 0x0000000080300000| Complete 
|   4|0x0000000080400000, 0x0000000080500000, 0x0000000080500000|100%|HC|  |TAMS 0x0000000080500000, 0x0000000080400000| Complete 
|   5|0x0000000080500000, 0x0000000080600000, 0x0000000080600000|100%|HC|  |TAMS 0x0000000080600000, 0x0000000080500000| Complete 
|   6|0x0000000080600000, 0x0000000080700000, 0x0000000080700000|100%| O|  |TAMS 0x0000000080700000, 0x0000000080600000| Untracked 
|   7|0x0000000080700000, 0x0000000080800000, 0x0000000080800000|100%| O|  |TAMS 0x0000000080800000, 0x0000000080700000| Untracked 
|   8|0x0000000080800000, 0x0000000080900000, 0x0000000080900000|100%| O|  |TAMS 0x0000000080900000, 0x0000000080800000| Untracked 
|   9|0x0000000080900000, 0x0000000080a00000, 0x0000000080a00000|100%| O|  |TAMS 0x0000000080a00000, 0x0000000080900000| Untracked 
|  10|0x0000000080a00000, 0x0000000080b00000, 0x0000000080b00000|100%| O|  |TAMS 0x0000000080b00000, 0x0000000080a00000| Untracked 
|  11|0x0000000080b00000, 0x0000000080c00000, 0x0000000080c00000|100%| O|  |TAMS 0x0000000080c00000, 0x0000000080b00000| Untracked 
|  12|0x0000000080c00000, 0x0000000080d00000, 0x0000000080d00000|100%| O|  |TAMS 0x0000000080d00000, 0x0000000080c00000| Untracked 
|  13|0x0000000080d00000, 0x0000000080e00000, 0x0000000080e00000|100%| O|  |TAMS 0x0000000080e00000, 0x0000000080d00000| Untracked 
|  14|0x0000000080e00000, 0x0000000080f00000, 0x0000000080f00000|100%| O|  |TAMS 0x0000000080f00000, 0x0000000080e00000| Untracked 
|  15|0x0000000080f00000, 0x0000000081000000, 0x0000000081000000|100%| O|  |TAMS 0x0000000081000000, 0x0000000080f00000| Untracked 
|  16|0x0000000081000000, 0x0000000081100000, 0x0000000081100000|100%| O|  |TAMS 0x0000000081100000, 0x0000000081000000| Untracked 
|  17|0x0000000081100000, 0x0000000081200000, 0x0000000081200000|100%| O|  |TAMS 0x0000000081200000, 0x0000000081100000| Untracked 
|  18|0x0000000081200000, 0x0000000081300000, 0x0000000081300000|100%| O|  |TAMS 0x0000000081300000, 0x0000000081200000| Untracked 
|  19|0x0000000081300000, 0x0000000081400000, 0x0000000081400000|100%| O|  |TAMS 0x0000000081400000, 0x0000000081300000| Untracked 
|  20|0x0000000081400000, 0x0000000081500000, 0x0000000081500000|100%| O|  |TAMS 0x0000000081500000, 0x0000000081400000| Untracked 
|  21|0x0000000081500000, 0x0000000081600000, 0x0000000081600000|100%| O|  |TAMS 0x0000000081600000, 0x0000000081500000| Untracked 
|  22|0x0000000081600000, 0x0000000081700000, 0x0000000081700000|100%| O|  |TAMS 0x0000000081700000, 0x0000000081600000| Untracked 
|  23|0x0000000081700000, 0x0000000081800000, 0x0000000081800000|100%| O|  |TAMS 0x0000000081800000, 0x0000000081700000| Untracked 
|  24|0x0000000081800000, 0x0000000081900000, 0x0000000081900000|100%| O|  |TAMS 0x0000000081900000, 0x0000000081800000| Untracked 
|  25|0x0000000081900000, 0x0000000081a00000, 0x0000000081a00000|100%| O|  |TAMS 0x0000000081a00000, 0x0000000081900000| Untracked 
|  26|0x0000000081a00000, 0x0000000081b00000, 0x0000000081b00000|100%| O|  |TAMS 0x0000000081b00000, 0x0000000081a00000| Untracked 
|  27|0x0000000081b00000, 0x0000000081c00000, 0x0000000081c00000|100%|HS|  |TAMS 0x0000000081c00000, 0x0000000081b00000| Complete 
|  28|0x0000000081c00000, 0x0000000081d00000, 0x0000000081d00000|100%|HS|  |TAMS 0x0000000081d00000, 0x0000000081c00000| Complete 
|  29|0x0000000081d00000, 0x0000000081e00000, 0x0000000081e00000|100%|HS|  |TAMS 0x0000000081e00000, 0x0000000081d00000| Complete 
|  30|0x0000000081e00000, 0x0000000081f00000, 0x0000000081f00000|100%|HC|  |TAMS 0x0000000081f00000, 0x0000000081e00000| Complete 
|  31|0x0000000081f00000, 0x0000000082000000, 0x0000000082000000|100%| O|  |TAMS 0x0000000082000000, 0x0000000081f00000| Untracked 
|  32|0x0000000082000000, 0x0000000082100000, 0x0000000082100000|100%| O|  |TAMS 0x0000000082100000, 0x0000000082000000| Untracked 
|  33|0x0000000082100000, 0x0000000082200000, 0x0000000082200000|100%| O|  |TAMS 0x0000000082200000, 0x0000000082100000| Untracked 
|  34|0x0000000082200000, 0x0000000082300000, 0x0000000082300000|100%| O|  |TAMS 0x0000000082300000, 0x0000000082200000| Untracked 
|  35|0x0000000082300000, 0x0000000082400000, 0x0000000082400000|100%| O|  |TAMS 0x0000000082400000, 0x0000000082300000| Untracked 
|  36|0x0000000082400000, 0x0000000082500000, 0x0000000082500000|100%| O|  |TAMS 0x0000000082500000, 0x0000000082400000| Untracked 
|  37|0x0000000082500000, 0x0000000082600000, 0x0000000082600000|100%| O|  |TAMS 0x0000000082600000, 0x0000000082500000| Untracked 
|  38|0x0000000082600000, 0x0000000082700000, 0x0000000082700000|100%| O|  |TAMS 0x0000000082700000, 0x0000000082600000| Untracked 
|  39|0x0000000082700000, 0x0000000082800000, 0x0000000082800000|100%| O|  |TAMS 0x0000000082800000, 0x0000000082700000| Untracked 
|  40|0x0000000082800000, 0x0000000082900000, 0x0000000082900000|100%| O|  |TAMS 0x0000000082900000, 0x0000000082800000| Untracked 
|  41|0x0000000082900000, 0x0000000082a00000, 0x0000000082a00000|100%| O|  |TAMS 0x0000000082a00000, 0x0000000082900000| Untracked 
|  42|0x0000000082a00000, 0x0000000082b00000, 0x0000000082b00000|100%| O|  |TAMS 0x0000000082b00000, 0x0000000082a00000| Untracked 
|  43|0x0000000082b00000, 0x0000000082c00000, 0x0000000082c00000|100%| O|  |TAMS 0x0000000082c00000, 0x0000000082b00000| Untracked 
|  44|0x0000000082c00000, 0x0000000082d00000, 0x0000000082d00000|100%| O|  |TAMS 0x0000000082d00000, 0x0000000082c00000| Untracked 
|  45|0x0000000082d00000, 0x0000000082e00000, 0x0000000082e00000|100%| O|  |TAMS 0x0000000082e00000, 0x0000000082d00000| Untracked 
|  46|0x0000000082e00000, 0x0000000082f00000, 0x0000000082f00000|100%| O|  |TAMS 0x0000000082f00000, 0x0000000082e00000| Untracked 
|  47|0x0000000082f00000, 0x0000000083000000, 0x0000000083000000|100%| O|  |TAMS 0x0000000083000000, 0x0000000082f00000| Untracked 
|  48|0x0000000083000000, 0x0000000083100000, 0x0000000083100000|100%| O|  |TAMS 0x0000000083100000, 0x0000000083000000| Untracked 
|  49|0x0000000083100000, 0x0000000083200000, 0x0000000083200000|100%| O|  |TAMS 0x0000000083200000, 0x0000000083100000| Untracked 
|  50|0x0000000083200000, 0x0000000083300000, 0x0000000083300000|100%| O|  |TAMS 0x0000000083300000, 0x0000000083200000| Untracked 
|  51|0x0000000083300000, 0x0000000083400000, 0x0000000083400000|100%| O|  |TAMS 0x0000000083400000, 0x0000000083300000| Untracked 
|  52|0x0000000083400000, 0x0000000083500000, 0x0000000083500000|100%| O|  |TAMS 0x0000000083500000, 0x0000000083400000| Untracked 
|  53|0x0000000083500000, 0x0000000083600000, 0x0000000083600000|100%| O|  |TAMS 0x0000000083600000, 0x0000000083500000| Untracked 
|  54|0x0000000083600000, 0x0000000083700000, 0x0000000083700000|100%| O|  |TAMS 0x0000000083700000, 0x0000000083600000| Untracked 
|  55|0x0000000083700000, 0x0000000083800000, 0x0000000083800000|100%| O|  |TAMS 0x0000000083800000, 0x0000000083700000| Untracked 
|  56|0x0000000083800000, 0x0000000083900000, 0x0000000083900000|100%| O|  |TAMS 0x0000000083900000, 0x0000000083800000| Untracked 
|  57|0x0000000083900000, 0x0000000083a00000, 0x0000000083a00000|100%| O|  |TAMS 0x0000000083a00000, 0x0000000083900000| Untracked 
|  58|0x0000000083a00000, 0x0000000083b00000, 0x0000000083b00000|100%| O|  |TAMS 0x0000000083b00000, 0x0000000083a00000| Untracked 
|  59|0x0000000083b00000, 0x0000000083c00000, 0x0000000083c00000|100%| O|  |TAMS 0x0000000083c00000, 0x0000000083b00000| Untracked 
|  60|0x0000000083c00000, 0x0000000083d00000, 0x0000000083d00000|100%| O|  |TAMS 0x0000000083d00000, 0x0000000083c00000| Untracked 
|  61|0x0000000083d00000, 0x0000000083e00000, 0x0000000083e00000|100%| O|  |TAMS 0x0000000083e00000, 0x0000000083d00000| Untracked 
|  62|0x0000000083e00000, 0x0000000083f00000, 0x0000000083f00000|100%| O|  |TAMS 0x0000000083f00000, 0x0000000083e00000| Untracked 
|  63|0x0000000083f00000, 0x0000000084000000, 0x0000000084000000|100%| O|  |TAMS 0x0000000084000000, 0x0000000083f00000| Untracked 
|  64|0x0000000084000000, 0x0000000084100000, 0x0000000084100000|100%| O|  |TAMS 0x0000000084100000, 0x0000000084000000| Untracked 
|  65|0x0000000084100000, 0x0000000084200000, 0x0000000084200000|100%| O|  |TAMS 0x0000000084200000, 0x0000000084100000| Untracked 
|  66|0x0000000084200000, 0x0000000084300000, 0x0000000084300000|100%| O|  |TAMS 0x0000000084300000, 0x0000000084200000| Untracked 
|  67|0x0000000084300000, 0x0000000084400000, 0x0000000084400000|100%| O|  |TAMS 0x0000000084400000, 0x0000000084300000| Untracked 
|  68|0x0000000084400000, 0x0000000084500000, 0x0000000084500000|100%| O|  |TAMS 0x0000000084500000, 0x0000000084400000| Untracked 
|  69|0x0000000084500000, 0x0000000084600000, 0x0000000084600000|100%| O|  |TAMS 0x0000000084600000, 0x0000000084500000| Untracked 
|  70|0x0000000084600000, 0x0000000084700000, 0x0000000084700000|100%| O|  |TAMS 0x0000000084700000, 0x0000000084600000| Untracked 
|  71|0x0000000084700000, 0x0000000084800000, 0x0000000084800000|100%| O|  |TAMS 0x0000000084800000, 0x0000000084700000| Untracked 
|  72|0x0000000084800000, 0x0000000084900000, 0x0000000084900000|100%| O|  |TAMS 0x0000000084900000, 0x0000000084800000| Untracked 
|  73|0x0000000084900000, 0x0000000084a00000, 0x0000000084a00000|100%| O|  |TAMS 0x0000000084900000, 0x0000000084900000| Untracked 
|  74|0x0000000084a00000, 0x0000000084b00000, 0x0000000084b00000|100%| O|  |TAMS 0x0000000084b00000, 0x0000000084a00000| Untracked 
|  75|0x0000000084b00000, 0x0000000084c00000, 0x0000000084c00000|100%| O|  |TAMS 0x0000000084c00000, 0x0000000084b00000| Untracked 
|  76|0x0000000084c00000, 0x0000000084d00000, 0x0000000084d00000|100%| O|  |TAMS 0x0000000084d00000, 0x0000000084c00000| Untracked 
|  77|0x0000000084d00000, 0x0000000084e00000, 0x0000000084e00000|100%| O|  |TAMS 0x0000000084e00000, 0x0000000084d00000| Untracked 
|  78|0x0000000084e00000, 0x0000000084f00000, 0x0000000084f00000|100%|HS|  |TAMS 0x0000000084f00000, 0x0000000084e00000| Complete 
|  79|0x0000000084f00000, 0x0000000085000000, 0x0000000085000000|100%|HC|  |TAMS 0x0000000085000000, 0x0000000084f00000| Complete 
|  80|0x0000000085000000, 0x0000000085100000, 0x0000000085100000|100%| O|  |TAMS 0x0000000085100000, 0x0000000085000000| Untracked 
|  81|0x0000000085100000, 0x0000000085200000, 0x0000000085200000|100%| O|  |TAMS 0x0000000085200000, 0x0000000085100000| Untracked 
|  82|0x0000000085200000, 0x0000000085300000, 0x0000000085300000|100%| O|  |TAMS 0x0000000085200000, 0x0000000085200000| Untracked 
|  83|0x0000000085300000, 0x0000000085400000, 0x0000000085400000|100%| O|  |TAMS 0x0000000085400000, 0x0000000085300000| Untracked 
|  84|0x0000000085400000, 0x0000000085500000, 0x0000000085500000|100%| O|  |TAMS 0x0000000085400000, 0x0000000085400000| Untracked 
|  85|0x0000000085500000, 0x0000000085600000, 0x0000000085600000|100%| O|  |TAMS 0x0000000085600000, 0x0000000085500000| Untracked 
|  86|0x0000000085600000, 0x0000000085700000, 0x0000000085700000|100%| O|  |TAMS 0x0000000085600000, 0x0000000085600000| Untracked 
|  87|0x0000000085700000, 0x0000000085800000, 0x0000000085800000|100%| O|  |TAMS 0x0000000085700000, 0x0000000085700000| Untracked 
|  88|0x0000000085800000, 0x0000000085900000, 0x0000000085900000|100%| O|  |TAMS 0x0000000085900000, 0x0000000085800000| Untracked 
|  89|0x0000000085900000, 0x0000000085a00000, 0x0000000085a00000|100%| O|  |TAMS 0x0000000085a00000, 0x0000000085900000| Untracked 
|  90|0x0000000085a00000, 0x0000000085b00000, 0x0000000085b00000|100%| O|  |TAMS 0x0000000085b00000, 0x0000000085a00000| Untracked 
|  91|0x0000000085b00000, 0x0000000085c00000, 0x0000000085c00000|100%| O|  |TAMS 0x0000000085b56800, 0x0000000085b00000| Untracked 
|  92|0x0000000085c00000, 0x0000000085d00000, 0x0000000085d00000|100%| O|  |TAMS 0x0000000085c00000, 0x0000000085c00000| Untracked 
|  93|0x0000000085d00000, 0x0000000085e00000, 0x0000000085e00000|100%| O|  |TAMS 0x0000000085d00000, 0x0000000085d00000| Untracked 
|  94|0x0000000085e00000, 0x0000000085f00000, 0x0000000085f00000|100%| O|  |TAMS 0x0000000085e00000, 0x0000000085e00000| Untracked 
|  95|0x0000000085f00000, 0x0000000086000000, 0x0000000086000000|100%| O|  |TAMS 0x0000000085f00000, 0x0000000085f00000| Untracked 
|  96|0x0000000086000000, 0x0000000086100000, 0x0000000086100000|100%| O|  |TAMS 0x0000000086000000, 0x0000000086000000| Untracked 
|  97|0x0000000086100000, 0x0000000086200000, 0x0000000086200000|100%| O|  |TAMS 0x0000000086100000, 0x0000000086100000| Untracked 
|  98|0x0000000086200000, 0x0000000086300000, 0x0000000086300000|100%| O|  |TAMS 0x0000000086200000, 0x0000000086200000| Untracked 
|  99|0x0000000086300000, 0x0000000086400000, 0x0000000086400000|100%| O|  |TAMS 0x0000000086300000, 0x0000000086300000| Untracked 
| 100|0x0000000086400000, 0x0000000086500000, 0x0000000086500000|100%| O|  |TAMS 0x0000000086400000, 0x0000000086400000| Untracked 
| 101|0x0000000086500000, 0x0000000086600000, 0x0000000086600000|100%| O|  |TAMS 0x0000000086500000, 0x0000000086500000| Untracked 
| 102|0x0000000086600000, 0x0000000086700000, 0x0000000086700000|100%| O|  |TAMS 0x0000000086600000, 0x0000000086600000| Untracked 
| 103|0x0000000086700000, 0x0000000086800000, 0x0000000086800000|100%| O|  |TAMS 0x0000000086700000, 0x0000000086700000| Untracked 
| 104|0x0000000086800000, 0x0000000086900000, 0x0000000086900000|100%| O|  |TAMS 0x0000000086800000, 0x0000000086800000| Untracked 
| 105|0x0000000086900000, 0x0000000086a00000, 0x0000000086a00000|100%| O|  |TAMS 0x0000000086900000, 0x0000000086900000| Untracked 
| 106|0x0000000086a00000, 0x0000000086b00000, 0x0000000086b00000|100%| O|  |TAMS 0x0000000086a00000, 0x0000000086a00000| Untracked 
| 107|0x0000000086b00000, 0x0000000086c00000, 0x0000000086c00000|100%| O|  |TAMS 0x0000000086b00000, 0x0000000086b00000| Untracked 
| 108|0x0000000086c00000, 0x0000000086d00000, 0x0000000086d00000|100%| O|  |TAMS 0x0000000086c00000, 0x0000000086c00000| Untracked 
| 109|0x0000000086d00000, 0x0000000086e00000, 0x0000000086e00000|100%| O|  |TAMS 0x0000000086d00000, 0x0000000086d00000| Untracked 
| 110|0x0000000086e00000, 0x0000000086f00000, 0x0000000086f00000|100%| O|  |TAMS 0x0000000086e00000, 0x0000000086e00000| Untracked 
| 111|0x0000000086f00000, 0x0000000087000000, 0x0000000087000000|100%| O|  |TAMS 0x0000000086f00000, 0x0000000086f00000| Untracked 
| 112|0x0000000087000000, 0x0000000087100000, 0x0000000087100000|100%| O|  |TAMS 0x0000000087000000, 0x0000000087000000| Untracked 
| 113|0x0000000087100000, 0x0000000087200000, 0x0000000087200000|100%| O|  |TAMS 0x0000000087100000, 0x0000000087100000| Untracked 
| 114|0x0000000087200000, 0x0000000087300000, 0x0000000087300000|100%| O|  |TAMS 0x0000000087200000, 0x0000000087200000| Untracked 
| 115|0x0000000087300000, 0x0000000087400000, 0x0000000087400000|100%| O|  |TAMS 0x0000000087300000, 0x0000000087300000| Untracked 
| 116|0x0000000087400000, 0x0000000087500000, 0x0000000087500000|100%| O|  |TAMS 0x0000000087400000, 0x0000000087400000| Untracked 
| 117|0x0000000087500000, 0x00000000875a5400, 0x0000000087600000| 64%| O|  |TAMS 0x0000000087500000, 0x0000000087500000| Untracked 
| 118|0x0000000087600000, 0x0000000087600000, 0x0000000087700000|  0%| F|  |TAMS 0x0000000087600000, 0x0000000087600000| Untracked 
| 119|0x0000000087700000, 0x0000000087700000, 0x0000000087800000|  0%| F|  |TAMS 0x0000000087700000, 0x0000000087700000| Untracked 
| 120|0x0000000087800000, 0x0000000087800000, 0x0000000087900000|  0%| F|  |TAMS 0x0000000087800000, 0x0000000087800000| Untracked 
| 121|0x0000000087900000, 0x0000000087900000, 0x0000000087a00000|  0%| F|  |TAMS 0x0000000087900000, 0x0000000087900000| Untracked 
| 122|0x0000000087a00000, 0x0000000087a00000, 0x0000000087b00000|  0%| F|  |TAMS 0x0000000087a00000, 0x0000000087a00000| Untracked 
| 123|0x0000000087b00000, 0x0000000087b00000, 0x0000000087c00000|  0%| F|  |TAMS 0x0000000087b00000, 0x0000000087b00000| Untracked 
| 124|0x0000000087c00000, 0x0000000087c00000, 0x0000000087d00000|  0%| F|  |TAMS 0x0000000087c00000, 0x0000000087c00000| Untracked 
| 125|0x0000000087d00000, 0x0000000087d00000, 0x0000000087e00000|  0%| F|  |TAMS 0x0000000087d00000, 0x0000000087d00000| Untracked 
| 126|0x0000000087e00000, 0x0000000087e00000, 0x0000000087f00000|  0%| F|  |TAMS 0x0000000087e00000, 0x0000000087e00000| Untracked 
| 127|0x0000000087f00000, 0x0000000087f00000, 0x0000000088000000|  0%| F|  |TAMS 0x0000000087f00000, 0x0000000087f00000| Untracked 
| 128|0x0000000088000000, 0x0000000088000000, 0x0000000088100000|  0%| F|  |TAMS 0x0000000088000000, 0x0000000088000000| Untracked 
| 129|0x0000000088100000, 0x0000000088100000, 0x0000000088200000|  0%| F|  |TAMS 0x0000000088100000, 0x0000000088100000| Untracked 
| 130|0x0000000088200000, 0x0000000088200000, 0x0000000088300000|  0%| F|  |TAMS 0x0000000088200000, 0x0000000088200000| Untracked 
| 131|0x0000000088300000, 0x0000000088300000, 0x0000000088400000|  0%| F|  |TAMS 0x0000000088300000, 0x0000000088300000| Untracked 
| 132|0x0000000088400000, 0x0000000088400000, 0x0000000088500000|  0%| F|  |TAMS 0x0000000088400000, 0x0000000088400000| Untracked 
| 133|0x0000000088500000, 0x0000000088500000, 0x0000000088600000|  0%| F|  |TAMS 0x0000000088500000, 0x0000000088500000| Untracked 
| 134|0x0000000088600000, 0x0000000088600000, 0x0000000088700000|  0%| F|  |TAMS 0x0000000088600000, 0x0000000088600000| Untracked 
| 135|0x0000000088700000, 0x0000000088700000, 0x0000000088800000|  0%| F|  |TAMS 0x0000000088700000, 0x0000000088700000| Untracked 
| 136|0x0000000088800000, 0x0000000088800000, 0x0000000088900000|  0%| F|  |TAMS 0x0000000088800000, 0x0000000088800000| Untracked 
| 137|0x0000000088900000, 0x0000000088900000, 0x0000000088a00000|  0%| F|  |TAMS 0x0000000088900000, 0x0000000088900000| Untracked 
| 138|0x0000000088a00000, 0x0000000088a00000, 0x0000000088b00000|  0%| F|  |TAMS 0x0000000088a00000, 0x0000000088a00000| Untracked 
| 139|0x0000000088b00000, 0x0000000088b00000, 0x0000000088c00000|  0%| F|  |TAMS 0x0000000088b00000, 0x0000000088b00000| Untracked 
| 140|0x0000000088c00000, 0x0000000088c00000, 0x0000000088d00000|  0%| F|  |TAMS 0x0000000088c00000, 0x0000000088c00000| Untracked 
| 141|0x0000000088d00000, 0x0000000088d00000, 0x0000000088e00000|  0%| F|  |TAMS 0x0000000088d00000, 0x0000000088d00000| Untracked 
| 142|0x0000000088e00000, 0x0000000088e00000, 0x0000000088f00000|  0%| F|  |TAMS 0x0000000088e00000, 0x0000000088e00000| Untracked 
| 143|0x0000000088f00000, 0x0000000088f00000, 0x0000000089000000|  0%| F|  |TAMS 0x0000000088f00000, 0x0000000088f00000| Untracked 
| 144|0x0000000089000000, 0x0000000089000000, 0x0000000089100000|  0%| F|  |TAMS 0x0000000089000000, 0x0000000089000000| Untracked 
| 145|0x0000000089100000, 0x0000000089100000, 0x0000000089200000|  0%| F|  |TAMS 0x0000000089100000, 0x0000000089100000| Untracked 
| 146|0x0000000089200000, 0x0000000089200000, 0x0000000089300000|  0%| F|  |TAMS 0x0000000089200000, 0x0000000089200000| Untracked 
| 147|0x0000000089300000, 0x0000000089300000, 0x0000000089400000|  0%| F|  |TAMS 0x0000000089300000, 0x0000000089300000| Untracked 
| 148|0x0000000089400000, 0x0000000089400000, 0x0000000089500000|  0%| F|  |TAMS 0x0000000089400000, 0x0000000089400000| Untracked 
| 149|0x0000000089500000, 0x0000000089500000, 0x0000000089600000|  0%| F|  |TAMS 0x0000000089500000, 0x0000000089500000| Untracked 
| 150|0x0000000089600000, 0x0000000089600000, 0x0000000089700000|  0%| F|  |TAMS 0x0000000089600000, 0x0000000089600000| Untracked 
| 151|0x0000000089700000, 0x00000000897a5210, 0x0000000089800000| 64%| S|CS|TAMS 0x0000000089700000, 0x0000000089700000| Complete 
| 152|0x0000000089800000, 0x0000000089800000, 0x0000000089900000|  0%| F|  |TAMS 0x0000000089800000, 0x0000000089800000| Untracked 
| 153|0x0000000089900000, 0x0000000089900000, 0x0000000089a00000|  0%| F|  |TAMS 0x0000000089900000, 0x0000000089900000| Untracked 
| 154|0x0000000089a00000, 0x0000000089b00000, 0x0000000089b00000|100%| S|CS|TAMS 0x0000000089a00000, 0x0000000089a00000| Complete 
| 155|0x0000000089b00000, 0x0000000089c00000, 0x0000000089c00000|100%| S|CS|TAMS 0x0000000089b00000, 0x0000000089b00000| Complete 
| 156|0x0000000089c00000, 0x0000000089d00000, 0x0000000089d00000|100%| S|CS|TAMS 0x0000000089c00000, 0x0000000089c00000| Complete 
| 157|0x0000000089d00000, 0x0000000089e00000, 0x0000000089e00000|100%| S|CS|TAMS 0x0000000089d00000, 0x0000000089d00000| Complete 
| 158|0x0000000089e00000, 0x0000000089e00000, 0x0000000089f00000|  0%| F|  |TAMS 0x0000000089e00000, 0x0000000089e00000| Untracked 
| 159|0x0000000089f00000, 0x0000000089f00000, 0x000000008a000000|  0%| F|  |TAMS 0x0000000089f00000, 0x0000000089f00000| Untracked 
| 160|0x000000008a000000, 0x000000008a000000, 0x000000008a100000|  0%| F|  |TAMS 0x000000008a000000, 0x000000008a000000| Untracked 
| 161|0x000000008a100000, 0x000000008a100000, 0x000000008a200000|  0%| F|  |TAMS 0x000000008a100000, 0x000000008a100000| Untracked 
| 162|0x000000008a200000, 0x000000008a200000, 0x000000008a300000|  0%| F|  |TAMS 0x000000008a200000, 0x000000008a200000| Untracked 
| 163|0x000000008a300000, 0x000000008a300000, 0x000000008a400000|  0%| F|  |TAMS 0x000000008a300000, 0x000000008a300000| Untracked 
| 164|0x000000008a400000, 0x000000008a400000, 0x000000008a500000|  0%| F|  |TAMS 0x000000008a400000, 0x000000008a400000| Untracked 
| 165|0x000000008a500000, 0x000000008a500000, 0x000000008a600000|  0%| F|  |TAMS 0x000000008a500000, 0x000000008a500000| Untracked 
| 166|0x000000008a600000, 0x000000008a600000, 0x000000008a700000|  0%| F|  |TAMS 0x000000008a600000, 0x000000008a600000| Untracked 
| 167|0x000000008a700000, 0x000000008a700000, 0x000000008a800000|  0%| F|  |TAMS 0x000000008a700000, 0x000000008a700000| Untracked 
| 168|0x000000008a800000, 0x000000008a800000, 0x000000008a900000|  0%| F|  |TAMS 0x000000008a800000, 0x000000008a800000| Untracked 
| 169|0x000000008a900000, 0x000000008a900000, 0x000000008aa00000|  0%| F|  |TAMS 0x000000008a900000, 0x000000008a900000| Untracked 
| 170|0x000000008aa00000, 0x000000008aa00000, 0x000000008ab00000|  0%| F|  |TAMS 0x000000008aa00000, 0x000000008aa00000| Untracked 
| 171|0x000000008ab00000, 0x000000008ab00000, 0x000000008ac00000|  0%| F|  |TAMS 0x000000008ab00000, 0x000000008ab00000| Untracked 
| 172|0x000000008ac00000, 0x000000008ac00000, 0x000000008ad00000|  0%| F|  |TAMS 0x000000008ac00000, 0x000000008ac00000| Untracked 
| 173|0x000000008ad00000, 0x000000008ad00000, 0x000000008ae00000|  0%| F|  |TAMS 0x000000008ad00000, 0x000000008ad00000| Untracked 
| 174|0x000000008ae00000, 0x000000008ae00000, 0x000000008af00000|  0%| F|  |TAMS 0x000000008ae00000, 0x000000008ae00000| Untracked 
| 175|0x000000008af00000, 0x000000008af00000, 0x000000008b000000|  0%| F|  |TAMS 0x000000008af00000, 0x000000008af00000| Untracked 
| 176|0x000000008b000000, 0x000000008b000000, 0x000000008b100000|  0%| F|  |TAMS 0x000000008b000000, 0x000000008b000000| Untracked 
| 177|0x000000008b100000, 0x000000008b100000, 0x000000008b200000|  0%| F|  |TAMS 0x000000008b100000, 0x000000008b100000| Untracked 
| 178|0x000000008b200000, 0x000000008b200000, 0x000000008b300000|  0%| F|  |TAMS 0x000000008b200000, 0x000000008b200000| Untracked 
| 179|0x000000008b300000, 0x000000008b300000, 0x000000008b400000|  0%| F|  |TAMS 0x000000008b300000, 0x000000008b300000| Untracked 
| 180|0x000000008b400000, 0x000000008b400000, 0x000000008b500000|  0%| F|  |TAMS 0x000000008b400000, 0x000000008b400000| Untracked 
| 181|0x000000008b500000, 0x000000008b500000, 0x000000008b600000|  0%| F|  |TAMS 0x000000008b500000, 0x000000008b500000| Untracked 
| 182|0x000000008b600000, 0x000000008b600000, 0x000000008b700000|  0%| F|  |TAMS 0x000000008b600000, 0x000000008b600000| Untracked 
| 183|0x000000008b700000, 0x000000008b700000, 0x000000008b800000|  0%| F|  |TAMS 0x000000008b700000, 0x000000008b700000| Untracked 
| 184|0x000000008b800000, 0x000000008b800000, 0x000000008b900000|  0%| F|  |TAMS 0x000000008b800000, 0x000000008b800000| Untracked 
| 185|0x000000008b900000, 0x000000008b900000, 0x000000008ba00000|  0%| F|  |TAMS 0x000000008b900000, 0x000000008b900000| Untracked 
| 186|0x000000008ba00000, 0x000000008ba00000, 0x000000008bb00000|  0%| F|  |TAMS 0x000000008ba00000, 0x000000008ba00000| Untracked 
| 187|0x000000008bb00000, 0x000000008bb00000, 0x000000008bc00000|  0%| F|  |TAMS 0x000000008bb00000, 0x000000008bb00000| Untracked 
| 188|0x000000008bc00000, 0x000000008bc00000, 0x000000008bd00000|  0%| F|  |TAMS 0x000000008bc00000, 0x000000008bc00000| Untracked 
| 189|0x000000008bd00000, 0x000000008bd00000, 0x000000008be00000|  0%| F|  |TAMS 0x000000008bd00000, 0x000000008bd00000| Untracked 
| 190|0x000000008be00000, 0x000000008be00000, 0x000000008bf00000|  0%| F|  |TAMS 0x000000008be00000, 0x000000008be00000| Untracked 
| 191|0x000000008bf00000, 0x000000008bf00000, 0x000000008c000000|  0%| F|  |TAMS 0x000000008bf00000, 0x000000008bf00000| Untracked 
| 192|0x000000008c000000, 0x000000008c000000, 0x000000008c100000|  0%| F|  |TAMS 0x000000008c000000, 0x000000008c000000| Untracked 
| 193|0x000000008c100000, 0x000000008c100000, 0x000000008c200000|  0%| F|  |TAMS 0x000000008c100000, 0x000000008c100000| Untracked 
| 194|0x000000008c200000, 0x000000008c200000, 0x000000008c300000|  0%| F|  |TAMS 0x000000008c200000, 0x000000008c200000| Untracked 

Card table byte_map: [0x000001dff3a10000,0x000001dff3e10000] _byte_map_base: 0x000001dff3610000

Marking Bits (Prev, Next): (CMBitMap*) 0x000001dfded80818, (CMBitMap*) 0x000001dfded80850
 Prev Bits: [0x000001dff4210000, 0x000001dff6210000)
 Next Bits: [0x000001dff6210000, 0x000001dff8210000)

Polling page: 0x000001dfdeae0000

Metaspace:

Usage:
  Non-class:     97.67 MB capacity,    95.86 MB ( 98%) used,     1.47 MB (  2%) free+waste,   354.56 KB ( <1%) overhead. 
      Class:     14.83 MB capacity,    13.73 MB ( 93%) used,   962.87 KB (  6%) free+waste,   158.88 KB (  1%) overhead. 
       Both:    112.50 MB capacity,   109.59 MB ( 97%) used,     2.41 MB (  2%) free+waste,   513.44 KB ( <1%) overhead. 

Virtual space:
  Non-class space:       98.00 MB reserved,      97.92 MB (>99%) committed 
      Class space:        1.00 GB reserved,      14.88 MB (  1%) committed 
             Both:        1.10 GB reserved,     112.80 MB ( 10%) committed 

Chunk freelists:
   Non-Class:  0 bytes
       Class:  14.00 KB
        Both:  14.00 KB

MaxMetaspaceSize: 17179869184.00 GB
CompressedClassSpaceSize: 1.00 GB

CodeHeap 'non-profiled nmethods': size=120064Kb used=8776Kb max_used=9457Kb free=111287Kb
 bounds [0x000001dfebab0000, 0x000001dfec3f0000, 0x000001dff2ff0000]
CodeHeap 'profiled nmethods': size=120000Kb used=37827Kb max_used=39476Kb free=82172Kb
 bounds [0x000001dfe4580000, 0x000001dfe6c60000, 0x000001dfebab0000]
CodeHeap 'non-nmethods': size=5696Kb used=2394Kb max_used=2441Kb free=3301Kb
 bounds [0x000001dfe3ff0000, 0x000001dfe4260000, 0x000001dfe4580000]
 total_blobs=17221 nmethods=16179 adapters=951
 compilation: enabled
              stopped_count=0, restarted_count=0
 full_count=0

Compilation events (20 events):
Event: 61.660 Thread 0x000001dffa854000 17319       2       com.android.tools.r8.internal.Kg::a (16 bytes)
Event: 61.661 Thread 0x000001dffa854000 nmethod 17319 0x000001dfe45b7d90 code [0x000001dfe45b7f40, 0x000001dfe45b80c8]
Event: 61.662 Thread 0x000001dffa854000 17320       2       com.android.tools.r8.internal.NG::X (54 bytes)
Event: 61.662 Thread 0x000001dffa854000 nmethod 17320 0x000001dfe45b0110 code [0x000001dfe45b02c0, 0x000001dfe45b03b8]
Event: 61.664 Thread 0x000001dffa854000 17321       3       com.android.tools.r8.graph.z::a (34 bytes)
Event: 61.664 Thread 0x000001dffa854000 nmethod 17321 0x000001dfe45b9d90 code [0x000001dfe45b9f60, 0x000001dfe45ba268]
Event: 61.665 Thread 0x000001dffa854000 17322       2       java.util.TreeMap$PrivateEntryIterator::remove (93 bytes)
Event: 61.665 Thread 0x000001dffa854000 nmethod 17322 0x000001dfe45bca90 code [0x000001dfe45bcc80, 0x000001dfe45bcfe8]
Event: 61.666 Thread 0x000001dffa854000 17323       2       com.android.tools.r8.ir.regalloc.a::a (56 bytes)
Event: 61.667 Thread 0x000001dffa853000 nmethod 17213 0x000001dfebad1e10 code [0x000001dfebad1fe0, 0x000001dfebad2318]
Event: 61.667 Thread 0x000001dffa853000 17316       4       com.android.tools.r8.graph.Q::a (15 bytes)
Event: 61.667 Thread 0x000001dffa854000 nmethod 17323 0x000001dfe45bf810 code [0x000001dfe45bfa40, 0x000001dfe45bfe98]
Event: 61.667 Thread 0x000001dffa854000 17324 %     3       com.android.tools.r8.internal.k4::B @ 12 (52 bytes)
Event: 61.668 Thread 0x000001dffa854000 nmethod 17324% 0x000001dfe45bee10 code [0x000001dfe45bf020, 0x000001dfe45bf658]
Event: 61.668 Thread 0x000001dffa853000 nmethod 17316 0x000001dfebacce90 code [0x000001dfebacd040, 0x000001dfebacd138]
Event: 61.669 Thread 0x000001dffa853000 17253       4       com.android.tools.r8.graph.i::a (38 bytes)
Event: 61.669 Thread 0x000001dffa854000 17326       2       com.android.tools.r8.internal.zh::e (174 bytes)
Event: 61.669 Thread 0x000001dffa854000 nmethod 17326 0x000001dfe45be410 code [0x000001dfe45be600, 0x000001dfe45beae8]
Event: 61.671 Thread 0x000001dffa853000 nmethod 17253 0x000001dfebad1a10 code [0x000001dfebad1ba0, 0x000001dfebad1c98]
Event: 61.671 Thread 0x000001dffa853000 17166       4       com.android.tools.r8.ir.regalloc.a$$Lambda$1344/0x0000000100e27440::test (16 bytes)

GC Heap History (20 events):
Event: 54.311 GC heap after
{Heap after GC invocations=73 (full 0):
 garbage-first heap   total 165888K, used 96971K [0x0000000080000000, 0x0000000100000000)
  region size 1024K, 6 young (6144K), 6 survivors (6144K)
 Metaspace       used 100059K, capacity 102468K, committed 102576K, reserved 1138688K
  class space    used 12397K, capacity 13238K, committed 13312K, reserved 1048576K
}
Event: 55.332 GC heap before
{Heap before GC invocations=73 (full 0):
 garbage-first heap   total 165888K, used 133835K [0x0000000080000000, 0x0000000100000000)
  region size 1024K, 43 young (44032K), 6 survivors (6144K)
 Metaspace       used 103217K, capacity 105642K, committed 105904K, reserved 1140736K
  class space    used 12833K, capacity 13705K, committed 13824K, reserved 1048576K
}
Event: 55.346 GC heap after
{Heap after GC invocations=74 (full 0):
 garbage-first heap   total 165888K, used 100607K [0x0000000080000000, 0x0000000100000000)
  region size 1024K, 6 young (6144K), 6 survivors (6144K)
 Metaspace       used 103217K, capacity 105642K, committed 105904K, reserved 1140736K
  class space    used 12833K, capacity 13705K, committed 13824K, reserved 1048576K
}
Event: 56.095 GC heap before
{Heap before GC invocations=75 (full 0):
 garbage-first heap   total 165888K, used 134399K [0x0000000080000000, 0x0000000100000000)
  region size 1024K, 39 young (39936K), 6 survivors (6144K)
 Metaspace       used 104105K, capacity 106653K, committed 106800K, reserved 1142784K
  class space    used 12951K, capacity 13868K, committed 13952K, reserved 1048576K
}
Event: 56.116 GC heap after
{Heap after GC invocations=76 (full 0):
 garbage-first heap   total 165888K, used 106496K [0x0000000080000000, 0x0000000100000000)
  region size 1024K, 5 young (5120K), 5 survivors (5120K)
 Metaspace       used 104105K, capacity 106653K, committed 106800K, reserved 1142784K
  class space    used 12951K, capacity 13868K, committed 13952K, reserved 1048576K
}
Event: 56.144 GC heap before
{Heap before GC invocations=76 (full 0):
 garbage-first heap   total 165888K, used 109568K [0x0000000080000000, 0x0000000100000000)
  region size 1024K, 8 young (8192K), 5 survivors (5120K)
 Metaspace       used 104263K, capacity 106845K, committed 107056K, reserved 1142784K
  class space    used 12973K, capacity 13868K, committed 13952K, reserved 1048576K
}
Event: 56.160 GC heap after
{Heap after GC invocations=77 (full 0):
 garbage-first heap   total 165888K, used 103022K [0x0000000080000000, 0x0000000100000000)
  region size 1024K, 1 young (1024K), 1 survivors (1024K)
 Metaspace       used 104263K, capacity 106845K, committed 107056K, reserved 1142784K
  class space    used 12973K, capacity 13868K, committed 13952K, reserved 1048576K
}
Event: 56.756 GC heap before
{Heap before GC invocations=77 (full 0):
 garbage-first heap   total 165888K, used 133742K [0x0000000080000000, 0x0000000100000000)
  region size 1024K, 31 young (31744K), 1 survivors (1024K)
 Metaspace       used 106085K, capacity 108735K, committed 108848K, reserved 1144832K
  class space    used 13233K, capacity 14183K, committed 14208K, reserved 1048576K
}
Event: 56.770 GC heap after
{Heap after GC invocations=78 (full 0):
 garbage-first heap   total 165888K, used 108544K [0x0000000080000000, 0x0000000100000000)
  region size 1024K, 4 young (4096K), 4 survivors (4096K)
 Metaspace       used 106085K, capacity 108735K, committed 108848K, reserved 1144832K
  class space    used 13233K, capacity 14183K, committed 14208K, reserved 1048576K
}
Event: 57.881 GC heap before
{Heap before GC invocations=78 (full 0):
 garbage-first heap   total 165888K, used 135168K [0x0000000080000000, 0x0000000100000000)
  region size 1024K, 30 young (30720K), 4 survivors (4096K)
 Metaspace       used 107846K, capacity 110554K, committed 110768K, reserved 1144832K
  class space    used 13560K, capacity 14579K, committed 14592K, reserved 1048576K
}
Event: 57.903 GC heap after
{Heap after GC invocations=79 (full 0):
 garbage-first heap   total 199680K, used 112730K [0x0000000080000000, 0x0000000100000000)
  region size 1024K, 4 young (4096K), 4 survivors (4096K)
 Metaspace       used 107846K, capacity 110554K, committed 110768K, reserved 1144832K
  class space    used 13560K, capacity 14579K, committed 14592K, reserved 1048576K
}
Event: 59.048 GC heap before
{Heap before GC invocations=79 (full 0):
 garbage-first heap   total 199680K, used 149594K [0x0000000080000000, 0x0000000100000000)
  region size 1024K, 40 young (40960K), 4 survivors (4096K)
 Metaspace       used 109433K, capacity 112235K, committed 112304K, reserved 1146880K
  class space    used 13752K, capacity 14782K, committed 14848K, reserved 1048576K
}
Event: 59.064 GC heap after
{Heap after GC invocations=80 (full 0):
 garbage-first heap   total 199680K, used 116624K [0x0000000080000000, 0x0000000100000000)
  region size 1024K, 4 young (4096K), 4 survivors (4096K)
 Metaspace       used 109433K, capacity 112235K, committed 112304K, reserved 1146880K
  class space    used 13752K, capacity 14782K, committed 14848K, reserved 1048576K
}
Event: 60.188 GC heap before
{Heap before GC invocations=80 (full 0):
 garbage-first heap   total 199680K, used 152464K [0x0000000080000000, 0x0000000100000000)
  region size 1024K, 40 young (40960K), 4 survivors (4096K)
 Metaspace       used 111315K, capacity 114230K, committed 114352K, reserved 1148928K
  class space    used 13969K, capacity 15062K, committed 15104K, reserved 1048576K
}
Event: 60.201 GC heap after
{Heap after GC invocations=81 (full 0):
 garbage-first heap   total 199680K, used 118831K [0x0000000080000000, 0x0000000100000000)
  region size 1024K, 3 young (3072K), 3 survivors (3072K)
 Metaspace       used 111315K, capacity 114230K, committed 114352K, reserved 1148928K
  class space    used 13969K, capacity 15062K, committed 15104K, reserved 1048576K
}
Event: 60.846 GC heap before
{Heap before GC invocations=81 (full 0):
 garbage-first heap   total 199680K, used 156719K [0x0000000080000000, 0x0000000100000000)
  region size 1024K, 40 young (40960K), 3 survivors (3072K)
 Metaspace       used 111869K, capacity 114801K, committed 114992K, reserved 1148928K
  class space    used 14042K, capacity 15141K, committed 15232K, reserved 1048576K
}
Event: 60.856 GC heap after
{Heap after GC invocations=82 (full 0):
 garbage-first heap   total 199680K, used 120545K [0x0000000080000000, 0x0000000100000000)
  region size 1024K, 4 young (4096K), 4 survivors (4096K)
 Metaspace       used 111869K, capacity 114801K, committed 114992K, reserved 1148928K
  class space    used 14042K, capacity 15141K, committed 15232K, reserved 1048576K
}
Event: 61.187 GC heap before
{Heap before GC invocations=82 (full 0):
 garbage-first heap   total 199680K, used 159457K [0x0000000080000000, 0x0000000100000000)
  region size 1024K, 42 young (43008K), 4 survivors (4096K)
 Metaspace       used 112104K, capacity 115069K, committed 115248K, reserved 1148928K
  class space    used 14042K, capacity 15141K, committed 15232K, reserved 1048576K
}
Event: 61.202 GC heap after
{Heap after GC invocations=83 (full 0):
 garbage-first heap   total 199680K, used 123528K [0x0000000080000000, 0x0000000100000000)
  region size 1024K, 6 young (6144K), 6 survivors (6144K)
 Metaspace       used 112104K, capacity 115069K, committed 115248K, reserved 1148928K
  class space    used 14042K, capacity 15141K, committed 15232K, reserved 1048576K
}
Event: 61.672 GC heap before
{Heap before GC invocations=83 (full 0):
 garbage-first heap   total 199680K, used 161416K [0x0000000080000000, 0x0000000100000000)
  region size 1024K, 43 young (44032K), 6 survivors (6144K)
 Metaspace       used 112221K, capacity 115205K, committed 115504K, reserved 1148928K
  class space    used 14064K, capacity 15186K, committed 15232K, reserved 1048576K
}

Deoptimization events (20 events):
Event: 61.550 Thread 0x000001dffe7fe800 Uncommon trap: trap_request=0xffffffde fr.pc=0x000001dfec3d3cf0 relative=0x00000000000000b0
Event: 61.550 Thread 0x000001dffe7fe800 Uncommon trap: reason=class_check action=maybe_recompile pc=0x000001dfec3d3cf0 method=com.android.tools.r8.internal.UG.a(Lcom/android/tools/r8/internal/aG;)Lcom/android/tools/r8/internal/UG; @ 34 c2
Event: 61.550 Thread 0x000001dffe7fe800 DEOPT PACKING pc=0x000001dfec3d3cf0 sp=0x000000bf07ff8da0
Event: 61.550 Thread 0x000001dffe7fe800 DEOPT UNPACKING pc=0x000001dfe401782f sp=0x000000bf07ff8cd8 mode 2
Event: 61.550 Thread 0x000001dffe7fe800 Uncommon trap: trap_request=0xffffffde fr.pc=0x000001dfec3d3cf0 relative=0x00000000000000b0
Event: 61.550 Thread 0x000001dffe7fe800 Uncommon trap: reason=class_check action=maybe_recompile pc=0x000001dfec3d3cf0 method=com.android.tools.r8.internal.UG.a(Lcom/android/tools/r8/internal/aG;)Lcom/android/tools/r8/internal/UG; @ 34 c2
Event: 61.550 Thread 0x000001dffe7fe800 DEOPT PACKING pc=0x000001dfec3d3cf0 sp=0x000000bf07ff8da0
Event: 61.550 Thread 0x000001dffe7fe800 DEOPT UNPACKING pc=0x000001dfe401782f sp=0x000000bf07ff8cd8 mode 2
Event: 61.550 Thread 0x000001dffe7fe800 Uncommon trap: trap_request=0xffffffde fr.pc=0x000001dfec3d3cf0 relative=0x00000000000000b0
Event: 61.550 Thread 0x000001dffe7fe800 Uncommon trap: reason=class_check action=maybe_recompile pc=0x000001dfec3d3cf0 method=com.android.tools.r8.internal.UG.a(Lcom/android/tools/r8/internal/aG;)Lcom/android/tools/r8/internal/UG; @ 34 c2
Event: 61.550 Thread 0x000001dffe7fe800 DEOPT PACKING pc=0x000001dfec3d3cf0 sp=0x000000bf07ff8da0
Event: 61.550 Thread 0x000001dffe7fe800 DEOPT UNPACKING pc=0x000001dfe401782f sp=0x000000bf07ff8cd8 mode 2
Event: 61.551 Thread 0x000001dffe7fe800 Uncommon trap: trap_request=0xffffffde fr.pc=0x000001dfec3d024c relative=0x000000000000008c
Event: 61.551 Thread 0x000001dffe7fe800 Uncommon trap: reason=class_check action=maybe_recompile pc=0x000001dfec3d024c method=com.android.tools.r8.internal.UG.a(Lcom/android/tools/r8/internal/aG;)Lcom/android/tools/r8/internal/UG; @ 34 c2
Event: 61.551 Thread 0x000001dffe7fe800 DEOPT PACKING pc=0x000001dfec3d024c sp=0x000000bf07ff9000
Event: 61.551 Thread 0x000001dffe7fe800 DEOPT UNPACKING pc=0x000001dfe401782f sp=0x000000bf07ff8fa0 mode 2
Event: 61.586 Thread 0x000001dffe803800 DEOPT PACKING pc=0x000001dfe67f3eeb sp=0x000000bf082f8e80
Event: 61.586 Thread 0x000001dffe803800 DEOPT UNPACKING pc=0x000001dfe401764e sp=0x000000bf082f8328 mode 0
Event: 61.664 Thread 0x000001dffe7fe800 DEOPT PACKING pc=0x000001dfe656ba43 sp=0x000000bf07ff9570
Event: 61.664 Thread 0x000001dffe7fe800 DEOPT UNPACKING pc=0x000001dfe401764e sp=0x000000bf07ff8a10 mode 0

Classes redefined (0 events):
No events

Internal exceptions (20 events):
Event: 55.691 Thread 0x000001dffe805000 Exception <a 'java/lang/IncompatibleClassChangeError'{0x00000000895952e0}: Found class java.lang.Object, but interface was expected> (0x00000000895952e0) thrown at [./src/hotspot/share/interpreter/linkResolver.cpp, line 839]
Event: 55.812 Thread 0x000001dffe805000 Exception <a 'java/lang/IncompatibleClassChangeError'{0x00000000892e5148}: Found class java.lang.Object, but interface was expected> (0x00000000892e5148) thrown at [./src/hotspot/share/interpreter/linkResolver.cpp, line 839]
Event: 55.966 Thread 0x000001dffe805000 Exception <a 'java/lang/IncompatibleClassChangeError'{0x00000000886e5a30}: Found class java.lang.Object, but interface was expected> (0x00000000886e5a30) thrown at [./src/hotspot/share/interpreter/linkResolver.cpp, line 839]
Event: 56.049 Thread 0x000001dffe803800 Exception <a 'java/lang/NoSuchMethodError'{0x0000000088226ad8}: 'int java.lang.invoke.DirectMethodHandle$Holder.invokeVirtual(java.lang.Object, java.lang.Object, java.lang.Object)'> (0x0000000088226ad8) thrown at [./src/hotspot/share/interpreter/linkResolver.cpp, line 773]
Event: 56.476 Thread 0x000001dffe803800 Exception <a 'java/lang/NoSuchMethodError'{0x0000000089399090}: 'java.lang.Object java.lang.invoke.DirectMethodHandle$Holder.invokeStatic(java.lang.Object, int, java.lang.Object, java.lang.Object)'> (0x0000000089399090) thrown at [./src/hotspot/share/interpreter/linkResolver.cpp, line 773]
Event: 56.476 Thread 0x000001dffe805000 Exception <a 'java/lang/NoSuchMethodError'{0x000000008934afa8}: 'java.lang.Object java.lang.invoke.DirectMethodHandle$Holder.invokeStatic(java.lang.Object, int, java.lang.Object, java.lang.Object)'> (0x000000008934afa8) thrown at [./src/hotspot/share/interpreter/linkResolver.cpp, line 773]
Event: 56.504 Thread 0x000001dffe805000 Exception <a 'java/lang/NoSuchMethodError'{0x00000000890bf800}: 'java.lang.Object java.lang.invoke.Invokers$Holder.linkToTargetMethod(java.lang.Object, java.lang.Object, java.lang.Object, java.lang.Object, java.lang.Object, java.lang.Object, java.lang.Object, java.lang.Object)'> (0x00000000890bf800) thrown at [./src/hotspot/share/interpreter/linkResolver.cpp, line 773]
Event: 56.601 Thread 0x000001dffe805000 Exception <a 'java/lang/NoSuchMethodError'{0x0000000088c4cb38}: 'java.lang.Object java.lang.invoke.Invokers$Holder.linkToTargetMethod(java.lang.Object, java.lang.Object, java.lang.Object, java.lang.Object, java.lang.Object, java.lang.Object, java.lang.Object)'> (0x0000000088c4cb38) thrown at [./src/hotspot/share/interpreter/linkResolver.cpp, line 773]
Event: 56.820 Thread 0x000001dffe805000 Exception <a 'java/lang/NoSuchMethodError'{0x0000000089c26848}: 'java.lang.Object java.lang.invoke.DirectMethodHandle$Holder.invokeVirtual(java.lang.Object, java.lang.Object, int, java.lang.Object)'> (0x0000000089c26848) thrown at [./src/hotspot/share/interpreter/linkResolver.cpp, line 773]
Event: 56.965 Thread 0x000001dffe805000 Exception <a 'java/lang/NoSuchMethodError'{0x0000000089710600}: 'void java.lang.invoke.DirectMethodHandle$Holder.invokeVirtual(java.lang.Object, java.lang.Object, int, java.lang.Object)'> (0x0000000089710600) thrown at [./src/hotspot/share/interpreter/linkResolver.cpp, line 773]
Event: 58.470 Thread 0x000001dffe803800 Exception <a 'java/lang/NoSuchMethodError'{0x000000008b2f27c8}: 'java.lang.Object java.lang.invoke.DirectMethodHandle$Holder.invokeInterface(java.lang.Object, java.lang.Object, int)'> (0x000000008b2f27c8) thrown at [./src/hotspot/share/interpreter/linkResolver.cpp, line 773]
Event: 59.550 Thread 0x000001dffe805000 Exception <a 'java/lang/IncompatibleClassChangeError'{0x000000008b423998}: Found class java.lang.Object, but interface was expected> (0x000000008b423998) thrown at [./src/hotspot/share/interpreter/linkResolver.cpp, line 839]
Event: 59.708 Thread 0x000001dffe805000 Exception <a 'java/lang/NoSuchMethodError'{0x000000008b0928c0}: 'void java.lang.invoke.DirectMethodHandle$Holder.invokeSpecial(java.lang.Object, java.lang.Object, int, java.lang.Object, java.lang.Object, java.lang.Object, java.lang.Object)'> (0x000000008b0928c0) thrown at [./src/hotspot/share/interpreter/linkResolver.cpp, line 773]
Event: 59.709 Thread 0x000001dffe805000 Exception <a 'java/lang/NoSuchMethodError'{0x000000008b09e4c0}: 'java.lang.Object java.lang.invoke.Invokers$Holder.linkToTargetMethod(java.lang.Object, int, java.lang.Object, java.lang.Object, java.lang.Object, java.lang.Object)'> (0x000000008b09e4c0) thrown at [./src/hotspot/share/interpreter/linkResolver.cpp, line 773]
Event: 59.710 Thread 0x000001dffe805000 Exception <a 'java/lang/NoSuchMethodError'{0x000000008b0a2970}: 'void java.lang.invoke.DirectMethodHandle$Holder.invokeSpecial(java.lang.Object, java.lang.Object, java.lang.Object, java.lang.Object, java.lang.Object, java.lang.Object, java.lang.Object, java.lang.Object, java.lang.Object)'> (0x000000008b0a2970) thrown at [./src/hotspot/share/interpreter/linkResolver.cpp, line 773]
Event: 59.714 Thread 0x000001dffe805000 Exception <a 'java/lang/NoSuchMethodError'{0x000000008af392f8}: 'void java.lang.invoke.DirectMethodHandle$Holder.invokeStatic(java.lang.Object, java.lang.Object, java.lang.Object, java.lang.Object, java.lang.Object, java.lang.Object, java.lang.Object, java.lang.Object)'> (0x000000008af392f8) thrown at [./src/hotspot/share/interpreter/linkResolver.cpp, line 773]
Event: 59.902 Thread 0x000001dffe805000 Exception <a 'java/lang/IncompatibleClassChangeError'{0x000000008a65ea70}: Found class java.lang.Object, but interface was expected> (0x000000008a65ea70) thrown at [./src/hotspot/share/interpreter/linkResolver.cpp, line 839]
Event: 60.220 Thread 0x000001dffe805000 Exception <a 'java/lang/NoSuchMethodError'{0x000000008c15bad8}: 'void java.lang.invoke.DirectMethodHandle$Holder.invokeVirtual(java.lang.Object, java.lang.Object, int)'> (0x000000008c15bad8) thrown at [./src/hotspot/share/interpreter/linkResolver.cpp, line 773]
Event: 60.367 Thread 0x000001dffe805000 Exception <a 'sun/nio/fs/WindowsException'{0x000000008bca3978}> (0x000000008bca3978) thrown at [./src/hotspot/share/prims/jni.cpp, line 615]
Event: 60.835 Thread 0x000001dffe805000 Exception <a 'sun/nio/fs/WindowsException'{0x0000000089e3cac0}> (0x0000000089e3cac0) thrown at [./src/hotspot/share/prims/jni.cpp, line 615]

Events (20 events):
Event: 61.557 loading class com/android/tools/r8/code/V0 done
Event: 61.557 loading class com/android/tools/r8/code/V0
Event: 61.557 loading class com/android/tools/r8/code/V0 done
Event: 61.557 loading class com/android/tools/r8/code/V0
Event: 61.557 loading class com/android/tools/r8/code/V0 done
Event: 61.558 loading class com/android/tools/r8/code/V0
Event: 61.558 loading class com/android/tools/r8/code/V0 done
Event: 61.558 loading class com/android/tools/r8/code/V0
Event: 61.558 loading class com/android/tools/r8/code/V0 done
Event: 61.558 loading class com/android/tools/r8/code/V0
Event: 61.558 loading class com/android/tools/r8/code/V0 done
Event: 61.558 loading class com/android/tools/r8/code/V0
Event: 61.558 loading class com/android/tools/r8/code/V0 done
Event: 61.595 loading class com/android/tools/r8/code/d2
Event: 61.595 loading class com/android/tools/r8/code/d2 done
Event: 61.596 loading class com/android/tools/r8/code/e2
Event: 61.596 loading class com/android/tools/r8/code/e2 done
Event: 61.648 loading class com/android/tools/r8/ir/regalloc/a
Event: 61.648 loading class com/android/tools/r8/ir/regalloc/a done
Event: 61.672 Executing VM operation: G1CollectForAllocation


Dynamic libraries:
0x00007ff744330000 - 0x00007ff74433a000 	C:\Program Files\Android\Android Studio\jre\bin\java.exe
0x00007ffc38620000 - 0x00007ffc38810000 	C:\Windows\SYSTEM32\ntdll.dll
0x00007ffc37e20000 - 0x00007ffc37ed2000 	C:\Windows\System32\KERNEL32.DLL
0x00007ffc356c0000 - 0x00007ffc35965000 	C:\Windows\System32\KERNELBASE.dll
0x00007ffc355c0000 - 0x00007ffc356ba000 	C:\Windows\System32\ucrtbase.dll
0x00007ffc2c340000 - 0x00007ffc2c357000 	C:\Program Files\Android\Android Studio\jre\bin\VCRUNTIME140.dll
0x00007ffc2c320000 - 0x00007ffc2c339000 	C:\Program Files\Android\Android Studio\jre\bin\jli.dll
0x00007ffc37330000 - 0x00007ffc374c4000 	C:\Windows\System32\USER32.dll
0x00007ffc36600000 - 0x00007ffc36621000 	C:\Windows\System32\win32u.dll
0x00007ffc2f150000 - 0x00007ffc2f3d4000 	C:\Windows\WinSxS\amd64_microsoft.windows.common-controls_6595b64144ccf1df_6.0.18362.1556_none_9e7e372fe45e41d5\COMCTL32.dll
0x00007ffc36aa0000 - 0x00007ffc36ac6000 	C:\Windows\System32\GDI32.dll
0x00007ffc36a00000 - 0x00007ffc36a9e000 	C:\Windows\System32\msvcrt.dll
0x00007ffc35b30000 - 0x00007ffc35cc8000 	C:\Windows\System32\gdi32full.dll
0x00007ffc36630000 - 0x00007ffc366ce000 	C:\Windows\System32\msvcp_win.dll
0x00007ffc36f10000 - 0x00007ffc37246000 	C:\Windows\System32\combase.dll
0x00007ffc374d0000 - 0x00007ffc375ef000 	C:\Windows\System32\RPCRT4.dll
0x00007ffc35aa0000 - 0x00007ffc35b21000 	C:\Windows\System32\bcryptPrimitives.dll
0x00007ffc38510000 - 0x00007ffc3853e000 	C:\Windows\System32\IMM32.DLL
0x00007ffc18070000 - 0x00007ffc1810d000 	C:\Program Files\Android\Android Studio\jre\bin\msvcp140.dll
0x00007ffbfede0000 - 0x00007ffbff8af000 	C:\Program Files\Android\Android Studio\jre\bin\server\jvm.dll
0x00007ffc36ad0000 - 0x00007ffc36b73000 	C:\Windows\System32\ADVAPI32.dll
0x00007ffc38540000 - 0x00007ffc385d7000 	C:\Windows\System32\sechost.dll
0x00007ffc37250000 - 0x00007ffc37258000 	C:\Windows\System32\PSAPI.DLL
0x00007ffc1bb00000 - 0x00007ffc1bb09000 	C:\Windows\SYSTEM32\WSOCK32.dll
0x00007ffc36e20000 - 0x00007ffc36e8f000 	C:\Windows\System32\WS2_32.dll
0x00007ffc32160000 - 0x00007ffc32184000 	C:\Windows\SYSTEM32\WINMM.dll
0x00007ffc25660000 - 0x00007ffc2566a000 	C:\Windows\SYSTEM32\VERSION.dll
0x00007ffc32130000 - 0x00007ffc3215d000 	C:\Windows\SYSTEM32\winmmbase.dll
0x00007ffc365b0000 - 0x00007ffc365fa000 	C:\Windows\System32\cfgmgr32.dll
0x00007ffc354e0000 - 0x00007ffc354f1000 	C:\Windows\System32\kernel.appcore.dll
0x00007ffc2afb0000 - 0x00007ffc2afc1000 	C:\Program Files\Android\Android Studio\jre\bin\verify.dll
0x00007ffc23900000 - 0x00007ffc23af4000 	C:\Windows\SYSTEM32\DBGHELP.DLL
0x00007ffc237b0000 - 0x00007ffc237da000 	C:\Windows\SYSTEM32\dbgcore.DLL
0x00007ffc285c0000 - 0x00007ffc285e9000 	C:\Program Files\Android\Android Studio\jre\bin\java.dll
0x00007ffc2c930000 - 0x00007ffc2c93b000 	C:\Program Files\Android\Android Studio\jre\bin\jimage.dll
0x00007ffc28800000 - 0x00007ffc28818000 	C:\Program Files\Android\Android Studio\jre\bin\zip.dll
0x00007ffc37720000 - 0x00007ffc37e07000 	C:\Windows\System32\SHELL32.dll
0x00007ffc368a0000 - 0x00007ffc36948000 	C:\Windows\System32\shcore.dll
0x00007ffc35cd0000 - 0x00007ffc3644b000 	C:\Windows\System32\windows.storage.dll
0x00007ffc35550000 - 0x00007ffc3556e000 	C:\Windows\System32\profapi.dll
0x00007ffc35500000 - 0x00007ffc3554a000 	C:\Windows\System32\powrprof.dll
0x00007ffc354d0000 - 0x00007ffc354e0000 	C:\Windows\System32\UMPDC.dll
0x00007ffc36830000 - 0x00007ffc36882000 	C:\Windows\System32\shlwapi.dll
0x00007ffc359d0000 - 0x00007ffc359e7000 	C:\Windows\System32\cryptsp.dll
0x00007ffc28290000 - 0x00007ffc282aa000 	C:\Program Files\Android\Android Studio\jre\bin\net.dll
0x00007ffc29510000 - 0x00007ffc2960a000 	C:\Windows\SYSTEM32\WINHTTP.dll
0x00007ffc34cb0000 - 0x00007ffc34d17000 	C:\Windows\system32\mswsock.dll
0x00007ffc28270000 - 0x00007ffc28284000 	C:\Program Files\Android\Android Studio\jre\bin\nio.dll
0x00007ffc2c3c0000 - 0x00007ffc2c3e7000 	C:\Users\Admin\.gradle\native\8bec1ad78214c89d9ad589b4d07fe93259594b29d510b10fafb7a158f7737e5d\windows-amd64\native-platform.dll
0x00007ffc28380000 - 0x00007ffc284bd000 	C:\Users\Admin\.gradle\native\53dbd7edfb1c66fb8903c78663c9afc45aea4f116125fa6feffd364cf09443e8\windows-amd64\native-platform-file-events.dll
0x00007ffc29890000 - 0x00007ffc2989a000 	C:\Program Files\Android\Android Studio\jre\bin\management.dll
0x00007ffc28d20000 - 0x00007ffc28d2c000 	C:\Program Files\Android\Android Studio\jre\bin\management_ext.dll
0x00007ffc34830000 - 0x00007ffc34863000 	C:\Windows\system32\rsaenh.dll
0x00007ffc35590000 - 0x00007ffc355b6000 	C:\Windows\System32\bcrypt.dll
0x00007ffc353c0000 - 0x00007ffc353e5000 	C:\Windows\SYSTEM32\USERENV.dll
0x00007ffc34e80000 - 0x00007ffc34e8c000 	C:\Windows\SYSTEM32\CRYPTBASE.dll
0x00007ffc349c0000 - 0x00007ffc349fa000 	C:\Windows\SYSTEM32\IPHLPAPI.DLL
0x00007ffc36890000 - 0x00007ffc36898000 	C:\Windows\System32\NSI.dll
0x00007ffc2da90000 - 0x00007ffc2daa6000 	C:\Windows\SYSTEM32\dhcpcsvc6.DLL
0x00007ffc2dad0000 - 0x00007ffc2daec000 	C:\Windows\SYSTEM32\dhcpcsvc.DLL
0x00007ffc34a00000 - 0x00007ffc34acb000 	C:\Windows\SYSTEM32\DNSAPI.dll
0x00007ffc0f6c0000 - 0x00007ffc0f864000 	C:\Program Files\Android\Android Studio\jre\bin\awt.dll
0x00007ffc375f0000 - 0x00007ffc376b5000 	C:\Windows\System32\OLEAUT32.dll
0x00007ffc33c30000 - 0x00007ffc33c5d000 	C:\Windows\SYSTEM32\dwmapi.dll
0x00007ffc336c0000 - 0x00007ffc3374f000 	C:\Windows\SYSTEM32\apphelp.dll
0x00007ffc33810000 - 0x00007ffc338a9000 	C:\Windows\system32\uxtheme.dll

dbghelp: loaded successfully - version: 4.0.5 - missing functions: none
symbol engine: initialized successfully - sym options: 0x614 - pdb path: .;C:\Program Files\Android\Android Studio\jre\bin;C:\Windows\SYSTEM32;C:\Windows\WinSxS\amd64_microsoft.windows.common-controls_6595b64144ccf1df_6.0.18362.1556_none_9e7e372fe45e41d5;C:\Program Files\Android\Android Studio\jre\bin\server;C:\Users\Admin\.gradle\native\8bec1ad78214c89d9ad589b4d07fe93259594b29d510b10fafb7a158f7737e5d\windows-amd64;C:\Users\Admin\.gradle\native\53dbd7edfb1c66fb8903c78663c9afc45aea4f116125fa6feffd364cf09443e8\windows-amd64

VM Arguments:
jvm_args: --add-opens=java.base/java.util=ALL-UNNAMED --add-opens=java.base/java.lang=ALL-UNNAMED --add-opens=java.base/java.lang.invoke=ALL-UNNAMED --add-opens=java.base/java.util=ALL-UNNAMED --add-opens=java.prefs/java.util.prefs=ALL-UNNAMED --add-opens=java.prefs/java.util.prefs=ALL-UNNAMED --add-opens=java.base/java.nio.charset=ALL-UNNAMED --add-opens=java.base/java.net=ALL-UNNAMED --add-opens=java.base/java.util.concurrent.atomic=ALL-UNNAMED -Xmx2048m -Dfile.encoding=UTF-8 -Duser.country=US -Duser.language=en -Duser.variant 
java_command: org.gradle.launcher.daemon.bootstrap.GradleDaemon 7.0.2
java_class_path (initial): C:\Users\Admin\.gradle\wrapper\dists\gradle-7.0.2-bin\857tjihv64xamwrf0h14cai3r\gradle-7.0.2\lib\gradle-launcher-7.0.2.jar
Launcher Type: SUN_STANDARD

[Global flags]
     intx CICompilerCount                          = 3                                         {product} {ergonomic}
     uint ConcGCThreads                            = 1                                         {product} {ergonomic}
     uint G1ConcRefinementThreads                  = 4                                         {product} {ergonomic}
   size_t G1HeapRegionSize                         = 1048576                                   {product} {ergonomic}
    uintx GCDrainStackTargetSize                   = 64                                        {product} {ergonomic}
   size_t InitialHeapSize                          = 67108864                                  {product} {ergonomic}
   size_t MarkStackSize                            = 4194304                                   {product} {ergonomic}
   size_t MaxHeapSize                              = 2147483648                                {product} {command line}
   size_t MaxNewSize                               = 1287651328                                {product} {ergonomic}
   size_t MinHeapDeltaBytes                        = 1048576                                   {product} {ergonomic}
    uintx NonNMethodCodeHeapSize                   = 5830732                                {pd product} {ergonomic}
    uintx NonProfiledCodeHeapSize                  = 122913754                              {pd product} {ergonomic}
    uintx ProfiledCodeHeapSize                     = 122913754                              {pd product} {ergonomic}
    uintx ReservedCodeCacheSize                    = 251658240                              {pd product} {ergonomic}
     bool SegmentedCodeCache                       = true                                      {product} {ergonomic}
     bool UseCompressedClassPointers               = true                                 {lp64_product} {ergonomic}
     bool UseCompressedOops                        = true                                 {lp64_product} {ergonomic}
     bool UseG1GC                                  = true                                      {product} {ergonomic}
     bool UseLargePagesIndividualAllocation        = false                                  {pd product} {ergonomic}

Logging:
Log output configuration:
 #0: stdout all=warning uptime,level,tags
 #1: stderr all=off uptime,level,tags

Environment Variables:
PATH=C:\Windows\system32;C:\Windows;C:\Windows\System32\Wbem;C:\Windows\System32\WindowsPowerShell\v1.0\;C:\Windows\System32\OpenSSH\;C:\Program Files (x86)\ATI Technologies\ATI.ACE\Core-Static;C:\Program Files\Git\cmd;C:\Users\Admin\AppData\Local\Microsoft\WindowsApps;;C:\Users\Admin\AppData\Local\Programs\Microsoft VS Code\bin
USERNAME=Admin
OS=Windows_NT
PROCESSOR_IDENTIFIER=Intel64 Family 6 Model 58 Stepping 9, GenuineIntel



---------------  S Y S T E M  ---------------

OS: Windows 10 , 64 bit Build 18362 (10.0.18362.1500)
OS uptime: 1 days 1:46 hours

CPU:total 4 (initial active 4) (2 cores per cpu, 2 threads per core) family 6 model 58 stepping 9 microcode 0x21, cmov, cx8, fxsr, mmx, sse, sse2, sse3, ssse3, sse4.1, sse4.2, popcnt, avx, aes, clmul, erms, ht, tsc, tscinvbit, tscinv

Memory: 4k page, system-wide physical 3968M (89M free)
TotalPageFile size 7968M (AvailPageFile size 17M)
current process WorkingSet (physical memory assigned to process): 430M, peak: 460M
current process commit charge ("private bytes"): 535M, peak: 574M

vm_info: OpenJDK 64-Bit Server VM (11.0.10+0-b96-7249189) for windows-amd64 JRE (11.0.10+0-b96-7249189), built on Mar 31 2021 21:44:00 by "builder" with MS VC++ 14.0 (VS2015)

END.
