#
# There is insufficient memory for the Java Runtime Environment to continue.
# Native memory allocation (malloc) failed to allocate 913776 bytes for Chunk::new
# Possible reasons:
#   The system is out of physical RAM or swap space
#   The process is running with CompressedOops enabled, and the Java Heap may be blocking the growth of the native heap
# Possible solutions:
#   Reduce memory load on the system
#   Increase physical memory or swap space
#   Check if swap backing store is full
#   Decrease Java heap size (-Xmx/-Xms)
#   Decrease number of Java threads
#   Decrease Java thread stack sizes (-Xss)
#   Set larger code cache with -XX:ReservedCodeCacheSize=
#   JVM is running with Unscaled Compressed Oops mode in which the Java heap is
#     placed in the first 4GB address space. The Java Heap base address is the
#     maximum limit for the native heap growth. Please use -XX:HeapBaseMinAddress
#     to set the Java Heap base and to place the Java Heap above 4GB virtual address.
# This output file may be truncated or incomplete.
#
#  Out of Memory Error (./src/hotspot/share/memory/arena.cpp:197), pid=8876, tid=8332
#
# JRE version: OpenJDK Runtime Environment (11.0.10) (build 11.0.10+0-b96-7249189)
# Java VM: OpenJDK 64-Bit Server VM (11.0.10+0-b96-7249189, mixed mode, tiered, compressed oops, g1 gc, windows-amd64)
# No core dump will be written. Minidumps are not enabled by default on client versions of Windows
#

---------------  S U M M A R Y ------------

Command Line: --add-opens=java.base/java.util=ALL-UNNAMED --add-opens=java.base/java.lang=ALL-UNNAMED --add-opens=java.base/java.lang.invoke=ALL-UNNAMED --add-opens=java.base/java.util=ALL-UNNAMED --add-opens=java.prefs/java.util.prefs=ALL-UNNAMED --add-opens=java.prefs/java.util.prefs=ALL-UNNAMED --add-opens=java.base/java.nio.charset=ALL-UNNAMED --add-opens=java.base/java.net=ALL-UNNAMED --add-opens=java.base/java.util.concurrent.atomic=ALL-UNNAMED -Xmx2048m -Dfile.encoding=UTF-8 -Duser.country=US -Duser.language=en -Duser.variant org.gradle.launcher.daemon.bootstrap.GradleDaemon 7.0.2

Host: Intel(R) Core(TM) i5-3210M CPU @ 2.50GHz, 4 cores, 3G,  Windows 10 , 64 bit Build 18362 (10.0.18362.1500)
Time: Wed Oct  6 00:22:58 2021 SE Asia Standard Time elapsed time: 22.407663 seconds (0d 0h 0m 22s)

---------------  T H R E A D  ---------------

Current thread (0x000001bb225dd800):  JavaThread "C2 CompilerThread0" daemon [_thread_in_native, id=8332, stack(0x000000b5bbd00000,0x000000b5bbe00000)]


Current CompileTask:
C2:  22407 8065       4       java.io.WinNTFileSystem::normalize (143 bytes)

Stack: [0x000000b5bbd00000,0x000000b5bbe00000]
Native frames: (J=compiled Java code, j=interpreted, Vv=VM code, C=native code)
V  [jvm.dll+0x5ecfaa]
V  [jvm.dll+0x722bd5]
V  [jvm.dll+0x72412d]
V  [jvm.dll+0x7247e3]
V  [jvm.dll+0x242928]
V  [jvm.dll+0xbc4fc]
V  [jvm.dll+0xbca0c]
V  [jvm.dll+0x352d7d]
V  [jvm.dll+0x320ad3]
V  [jvm.dll+0x31ffca]
V  [jvm.dll+0x1fb602]
V  [jvm.dll+0x1fa7f4]
V  [jvm.dll+0x18354c]
V  [jvm.dll+0x208ee7]
V  [jvm.dll+0x207731]
V  [jvm.dll+0x6eb1cf]
V  [jvm.dll+0x6e3d45]
V  [jvm.dll+0x5ebe96]
C  [ucrtbase.dll+0x210b2]
C  [KERNEL32.DLL+0x17c24]
C  [ntdll.dll+0x6d721]


---------------  P R O C E S S  ---------------

Threads class SMR info:
_java_thread_list=0x000001bb28ddc9d0, length=49, elements={
0x000001bb080be000, 0x000001bb21c5c000, 0x000001bb21c5f800, 0x000001bb225d2800,
0x000001bb225d6800, 0x000001bb225d8800, 0x000001bb225dd800, 0x000001bb21cc0800,
0x000001bb21cce000, 0x000001bb22724800, 0x000001bb247a7000, 0x000001bb23b39800,
0x000001bb246fb000, 0x000001bb245c1000, 0x000001bb245c2000, 0x000001bb24bd7800,
0x000001bb24f34800, 0x000001bb24f1f800, 0x000001bb240d8000, 0x000001bb24f29000,
0x000001bb24f2b000, 0x000001bb24f2a000, 0x000001bb24f2b800, 0x000001bb24f2c800,
0x000001bb24f2d000, 0x000001bb24f2e000, 0x000001bb24f28800, 0x000001bb24f2f000,
0x000001bb228d4000, 0x000001bb228d2800, 0x000001bb228d5800, 0x000001bb228d6800,
0x000001bb228d7000, 0x000001bb228d1800, 0x000001bb228d9800, 0x000001bb228dd000,
0x000001bb228da800, 0x000001bb228dd800, 0x000001bb228d8000, 0x000001bb228de800,
0x000001bb228dc000, 0x000001bb228d9000, 0x000001bb228df800, 0x000001bb228e0000,
0x000001bb24e5f000, 0x000001bb24e5c800, 0x000001bb24e60800, 0x000001bb24e61000,
0x000001bb24e5b800
}

Java Threads: ( => current thread )
  0x000001bb080be000 JavaThread "main" [_thread_blocked, id=5916, stack(0x000000b5bb100000,0x000000b5bb200000)]
  0x000001bb21c5c000 JavaThread "Reference Handler" daemon [_thread_blocked, id=10052, stack(0x000000b5bb800000,0x000000b5bb900000)]
  0x000001bb21c5f800 JavaThread "Finalizer" daemon [_thread_blocked, id=3032, stack(0x000000b5bb900000,0x000000b5bba00000)]
  0x000001bb225d2800 JavaThread "Signal Dispatcher" daemon [_thread_blocked, id=8316, stack(0x000000b5bba00000,0x000000b5bbb00000)]
  0x000001bb225d6800 JavaThread "Attach Listener" daemon [_thread_blocked, id=10072, stack(0x000000b5bbb00000,0x000000b5bbc00000)]
  0x000001bb225d8800 JavaThread "Service Thread" daemon [_thread_blocked, id=1276, stack(0x000000b5bbc00000,0x000000b5bbd00000)]
=>0x000001bb225dd800 JavaThread "C2 CompilerThread0" daemon [_thread_in_native, id=8332, stack(0x000000b5bbd00000,0x000000b5bbe00000)]
  0x000001bb21cc0800 JavaThread "C1 CompilerThread0" daemon [_thread_blocked, id=7068, stack(0x000000b5bbe00000,0x000000b5bbf00000)]
  0x000001bb21cce000 JavaThread "Sweeper thread" daemon [_thread_blocked, id=4588, stack(0x000000b5bbf00000,0x000000b5bc000000)]
  0x000001bb22724800 JavaThread "Common-Cleaner" daemon [_thread_blocked, id=5832, stack(0x000000b5bc000000,0x000000b5bc100000)]
  0x000001bb247a7000 JavaThread "Daemon health stats" [_thread_blocked, id=9480, stack(0x000000b5bc400000,0x000000b5bc500000)]
  0x000001bb23b39800 JavaThread "Incoming local TCP Connector on port 53899" [_thread_in_native, id=4448, stack(0x000000b5bc200000,0x000000b5bc300000)]
  0x000001bb246fb000 JavaThread "Daemon periodic checks" [_thread_blocked, id=7816, stack(0x000000b5bc700000,0x000000b5bc800000)]
  0x000001bb245c1000 JavaThread "Daemon" [_thread_blocked, id=3100, stack(0x000000b5bc800000,0x000000b5bc900000)]
  0x000001bb245c2000 JavaThread "Handler for socket connection from /127.0.0.1:53899 to /127.0.0.1:53900" [_thread_in_native, id=5168, stack(0x000000b5bc900000,0x000000b5bca00000)]
  0x000001bb24bd7800 JavaThread "Cancel handler" [_thread_blocked, id=3132, stack(0x000000b5bca00000,0x000000b5bcb00000)]
  0x000001bb24f34800 JavaThread "Daemon worker" [_thread_blocked, id=5044, stack(0x000000b5bcb00000,0x000000b5bcc00000)]
  0x000001bb24f1f800 JavaThread "Asynchronous log dispatcher for DefaultDaemonConnection: socket connection from /127.0.0.1:53899 to /127.0.0.1:53900" [_thread_blocked, id=7348, stack(0x000000b5bcc00000,0x000000b5bcd00000)]
  0x000001bb240d8000 JavaThread "Stdin handler" [_thread_blocked, id=7996, stack(0x000000b5bcd00000,0x000000b5bce00000)]
  0x000001bb24f29000 JavaThread "Daemon client event forwarder" [_thread_blocked, id=9240, stack(0x000000b5bce00000,0x000000b5bcf00000)]
  0x000001bb24f2b000 JavaThread "Cache worker for file hash cache (C:\Users\Admin\.gradle\caches\7.0.2\fileHashes)" [_thread_in_Java, id=8536, stack(0x000000b5bcf00000,0x000000b5bd000000)]
  0x000001bb24f2a000 JavaThread "File lock request listener" [_thread_in_native, id=6216, stack(0x000000b5bd000000,0x000000b5bd100000)]
  0x000001bb24f2b800 JavaThread "Cache worker for journal cache (C:\Users\Admin\.gradle\caches\journal-1)" [_thread_blocked, id=6752, stack(0x000000b5bd100000,0x000000b5bd200000)]
  0x000001bb24f2c800 JavaThread "Cache worker for file hash cache (D:\USTHMobile\androiddev2022\USTHMobile\.gradle\7.0.2\fileHashes)" [_thread_blocked, id=5344, stack(0x000000b5bd200000,0x000000b5bd300000)]
  0x000001bb24f2d000 JavaThread "File watcher server" daemon [_thread_in_native, id=200, stack(0x000000b5bd300000,0x000000b5bd400000)]
  0x000001bb24f2e000 JavaThread "File watcher consumer" daemon [_thread_in_native, id=7676, stack(0x000000b5bd400000,0x000000b5bd500000)]
  0x000001bb24f28800 JavaThread "Cache worker for checksums cache (D:\USTHMobile\androiddev2022\USTHMobile\.gradle\checksums)" [_thread_blocked, id=7000, stack(0x000000b5bd500000,0x000000b5bd600000)]
  0x000001bb24f2f000 JavaThread "Cache worker for cache directory md-supplier (C:\Users\Admin\.gradle\caches\7.0.2\md-supplier)" [_thread_blocked, id=2364, stack(0x000000b5bd600000,0x000000b5bd700000)]
  0x000001bb228d4000 JavaThread "Cache worker for cache directory md-rule (C:\Users\Admin\.gradle\caches\7.0.2\md-rule)" [_thread_blocked, id=9020, stack(0x000000b5bd700000,0x000000b5bd800000)]
  0x000001bb228d2800 JavaThread "Cache worker for execution history cache (C:\Users\Admin\.gradle\caches\7.0.2\executionHistory)" [_thread_blocked, id=5440, stack(0x000000b5bd800000,0x000000b5bd900000)]
  0x000001bb228d5800 JavaThread "jar transforms" [_thread_blocked, id=3808, stack(0x000000b5bd900000,0x000000b5bda00000)]
  0x000001bb228d6800 JavaThread "jar transforms Thread 2" [_thread_blocked, id=3972, stack(0x000000b5bda00000,0x000000b5bdb00000)]
  0x000001bb228d7000 JavaThread "Cache worker for file content cache (C:\Users\Admin\.gradle\caches\7.0.2\fileContent)" [_thread_blocked, id=9776, stack(0x000000b5bdb00000,0x000000b5bdc00000)]
  0x000001bb228d1800 JavaThread "Cache worker for dependencies-accessors (D:\USTHMobile\androiddev2022\USTHMobile\.gradle\7.0.2\dependencies-accessors)" [_thread_blocked, id=7464, stack(0x000000b5bdc00000,0x000000b5bdd00000)]
  0x000001bb228d9800 JavaThread "jar transforms Thread 3" [_thread_blocked, id=6092, stack(0x000000b5bdd00000,0x000000b5bde00000)]
  0x000001bb228dd000 JavaThread "Cache worker for Build Output Cleanup Cache (D:\USTHMobile\androiddev2022\USTHMobile\.gradle\buildOutputCleanup)" [_thread_blocked, id=6844, stack(0x000000b5bde00000,0x000000b5bdf00000)]
  0x000001bb228da800 JavaThread "Build operations" [_thread_blocked, id=6340, stack(0x000000b5bdf00000,0x000000b5be000000)]
  0x000001bb228dd800 JavaThread "Build operations Thread 2" [_thread_blocked, id=2864, stack(0x000000b5be000000,0x000000b5be100000)]
  0x000001bb228d8000 JavaThread "Build operations Thread 3" [_thread_blocked, id=4580, stack(0x000000b5be100000,0x000000b5be200000)]
  0x000001bb228de800 JavaThread "Build operations Thread 4" [_thread_blocked, id=10148, stack(0x000000b5be200000,0x000000b5be300000)]
  0x000001bb228dc000 JavaThread "jar transforms Thread 4" [_thread_blocked, id=6504, stack(0x000000b5be300000,0x000000b5be400000)]
  0x000001bb228d9000 JavaThread "Memory manager" [_thread_blocked, id=3820, stack(0x000000b5be400000,0x000000b5be500000)]
  0x000001bb228df800 JavaThread "build event listener" [_thread_blocked, id=3360, stack(0x000000b5be500000,0x000000b5be600000)]
  0x000001bb228e0000 JavaThread "pool-3-thread-1" [_thread_blocked, id=8960, stack(0x000000b5be600000,0x000000b5be700000)]
  0x000001bb24e5f000 JavaThread "build event listener" [_thread_blocked, id=4180, stack(0x000000b5be700000,0x000000b5be800000)]
  0x000001bb24e5c800 JavaThread "Execution worker for ':'" [_thread_in_Java, id=6808, stack(0x000000b5be800000,0x000000b5be900000)]
  0x000001bb24e60800 JavaThread "Execution worker for ':' Thread 2" [_thread_blocked, id=5904, stack(0x000000b5be900000,0x000000b5bea00000)]
  0x000001bb24e61000 JavaThread "Execution worker for ':' Thread 3" [_thread_blocked, id=7976, stack(0x000000b5bea00000,0x000000b5beb00000)]
  0x000001bb24e5b800 JavaThread "Cache worker for execution history cache (D:\USTHMobile\androiddev2022\USTHMobile\.gradle\7.0.2\executionHistory)" [_thread_blocked, id=7184, stack(0x000000b5beb00000,0x000000b5bec00000)]

Other Threads:
  0x000001bb21c58000 VMThread "VM Thread" [stack: 0x000000b5bb700000,0x000000b5bb800000] [id=8392]
  0x000001bb22751800 WatcherThread [stack: 0x000000b5bc100000,0x000000b5bc200000] [id=8672]
  0x000001bb080d6800 GCTaskThread "GC Thread#0" [stack: 0x000000b5bb200000,0x000000b5bb300000] [id=7324]
  0x000001bb230b7000 GCTaskThread "GC Thread#1" [stack: 0x000000b5bc300000,0x000000b5bc400000] [id=9952]
  0x000001bb2490a000 GCTaskThread "GC Thread#2" [stack: 0x000000b5bc500000,0x000000b5bc600000] [id=2980]
  0x000001bb25a24000 GCTaskThread "GC Thread#3" [stack: 0x000000b5bc600000,0x000000b5bc700000] [id=1996]
  0x000001bb08107000 ConcurrentGCThread "G1 Main Marker" [stack: 0x000000b5bb300000,0x000000b5bb400000] [id=2576]
  0x000001bb0810a800 ConcurrentGCThread "G1 Conc#0" [stack: 0x000000b5bb400000,0x000000b5bb500000] [id=9416]
  0x000001bb08167800 ConcurrentGCThread "G1 Refine#0" [stack: 0x000000b5bb500000,0x000000b5bb600000] [id=7884]
  0x000001bb08168800 ConcurrentGCThread "G1 Young RemSet Sampling" [stack: 0x000000b5bb600000,0x000000b5bb700000] [id=5132]

Threads with active compile tasks:
C2 CompilerThread0  22469 8065       4       java.io.WinNTFileSystem::normalize (143 bytes)

VM state:not at safepoint (normal execution)

VM Mutex/Monitor currently owned by a thread: None

Heap address: 0x0000000080000000, size: 2048 MB, Compressed Oops mode: 32-bit
Narrow klass base: 0x0000000000000000, Narrow klass shift: 3
Compressed class space size: 1073741824 Address: 0x0000000100000000

Heap:
 garbage-first heap   total 138240K, used 65022K [0x0000000080000000, 0x0000000100000000)
  region size 1024K, 5 young (5120K), 3 survivors (3072K)
 Metaspace       used 81120K, capacity 83153K, committed 83312K, reserved 1122304K
  class space    used 10489K, capacity 11213K, committed 11340K, reserved 1048576K
Heap Regions: E=young(eden), S=young(survivor), O=old, HS=humongous(starts), HC=humongous(continues), CS=collection set, F=free, A=archive, TAMS=top-at-mark-start (previous, next)
|   0|0x0000000080000000, 0x0000000080100000, 0x0000000080100000|100%| O|  |TAMS 0x0000000080100000, 0x0000000080000000| Untracked 
|   1|0x0000000080100000, 0x0000000080200000, 0x0000000080200000|100%| O|  |TAMS 0x0000000080200000, 0x0000000080100000| Untracked 
|   2|0x0000000080200000, 0x0000000080300000, 0x0000000080300000|100%| O|  |TAMS 0x0000000080300000, 0x0000000080200000| Untracked 
|   3|0x0000000080300000, 0x0000000080400000, 0x0000000080400000|100%|HS|  |TAMS 0x0000000080400000, 0x0000000080300000| Complete 
|   4|0x0000000080400000, 0x0000000080500000, 0x0000000080500000|100%|HC|  |TAMS 0x0000000080500000, 0x0000000080400000| Complete 
|   5|0x0000000080500000, 0x0000000080600000, 0x0000000080600000|100%|HC|  |TAMS 0x0000000080600000, 0x0000000080500000| Complete 
|   6|0x0000000080600000, 0x0000000080700000, 0x0000000080700000|100%| O|  |TAMS 0x0000000080700000, 0x0000000080600000| Untracked 
|   7|0x0000000080700000, 0x0000000080800000, 0x0000000080800000|100%| O|  |TAMS 0x0000000080800000, 0x0000000080700000| Untracked 
|   8|0x0000000080800000, 0x0000000080900000, 0x0000000080900000|100%| O|  |TAMS 0x0000000080900000, 0x0000000080800000| Untracked 
|   9|0x0000000080900000, 0x0000000080a00000, 0x0000000080a00000|100%| O|  |TAMS 0x0000000080a00000, 0x0000000080900000| Untracked 
|  10|0x0000000080a00000, 0x0000000080b00000, 0x0000000080b00000|100%| O|  |TAMS 0x0000000080b00000, 0x0000000080a00000| Untracked 
|  11|0x0000000080b00000, 0x0000000080c00000, 0x0000000080c00000|100%| O|  |TAMS 0x0000000080c00000, 0x0000000080b00000| Untracked 
|  12|0x0000000080c00000, 0x0000000080d00000, 0x0000000080d00000|100%| O|  |TAMS 0x0000000080d00000, 0x0000000080c00000| Untracked 
|  13|0x0000000080d00000, 0x0000000080e00000, 0x0000000080e00000|100%| O|  |TAMS 0x0000000080e00000, 0x0000000080d00000| Untracked 
|  14|0x0000000080e00000, 0x0000000080f00000, 0x0000000080f00000|100%| O|  |TAMS 0x0000000080f00000, 0x0000000080e00000| Untracked 
|  15|0x0000000080f00000, 0x0000000081000000, 0x0000000081000000|100%| O|  |TAMS 0x0000000081000000, 0x0000000080f00000| Untracked 
|  16|0x0000000081000000, 0x0000000081100000, 0x0000000081100000|100%| O|  |TAMS 0x0000000081100000, 0x0000000081000000| Untracked 
|  17|0x0000000081100000, 0x0000000081200000, 0x0000000081200000|100%| O|  |TAMS 0x0000000081200000, 0x0000000081100000| Untracked 
|  18|0x0000000081200000, 0x0000000081300000, 0x0000000081300000|100%| O|  |TAMS 0x0000000081300000, 0x0000000081200000| Untracked 
|  19|0x0000000081300000, 0x0000000081400000, 0x0000000081400000|100%| O|  |TAMS 0x0000000081400000, 0x0000000081300000| Untracked 
|  20|0x0000000081400000, 0x0000000081500000, 0x0000000081500000|100%| O|  |TAMS 0x0000000081500000, 0x0000000081400000| Untracked 
|  21|0x0000000081500000, 0x0000000081600000, 0x0000000081600000|100%| O|  |TAMS 0x0000000081600000, 0x0000000081500000| Untracked 
|  22|0x0000000081600000, 0x0000000081700000, 0x0000000081700000|100%|HS|  |TAMS 0x0000000081700000, 0x0000000081600000| Complete 
|  23|0x0000000081700000, 0x0000000081800000, 0x0000000081800000|100%| O|  |TAMS 0x0000000081800000, 0x0000000081700000| Untracked 
|  24|0x0000000081800000, 0x0000000081900000, 0x0000000081900000|100%| O|  |TAMS 0x0000000081900000, 0x0000000081800000| Untracked 
|  25|0x0000000081900000, 0x0000000081a00000, 0x0000000081a00000|100%| O|  |TAMS 0x0000000081a00000, 0x0000000081900000| Untracked 
|  26|0x0000000081a00000, 0x0000000081b00000, 0x0000000081b00000|100%| O|  |TAMS 0x0000000081b00000, 0x0000000081a00000| Untracked 
|  27|0x0000000081b00000, 0x0000000081c00000, 0x0000000081c00000|100%|HS|  |TAMS 0x0000000081c00000, 0x0000000081b00000| Complete 
|  28|0x0000000081c00000, 0x0000000081d00000, 0x0000000081d00000|100%|HS|  |TAMS 0x0000000081d00000, 0x0000000081c00000| Complete 
|  29|0x0000000081d00000, 0x0000000081e00000, 0x0000000081e00000|100%|HC|  |TAMS 0x0000000081e00000, 0x0000000081d00000| Complete 
|  30|0x0000000081e00000, 0x0000000081f00000, 0x0000000081f00000|100%| O|  |TAMS 0x0000000081f00000, 0x0000000081e00000| Untracked 
|  31|0x0000000081f00000, 0x0000000082000000, 0x0000000082000000|100%| O|  |TAMS 0x0000000082000000, 0x0000000081f00000| Untracked 
|  32|0x0000000082000000, 0x0000000082100000, 0x0000000082100000|100%| O|  |TAMS 0x0000000082100000, 0x0000000082000000| Untracked 
|  33|0x0000000082100000, 0x0000000082200000, 0x0000000082200000|100%| O|  |TAMS 0x0000000082200000, 0x0000000082100000| Untracked 
|  34|0x0000000082200000, 0x0000000082300000, 0x0000000082300000|100%| O|  |TAMS 0x0000000082300000, 0x0000000082200000| Untracked 
|  35|0x0000000082300000, 0x0000000082400000, 0x0000000082400000|100%| O|  |TAMS 0x0000000082400000, 0x0000000082300000| Untracked 
|  36|0x0000000082400000, 0x0000000082500000, 0x0000000082500000|100%| O|  |TAMS 0x0000000082500000, 0x0000000082400000| Untracked 
|  37|0x0000000082500000, 0x0000000082600000, 0x0000000082600000|100%| O|  |TAMS 0x0000000082600000, 0x0000000082500000| Untracked 
|  38|0x0000000082600000, 0x0000000082700000, 0x0000000082700000|100%| O|  |TAMS 0x0000000082700000, 0x0000000082600000| Untracked 
|  39|0x0000000082700000, 0x0000000082800000, 0x0000000082800000|100%| O|  |TAMS 0x0000000082800000, 0x0000000082700000| Untracked 
|  40|0x0000000082800000, 0x0000000082900000, 0x0000000082900000|100%| O|  |TAMS 0x0000000082900000, 0x0000000082800000| Untracked 
|  41|0x0000000082900000, 0x0000000082a00000, 0x0000000082a00000|100%| O|  |TAMS 0x0000000082a00000, 0x0000000082900000| Untracked 
|  42|0x0000000082a00000, 0x0000000082b00000, 0x0000000082b00000|100%| O|  |TAMS 0x0000000082b00000, 0x0000000082a00000| Untracked 
|  43|0x0000000082b00000, 0x0000000082c00000, 0x0000000082c00000|100%| O|  |TAMS 0x0000000082c00000, 0x0000000082b00000| Untracked 
|  44|0x0000000082c00000, 0x0000000082d00000, 0x0000000082d00000|100%| O|  |TAMS 0x0000000082d00000, 0x0000000082c00000| Untracked 
|  45|0x0000000082d00000, 0x0000000082e00000, 0x0000000082e00000|100%| O|  |TAMS 0x0000000082e00000, 0x0000000082d00000| Untracked 
|  46|0x0000000082e00000, 0x0000000082f00000, 0x0000000082f00000|100%| O|  |TAMS 0x0000000082f00000, 0x0000000082e00000| Untracked 
|  47|0x0000000082f00000, 0x0000000083000000, 0x0000000083000000|100%| O|  |TAMS 0x0000000083000000, 0x0000000082f00000| Untracked 
|  48|0x0000000083000000, 0x0000000083100000, 0x0000000083100000|100%| O|  |TAMS 0x0000000083100000, 0x0000000083000000| Untracked 
|  49|0x0000000083100000, 0x0000000083200000, 0x0000000083200000|100%| O|  |TAMS 0x0000000083200000, 0x0000000083100000| Untracked 
|  50|0x0000000083200000, 0x0000000083300000, 0x0000000083300000|100%| O|  |TAMS 0x0000000083300000, 0x0000000083200000| Untracked 
|  51|0x0000000083300000, 0x0000000083400000, 0x0000000083400000|100%| O|  |TAMS 0x0000000083400000, 0x0000000083300000| Untracked 
|  52|0x0000000083400000, 0x0000000083500000, 0x0000000083500000|100%| O|  |TAMS 0x0000000083500000, 0x0000000083400000| Untracked 
|  53|0x0000000083500000, 0x0000000083600000, 0x0000000083600000|100%| O|  |TAMS 0x0000000083600000, 0x0000000083500000| Untracked 
|  54|0x0000000083600000, 0x0000000083700000, 0x0000000083700000|100%| O|  |TAMS 0x00000000836bf800, 0x0000000083600000| Untracked 
|  55|0x0000000083700000, 0x0000000083800000, 0x0000000083800000|100%| O|  |TAMS 0x0000000083700000, 0x0000000083700000| Untracked 
|  56|0x0000000083800000, 0x0000000083900000, 0x0000000083900000|100%| O|  |TAMS 0x0000000083800000, 0x0000000083800000| Untracked 
|  57|0x0000000083900000, 0x0000000083a00000, 0x0000000083a00000|100%| O|  |TAMS 0x0000000083900000, 0x0000000083900000| Untracked 
|  58|0x0000000083a00000, 0x0000000083b00000, 0x0000000083b00000|100%| O|  |TAMS 0x0000000083a00000, 0x0000000083a00000| Untracked 
|  59|0x0000000083b00000, 0x0000000083bcd200, 0x0000000083c00000| 80%| O|  |TAMS 0x0000000083b00000, 0x0000000083b00000| Untracked 
|  60|0x0000000083c00000, 0x0000000083c00000, 0x0000000083d00000|  0%| F|  |TAMS 0x0000000083c00000, 0x0000000083c00000| Untracked 
|  61|0x0000000083d00000, 0x0000000083d00000, 0x0000000083e00000|  0%| F|  |TAMS 0x0000000083d00000, 0x0000000083d00000| Untracked 
|  62|0x0000000083e00000, 0x0000000083e00000, 0x0000000083f00000|  0%| F|  |TAMS 0x0000000083e00000, 0x0000000083e00000| Untracked 
|  63|0x0000000083f00000, 0x0000000083f00000, 0x0000000084000000|  0%| F|  |TAMS 0x0000000083f00000, 0x0000000083f00000| Untracked 
|  64|0x0000000084000000, 0x0000000084000000, 0x0000000084100000|  0%| F|  |TAMS 0x0000000084000000, 0x0000000084000000| Untracked 
|  65|0x0000000084100000, 0x0000000084100000, 0x0000000084200000|  0%| F|  |TAMS 0x0000000084100000, 0x0000000084100000| Untracked 
|  66|0x0000000084200000, 0x0000000084200000, 0x0000000084300000|  0%| F|  |TAMS 0x0000000084200000, 0x0000000084200000| Untracked 
|  67|0x0000000084300000, 0x0000000084300000, 0x0000000084400000|  0%| F|  |TAMS 0x0000000084300000, 0x0000000084300000| Untracked 
|  68|0x0000000084400000, 0x0000000084400000, 0x0000000084500000|  0%| F|  |TAMS 0x0000000084400000, 0x0000000084400000| Untracked 
|  69|0x0000000084500000, 0x0000000084500000, 0x0000000084600000|  0%| F|  |TAMS 0x0000000084500000, 0x0000000084500000| Untracked 
|  70|0x0000000084600000, 0x0000000084600000, 0x0000000084700000|  0%| F|  |TAMS 0x0000000084600000, 0x0000000084600000| Untracked 
|  71|0x0000000084700000, 0x0000000084700000, 0x0000000084800000|  0%| F|  |TAMS 0x0000000084700000, 0x0000000084700000| Untracked 
|  72|0x0000000084800000, 0x0000000084800000, 0x0000000084900000|  0%| F|  |TAMS 0x0000000084800000, 0x0000000084800000| Untracked 
|  73|0x0000000084900000, 0x00000000849b26c8, 0x0000000084a00000| 69%| S|CS|TAMS 0x0000000084900000, 0x0000000084900000| Complete 
|  74|0x0000000084a00000, 0x0000000084a00000, 0x0000000084b00000|  0%| F|  |TAMS 0x0000000084a00000, 0x0000000084a00000| Untracked 
|  75|0x0000000084b00000, 0x0000000084b00000, 0x0000000084c00000|  0%| F|  |TAMS 0x0000000084b00000, 0x0000000084b00000| Untracked 
|  76|0x0000000084c00000, 0x0000000084c00000, 0x0000000084d00000|  0%| F|  |TAMS 0x0000000084c00000, 0x0000000084c00000| Untracked 
|  77|0x0000000084d00000, 0x0000000084d00000, 0x0000000084e00000|  0%| F|  |TAMS 0x0000000084d00000, 0x0000000084d00000| Untracked 
|  78|0x0000000084e00000, 0x0000000084e00000, 0x0000000084f00000|  0%| F|  |TAMS 0x0000000084e00000, 0x0000000084e00000| Untracked 
|  79|0x0000000084f00000, 0x0000000085000000, 0x0000000085000000|100%| S|CS|TAMS 0x0000000084f00000, 0x0000000084f00000| Complete 
|  80|0x0000000085000000, 0x0000000085100000, 0x0000000085100000|100%| S|CS|TAMS 0x0000000085000000, 0x0000000085000000| Complete 
|  81|0x0000000085100000, 0x0000000085100000, 0x0000000085200000|  0%| F|  |TAMS 0x0000000085100000, 0x0000000085100000| Untracked 
|  82|0x0000000085200000, 0x0000000085200000, 0x0000000085300000|  0%| F|  |TAMS 0x0000000085200000, 0x0000000085200000| Untracked 
|  83|0x0000000085300000, 0x0000000085300000, 0x0000000085400000|  0%| F|  |TAMS 0x0000000085300000, 0x0000000085300000| Untracked 
|  84|0x0000000085400000, 0x0000000085400000, 0x0000000085500000|  0%| F|  |TAMS 0x0000000085400000, 0x0000000085400000| Untracked 
|  85|0x0000000085500000, 0x0000000085500000, 0x0000000085600000|  0%| F|  |TAMS 0x0000000085500000, 0x0000000085500000| Untracked 
|  86|0x0000000085600000, 0x0000000085600000, 0x0000000085700000|  0%| F|  |TAMS 0x0000000085600000, 0x0000000085600000| Untracked 
|  87|0x0000000085700000, 0x0000000085700000, 0x0000000085800000|  0%| F|  |TAMS 0x0000000085700000, 0x0000000085700000| Untracked 
|  88|0x0000000085800000, 0x0000000085800000, 0x0000000085900000|  0%| F|  |TAMS 0x0000000085800000, 0x0000000085800000| Untracked 
|  89|0x0000000085900000, 0x0000000085900000, 0x0000000085a00000|  0%| F|  |TAMS 0x0000000085900000, 0x0000000085900000| Untracked 
|  90|0x0000000085a00000, 0x0000000085a00000, 0x0000000085b00000|  0%| F|  |TAMS 0x0000000085a00000, 0x0000000085a00000| Untracked 
|  91|0x0000000085b00000, 0x0000000085b00000, 0x0000000085c00000|  0%| F|  |TAMS 0x0000000085b00000, 0x0000000085b00000| Untracked 
|  92|0x0000000085c00000, 0x0000000085c00000, 0x0000000085d00000|  0%| F|  |TAMS 0x0000000085c00000, 0x0000000085c00000| Untracked 
|  93|0x0000000085d00000, 0x0000000085d00000, 0x0000000085e00000|  0%| F|  |TAMS 0x0000000085d00000, 0x0000000085d00000| Untracked 
|  94|0x0000000085e00000, 0x0000000085e00000, 0x0000000085f00000|  0%| F|  |TAMS 0x0000000085e00000, 0x0000000085e00000| Untracked 
|  95|0x0000000085f00000, 0x0000000085f00000, 0x0000000086000000|  0%| F|  |TAMS 0x0000000085f00000, 0x0000000085f00000| Untracked 
|  96|0x0000000086000000, 0x0000000086000000, 0x0000000086100000|  0%| F|  |TAMS 0x0000000086000000, 0x0000000086000000| Untracked 
|  97|0x0000000086100000, 0x0000000086100000, 0x0000000086200000|  0%| F|  |TAMS 0x0000000086100000, 0x0000000086100000| Untracked 
|  98|0x0000000086200000, 0x0000000086200000, 0x0000000086300000|  0%| F|  |TAMS 0x0000000086200000, 0x0000000086200000| Untracked 
|  99|0x0000000086300000, 0x0000000086300000, 0x0000000086400000|  0%| F|  |TAMS 0x0000000086300000, 0x0000000086300000| Untracked 
| 100|0x0000000086400000, 0x0000000086400000, 0x0000000086500000|  0%| F|  |TAMS 0x0000000086400000, 0x0000000086400000| Untracked 
| 101|0x0000000086500000, 0x0000000086500000, 0x0000000086600000|  0%| F|  |TAMS 0x0000000086500000, 0x0000000086500000| Untracked 
| 102|0x0000000086600000, 0x0000000086600000, 0x0000000086700000|  0%| F|  |TAMS 0x0000000086600000, 0x0000000086600000| Untracked 
| 103|0x0000000086700000, 0x0000000086700000, 0x0000000086800000|  0%| F|  |TAMS 0x0000000086700000, 0x0000000086700000| Untracked 
| 104|0x0000000086800000, 0x0000000086800000, 0x0000000086900000|  0%| F|  |TAMS 0x0000000086800000, 0x0000000086800000| Untracked 
| 105|0x0000000086900000, 0x0000000086900000, 0x0000000086a00000|  0%| F|  |TAMS 0x0000000086900000, 0x0000000086900000| Untracked 
| 106|0x0000000086a00000, 0x0000000086a00000, 0x0000000086b00000|  0%| F|  |TAMS 0x0000000086a00000, 0x0000000086a00000| Untracked 
| 107|0x0000000086b00000, 0x0000000086b00000, 0x0000000086c00000|  0%| F|  |TAMS 0x0000000086b00000, 0x0000000086b00000| Untracked 
| 108|0x0000000086c00000, 0x0000000086c00000, 0x0000000086d00000|  0%| F|  |TAMS 0x0000000086c00000, 0x0000000086c00000| Untracked 
| 109|0x0000000086d00000, 0x0000000086d00000, 0x0000000086e00000|  0%| F|  |TAMS 0x0000000086d00000, 0x0000000086d00000| Untracked 
| 110|0x0000000086e00000, 0x0000000086e00000, 0x0000000086f00000|  0%| F|  |TAMS 0x0000000086e00000, 0x0000000086e00000| Untracked 
| 111|0x0000000086f00000, 0x0000000086f00000, 0x0000000087000000|  0%| F|  |TAMS 0x0000000086f00000, 0x0000000086f00000| Untracked 
| 112|0x0000000087000000, 0x0000000087000000, 0x0000000087100000|  0%| F|  |TAMS 0x0000000087000000, 0x0000000087000000| Untracked 
| 113|0x0000000087100000, 0x0000000087100000, 0x0000000087200000|  0%| F|  |TAMS 0x0000000087100000, 0x0000000087100000| Untracked 
| 114|0x0000000087200000, 0x0000000087200000, 0x0000000087300000|  0%| F|  |TAMS 0x0000000087200000, 0x0000000087200000| Untracked 
| 115|0x0000000087300000, 0x0000000087300000, 0x0000000087400000|  0%| F|  |TAMS 0x0000000087300000, 0x0000000087300000| Untracked 
| 116|0x0000000087400000, 0x0000000087400000, 0x0000000087500000|  0%| F|  |TAMS 0x0000000087400000, 0x0000000087400000| Untracked 
| 117|0x0000000087500000, 0x0000000087500000, 0x0000000087600000|  0%| F|  |TAMS 0x0000000087500000, 0x0000000087500000| Untracked 
| 118|0x0000000087600000, 0x0000000087600000, 0x0000000087700000|  0%| F|  |TAMS 0x0000000087600000, 0x0000000087600000| Untracked 
| 119|0x0000000087700000, 0x0000000087700000, 0x0000000087800000|  0%| F|  |TAMS 0x0000000087700000, 0x0000000087700000| Untracked 
| 120|0x0000000087800000, 0x0000000087800000, 0x0000000087900000|  0%| F|  |TAMS 0x0000000087800000, 0x0000000087800000| Untracked 
| 121|0x0000000087900000, 0x0000000087900000, 0x0000000087a00000|  0%| F|  |TAMS 0x0000000087900000, 0x0000000087900000| Untracked 
| 122|0x0000000087a00000, 0x0000000087a00000, 0x0000000087b00000|  0%| F|  |TAMS 0x0000000087a00000, 0x0000000087a00000| Untracked 
| 123|0x0000000087b00000, 0x0000000087b00000, 0x0000000087c00000|  0%| F|  |TAMS 0x0000000087b00000, 0x0000000087b00000| Untracked 
| 124|0x0000000087c00000, 0x0000000087c00000, 0x0000000087d00000|  0%| F|  |TAMS 0x0000000087c00000, 0x0000000087c00000| Untracked 
| 125|0x0000000087d00000, 0x0000000087d00000, 0x0000000087e00000|  0%| F|  |TAMS 0x0000000087d00000, 0x0000000087d00000| Untracked 
| 126|0x0000000087e00000, 0x0000000087e00000, 0x0000000087f00000|  0%| F|  |TAMS 0x0000000087e00000, 0x0000000087e00000| Untracked 
| 127|0x0000000087f00000, 0x0000000087f00000, 0x0000000088000000|  0%| F|  |TAMS 0x0000000087f00000, 0x0000000087f00000| Untracked 
| 128|0x0000000088000000, 0x0000000088000000, 0x0000000088100000|  0%| F|  |TAMS 0x0000000088000000, 0x0000000088000000| Untracked 
| 129|0x0000000088100000, 0x0000000088100000, 0x0000000088200000|  0%| F|  |TAMS 0x0000000088100000, 0x0000000088100000| Untracked 
| 130|0x0000000088200000, 0x0000000088200000, 0x0000000088300000|  0%| F|  |TAMS 0x0000000088200000, 0x0000000088200000| Untracked 
| 131|0x0000000088300000, 0x0000000088300000, 0x0000000088400000|  0%| F|  |TAMS 0x0000000088300000, 0x0000000088300000| Untracked 
| 132|0x0000000088400000, 0x0000000088400000, 0x0000000088500000|  0%| F|  |TAMS 0x0000000088400000, 0x0000000088400000| Untracked 
| 133|0x0000000088500000, 0x000000008856ebd0, 0x0000000088600000| 43%| E|  |TAMS 0x0000000088500000, 0x0000000088500000| Complete 
| 134|0x0000000088600000, 0x0000000088700000, 0x0000000088700000|100%| E|CS|TAMS 0x0000000088600000, 0x0000000088600000| Complete 

Card table byte_map: [0x000001bb1afa0000,0x000001bb1b3a0000] _byte_map_base: 0x000001bb1aba0000

Marking Bits (Prev, Next): (CMBitMap*) 0x000001bb080fe460, (CMBitMap*) 0x000001bb080fe428
 Prev Bits: [0x000001bb1d7a0000, 0x000001bb1f7a0000)
 Next Bits: [0x000001bb1b7a0000, 0x000001bb1d7a0000)

Polling page: 0x000001bb06080000

Metaspace:

Usage:
  Non-class:     70.26 MB capacity,    68.98 MB ( 98%) used,     1.06 MB (  2%) free+waste,   217.56 KB ( <1%) overhead. 
      Class:     10.95 MB capacity,    10.25 MB ( 94%) used,   622.19 KB (  6%) free+waste,   100.56 KB ( <1%) overhead. 
       Both:     81.21 MB capacity,    79.23 MB ( 98%) used,     1.67 MB (  2%) free+waste,   318.13 KB ( <1%) overhead. 

Virtual space:
  Non-class space:       72.00 MB reserved,      70.29 MB ( 98%) committed 
      Class space:        1.00 GB reserved,      11.07 MB (  1%) committed 
             Both:        1.07 GB reserved,      81.36 MB (  7%) committed 

Chunk freelists:
   Non-Class:  28.00 KB
       Class:  0 bytes
        Both:  28.00 KB

MaxMetaspaceSize: 17179869184.00 GB
CompressedClassSpaceSize: 1.00 GB

CodeHeap 'non-profiled nmethods': size=120064Kb used=3629Kb max_used=3629Kb free=116434Kb
 bounds [0x000001bb13660000, 0x000001bb139f0000, 0x000001bb1aba0000]
CodeHeap 'profiled nmethods': size=120000Kb used=16236Kb max_used=16236Kb free=103764Kb
 bounds [0x000001bb0c130000, 0x000001bb0d110000, 0x000001bb13660000]
CodeHeap 'non-nmethods': size=5696Kb used=2275Kb max_used=2317Kb free=3420Kb
 bounds [0x000001bb0bba0000, 0x000001bb0be10000, 0x000001bb0c130000]
 total_blobs=8898 nmethods=8024 adapters=783
 compilation: enabled
              stopped_count=0, restarted_count=0
 full_count=0

Compilation events (20 events):
Event: 22.353 Thread 0x000001bb21cc0800 8084       3       com.google.common.collect.ImmutableMultimap$Builder::put (50 bytes)
Event: 22.354 Thread 0x000001bb21cc0800 nmethod 8084 0x000001bb0d0f5c10 code [0x000001bb0d0f5e40, 0x000001bb0d0f6678]
Event: 22.354 Thread 0x000001bb21cc0800 8085       1       org.gradle.internal.execution.history.impl.AbstractExecutionState::getInputFileProperties (5 bytes)
Event: 22.354 Thread 0x000001bb21cc0800 nmethod 8085 0x000001bb139e8b90 code [0x000001bb139e8d40, 0x000001bb139e8df8]
Event: 22.358 Thread 0x000001bb21cc0800 8086       3       org.gradle.internal.fingerprint.impl.DefaultFileSystemLocationFingerprint::<init> (19 bytes)
Event: 22.358 Thread 0x000001bb21cc0800 nmethod 8086 0x000001bb0d0f6910 code [0x000001bb0d0f6ae0, 0x000001bb0d0f6d48]
Event: 22.358 Thread 0x000001bb21cc0800 8087       3       org.gradle.internal.fingerprint.impl.DefaultFileSystemLocationFingerprint::hashForType (73 bytes)
Event: 22.360 Thread 0x000001bb21cc0800 nmethod 8087 0x000001bb0d0f6e90 code [0x000001bb0d0f7120, 0x000001bb0d0f7bf8]
Event: 22.360 Thread 0x000001bb21cc0800 8088       3       org.gradle.internal.execution.history.impl.FingerprintMapSerializer::readFingerprint (96 bytes)
Event: 22.362 Thread 0x000001bb21cc0800 nmethod 8088 0x000001bb0d0f8010 code [0x000001bb0d0f8260, 0x000001bb0d0f8ab8]
Event: 22.362 Thread 0x000001bb21cc0800 8089       3       org.gradle.internal.execution.history.impl.FingerprintMapSerializer::readFileType (58 bytes)
Event: 22.363 Thread 0x000001bb21cc0800 nmethod 8089 0x000001bb0d0f8d90 code [0x000001bb0d0f8f80, 0x000001bb0d0f92b8]
Event: 22.363 Thread 0x000001bb21cc0800 8090       3       org.gradle.internal.execution.history.impl.FingerprintMapSerializer::readContentHash (63 bytes)
Event: 22.363 Thread 0x000001bb21cc0800 nmethod 8090 0x000001bb0d0f9410 code [0x000001bb0d0f9620, 0x000001bb0d0f9bb8]
Event: 22.364 Thread 0x000001bb21cc0800 8091       3       org.gradle.internal.snapshot.ChildMap$Entry::handlePath (135 bytes)
Event: 22.366 Thread 0x000001bb21cc0800 nmethod 8091 0x000001bb0d0f9e10 code [0x000001bb0d0fa1a0, 0x000001bb0d0fbd58]
Event: 22.369 Thread 0x000001bb21cc0800 8092       1       org.gradle.api.internal.changedetection.state.DefaultRegularFileSnapshotContext::getRelativePathSegments (5 bytes)
Event: 22.369 Thread 0x000001bb21cc0800 nmethod 8092 0x000001bb139e8e90 code [0x000001bb139e9040, 0x000001bb139e90f8]
Event: 22.371 Thread 0x000001bb21cc0800 8094       3       com.google.common.collect.ImmutableMultimap$1::hasNext (30 bytes)
Event: 22.372 Thread 0x000001bb21cc0800 nmethod 8094 0x000001bb0d0fc710 code [0x000001bb0d0fc8e0, 0x000001bb0d0fcbf8]

GC Heap History (20 events):
Event: 15.452 GC heap after
{Heap after GC invocations=17 (full 0):
 garbage-first heap   total 95232K, used 40809K [0x0000000080000000, 0x0000000100000000)
  region size 1024K, 6 young (6144K), 6 survivors (6144K)
 Metaspace       used 49251K, capacity 50595K, committed 50684K, reserved 1093632K
  class space    used 6286K, capacity 6728K, committed 6784K, reserved 1048576K
}
Event: 16.341 GC heap before
{Heap before GC invocations=17 (full 0):
 garbage-first heap   total 95232K, used 73577K [0x0000000080000000, 0x0000000100000000)
  region size 1024K, 38 young (38912K), 6 survivors (6144K)
 Metaspace       used 54127K, capacity 55587K, committed 55676K, reserved 1097728K
  class space    used 6863K, capacity 7369K, committed 7424K, reserved 1048576K
}
Event: 16.349 GC heap after
{Heap after GC invocations=18 (full 0):
 garbage-first heap   total 95232K, used 42623K [0x0000000080000000, 0x0000000100000000)
  region size 1024K, 2 young (2048K), 2 survivors (2048K)
 Metaspace       used 54127K, capacity 55587K, committed 55676K, reserved 1097728K
  class space    used 6863K, capacity 7369K, committed 7424K, reserved 1048576K
}
Event: 16.878 GC heap before
{Heap before GC invocations=18 (full 0):
 garbage-first heap   total 95232K, used 67199K [0x0000000080000000, 0x0000000100000000)
  region size 1024K, 27 young (27648K), 2 survivors (2048K)
 Metaspace       used 58411K, capacity 59834K, committed 59940K, reserved 1101824K
  class space    used 7367K, capacity 7906K, committed 7936K, reserved 1048576K
}
Event: 16.885 GC heap after
{Heap after GC invocations=19 (full 0):
 garbage-first heap   total 95232K, used 43423K [0x0000000080000000, 0x0000000100000000)
  region size 1024K, 3 young (3072K), 3 survivors (3072K)
 Metaspace       used 58411K, capacity 59834K, committed 59940K, reserved 1101824K
  class space    used 7367K, capacity 7906K, committed 7936K, reserved 1048576K
}
Event: 17.483 GC heap before
{Heap before GC invocations=20 (full 0):
 garbage-first heap   total 95232K, used 74143K [0x0000000080000000, 0x0000000100000000)
  region size 1024K, 34 young (34816K), 3 survivors (3072K)
 Metaspace       used 61770K, capacity 63260K, committed 63472K, reserved 1103872K
  class space    used 7781K, capacity 8318K, committed 8396K, reserved 1048576K
}
Event: 17.493 GC heap after
{Heap after GC invocations=21 (full 0):
 garbage-first heap   total 95232K, used 46568K [0x0000000080000000, 0x0000000100000000)
  region size 1024K, 5 young (5120K), 5 survivors (5120K)
 Metaspace       used 61770K, capacity 63260K, committed 63472K, reserved 1103872K
  class space    used 7781K, capacity 8318K, committed 8396K, reserved 1048576K
}
Event: 18.042 GC heap before
{Heap before GC invocations=22 (full 0):
 garbage-first heap   total 95232K, used 77288K [0x0000000080000000, 0x0000000100000000)
  region size 1024K, 34 young (34816K), 5 survivors (5120K)
 Metaspace       used 64219K, capacity 65724K, committed 65904K, reserved 1105920K
  class space    used 8120K, capacity 8660K, committed 8780K, reserved 1048576K
}
Event: 18.054 GC heap after
{Heap after GC invocations=23 (full 0):
 garbage-first heap   total 95232K, used 48831K [0x0000000080000000, 0x0000000100000000)
  region size 1024K, 3 young (3072K), 3 survivors (3072K)
 Metaspace       used 64219K, capacity 65724K, committed 65904K, reserved 1105920K
  class space    used 8120K, capacity 8660K, committed 8780K, reserved 1048576K
}
Event: 18.364 GC heap before
{Heap before GC invocations=23 (full 0):
 garbage-first heap   total 95232K, used 76479K [0x0000000080000000, 0x0000000100000000)
  region size 1024K, 30 young (30720K), 3 survivors (3072K)
 Metaspace       used 65503K, capacity 67050K, committed 67312K, reserved 1107968K
  class space    used 8276K, capacity 8826K, committed 8908K, reserved 1048576K
}
Event: 18.373 GC heap after
{Heap after GC invocations=24 (full 0):
 garbage-first heap   total 95232K, used 51385K [0x0000000080000000, 0x0000000100000000)
  region size 1024K, 4 young (4096K), 4 survivors (4096K)
 Metaspace       used 65503K, capacity 67050K, committed 67312K, reserved 1107968K
  class space    used 8276K, capacity 8826K, committed 8908K, reserved 1048576K
}
Event: 18.934 GC heap before
{Heap before GC invocations=25 (full 0):
 garbage-first heap   total 95232K, used 75961K [0x0000000080000000, 0x0000000100000000)
  region size 1024K, 29 young (29696K), 4 survivors (4096K)
 Metaspace       used 68935K, capacity 70551K, committed 70768K, reserved 1110016K
  class space    used 8869K, capacity 9479K, committed 9548K, reserved 1048576K
}
Event: 18.944 GC heap after
{Heap after GC invocations=26 (full 0):
 garbage-first heap   total 114688K, used 53286K [0x0000000080000000, 0x0000000100000000)
  region size 1024K, 2 young (2048K), 2 survivors (2048K)
 Metaspace       used 68935K, capacity 70551K, committed 70768K, reserved 1110016K
  class space    used 8869K, capacity 9479K, committed 9548K, reserved 1048576K
}
Event: 19.748 GC heap before
{Heap before GC invocations=26 (full 0):
 garbage-first heap   total 114688K, used 88102K [0x0000000080000000, 0x0000000100000000)
  region size 1024K, 36 young (36864K), 2 survivors (2048K)
 Metaspace       used 72443K, capacity 74184K, committed 74352K, reserved 1114112K
  class space    used 9366K, capacity 9956K, committed 10060K, reserved 1048576K
}
Event: 19.756 GC heap after
{Heap after GC invocations=27 (full 0):
 garbage-first heap   total 114688K, used 55017K [0x0000000080000000, 0x0000000100000000)
  region size 1024K, 4 young (4096K), 4 survivors (4096K)
 Metaspace       used 72443K, capacity 74184K, committed 74352K, reserved 1114112K
  class space    used 9366K, capacity 9956K, committed 10060K, reserved 1048576K
}
Event: 20.463 GC heap before
{Heap before GC invocations=28 (full 0):
 garbage-first heap   total 114688K, used 89833K [0x0000000080000000, 0x0000000100000000)
  region size 1024K, 38 young (38912K), 4 survivors (4096K)
 Metaspace       used 76449K, capacity 78201K, committed 78448K, reserved 1118208K
  class space    used 9908K, capacity 10531K, committed 10572K, reserved 1048576K
}
Event: 20.473 GC heap after
{Heap after GC invocations=29 (full 0):
 garbage-first heap   total 114688K, used 57312K [0x0000000080000000, 0x0000000100000000)
  region size 1024K, 5 young (5120K), 5 survivors (5120K)
 Metaspace       used 76449K, capacity 78201K, committed 78448K, reserved 1118208K
  class space    used 9908K, capacity 10531K, committed 10572K, reserved 1048576K
}
Event: 21.124 GC heap before
{Heap before GC invocations=29 (full 0):
 garbage-first heap   total 114688K, used 90080K [0x0000000080000000, 0x0000000100000000)
  region size 1024K, 38 young (38912K), 5 survivors (5120K)
 Metaspace       used 79510K, capacity 81407K, committed 81648K, reserved 1120256K
  class space    used 10246K, capacity 10917K, committed 10956K, reserved 1048576K
}
Event: 21.142 GC heap after
{Heap after GC invocations=30 (full 0):
 garbage-first heap   total 114688K, used 61182K [0x0000000080000000, 0x0000000100000000)
  region size 1024K, 5 young (5120K), 5 survivors (5120K)
 Metaspace       used 79510K, capacity 81407K, committed 81648K, reserved 1120256K
  class space    used 10246K, capacity 10917K, committed 10956K, reserved 1048576K
}
Event: 22.372 GC heap before
{Heap before GC invocations=31 (full 0):
 garbage-first heap   total 114688K, used 91902K [0x0000000080000000, 0x0000000100000000)
  region size 1024K, 36 young (36864K), 5 survivors (5120K)
 Metaspace       used 81080K, capacity 83085K, committed 83184K, reserved 1122304K
  class space    used 10485K, capacity 11212K, committed 11212K, reserved 1048576K
}

Deoptimization events (20 events):
Event: 22.136 Thread 0x000001bb228d8000 DEOPT PACKING pc=0x000001bb13888d60 sp=0x000000b5be1fc940
Event: 22.136 Thread 0x000001bb228d8000 DEOPT UNPACKING pc=0x000001bb0bbc782f sp=0x000000b5be1fc8d8 mode 2
Event: 22.219 Thread 0x000001bb24f2b000 DEOPT PACKING pc=0x000001bb0c9fd77d sp=0x000000b5bcffe080
Event: 22.219 Thread 0x000001bb24f2b000 DEOPT UNPACKING pc=0x000001bb0bbc764e sp=0x000000b5bcffd4b8 mode 0
Event: 22.246 Thread 0x000001bb228dd800 DEOPT PACKING pc=0x000001bb0ce70238 sp=0x000000b5be0fb2f0
Event: 22.246 Thread 0x000001bb228dd800 DEOPT UNPACKING pc=0x000001bb0bbc764e sp=0x000000b5be0fa7f8 mode 0
Event: 22.253 Thread 0x000001bb228dd800 DEOPT PACKING pc=0x000001bb0d0b8131 sp=0x000000b5be0fb2c0
Event: 22.253 Thread 0x000001bb228dd800 DEOPT UNPACKING pc=0x000001bb0bbc764e sp=0x000000b5be0fa788 mode 0
Event: 22.259 Thread 0x000001bb228da800 DEOPT PACKING pc=0x000001bb0ce70238 sp=0x000000b5bdffb240
Event: 22.259 Thread 0x000001bb228da800 DEOPT UNPACKING pc=0x000001bb0bbc764e sp=0x000000b5bdffa748 mode 0
Event: 22.271 Thread 0x000001bb228dd800 DEOPT PACKING pc=0x000001bb0ce70238 sp=0x000000b5be0fb2f0
Event: 22.271 Thread 0x000001bb228dd800 DEOPT UNPACKING pc=0x000001bb0bbc764e sp=0x000000b5be0fa7f8 mode 0
Event: 22.322 Thread 0x000001bb228dd800 DEOPT PACKING pc=0x000001bb0ce70238 sp=0x000000b5be0fb2f0
Event: 22.322 Thread 0x000001bb228dd800 DEOPT UNPACKING pc=0x000001bb0bbc764e sp=0x000000b5be0fa7f8 mode 0
Event: 22.353 Thread 0x000001bb228da800 DEOPT PACKING pc=0x000001bb0ce70238 sp=0x000000b5bdffd150
Event: 22.353 Thread 0x000001bb228da800 DEOPT UNPACKING pc=0x000001bb0bbc764e sp=0x000000b5bdffc658 mode 0
Event: 22.357 Thread 0x000001bb228d2800 Uncommon trap: trap_request=0xffffff4d fr.pc=0x000001bb138644c4 relative=0x00000000000001e4
Event: 22.357 Thread 0x000001bb228d2800 Uncommon trap: reason=unstable_if action=reinterpret pc=0x000001bb138644c4 method=com.esotericsoftware.kryo.io.Input.readVarInt(Z)I @ 42 c2
Event: 22.357 Thread 0x000001bb228d2800 DEOPT PACKING pc=0x000001bb138644c4 sp=0x000000b5bd8fe440
Event: 22.357 Thread 0x000001bb228d2800 DEOPT UNPACKING pc=0x000001bb0bbc782f sp=0x000000b5bd8fe330 mode 2

Classes redefined (0 events):
No events

Internal exceptions (20 events):
Event: 20.123 Thread 0x000001bb24f34800 Exception <a 'sun/nio/fs/WindowsException'{0x0000000086150dc0}> (0x0000000086150dc0) thrown at [./src/hotspot/share/prims/jni.cpp, line 615]
Event: 20.123 Thread 0x000001bb24f34800 Exception <a 'sun/nio/fs/WindowsException'{0x0000000086151ee0}> (0x0000000086151ee0) thrown at [./src/hotspot/share/prims/jni.cpp, line 615]
Event: 20.522 Thread 0x000001bb24f34800 Exception <a 'java/lang/NoSuchMethodError'{0x0000000086dc2fd8}: 'java.lang.Object java.lang.invoke.Invokers$Holder.linkToTargetMethod(java.lang.Object, int, int, java.lang.Object)'> (0x0000000086dc2fd8) thrown at [./src/hotspot/share/interpreter/linkResolver.cpp, line 773]
Event: 20.889 Thread 0x000001bb24f34800 Exception <a 'java/lang/NoSuchMethodError'{0x00000000858b6558}: <clinit>> (0x00000000858b6558) thrown at [./src/hotspot/share/prims/jni.cpp, line 1362]
Event: 20.896 Thread 0x000001bb24f34800 Exception <a 'java/lang/NoSuchMethodError'{0x00000000858ec860}: <clinit>> (0x00000000858ec860) thrown at [./src/hotspot/share/prims/jni.cpp, line 1362]
Event: 20.939 Thread 0x000001bb24f34800 Exception <a 'sun/nio/fs/WindowsException'{0x00000000856f6d98}> (0x00000000856f6d98) thrown at [./src/hotspot/share/prims/jni.cpp, line 615]
Event: 21.052 Thread 0x000001bb24f29000 Exception <a 'java/lang/NoSuchMethodError'{0x000000008526f120}: <clinit>> (0x000000008526f120) thrown at [./src/hotspot/share/prims/jni.cpp, line 1362]
Event: 21.054 Thread 0x000001bb24f29000 Exception <a 'java/lang/NoSuchMethodError'{0x000000008527a680}: <clinit>> (0x000000008527a680) thrown at [./src/hotspot/share/prims/jni.cpp, line 1362]
Event: 21.069 Thread 0x000001bb24f29000 Exception <a 'java/lang/NoSuchMethodError'{0x000000008514d3c8}: <clinit>> (0x000000008514d3c8) thrown at [./src/hotspot/share/prims/jni.cpp, line 1362]
Event: 21.074 Thread 0x000001bb24f29000 Exception <a 'java/lang/NoSuchMethodError'{0x00000000851c66e0}: <clinit>> (0x00000000851c66e0) thrown at [./src/hotspot/share/prims/jni.cpp, line 1362]
Event: 21.075 Thread 0x000001bb24f29000 Exception <a 'java/lang/NoSuchMethodError'{0x00000000851e9b28}: <clinit>> (0x00000000851e9b28) thrown at [./src/hotspot/share/prims/jni.cpp, line 1362]
Event: 21.085 Thread 0x000001bb228df800 Exception <a 'java/lang/NoSuchMethodError'{0x000000008508ffe8}: <clinit>> (0x000000008508ffe8) thrown at [./src/hotspot/share/prims/jni.cpp, line 1362]
Event: 21.096 Thread 0x000001bb228df800 Exception <a 'java/lang/NoSuchMethodError'{0x00000000850a43b8}: <clinit>> (0x00000000850a43b8) thrown at [./src/hotspot/share/prims/jni.cpp, line 1362]
Event: 21.099 Thread 0x000001bb228df800 Exception <a 'java/lang/NoSuchMethodError'{0x00000000850e1f10}: <clinit>> (0x00000000850e1f10) thrown at [./src/hotspot/share/prims/jni.cpp, line 1362]
Event: 21.231 Thread 0x000001bb24f29000 Exception <a 'java/lang/NoSuchMethodError'{0x0000000086d0a990}: <clinit>> (0x0000000086d0a990) thrown at [./src/hotspot/share/prims/jni.cpp, line 1362]
Event: 21.296 Thread 0x000001bb24e60800 Exception <a 'java/lang/NoSuchMethodError'{0x0000000086cbf7a8}: 'java.lang.Object java.lang.invoke.Invokers$Holder.linkToTargetMethod(java.lang.Object, java.lang.Object, java.lang.Object, int, java.lang.Object, java.lang.Object)'> (0x0000000086cbf7a8) thrown at [./src/hotspot/share/interpreter/linkResolver.cpp, line 773]
Event: 21.325 Thread 0x000001bb24e60800 Exception <a 'java/lang/IncompatibleClassChangeError'{0x0000000086b20620}: Found class java.lang.Object, but interface was expected> (0x0000000086b20620) thrown at [./src/hotspot/share/interpreter/linkResolver.cpp, line 839]
Event: 21.359 Thread 0x000001bb24e60800 Exception <a 'java/lang/NoSuchMethodError'{0x0000000086aef548}: 'int java.lang.invoke.DirectMethodHandle$Holder.invokeStaticInit(java.lang.Object, java.lang.Object, java.lang.Object, java.lang.Object, java.lang.Object)'> (0x0000000086aef548) thrown at [./src/hotspot/share/interpreter/linkResolver.cpp, line 773]
Event: 21.908 Thread 0x000001bb228dd800 Exception <a 'java/lang/NoSuchMethodError'{0x0000000085e16628}: 'java.lang.Object java.lang.invoke.DirectMethodHandle$Holder.invokeSpecialIFC(java.lang.Object, java.lang.Object, java.lang.Object)'> (0x0000000085e16628) thrown at [./src/hotspot/share/interpreter/linkResolver.cpp, line 773]
Event: 21.909 Thread 0x000001bb24e5c800 Exception <a 'java/lang/NoSuchMethodError'{0x0000000085e37b28}: 'java.lang.Object java.lang.invoke.DirectMethodHandle$Holder.invokeSpecialIFC(java.lang.Object, java.lang.Object, java.lang.Object)'> (0x0000000085e37b28) thrown at [./src/hotspot/share/interpreter/linkResolver.cpp, line 773]

Events (20 events):
Event: 22.069 loading class org/gradle/internal/snapshot/FileSystemLocationSnapshot done
Event: 22.069 loading class org/gradle/internal/snapshot/RelativePathTracker
Event: 22.069 loading class org/gradle/internal/snapshot/RelativePathTracker done
Event: 22.070 loading class org/gradle/internal/snapshot/RelativePathTracker
Event: 22.070 loading class org/gradle/internal/snapshot/RelativePathTracker done
Event: 22.074 Executing VM operation: RevokeBias
Event: 22.075 Executing VM operation: RevokeBias done
Event: 22.083 Executing VM operation: RevokeBias
Event: 22.083 Executing VM operation: RevokeBias done
Event: 22.088 Executing VM operation: RevokeBias
Event: 22.089 Executing VM operation: RevokeBias done
Event: 22.118 Executing VM operation: RevokeBias
Event: 22.118 Executing VM operation: RevokeBias done
Event: 22.131 Executing VM operation: RevokeBias
Event: 22.132 Executing VM operation: RevokeBias done
Event: 22.133 Executing VM operation: RevokeBias
Event: 22.134 Executing VM operation: RevokeBias done
Event: 22.330 Loaded shared library C:\Program Files\Android\Android Studio\jre\bin\nio.dll
Event: 22.333 Loaded shared library C:\Program Files\Android\Android Studio\jre\bin\nio.dll
Event: 22.372 Executing VM operation: G1CollectForAllocation


Dynamic libraries:
0x00007ff72f3a0000 - 0x00007ff72f3aa000 	C:\Program Files\Android\Android Studio\jre\bin\java.exe
0x00007ffc38620000 - 0x00007ffc38810000 	C:\Windows\SYSTEM32\ntdll.dll
0x00007ffc37e20000 - 0x00007ffc37ed2000 	C:\Windows\System32\KERNEL32.DLL
0x00007ffc356c0000 - 0x00007ffc35965000 	C:\Windows\System32\KERNELBASE.dll
0x00007ffc355c0000 - 0x00007ffc356ba000 	C:\Windows\System32\ucrtbase.dll
0x00007ffc2c320000 - 0x00007ffc2c337000 	C:\Program Files\Android\Android Studio\jre\bin\VCRUNTIME140.dll
0x00007ffc2c300000 - 0x00007ffc2c319000 	C:\Program Files\Android\Android Studio\jre\bin\jli.dll
0x00007ffc37330000 - 0x00007ffc374c4000 	C:\Windows\System32\USER32.dll
0x00007ffc36600000 - 0x00007ffc36621000 	C:\Windows\System32\win32u.dll
0x00007ffc2f150000 - 0x00007ffc2f3d4000 	C:\Windows\WinSxS\amd64_microsoft.windows.common-controls_6595b64144ccf1df_6.0.18362.1556_none_9e7e372fe45e41d5\COMCTL32.dll
0x00007ffc36aa0000 - 0x00007ffc36ac6000 	C:\Windows\System32\GDI32.dll
0x00007ffc35b30000 - 0x00007ffc35cc8000 	C:\Windows\System32\gdi32full.dll
0x00007ffc36630000 - 0x00007ffc366ce000 	C:\Windows\System32\msvcp_win.dll
0x00007ffc36a00000 - 0x00007ffc36a9e000 	C:\Windows\System32\msvcrt.dll
0x00007ffc36f10000 - 0x00007ffc37246000 	C:\Windows\System32\combase.dll
0x00007ffc374d0000 - 0x00007ffc375ef000 	C:\Windows\System32\RPCRT4.dll
0x00007ffc35aa0000 - 0x00007ffc35b21000 	C:\Windows\System32\bcryptPrimitives.dll
0x00007ffc38510000 - 0x00007ffc3853e000 	C:\Windows\System32\IMM32.DLL
0x00007ffc19900000 - 0x00007ffc1999d000 	C:\Program Files\Android\Android Studio\jre\bin\msvcp140.dll
0x00007ffbfede0000 - 0x00007ffbff8af000 	C:\Program Files\Android\Android Studio\jre\bin\server\jvm.dll
0x00007ffc36ad0000 - 0x00007ffc36b73000 	C:\Windows\System32\ADVAPI32.dll
0x00007ffc38540000 - 0x00007ffc385d7000 	C:\Windows\System32\sechost.dll
0x00007ffc37250000 - 0x00007ffc37258000 	C:\Windows\System32\PSAPI.DLL
0x00007ffc32160000 - 0x00007ffc32184000 	C:\Windows\SYSTEM32\WINMM.dll
0x00007ffc25660000 - 0x00007ffc2566a000 	C:\Windows\SYSTEM32\VERSION.dll
0x00007ffc32130000 - 0x00007ffc3215d000 	C:\Windows\SYSTEM32\WINMMBASE.dll
0x00007ffc365b0000 - 0x00007ffc365fa000 	C:\Windows\System32\cfgmgr32.dll
0x00007ffc1bb00000 - 0x00007ffc1bb09000 	C:\Windows\SYSTEM32\WSOCK32.dll
0x00007ffc36e20000 - 0x00007ffc36e8f000 	C:\Windows\System32\WS2_32.dll
0x00007ffc354e0000 - 0x00007ffc354f1000 	C:\Windows\System32\kernel.appcore.dll
0x00007ffc2afb0000 - 0x00007ffc2afc1000 	C:\Program Files\Android\Android Studio\jre\bin\verify.dll
0x00007ffc23900000 - 0x00007ffc23af4000 	C:\Windows\SYSTEM32\DBGHELP.DLL
0x00007ffc237b0000 - 0x00007ffc237da000 	C:\Windows\SYSTEM32\dbgcore.DLL
0x00007ffc285c0000 - 0x00007ffc285e9000 	C:\Program Files\Android\Android Studio\jre\bin\java.dll
0x00007ffc2c930000 - 0x00007ffc2c93b000 	C:\Program Files\Android\Android Studio\jre\bin\jimage.dll
0x00007ffc28800000 - 0x00007ffc28818000 	C:\Program Files\Android\Android Studio\jre\bin\zip.dll
0x00007ffc37720000 - 0x00007ffc37e07000 	C:\Windows\System32\SHELL32.dll
0x00007ffc368a0000 - 0x00007ffc36948000 	C:\Windows\System32\shcore.dll
0x00007ffc35cd0000 - 0x00007ffc3644b000 	C:\Windows\System32\windows.storage.dll
0x00007ffc35550000 - 0x00007ffc3556e000 	C:\Windows\System32\profapi.dll
0x00007ffc35500000 - 0x00007ffc3554a000 	C:\Windows\System32\powrprof.dll
0x00007ffc354d0000 - 0x00007ffc354e0000 	C:\Windows\System32\UMPDC.dll
0x00007ffc36830000 - 0x00007ffc36882000 	C:\Windows\System32\shlwapi.dll
0x00007ffc359d0000 - 0x00007ffc359e7000 	C:\Windows\System32\cryptsp.dll
0x00007ffc28290000 - 0x00007ffc282aa000 	C:\Program Files\Android\Android Studio\jre\bin\net.dll
0x00007ffc29510000 - 0x00007ffc2960a000 	C:\Windows\SYSTEM32\WINHTTP.dll
0x00007ffc34cb0000 - 0x00007ffc34d17000 	C:\Windows\system32\mswsock.dll
0x00007ffc28270000 - 0x00007ffc28284000 	C:\Program Files\Android\Android Studio\jre\bin\nio.dll
0x00007ffc2c3c0000 - 0x00007ffc2c3e7000 	C:\Users\Admin\.gradle\native\8bec1ad78214c89d9ad589b4d07fe93259594b29d510b10fafb7a158f7737e5d\windows-amd64\native-platform.dll
0x00007ffc28380000 - 0x00007ffc284bd000 	C:\Users\Admin\.gradle\native\53dbd7edfb1c66fb8903c78663c9afc45aea4f116125fa6feffd364cf09443e8\windows-amd64\native-platform-file-events.dll
0x00007ffc29890000 - 0x00007ffc2989a000 	C:\Program Files\Android\Android Studio\jre\bin\management.dll
0x00007ffc28d20000 - 0x00007ffc28d2c000 	C:\Program Files\Android\Android Studio\jre\bin\management_ext.dll
0x00007ffc34830000 - 0x00007ffc34863000 	C:\Windows\system32\rsaenh.dll
0x00007ffc35590000 - 0x00007ffc355b6000 	C:\Windows\System32\bcrypt.dll
0x00007ffc353c0000 - 0x00007ffc353e5000 	C:\Windows\SYSTEM32\USERENV.dll
0x00007ffc34e80000 - 0x00007ffc34e8c000 	C:\Windows\SYSTEM32\CRYPTBASE.dll
0x00007ffc349c0000 - 0x00007ffc349fa000 	C:\Windows\SYSTEM32\IPHLPAPI.DLL
0x00007ffc36890000 - 0x00007ffc36898000 	C:\Windows\System32\NSI.dll
0x00007ffc2da90000 - 0x00007ffc2daa6000 	C:\Windows\SYSTEM32\dhcpcsvc6.DLL
0x00007ffc2dad0000 - 0x00007ffc2daec000 	C:\Windows\SYSTEM32\dhcpcsvc.DLL
0x00007ffc34a00000 - 0x00007ffc34acb000 	C:\Windows\SYSTEM32\DNSAPI.dll

dbghelp: loaded successfully - version: 4.0.5 - missing functions: none
symbol engine: initialized successfully - sym options: 0x614 - pdb path: .;C:\Program Files\Android\Android Studio\jre\bin;C:\Windows\SYSTEM32;C:\Windows\WinSxS\amd64_microsoft.windows.common-controls_6595b64144ccf1df_6.0.18362.1556_none_9e7e372fe45e41d5;C:\Program Files\Android\Android Studio\jre\bin\server;C:\Users\Admin\.gradle\native\8bec1ad78214c89d9ad589b4d07fe93259594b29d510b10fafb7a158f7737e5d\windows-amd64;C:\Users\Admin\.gradle\native\53dbd7edfb1c66fb8903c78663c9afc45aea4f116125fa6feffd364cf09443e8\windows-amd64

VM Arguments:
jvm_args: --add-opens=java.base/java.util=ALL-UNNAMED --add-opens=java.base/java.lang=ALL-UNNAMED --add-opens=java.base/java.lang.invoke=ALL-UNNAMED --add-opens=java.base/java.util=ALL-UNNAMED --add-opens=java.prefs/java.util.prefs=ALL-UNNAMED --add-opens=java.prefs/java.util.prefs=ALL-UNNAMED --add-opens=java.base/java.nio.charset=ALL-UNNAMED --add-opens=java.base/java.net=ALL-UNNAMED --add-opens=java.base/java.util.concurrent.atomic=ALL-UNNAMED -Xmx2048m -Dfile.encoding=UTF-8 -Duser.country=US -Duser.language=en -Duser.variant 
java_command: org.gradle.launcher.daemon.bootstrap.GradleDaemon 7.0.2
java_class_path (initial): C:\Users\Admin\.gradle\wrapper\dists\gradle-7.0.2-bin\857tjihv64xamwrf0h14cai3r\gradle-7.0.2\lib\gradle-launcher-7.0.2.jar
Launcher Type: SUN_STANDARD

[Global flags]
     intx CICompilerCount                          = 3                                         {product} {ergonomic}
     uint ConcGCThreads                            = 1                                         {product} {ergonomic}
     uint G1ConcRefinementThreads                  = 4                                         {product} {ergonomic}
   size_t G1HeapRegionSize                         = 1048576                                   {product} {ergonomic}
    uintx GCDrainStackTargetSize                   = 64                                        {product} {ergonomic}
   size_t InitialHeapSize                          = 67108864                                  {product} {ergonomic}
   size_t MarkStackSize                            = 4194304                                   {product} {ergonomic}
   size_t MaxHeapSize                              = 2147483648                                {product} {command line}
   size_t MaxNewSize                               = 1287651328                                {product} {ergonomic}
   size_t MinHeapDeltaBytes                        = 1048576                                   {product} {ergonomic}
    uintx NonNMethodCodeHeapSize                   = 5830732                                {pd product} {ergonomic}
    uintx NonProfiledCodeHeapSize                  = 122913754                              {pd product} {ergonomic}
    uintx ProfiledCodeHeapSize                     = 122913754                              {pd product} {ergonomic}
    uintx ReservedCodeCacheSize                    = 251658240                              {pd product} {ergonomic}
     bool SegmentedCodeCache                       = true                                      {product} {ergonomic}
     bool UseCompressedClassPointers               = true                                 {lp64_product} {ergonomic}
     bool UseCompressedOops                        = true                                 {lp64_product} {ergonomic}
     bool UseG1GC                                  = true                                      {product} {ergonomic}
     bool UseLargePagesIndividualAllocation        = false                                  {pd product} {ergonomic}

Logging:
Log output configuration:
 #0: stdout all=warning uptime,level,tags
 #1: stderr all=off uptime,level,tags

Environment Variables:
PATH=C:\Windows\system32;C:\Windows;C:\Windows\System32\Wbem;C:\Windows\System32\WindowsPowerShell\v1.0\;C:\Windows\System32\OpenSSH\;C:\Program Files (x86)\ATI Technologies\ATI.ACE\Core-Static;C:\Program Files\Git\cmd;C:\Users\Admin\AppData\Local\Microsoft\WindowsApps;;C:\Users\Admin\AppData\Local\Programs\Microsoft VS Code\bin
USERNAME=Admin
OS=Windows_NT
PROCESSOR_IDENTIFIER=Intel64 Family 6 Model 58 Stepping 9, GenuineIntel



---------------  S Y S T E M  ---------------

OS: Windows 10 , 64 bit Build 18362 (10.0.18362.1500)
OS uptime: 1 days 1:48 hours

CPU:total 4 (initial active 4) (2 cores per cpu, 2 threads per core) family 6 model 58 stepping 9 microcode 0x21, cmov, cx8, fxsr, mmx, sse, sse2, sse3, ssse3, sse4.1, sse4.2, popcnt, avx, aes, clmul, erms, ht, tsc, tscinvbit, tscinv

Memory: 4k page, system-wide physical 3968M (204M free)
TotalPageFile size 7968M (AvailPageFile size 3M)
current process WorkingSet (physical memory assigned to process): 292M, peak: 302M
current process commit charge ("private bytes"): 376M, peak: 376M

vm_info: OpenJDK 64-Bit Server VM (11.0.10+0-b96-7249189) for windows-amd64 JRE (11.0.10+0-b96-7249189), built on Mar 31 2021 21:44:00 by "builder" with MS VC++ 14.0 (VS2015)

END.
