#
# There is insufficient memory for the Java Runtime Environment to continue.
# Native memory allocation (malloc) failed to allocate 1762256 bytes for Chunk::new
# Possible reasons:
#   The system is out of physical RAM or swap space
#   The process is running with CompressedOops enabled, and the Java Heap may be blocking the growth of the native heap
# Possible solutions:
#   Reduce memory load on the system
#   Increase physical memory or swap space
#   Check if swap backing store is full
#   Decrease Java heap size (-Xmx/-Xms)
#   Decrease number of Java threads
#   Decrease Java thread stack sizes (-Xss)
#   Set larger code cache with -XX:ReservedCodeCacheSize=
#   JVM is running with Unscaled Compressed Oops mode in which the Java heap is
#     placed in the first 4GB address space. The Java Heap base address is the
#     maximum limit for the native heap growth. Please use -XX:HeapBaseMinAddress
#     to set the Java Heap base and to place the Java Heap above 4GB virtual address.
# This output file may be truncated or incomplete.
#
#  Out of Memory Error (./src/hotspot/share/memory/arena.cpp:197), pid=4756, tid=6720
#
# JRE version: OpenJDK Runtime Environment (11.0.10) (build 11.0.10+0-b96-7249189)
# Java VM: OpenJDK 64-Bit Server VM (11.0.10+0-b96-7249189, mixed mode, tiered, compressed oops, g1 gc, windows-amd64)
# No core dump will be written. Minidumps are not enabled by default on client versions of Windows
#

---------------  S U M M A R Y ------------

Command Line: --add-opens=java.base/java.util=ALL-UNNAMED --add-opens=java.base/java.lang=ALL-UNNAMED --add-opens=java.base/java.lang.invoke=ALL-UNNAMED --add-opens=java.base/java.util=ALL-UNNAMED --add-opens=java.prefs/java.util.prefs=ALL-UNNAMED --add-opens=java.prefs/java.util.prefs=ALL-UNNAMED --add-opens=java.base/java.nio.charset=ALL-UNNAMED --add-opens=java.base/java.net=ALL-UNNAMED --add-opens=java.base/java.util.concurrent.atomic=ALL-UNNAMED -Xmx2048m -Dfile.encoding=UTF-8 -Duser.country=US -Duser.language=en -Duser.variant org.gradle.launcher.daemon.bootstrap.GradleDaemon 7.0.2

Host: Intel(R) Core(TM) i5-3210M CPU @ 2.50GHz, 4 cores, 3G,  Windows 10 , 64 bit Build 18362 (10.0.18362.1500)
Time: Wed Oct  6 00:19:11 2021 SE Asia Standard Time elapsed time: 774.012173 seconds (0d 0h 12m 54s)

---------------  T H R E A D  ---------------

Current thread (0x000001b1842fb000):  JavaThread "C2 CompilerThread0" daemon [_thread_in_native, id=6720, stack(0x0000000adc800000,0x0000000adc900000)]


Current CompileTask:
C2: 774012 15338 % !   4       com.android.ide.common.resources.DataMerger::mergeData @ 247 (611 bytes)

Stack: [0x0000000adc800000,0x0000000adc900000]
Native frames: (J=compiled Java code, j=interpreted, Vv=VM code, C=native code)
V  [jvm.dll+0x5ecfaa]
V  [jvm.dll+0x722bd5]
V  [jvm.dll+0x72412d]
V  [jvm.dll+0x7247e3]
V  [jvm.dll+0x242928]
V  [jvm.dll+0xbc4fc]
V  [jvm.dll+0xbca0c]
V  [jvm.dll+0x352d3b]
V  [jvm.dll+0x320ad3]
V  [jvm.dll+0x31ffca]
V  [jvm.dll+0x1fb602]
V  [jvm.dll+0x1fa7f4]
V  [jvm.dll+0x18354c]
V  [jvm.dll+0x208ee7]
V  [jvm.dll+0x207731]
V  [jvm.dll+0x6eb1cf]
V  [jvm.dll+0x6e3d45]
V  [jvm.dll+0x5ebe96]
C  [ucrtbase.dll+0x210b2]
C  [KERNEL32.DLL+0x17c24]
C  [ntdll.dll+0x6d721]


---------------  P R O C E S S  ---------------

Threads class SMR info:
_java_thread_list=0x000001b18b4a3fe0, length=54, elements={
0x000001b1ea67e000, 0x000001b18429a000, 0x000001b18429b800, 0x000001b184c13800,
0x000001b184c16800, 0x000001b1842f5000, 0x000001b1842fb000, 0x000001b1842fd800,
0x000001b1842f5800, 0x000001b1842f6800, 0x000001b1842f7800, 0x000001b1842f2800,
0x000001b1842f8000, 0x000001b18505f800, 0x000001b185060000, 0x000001b185061000,
0x000001b18505c000, 0x000001b185063800, 0x000001b185066000, 0x000001b185062800,
0x000001b185064000, 0x000001b185062000, 0x000001b185069000, 0x000001b186d51800,
0x000001b186d55800, 0x000001b186d56800, 0x000001b186d53000, 0x000001b186d4d800,
0x000001b186d54000, 0x000001b186d55000, 0x000001b186d4f000, 0x000001b186d50000,
0x000001b186d5c000, 0x000001b186d5a800, 0x000001b186d59800, 0x000001b186d58000,
0x000001b186d59000, 0x000001b186d5b800, 0x000001b186d57800, 0x000001b18505a800,
0x000001b18505d000, 0x000001b18505d800, 0x000001b18505e800, 0x000001b185065000,
0x000001b185066800, 0x000001b185067800, 0x000001b1842f3000, 0x000001b1842f9000,
0x000001b1842f4000, 0x000001b18b9eb000, 0x000001b18b9e8800, 0x000001b18b9ed800,
0x000001b18b9e9800, 0x000001b18b9ec800
}

Java Threads: ( => current thread )
  0x000001b1ea67e000 JavaThread "main" [_thread_blocked, id=8756, stack(0x0000000adbc00000,0x0000000adbd00000)]
  0x000001b18429a000 JavaThread "Reference Handler" daemon [_thread_blocked, id=6784, stack(0x0000000adc300000,0x0000000adc400000)]
  0x000001b18429b800 JavaThread "Finalizer" daemon [_thread_blocked, id=7964, stack(0x0000000adc400000,0x0000000adc500000)]
  0x000001b184c13800 JavaThread "Signal Dispatcher" daemon [_thread_blocked, id=4492, stack(0x0000000adc500000,0x0000000adc600000)]
  0x000001b184c16800 JavaThread "Attach Listener" daemon [_thread_blocked, id=8116, stack(0x0000000adc600000,0x0000000adc700000)]
  0x000001b1842f5000 JavaThread "Service Thread" daemon [_thread_blocked, id=1152, stack(0x0000000adc700000,0x0000000adc800000)]
=>0x000001b1842fb000 JavaThread "C2 CompilerThread0" daemon [_thread_in_native, id=6720, stack(0x0000000adc800000,0x0000000adc900000)]
  0x000001b1842fd800 JavaThread "C1 CompilerThread0" daemon [_thread_blocked, id=6756, stack(0x0000000adc900000,0x0000000adca00000)]
  0x000001b1842f5800 JavaThread "Sweeper thread" daemon [_thread_blocked, id=8484, stack(0x0000000adca00000,0x0000000adcb00000)]
  0x000001b1842f6800 JavaThread "Common-Cleaner" daemon [_thread_blocked, id=944, stack(0x0000000adcb00000,0x0000000adcc00000)]
  0x000001b1842f7800 JavaThread "Daemon health stats" [_thread_blocked, id=2652, stack(0x0000000adcf00000,0x0000000add000000)]
  0x000001b1842f2800 JavaThread "Incoming local TCP Connector on port 60263" [_thread_in_native, id=228, stack(0x0000000adcd00000,0x0000000adce00000)]
  0x000001b1842f8000 JavaThread "Daemon periodic checks" [_thread_blocked, id=3620, stack(0x0000000add200000,0x0000000add300000)]
  0x000001b18505f800 JavaThread "Cache worker for file hash cache (C:\Users\Admin\.gradle\caches\7.0.2\fileHashes)" [_thread_blocked, id=4520, stack(0x0000000adda00000,0x0000000addb00000)]
  0x000001b185060000 JavaThread "File lock request listener" [_thread_in_native, id=7416, stack(0x0000000addb00000,0x0000000addc00000)]
  0x000001b185061000 JavaThread "Cache worker for journal cache (C:\Users\Admin\.gradle\caches\journal-1)" [_thread_blocked, id=7644, stack(0x0000000addc00000,0x0000000addd00000)]
  0x000001b18505c000 JavaThread "File watcher server" daemon [_thread_in_native, id=7300, stack(0x0000000addf00000,0x0000000ade000000)]
  0x000001b185063800 JavaThread "File watcher consumer" daemon [_thread_blocked, id=1656, stack(0x0000000ade000000,0x0000000ade100000)]
  0x000001b185066000 JavaThread "jar transforms" [_thread_blocked, id=6508, stack(0x0000000ade100000,0x0000000ade200000)]
  0x000001b185062800 JavaThread "jar transforms Thread 2" [_thread_blocked, id=708, stack(0x0000000ade200000,0x0000000ade300000)]
  0x000001b185064000 JavaThread "jar transforms Thread 3" [_thread_blocked, id=7124, stack(0x0000000ade300000,0x0000000ade400000)]
  0x000001b185062000 JavaThread "jar transforms Thread 4" [_thread_blocked, id=6504, stack(0x0000000ade400000,0x0000000ade500000)]
  0x000001b185069000 JavaThread "Cache worker for execution history cache (C:\Users\Admin\.gradle\caches\7.0.2\executionHistory)" [_thread_blocked, id=7080, stack(0x0000000ade800000,0x0000000ade900000)]
  0x000001b186d51800 JavaThread "Cache worker for file content cache (C:\Users\Admin\.gradle\caches\7.0.2\fileContent)" [_thread_blocked, id=8496, stack(0x0000000ade900000,0x0000000adea00000)]
  0x000001b186d55800 JavaThread "Memory manager" [_thread_blocked, id=5932, stack(0x0000000adf000000,0x0000000adf100000)]
  0x000001b186d56800 JavaThread "pool-3-thread-1" [_thread_blocked, id=3076, stack(0x0000000adf100000,0x0000000adf200000)]
  0x000001b186d53000 JavaThread "Daemon Thread 2" [_thread_blocked, id=224, stack(0x0000000adb900000,0x0000000adba00000)]
  0x000001b186d4d800 JavaThread "Handler for socket connection from /127.0.0.1:60263 to /127.0.0.1:63336" [_thread_in_native, id=812, stack(0x0000000adba00000,0x0000000adbb00000)]
  0x000001b186d54000 JavaThread "Cancel handler" [_thread_blocked, id=4540, stack(0x0000000adbb00000,0x0000000adbc00000)]
  0x000001b186d55000 JavaThread "Daemon worker Thread 2" [_thread_blocked, id=5348, stack(0x0000000add300000,0x0000000add400000)]
  0x000001b186d4f000 JavaThread "Asynchronous log dispatcher for DefaultDaemonConnection: socket connection from /127.0.0.1:60263 to /127.0.0.1:63336" [_thread_blocked, id=5168, stack(0x0000000add400000,0x0000000add500000)]
  0x000001b186d50000 JavaThread "Stdin handler" [_thread_blocked, id=3284, stack(0x0000000add500000,0x0000000add600000)]
  0x000001b186d5c000 JavaThread "Daemon client event forwarder" [_thread_blocked, id=7816, stack(0x0000000add600000,0x0000000add700000)]
  0x000001b186d5a800 JavaThread "Cache worker for file hash cache (D:\USTHMobile\androiddev2022\USTHMobile\.gradle\7.0.2\fileHashes)" [_thread_blocked, id=3100, stack(0x0000000add700000,0x0000000add800000)]
  0x000001b186d59800 JavaThread "Cache worker for checksums cache (D:\USTHMobile\androiddev2022\USTHMobile\.gradle\checksums)" [_thread_blocked, id=2860, stack(0x0000000add800000,0x0000000add900000)]
  0x000001b186d58000 JavaThread "Cache worker for cache directory md-supplier (C:\Users\Admin\.gradle\caches\7.0.2\md-supplier)" [_thread_blocked, id=9876, stack(0x0000000addd00000,0x0000000adde00000)]
  0x000001b186d59000 JavaThread "Cache worker for cache directory md-rule (C:\Users\Admin\.gradle\caches\7.0.2\md-rule)" [_thread_blocked, id=6396, stack(0x0000000adde00000,0x0000000addf00000)]
  0x000001b186d5b800 JavaThread "Cache worker for dependencies-accessors (D:\USTHMobile\androiddev2022\USTHMobile\.gradle\7.0.2\dependencies-accessors)" [_thread_blocked, id=8824, stack(0x0000000ade500000,0x0000000ade600000)]
  0x000001b186d57800 JavaThread "Cache worker for Build Output Cleanup Cache (D:\USTHMobile\androiddev2022\USTHMobile\.gradle\buildOutputCleanup)" [_thread_blocked, id=3712, stack(0x0000000ade600000,0x0000000ade700000)]
  0x000001b18505a800 JavaThread "Build operations" [_thread_blocked, id=3068, stack(0x0000000ade700000,0x0000000ade800000)]
  0x000001b18505d000 JavaThread "Build operations Thread 2" [_thread_blocked, id=8188, stack(0x0000000adea00000,0x0000000adeb00000)]
  0x000001b18505d800 JavaThread "Build operations Thread 3" [_thread_blocked, id=4228, stack(0x0000000adeb00000,0x0000000adec00000)]
  0x000001b18505e800 JavaThread "Build operations Thread 4" [_thread_blocked, id=3964, stack(0x0000000adec00000,0x0000000aded00000)]
  0x000001b185065000 JavaThread "build event listener" [_thread_blocked, id=9424, stack(0x0000000aded00000,0x0000000adee00000)]
  0x000001b185066800 JavaThread "pool-6-thread-1" [_thread_blocked, id=4648, stack(0x0000000adee00000,0x0000000adef00000)]
  0x000001b185067800 JavaThread "build event listener" [_thread_blocked, id=2920, stack(0x0000000adef00000,0x0000000adf000000)]
  0x000001b1842f3000 JavaThread "Execution worker for ':'" [_thread_blocked, id=9500, stack(0x0000000adf200000,0x0000000adf300000)]
  0x000001b1842f9000 JavaThread "Execution worker for ':' Thread 2" [_thread_in_Java, id=3764, stack(0x0000000adf300000,0x0000000adf400000)]
  0x000001b1842f4000 JavaThread "Execution worker for ':' Thread 3" [_thread_blocked, id=8716, stack(0x0000000adf400000,0x0000000adf500000)]
  0x000001b18b9eb000 JavaThread "Cache worker for execution history cache (D:\USTHMobile\androiddev2022\USTHMobile\.gradle\7.0.2\executionHistory)" [_thread_blocked, id=7676, stack(0x0000000adf500000,0x0000000adf600000)]
  0x000001b18b9e8800 JavaThread "WorkerExecutor Queue" [_thread_blocked, id=5480, stack(0x0000000add900000,0x0000000adda00000)]
  0x000001b18b9ed800 JavaThread "WorkerExecutor Queue Thread 2" [_thread_blocked, id=8284, stack(0x0000000adf600000,0x0000000adf700000)]
  0x000001b18b9e9800 JavaThread "WorkerExecutor Queue Thread 3" [_thread_in_Java, id=9796, stack(0x0000000adf700000,0x0000000adf800000)]
  0x000001b18b9ec800 JavaThread "WorkerExecutor Queue Thread 4" [_thread_blocked, id=6324, stack(0x0000000adf800000,0x0000000adf900000)]

Other Threads:
  0x000001b184292000 VMThread "VM Thread" [stack: 0x0000000adc200000,0x0000000adc300000] [id=6872]
  0x000001b184d9c800 WatcherThread [stack: 0x0000000adcc00000,0x0000000adcd00000] [id=9160]
  0x000001b1ea696800 GCTaskThread "GC Thread#0" [stack: 0x0000000adbd00000,0x0000000adbe00000] [id=6692]
  0x000001b1856a8800 GCTaskThread "GC Thread#1" [stack: 0x0000000adce00000,0x0000000adcf00000] [id=2784]
  0x000001b186e4f800 GCTaskThread "GC Thread#2" [stack: 0x0000000add000000,0x0000000add100000] [id=376]
  0x000001b18827c000 GCTaskThread "GC Thread#3" [stack: 0x0000000add100000,0x0000000add200000] [id=4316]
  0x000001b1ea6c7800 ConcurrentGCThread "G1 Main Marker" [stack: 0x0000000adbe00000,0x0000000adbf00000] [id=72]
  0x000001b1ea6c9000 ConcurrentGCThread "G1 Conc#0" [stack: 0x0000000adbf00000,0x0000000adc000000] [id=4768]
  0x000001b1ea723000 ConcurrentGCThread "G1 Refine#0" [stack: 0x0000000adc000000,0x0000000adc100000] [id=2452]
  0x000001b1ea724000 ConcurrentGCThread "G1 Young RemSet Sampling" [stack: 0x0000000adc100000,0x0000000adc200000] [id=8936]

Threads with active compile tasks:
C2 CompilerThread0 774250 15338 % !   4       com.android.ide.common.resources.DataMerger::mergeData @ 247 (611 bytes)

VM state:not at safepoint (normal execution)

VM Mutex/Monitor currently owned by a thread: None

Heap address: 0x0000000080000000, size: 2048 MB, Compressed Oops mode: 32-bit
Narrow klass base: 0x0000000000000000, Narrow klass shift: 3
Compressed class space size: 1073741824 Address: 0x0000000100000000

Heap:
 garbage-first heap   total 199680K, used 153781K [0x0000000080000000, 0x0000000100000000)
  region size 1024K, 5 young (5120K), 2 survivors (2048K)
 Metaspace       used 117364K, capacity 120552K, committed 120832K, reserved 1155072K
  class space    used 14662K, capacity 15824K, committed 15872K, reserved 1048576K
Heap Regions: E=young(eden), S=young(survivor), O=old, HS=humongous(starts), HC=humongous(continues), CS=collection set, F=free, A=archive, TAMS=top-at-mark-start (previous, next)
|   0|0x0000000080000000, 0x0000000080100000, 0x0000000080100000|100%| O|  |TAMS 0x0000000080100000, 0x0000000080100000| Untracked 
|   1|0x0000000080100000, 0x0000000080200000, 0x0000000080200000|100%| O|  |TAMS 0x0000000080200000, 0x0000000080200000| Untracked 
|   2|0x0000000080200000, 0x0000000080300000, 0x0000000080300000|100%| O|  |TAMS 0x0000000080300000, 0x0000000080300000| Untracked 
|   3|0x0000000080300000, 0x0000000080400000, 0x0000000080400000|100%|HS|  |TAMS 0x0000000080400000, 0x0000000080400000| Complete 
|   4|0x0000000080400000, 0x0000000080500000, 0x0000000080500000|100%|HC|  |TAMS 0x0000000080500000, 0x0000000080500000| Complete 
|   5|0x0000000080500000, 0x0000000080600000, 0x0000000080600000|100%|HC|  |TAMS 0x0000000080600000, 0x0000000080600000| Complete 
|   6|0x0000000080600000, 0x0000000080700000, 0x0000000080700000|100%| O|  |TAMS 0x0000000080700000, 0x0000000080700000| Untracked 
|   7|0x0000000080700000, 0x0000000080800000, 0x0000000080800000|100%| O|  |TAMS 0x0000000080800000, 0x0000000080800000| Untracked 
|   8|0x0000000080800000, 0x0000000080900000, 0x0000000080900000|100%| O|  |TAMS 0x0000000080900000, 0x0000000080900000| Untracked 
|   9|0x0000000080900000, 0x0000000080a00000, 0x0000000080a00000|100%| O|  |TAMS 0x0000000080a00000, 0x0000000080a00000| Untracked 
|  10|0x0000000080a00000, 0x0000000080b00000, 0x0000000080b00000|100%| O|  |TAMS 0x0000000080b00000, 0x0000000080b00000| Untracked 
|  11|0x0000000080b00000, 0x0000000080c00000, 0x0000000080c00000|100%| O|  |TAMS 0x0000000080c00000, 0x0000000080c00000| Untracked 
|  12|0x0000000080c00000, 0x0000000080d00000, 0x0000000080d00000|100%| O|  |TAMS 0x0000000080d00000, 0x0000000080d00000| Untracked 
|  13|0x0000000080d00000, 0x0000000080e00000, 0x0000000080e00000|100%| O|  |TAMS 0x0000000080e00000, 0x0000000080e00000| Untracked 
|  14|0x0000000080e00000, 0x0000000080f00000, 0x0000000080f00000|100%| O|  |TAMS 0x0000000080f00000, 0x0000000080f00000| Untracked 
|  15|0x0000000080f00000, 0x0000000081000000, 0x0000000081000000|100%|HS|  |TAMS 0x0000000081000000, 0x0000000081000000| Complete 
|  16|0x0000000081000000, 0x0000000081100000, 0x0000000081100000|100%|HC|  |TAMS 0x0000000081100000, 0x0000000081100000| Complete 
|  17|0x0000000081100000, 0x0000000081200000, 0x0000000081200000|100%|HS|  |TAMS 0x0000000081200000, 0x0000000081200000| Complete 
|  18|0x0000000081200000, 0x0000000081300000, 0x0000000081300000|100%|HC|  |TAMS 0x0000000081300000, 0x0000000081300000| Complete 
|  19|0x0000000081300000, 0x0000000081400000, 0x0000000081400000|100%|HC|  |TAMS 0x0000000081400000, 0x0000000081400000| Complete 
|  20|0x0000000081400000, 0x0000000081500000, 0x0000000081500000|100%|HS|  |TAMS 0x0000000081500000, 0x0000000081500000| Complete 
|  21|0x0000000081500000, 0x0000000081600000, 0x0000000081600000|100%|HC|  |TAMS 0x0000000081600000, 0x0000000081600000| Complete 
|  22|0x0000000081600000, 0x0000000081700000, 0x0000000081700000|100%|HC|  |TAMS 0x0000000081700000, 0x0000000081700000| Complete 
|  23|0x0000000081700000, 0x0000000081800000, 0x0000000081800000|100%|HC|  |TAMS 0x0000000081800000, 0x0000000081800000| Complete 
|  24|0x0000000081800000, 0x0000000081900000, 0x0000000081900000|100%|HC|  |TAMS 0x0000000081900000, 0x0000000081900000| Complete 
|  25|0x0000000081900000, 0x0000000081a00000, 0x0000000081a00000|100%| O|  |TAMS 0x0000000081a00000, 0x0000000081a00000| Untracked 
|  26|0x0000000081a00000, 0x0000000081b00000, 0x0000000081b00000|100%| O|  |TAMS 0x0000000081b00000, 0x0000000081b00000| Untracked 
|  27|0x0000000081b00000, 0x0000000081c00000, 0x0000000081c00000|100%| O|  |TAMS 0x0000000081c00000, 0x0000000081c00000| Untracked 
|  28|0x0000000081c00000, 0x0000000081d00000, 0x0000000081d00000|100%| O|  |TAMS 0x0000000081d00000, 0x0000000081d00000| Untracked 
|  29|0x0000000081d00000, 0x0000000081e00000, 0x0000000081e00000|100%| O|  |TAMS 0x0000000081e00000, 0x0000000081e00000| Untracked 
|  30|0x0000000081e00000, 0x0000000081f00000, 0x0000000081f00000|100%| O|  |TAMS 0x0000000081f00000, 0x0000000081f00000| Untracked 
|  31|0x0000000081f00000, 0x0000000082000000, 0x0000000082000000|100%| O|  |TAMS 0x0000000082000000, 0x0000000082000000| Untracked 
|  32|0x0000000082000000, 0x0000000082100000, 0x0000000082100000|100%| O|  |TAMS 0x0000000082100000, 0x0000000082100000| Untracked 
|  33|0x0000000082100000, 0x0000000082200000, 0x0000000082200000|100%| O|  |TAMS 0x0000000082200000, 0x0000000082200000| Untracked 
|  34|0x0000000082200000, 0x0000000082300000, 0x0000000082300000|100%| O|  |TAMS 0x0000000082300000, 0x0000000082300000| Untracked 
|  35|0x0000000082300000, 0x0000000082400000, 0x0000000082400000|100%| O|  |TAMS 0x0000000082400000, 0x0000000082400000| Untracked 
|  36|0x0000000082400000, 0x0000000082500000, 0x0000000082500000|100%| O|  |TAMS 0x0000000082500000, 0x0000000082500000| Untracked 
|  37|0x0000000082500000, 0x0000000082600000, 0x0000000082600000|100%|HS|  |TAMS 0x0000000082600000, 0x0000000082600000| Complete 
|  38|0x0000000082600000, 0x0000000082700000, 0x0000000082700000|100%|HC|  |TAMS 0x0000000082700000, 0x0000000082700000| Complete 
|  39|0x0000000082700000, 0x0000000082800000, 0x0000000082800000|100%|HC|  |TAMS 0x0000000082800000, 0x0000000082800000| Complete 
|  40|0x0000000082800000, 0x0000000082900000, 0x0000000082900000|100%|HC|  |TAMS 0x0000000082900000, 0x0000000082900000| Complete 
|  41|0x0000000082900000, 0x0000000082a00000, 0x0000000082a00000|100%|HC|  |TAMS 0x0000000082a00000, 0x0000000082a00000| Complete 
|  42|0x0000000082a00000, 0x0000000082b00000, 0x0000000082b00000|100%| O|  |TAMS 0x0000000082b00000, 0x0000000082b00000| Untracked 
|  43|0x0000000082b00000, 0x0000000082c00000, 0x0000000082c00000|100%| O|  |TAMS 0x0000000082c00000, 0x0000000082c00000| Untracked 
|  44|0x0000000082c00000, 0x0000000082d00000, 0x0000000082d00000|100%| O|  |TAMS 0x0000000082d00000, 0x0000000082d00000| Untracked 
|  45|0x0000000082d00000, 0x0000000082e00000, 0x0000000082e00000|100%| O|  |TAMS 0x0000000082e00000, 0x0000000082e00000| Untracked 
|  46|0x0000000082e00000, 0x0000000082f00000, 0x0000000082f00000|100%|HS|  |TAMS 0x0000000082f00000, 0x0000000082f00000| Complete 
|  47|0x0000000082f00000, 0x0000000083000000, 0x0000000083000000|100%|HC|  |TAMS 0x0000000083000000, 0x0000000083000000| Complete 
|  48|0x0000000083000000, 0x0000000083100000, 0x0000000083100000|100%|HC|  |TAMS 0x0000000083100000, 0x0000000083100000| Complete 
|  49|0x0000000083100000, 0x0000000083200000, 0x0000000083200000|100%| O|  |TAMS 0x0000000083200000, 0x0000000083200000| Untracked 
|  50|0x0000000083200000, 0x0000000083300000, 0x0000000083300000|100%| O|  |TAMS 0x0000000083300000, 0x0000000083300000| Untracked 
|  51|0x0000000083300000, 0x0000000083400000, 0x0000000083400000|100%| O|  |TAMS 0x0000000083400000, 0x0000000083400000| Untracked 
|  52|0x0000000083400000, 0x0000000083500000, 0x0000000083500000|100%| O|  |TAMS 0x0000000083500000, 0x0000000083500000| Untracked 
|  53|0x0000000083500000, 0x0000000083600000, 0x0000000083600000|100%| O|  |TAMS 0x0000000083600000, 0x0000000083600000| Untracked 
|  54|0x0000000083600000, 0x0000000083700000, 0x0000000083700000|100%| O|  |TAMS 0x0000000083700000, 0x0000000083700000| Untracked 
|  55|0x0000000083700000, 0x0000000083800000, 0x0000000083800000|100%|HS|  |TAMS 0x0000000083800000, 0x0000000083800000| Complete 
|  56|0x0000000083800000, 0x0000000083900000, 0x0000000083900000|100%|HS|  |TAMS 0x0000000083900000, 0x0000000083900000| Complete 
|  57|0x0000000083900000, 0x0000000083a00000, 0x0000000083a00000|100%|HS|  |TAMS 0x0000000083a00000, 0x0000000083a00000| Complete 
|  58|0x0000000083a00000, 0x0000000083b00000, 0x0000000083b00000|100%|HC|  |TAMS 0x0000000083b00000, 0x0000000083b00000| Complete 
|  59|0x0000000083b00000, 0x0000000083c00000, 0x0000000083c00000|100%| O|  |TAMS 0x0000000083c00000, 0x0000000083c00000| Untracked 
|  60|0x0000000083c00000, 0x0000000083d00000, 0x0000000083d00000|100%| O|  |TAMS 0x0000000083d00000, 0x0000000083d00000| Untracked 
|  61|0x0000000083d00000, 0x0000000083e00000, 0x0000000083e00000|100%| O|  |TAMS 0x0000000083e00000, 0x0000000083e00000| Untracked 
|  62|0x0000000083e00000, 0x0000000083f00000, 0x0000000083f00000|100%| O|  |TAMS 0x0000000083f00000, 0x0000000083f00000| Untracked 
|  63|0x0000000083f00000, 0x0000000084000000, 0x0000000084000000|100%| O|  |TAMS 0x0000000084000000, 0x0000000084000000| Untracked 
|  64|0x0000000084000000, 0x0000000084100000, 0x0000000084100000|100%| O|  |TAMS 0x0000000084100000, 0x0000000084100000| Untracked 
|  65|0x0000000084100000, 0x0000000084200000, 0x0000000084200000|100%| O|  |TAMS 0x0000000084200000, 0x0000000084200000| Untracked 
|  66|0x0000000084200000, 0x0000000084300000, 0x0000000084300000|100%| O|  |TAMS 0x0000000084300000, 0x0000000084300000| Untracked 
|  67|0x0000000084300000, 0x0000000084400000, 0x0000000084400000|100%| O|  |TAMS 0x0000000084400000, 0x0000000084400000| Untracked 
|  68|0x0000000084400000, 0x0000000084500000, 0x0000000084500000|100%| O|  |TAMS 0x0000000084500000, 0x0000000084500000| Untracked 
|  69|0x0000000084500000, 0x0000000084600000, 0x0000000084600000|100%| O|  |TAMS 0x0000000084600000, 0x0000000084600000| Untracked 
|  70|0x0000000084600000, 0x0000000084700000, 0x0000000084700000|100%| O|  |TAMS 0x0000000084700000, 0x0000000084700000| Untracked 
|  71|0x0000000084700000, 0x0000000084800000, 0x0000000084800000|100%| O|  |TAMS 0x0000000084800000, 0x0000000084800000| Untracked 
|  72|0x0000000084800000, 0x0000000084900000, 0x0000000084900000|100%| O|  |TAMS 0x0000000084900000, 0x0000000084900000| Untracked 
|  73|0x0000000084900000, 0x0000000084a00000, 0x0000000084a00000|100%| O|  |TAMS 0x0000000084a00000, 0x0000000084a00000| Untracked 
|  74|0x0000000084a00000, 0x0000000084b00000, 0x0000000084b00000|100%| O|  |TAMS 0x0000000084b00000, 0x0000000084b00000| Untracked 
|  75|0x0000000084b00000, 0x0000000084c00000, 0x0000000084c00000|100%| O|  |TAMS 0x0000000084c00000, 0x0000000084c00000| Untracked 
|  76|0x0000000084c00000, 0x0000000084d00000, 0x0000000084d00000|100%| O|  |TAMS 0x0000000084d00000, 0x0000000084d00000| Untracked 
|  77|0x0000000084d00000, 0x0000000084e00000, 0x0000000084e00000|100%| O|  |TAMS 0x0000000084e00000, 0x0000000084e00000| Untracked 
|  78|0x0000000084e00000, 0x0000000084f00000, 0x0000000084f00000|100%| O|  |TAMS 0x0000000084f00000, 0x0000000084f00000| Untracked 
|  79|0x0000000084f00000, 0x0000000085000000, 0x0000000085000000|100%| O|  |TAMS 0x0000000085000000, 0x0000000085000000| Untracked 
|  80|0x0000000085000000, 0x0000000085100000, 0x0000000085100000|100%| O|  |TAMS 0x0000000085100000, 0x0000000085100000| Untracked 
|  81|0x0000000085100000, 0x0000000085200000, 0x0000000085200000|100%| O|  |TAMS 0x0000000085200000, 0x0000000085200000| Untracked 
|  82|0x0000000085200000, 0x0000000085300000, 0x0000000085300000|100%| O|  |TAMS 0x0000000085300000, 0x0000000085300000| Untracked 
|  83|0x0000000085300000, 0x0000000085400000, 0x0000000085400000|100%| O|  |TAMS 0x0000000085400000, 0x0000000085400000| Untracked 
|  84|0x0000000085400000, 0x0000000085500000, 0x0000000085500000|100%| O|  |TAMS 0x0000000085500000, 0x0000000085500000| Untracked 
|  85|0x0000000085500000, 0x0000000085600000, 0x0000000085600000|100%| O|  |TAMS 0x0000000085600000, 0x0000000085600000| Untracked 
|  86|0x0000000085600000, 0x0000000085700000, 0x0000000085700000|100%| O|  |TAMS 0x0000000085700000, 0x0000000085700000| Untracked 
|  87|0x0000000085700000, 0x0000000085800000, 0x0000000085800000|100%| O|  |TAMS 0x0000000085800000, 0x0000000085800000| Untracked 
|  88|0x0000000085800000, 0x0000000085900000, 0x0000000085900000|100%| O|  |TAMS 0x0000000085900000, 0x0000000085900000| Untracked 
|  89|0x0000000085900000, 0x0000000085a00000, 0x0000000085a00000|100%| O|  |TAMS 0x0000000085a00000, 0x0000000085a00000| Untracked 
|  90|0x0000000085a00000, 0x0000000085b00000, 0x0000000085b00000|100%| O|  |TAMS 0x0000000085b00000, 0x0000000085b00000| Untracked 
|  91|0x0000000085b00000, 0x0000000085c00000, 0x0000000085c00000|100%| O|  |TAMS 0x0000000085c00000, 0x0000000085c00000| Untracked 
|  92|0x0000000085c00000, 0x0000000085d00000, 0x0000000085d00000|100%| O|  |TAMS 0x0000000085d00000, 0x0000000085d00000| Untracked 
|  93|0x0000000085d00000, 0x0000000085e00000, 0x0000000085e00000|100%| O|  |TAMS 0x0000000085e00000, 0x0000000085e00000| Untracked 
|  94|0x0000000085e00000, 0x0000000085f00000, 0x0000000085f00000|100%| O|  |TAMS 0x0000000085f00000, 0x0000000085f00000| Untracked 
|  95|0x0000000085f00000, 0x0000000086000000, 0x0000000086000000|100%| O|  |TAMS 0x0000000086000000, 0x0000000086000000| Untracked 
|  96|0x0000000086000000, 0x0000000086100000, 0x0000000086100000|100%| O|  |TAMS 0x0000000086100000, 0x0000000086100000| Untracked 
|  97|0x0000000086100000, 0x0000000086200000, 0x0000000086200000|100%| O|  |TAMS 0x0000000086200000, 0x0000000086200000| Untracked 
|  98|0x0000000086200000, 0x0000000086300000, 0x0000000086300000|100%| O|  |TAMS 0x0000000086300000, 0x0000000086300000| Untracked 
|  99|0x0000000086300000, 0x0000000086400000, 0x0000000086400000|100%| O|  |TAMS 0x0000000086400000, 0x0000000086400000| Untracked 
| 100|0x0000000086400000, 0x0000000086500000, 0x0000000086500000|100%| O|  |TAMS 0x0000000086500000, 0x0000000086500000| Untracked 
| 101|0x0000000086500000, 0x0000000086600000, 0x0000000086600000|100%| O|  |TAMS 0x0000000086600000, 0x0000000086600000| Untracked 
| 102|0x0000000086600000, 0x0000000086700000, 0x0000000086700000|100%| O|  |TAMS 0x0000000086600000, 0x0000000086700000| Untracked 
| 103|0x0000000086700000, 0x0000000086800000, 0x0000000086800000|100%| O|  |TAMS 0x0000000086800000, 0x0000000086800000| Untracked 
| 104|0x0000000086800000, 0x0000000086900000, 0x0000000086900000|100%| O|  |TAMS 0x0000000086900000, 0x0000000086900000| Untracked 
| 105|0x0000000086900000, 0x0000000086a00000, 0x0000000086a00000|100%| O|  |TAMS 0x0000000086a00000, 0x0000000086a00000| Untracked 
| 106|0x0000000086a00000, 0x0000000086b00000, 0x0000000086b00000|100%| O|  |TAMS 0x0000000086b00000, 0x0000000086b00000| Untracked 
| 107|0x0000000086b00000, 0x0000000086c00000, 0x0000000086c00000|100%| O|  |TAMS 0x0000000086c00000, 0x0000000086c00000| Untracked 
| 108|0x0000000086c00000, 0x0000000086d00000, 0x0000000086d00000|100%| O|  |TAMS 0x0000000086d00000, 0x0000000086d00000| Untracked 
| 109|0x0000000086d00000, 0x0000000086e00000, 0x0000000086e00000|100%| O|  |TAMS 0x0000000086e00000, 0x0000000086e00000| Untracked 
| 110|0x0000000086e00000, 0x0000000086f00000, 0x0000000086f00000|100%| O|  |TAMS 0x0000000086f00000, 0x0000000086f00000| Untracked 
| 111|0x0000000086f00000, 0x0000000087000000, 0x0000000087000000|100%| O|  |TAMS 0x0000000087000000, 0x0000000087000000| Untracked 
| 112|0x0000000087000000, 0x0000000087100000, 0x0000000087100000|100%| O|  |TAMS 0x0000000087100000, 0x0000000087100000| Untracked 
| 113|0x0000000087100000, 0x0000000087200000, 0x0000000087200000|100%| O|  |TAMS 0x0000000087200000, 0x0000000087200000| Untracked 
| 114|0x0000000087200000, 0x0000000087300000, 0x0000000087300000|100%| O|  |TAMS 0x0000000087300000, 0x0000000087300000| Untracked 
| 115|0x0000000087300000, 0x0000000087400000, 0x0000000087400000|100%| O|  |TAMS 0x0000000087400000, 0x0000000087400000| Untracked 
| 116|0x0000000087400000, 0x0000000087500000, 0x0000000087500000|100%| O|  |TAMS 0x0000000087500000, 0x0000000087500000| Untracked 
| 117|0x0000000087500000, 0x0000000087600000, 0x0000000087600000|100%| O|  |TAMS 0x0000000087600000, 0x0000000087600000| Untracked 
| 118|0x0000000087600000, 0x0000000087700000, 0x0000000087700000|100%| O|  |TAMS 0x0000000087700000, 0x0000000087700000| Untracked 
| 119|0x0000000087700000, 0x0000000087800000, 0x0000000087800000|100%| O|  |TAMS 0x0000000087800000, 0x0000000087800000| Untracked 
| 120|0x0000000087800000, 0x0000000087900000, 0x0000000087900000|100%| O|  |TAMS 0x0000000087900000, 0x0000000087900000| Untracked 
| 121|0x0000000087900000, 0x0000000087a00000, 0x0000000087a00000|100%| O|  |TAMS 0x0000000087a00000, 0x0000000087a00000| Untracked 
| 122|0x0000000087a00000, 0x0000000087b00000, 0x0000000087b00000|100%| O|  |TAMS 0x0000000087b00000, 0x0000000087b00000| Untracked 
| 123|0x0000000087b00000, 0x0000000087c00000, 0x0000000087c00000|100%| O|  |TAMS 0x0000000087c00000, 0x0000000087c00000| Untracked 
| 124|0x0000000087c00000, 0x0000000087d00000, 0x0000000087d00000|100%| O|  |TAMS 0x0000000087d00000, 0x0000000087d00000| Untracked 
| 125|0x0000000087d00000, 0x0000000087e00000, 0x0000000087e00000|100%| O|  |TAMS 0x0000000087e00000, 0x0000000087e00000| Untracked 
| 126|0x0000000087e00000, 0x0000000087f00000, 0x0000000087f00000|100%| O|  |TAMS 0x0000000087f00000, 0x0000000087f00000| Untracked 
| 127|0x0000000087f00000, 0x0000000088000000, 0x0000000088000000|100%| O|  |TAMS 0x0000000088000000, 0x0000000088000000| Untracked 
| 128|0x0000000088000000, 0x0000000088100000, 0x0000000088100000|100%| O|  |TAMS 0x0000000088100000, 0x0000000088100000| Untracked 
| 129|0x0000000088100000, 0x0000000088200000, 0x0000000088200000|100%| O|  |TAMS 0x0000000088200000, 0x0000000088200000| Untracked 
| 130|0x0000000088200000, 0x0000000088300000, 0x0000000088300000|100%| O|  |TAMS 0x0000000088300000, 0x0000000088300000| Untracked 
| 131|0x0000000088300000, 0x0000000088400000, 0x0000000088400000|100%| O|  |TAMS 0x0000000088400000, 0x0000000088400000| Untracked 
| 132|0x0000000088400000, 0x0000000088500000, 0x0000000088500000|100%| O|  |TAMS 0x0000000088400000, 0x0000000088500000| Untracked 
| 133|0x0000000088500000, 0x0000000088600000, 0x0000000088600000|100%| O|  |TAMS 0x0000000088500000, 0x0000000088600000| Untracked 
| 134|0x0000000088600000, 0x0000000088700000, 0x0000000088700000|100%|HS|  |TAMS 0x0000000088600000, 0x0000000088700000| Complete 
| 135|0x0000000088700000, 0x0000000088800000, 0x0000000088800000|100%| O|  |TAMS 0x0000000088700000, 0x0000000088800000| Untracked 
| 136|0x0000000088800000, 0x0000000088900000, 0x0000000088900000|100%| O|  |TAMS 0x0000000088800000, 0x0000000088900000| Untracked 
| 137|0x0000000088900000, 0x0000000088a00000, 0x0000000088a00000|100%| O|  |TAMS 0x0000000088900000, 0x0000000088a00000| Untracked 
| 138|0x0000000088a00000, 0x0000000088b00000, 0x0000000088b00000|100%| O|  |TAMS 0x0000000088a00000, 0x0000000088b00000| Untracked 
| 139|0x0000000088b00000, 0x0000000088c00000, 0x0000000088c00000|100%| O|  |TAMS 0x0000000088b00000, 0x0000000088c00000| Untracked 
| 140|0x0000000088c00000, 0x0000000088d00000, 0x0000000088d00000|100%| O|  |TAMS 0x0000000088c00000, 0x0000000088d00000| Untracked 
| 141|0x0000000088d00000, 0x0000000088e00000, 0x0000000088e00000|100%| O|  |TAMS 0x0000000088d00000, 0x0000000088e00000| Untracked 
| 142|0x0000000088e00000, 0x0000000088f00000, 0x0000000088f00000|100%| O|  |TAMS 0x0000000088e00000, 0x0000000088f00000| Untracked 
| 143|0x0000000088f00000, 0x0000000089000000, 0x0000000089000000|100%| O|  |TAMS 0x0000000088f00000, 0x0000000089000000| Untracked 
| 144|0x0000000089000000, 0x0000000089100000, 0x0000000089100000|100%| O|  |TAMS 0x0000000089000000, 0x0000000089100000| Untracked 
| 145|0x0000000089100000, 0x0000000089200000, 0x0000000089200000|100%|HS|  |TAMS 0x0000000089100000, 0x0000000089100000| Complete 
| 146|0x0000000089200000, 0x0000000089300000, 0x0000000089300000|100%|HS|  |TAMS 0x0000000089200000, 0x0000000089200000| Complete 
| 147|0x0000000089300000, 0x0000000089400000, 0x0000000089400000|100%|HC|  |TAMS 0x0000000089300000, 0x0000000089300000| Complete 
| 148|0x0000000089400000, 0x0000000089400000, 0x0000000089500000|  0%| F|  |TAMS 0x0000000089400000, 0x0000000089400000| Untracked 
| 149|0x0000000089500000, 0x0000000089500000, 0x0000000089600000|  0%| F|  |TAMS 0x0000000089500000, 0x0000000089500000| Untracked 
| 150|0x0000000089600000, 0x0000000089600000, 0x0000000089700000|  0%| F|  |TAMS 0x0000000089600000, 0x0000000089600000| Untracked 
| 151|0x0000000089700000, 0x0000000089700000, 0x0000000089800000|  0%| F|  |TAMS 0x0000000089700000, 0x0000000089700000| Untracked 
| 152|0x0000000089800000, 0x0000000089800000, 0x0000000089900000|  0%| F|  |TAMS 0x0000000089800000, 0x0000000089800000| Untracked 
| 153|0x0000000089900000, 0x0000000089900000, 0x0000000089a00000|  0%| F|  |TAMS 0x0000000089900000, 0x0000000089900000| Untracked 
| 154|0x0000000089a00000, 0x0000000089a00000, 0x0000000089b00000|  0%| F|  |TAMS 0x0000000089a00000, 0x0000000089a00000| Untracked 
| 155|0x0000000089b00000, 0x0000000089b00000, 0x0000000089c00000|  0%| F|  |TAMS 0x0000000089b00000, 0x0000000089b00000| Untracked 
| 156|0x0000000089c00000, 0x0000000089c00000, 0x0000000089d00000|  0%| F|  |TAMS 0x0000000089c00000, 0x0000000089c00000| Untracked 
| 157|0x0000000089d00000, 0x0000000089d00000, 0x0000000089e00000|  0%| F|  |TAMS 0x0000000089d00000, 0x0000000089d00000| Untracked 
| 158|0x0000000089e00000, 0x0000000089e00000, 0x0000000089f00000|  0%| F|  |TAMS 0x0000000089e00000, 0x0000000089e00000| Untracked 
| 159|0x0000000089f00000, 0x0000000089f00000, 0x000000008a000000|  0%| F|  |TAMS 0x0000000089f00000, 0x0000000089f00000| Untracked 
| 160|0x000000008a000000, 0x000000008a000000, 0x000000008a100000|  0%| F|  |TAMS 0x000000008a000000, 0x000000008a000000| Untracked 
| 161|0x000000008a100000, 0x000000008a100000, 0x000000008a200000|  0%| F|  |TAMS 0x000000008a100000, 0x000000008a100000| Untracked 
| 162|0x000000008a200000, 0x000000008a200000, 0x000000008a300000|  0%| F|  |TAMS 0x000000008a200000, 0x000000008a200000| Untracked 
| 163|0x000000008a300000, 0x000000008a300000, 0x000000008a400000|  0%| F|  |TAMS 0x000000008a300000, 0x000000008a300000| Untracked 
| 164|0x000000008a400000, 0x000000008a400000, 0x000000008a500000|  0%| F|  |TAMS 0x000000008a400000, 0x000000008a400000| Untracked 
| 165|0x000000008a500000, 0x000000008a500000, 0x000000008a600000|  0%| F|  |TAMS 0x000000008a500000, 0x000000008a500000| Untracked 
| 166|0x000000008a600000, 0x000000008a600000, 0x000000008a700000|  0%| F|  |TAMS 0x000000008a600000, 0x000000008a600000| Untracked 
| 167|0x000000008a700000, 0x000000008a700000, 0x000000008a800000|  0%| F|  |TAMS 0x000000008a700000, 0x000000008a700000| Untracked 
| 168|0x000000008a800000, 0x000000008a800000, 0x000000008a900000|  0%| F|  |TAMS 0x000000008a800000, 0x000000008a800000| Untracked 
| 169|0x000000008a900000, 0x000000008a900000, 0x000000008aa00000|  0%| F|  |TAMS 0x000000008a900000, 0x000000008a900000| Untracked 
| 170|0x000000008aa00000, 0x000000008aa00000, 0x000000008ab00000|  0%| F|  |TAMS 0x000000008aa00000, 0x000000008aa00000| Untracked 
| 171|0x000000008ab00000, 0x000000008ab00000, 0x000000008ac00000|  0%| F|  |TAMS 0x000000008ab00000, 0x000000008ab00000| Untracked 
| 172|0x000000008ac00000, 0x000000008ac00000, 0x000000008ad00000|  0%| F|  |TAMS 0x000000008ac00000, 0x000000008ac00000| Untracked 
| 173|0x000000008ad00000, 0x000000008ad00000, 0x000000008ae00000|  0%| F|  |TAMS 0x000000008ad00000, 0x000000008ad00000| Untracked 
| 174|0x000000008ae00000, 0x000000008ae00000, 0x000000008af00000|  0%| F|  |TAMS 0x000000008ae00000, 0x000000008ae00000| Untracked 
| 175|0x000000008af00000, 0x000000008af00000, 0x000000008b000000|  0%| F|  |TAMS 0x000000008af00000, 0x000000008af00000| Untracked 
| 176|0x000000008b000000, 0x000000008b000000, 0x000000008b100000|  0%| F|  |TAMS 0x000000008b000000, 0x000000008b000000| Untracked 
| 177|0x000000008b100000, 0x000000008b12d430, 0x000000008b200000| 17%| S|CS|TAMS 0x000000008b100000, 0x000000008b100000| Complete 
| 178|0x000000008b200000, 0x000000008b300000, 0x000000008b300000|100%| S|CS|TAMS 0x000000008b200000, 0x000000008b200000| Complete 
| 179|0x000000008b300000, 0x000000008b300000, 0x000000008b400000|  0%| F|  |TAMS 0x000000008b300000, 0x000000008b300000| Untracked 
| 180|0x000000008b400000, 0x000000008b400000, 0x000000008b500000|  0%| F|  |TAMS 0x000000008b400000, 0x000000008b400000| Untracked 
| 181|0x000000008b500000, 0x000000008b500000, 0x000000008b600000|  0%| F|  |TAMS 0x000000008b500000, 0x000000008b500000| Untracked 
| 182|0x000000008b600000, 0x000000008b600000, 0x000000008b700000|  0%| F|  |TAMS 0x000000008b600000, 0x000000008b600000| Untracked 
| 183|0x000000008b700000, 0x000000008b700000, 0x000000008b800000|  0%| F|  |TAMS 0x000000008b700000, 0x000000008b700000| Untracked 
| 184|0x000000008b800000, 0x000000008b800000, 0x000000008b900000|  0%| F|  |TAMS 0x000000008b800000, 0x000000008b800000| Untracked 
| 185|0x000000008b900000, 0x000000008b900000, 0x000000008ba00000|  0%| F|  |TAMS 0x000000008b900000, 0x000000008b900000| Untracked 
| 186|0x000000008ba00000, 0x000000008ba00000, 0x000000008bb00000|  0%| F|  |TAMS 0x000000008ba00000, 0x000000008ba00000| Untracked 
| 187|0x000000008bb00000, 0x000000008bb00000, 0x000000008bc00000|  0%| F|  |TAMS 0x000000008bb00000, 0x000000008bb00000| Untracked 
| 188|0x000000008bc00000, 0x000000008bc00000, 0x000000008bd00000|  0%| F|  |TAMS 0x000000008bc00000, 0x000000008bc00000| Untracked 
| 189|0x000000008bd00000, 0x000000008bd00000, 0x000000008be00000|  0%| F|  |TAMS 0x000000008bd00000, 0x000000008bd00000| Untracked 
| 190|0x000000008be00000, 0x000000008be00000, 0x000000008bf00000|  0%| F|  |TAMS 0x000000008be00000, 0x000000008be00000| Untracked 
| 191|0x000000008bf00000, 0x000000008bf00000, 0x000000008c000000|  0%| F|  |TAMS 0x000000008bf00000, 0x000000008bf00000| Untracked 
| 192|0x000000008c000000, 0x000000008c042488, 0x000000008c100000| 25%| E|  |TAMS 0x000000008c000000, 0x000000008c000000| Complete 
| 193|0x000000008c100000, 0x000000008c200000, 0x000000008c200000|100%| E|CS|TAMS 0x000000008c100000, 0x000000008c100000| Complete 
| 194|0x000000008c200000, 0x000000008c300000, 0x000000008c300000|100%| E|  |TAMS 0x000000008c200000, 0x000000008c200000| Complete 

Card table byte_map: [0x000001b1fd560000,0x000001b1fd960000] _byte_map_base: 0x000001b1fd160000

Marking Bits (Prev, Next): (CMBitMap*) 0x000001b1ea6bec88, (CMBitMap*) 0x000001b1ea6becc0
 Prev Bits: [0x000001b1fdd60000, 0x000001b1ffd60000)
 Next Bits: [0x000001b180000000, 0x000001b182000000)

Polling page: 0x000001b1e87d0000

Metaspace:

Usage:
  Non-class:    102.27 MB capacity,   100.29 MB ( 98%) used,     1.64 MB (  2%) free+waste,   346.19 KB ( <1%) overhead. 
      Class:     15.45 MB capacity,    14.32 MB ( 93%) used,  1004.19 KB (  6%) free+waste,   157.25 KB ( <1%) overhead. 
       Both:    117.73 MB capacity,   114.61 MB ( 97%) used,     2.62 MB (  2%) free+waste,   503.44 KB ( <1%) overhead. 

Virtual space:
  Non-class space:      104.00 MB reserved,     102.50 MB ( 99%) committed 
      Class space:        1.00 GB reserved,      15.50 MB (  2%) committed 
             Both:        1.10 GB reserved,     118.00 MB ( 10%) committed 

Chunk freelists:
   Non-Class:  40.00 KB
       Class:  16.00 KB
        Both:  56.00 KB

MaxMetaspaceSize: 17179869184.00 GB
CompressedClassSpaceSize: 1.00 GB

CodeHeap 'non-profiled nmethods': size=120064Kb used=9731Kb max_used=9731Kb free=110333Kb
 bounds [0x000001b1f5c20000, 0x000001b1f65b0000, 0x000001b1fd160000]
CodeHeap 'profiled nmethods': size=120000Kb used=34550Kb max_used=34550Kb free=85450Kb
 bounds [0x000001b1ee6f0000, 0x000001b1f08b0000, 0x000001b1f5c20000]
CodeHeap 'non-nmethods': size=5696Kb used=2350Kb max_used=2396Kb free=3345Kb
 bounds [0x000001b1ee160000, 0x000001b1ee3d0000, 0x000001b1ee6f0000]
 total_blobs=16245 nmethods=15269 adapters=886
 compilation: enabled
              stopped_count=0, restarted_count=0
 full_count=0

Compilation events (20 events):
Event: 773.842 Thread 0x000001b1842fd800 nmethod 15413 0x000001b1f659fd10 code [0x000001b1f659fec0, 0x000001b1f659ff58]
Event: 773.842 Thread 0x000001b1842fd800 15414       2       java.lang.Long::parseLong (267 bytes)
Event: 773.846 Thread 0x000001b1842fd800 nmethod 15414 0x000001b1f0862390 code [0x000001b1f0862820, 0x000001b1f0863d68]
Event: 773.851 Thread 0x000001b1842fd800 15416       2       java.util.ComparableTimSort::mergeHi (729 bytes)
Event: 773.853 Thread 0x000001b1842fd800 nmethod 15416 0x000001b1f0864a10 code [0x000001b1f0864d20, 0x000001b1f0866718]
Event: 773.857 Thread 0x000001b1842fd800 15418       2       com.android.ide.common.vectordrawable.PathParser$ExtractFloatResult::access$002 (7 bytes)
Event: 773.857 Thread 0x000001b1842fd800 nmethod 15418 0x000001b1f0866f10 code [0x000001b1f08670c0, 0x000001b1f08671b8]
Event: 773.857 Thread 0x000001b1842fd800 15419   !   2       jdk.internal.math.FloatingDecimal::readJavaFormatString (826 bytes)
Event: 773.866 Thread 0x000001b1842fd800 nmethod 15419 0x000001b1f0867290 code [0x000001b1f08677a0, 0x000001b1f086a2e8]
Event: 773.867 Thread 0x000001b1842fd800 15420       2       jdk.internal.math.FloatingDecimal::parseFloat (10 bytes)
Event: 773.867 Thread 0x000001b1842fd800 nmethod 15420 0x000001b1f086cd10 code [0x000001b1f086cee0, 0x000001b1f086cff8]
Event: 773.867 Thread 0x000001b1842fd800 15421       2       java.lang.Float::parseFloat (5 bytes)
Event: 773.868 Thread 0x000001b1842fd800 nmethod 15421 0x000001b1f086d090 code [0x000001b1f086d260, 0x000001b1f086d378]
Event: 773.868 Thread 0x000001b1842fd800 15422       2       org.apache.xerces.dom.NamedNodeMapImpl::getLength (21 bytes)
Event: 773.868 Thread 0x000001b1842fd800 nmethod 15422 0x000001b1f086d410 code [0x000001b1f086d5c0, 0x000001b1f086d708]
Event: 773.868 Thread 0x000001b1842fd800 15424       2       jdk.internal.math.FloatingDecimal$ASCIIToBinaryBuffer::floatValue (1087 bytes)
Event: 773.872 Thread 0x000001b1842fd800 nmethod 15424 0x000001b1f086d790 code [0x000001b1f086dae0, 0x000001b1f086ea08]
Event: 773.872 Thread 0x000001b1842fd800 15425       2       com.android.ide.common.vectordrawable.PathParser::extract (185 bytes)
Event: 773.873 Thread 0x000001b1842fd800 nmethod 15425 0x000001b1f086f590 code [0x000001b1f086f760, 0x000001b1f086fc38]
Event: 773.873 Thread 0x000001b1842fd800 15423       2       org.apache.xerces.dom.NamedNodeMapImpl::item (38 bytes)

GC Heap History (20 events):
Event: 24.737 GC heap before
{Heap before GC invocations=41 (full 0):
 garbage-first heap   total 199680K, used 124825K [0x0000000080000000, 0x0000000100000000)
  region size 1024K, 36 young (36864K), 8 survivors (8192K)
 Metaspace       used 100494K, capacity 103000K, committed 103168K, reserved 1138688K
  class space    used 12835K, capacity 13705K, committed 13824K, reserved 1048576K
}
Event: 24.754 GC heap after
{Heap after GC invocations=42 (full 0):
 garbage-first heap   total 199680K, used 99798K [0x0000000080000000, 0x0000000100000000)
  region size 1024K, 6 young (6144K), 6 survivors (6144K)
 Metaspace       used 100494K, capacity 103000K, committed 103168K, reserved 1138688K
  class space    used 12835K, capacity 13705K, committed 13824K, reserved 1048576K
}
Event: 29.974 GC heap before
{Heap before GC invocations=43 (full 0):
 garbage-first heap   total 199680K, used 161238K [0x0000000080000000, 0x0000000100000000)
  region size 1024K, 66 young (67584K), 6 survivors (6144K)
 Metaspace       used 101427K, capacity 103955K, committed 104192K, reserved 1140736K
  class space    used 12897K, capacity 13772K, committed 13824K, reserved 1048576K
}
Event: 29.993 GC heap after
{Heap after GC invocations=44 (full 0):
 garbage-first heap   total 199680K, used 103815K [0x0000000080000000, 0x0000000100000000)
  region size 1024K, 6 young (6144K), 6 survivors (6144K)
 Metaspace       used 101427K, capacity 103955K, committed 104192K, reserved 1140736K
  class space    used 12897K, capacity 13772K, committed 13824K, reserved 1048576K
}
Event: 32.439 GC heap before
{Heap before GC invocations=44 (full 0):
 garbage-first heap   total 199680K, used 163207K [0x0000000080000000, 0x0000000100000000)
  region size 1024K, 64 young (65536K), 6 survivors (6144K)
 Metaspace       used 106066K, capacity 108947K, committed 109056K, reserved 1144832K
  class space    used 13500K, capacity 14531K, committed 14592K, reserved 1048576K
}
Event: 32.452 GC heap after
{Heap after GC invocations=45 (full 0):
 garbage-first heap   total 199680K, used 106607K [0x0000000080000000, 0x0000000100000000)
  region size 1024K, 7 young (7168K), 7 survivors (7168K)
 Metaspace       used 106066K, capacity 108947K, committed 109056K, reserved 1144832K
  class space    used 13500K, capacity 14531K, committed 14592K, reserved 1048576K
}
Event: 35.300 GC heap before
{Heap before GC invocations=46 (full 0):
 garbage-first heap   total 199680K, used 164975K [0x0000000080000000, 0x0000000100000000)
  region size 1024K, 64 young (65536K), 7 survivors (7168K)
 Metaspace       used 110229K, capacity 113145K, committed 113408K, reserved 1146880K
  class space    used 13988K, capacity 15075K, committed 15104K, reserved 1048576K
}
Event: 35.323 GC heap after
{Heap after GC invocations=47 (full 0):
 garbage-first heap   total 199680K, used 109481K [0x0000000080000000, 0x0000000100000000)
  region size 1024K, 6 young (6144K), 6 survivors (6144K)
 Metaspace       used 110229K, capacity 113145K, committed 113408K, reserved 1146880K
  class space    used 13988K, capacity 15075K, committed 15104K, reserved 1048576K
}
Event: 762.949 GC heap before
{Heap before GC invocations=47 (full 0):
 garbage-first heap   total 199680K, used 165801K [0x0000000080000000, 0x0000000100000000)
  region size 1024K, 62 young (63488K), 6 survivors (6144K)
 Metaspace       used 113390K, capacity 116474K, committed 116736K, reserved 1150976K
  class space    used 14223K, capacity 15332K, committed 15360K, reserved 1048576K
}
Event: 763.125 GC heap after
{Heap after GC invocations=48 (full 0):
 garbage-first heap   total 199680K, used 113249K [0x0000000080000000, 0x0000000100000000)
  region size 1024K, 7 young (7168K), 7 survivors (7168K)
 Metaspace       used 113390K, capacity 116474K, committed 116736K, reserved 1150976K
  class space    used 14223K, capacity 15332K, committed 15360K, reserved 1048576K
}
Event: 766.313 GC heap before
{Heap before GC invocations=49 (full 0):
 garbage-first heap   total 199680K, used 159329K [0x0000000080000000, 0x0000000100000000)
  region size 1024K, 54 young (55296K), 7 survivors (7168K)
 Metaspace       used 115322K, capacity 118445K, committed 118528K, reserved 1153024K
  class space    used 14486K, capacity 15593K, committed 15616K, reserved 1048576K
}
Event: 766.345 GC heap after
{Heap after GC invocations=50 (full 0):
 garbage-first heap   total 199680K, used 117295K [0x0000000080000000, 0x0000000100000000)
  region size 1024K, 8 young (8192K), 8 survivors (8192K)
 Metaspace       used 115322K, capacity 118445K, committed 118528K, reserved 1153024K
  class space    used 14486K, capacity 15593K, committed 15616K, reserved 1048576K
}
Event: 769.410 GC heap before
{Heap before GC invocations=51 (full 0):
 garbage-first heap   total 199680K, used 167471K [0x0000000080000000, 0x0000000100000000)
  region size 1024K, 56 young (57344K), 8 survivors (8192K)
 Metaspace       used 116399K, capacity 119539K, committed 119680K, reserved 1153024K
  class space    used 14577K, capacity 15700K, committed 15744K, reserved 1048576K
}
Event: 769.555 GC heap after
{Heap after GC invocations=52 (full 0):
 garbage-first heap   total 199680K, used 133571K [0x0000000080000000, 0x0000000100000000)
  region size 1024K, 7 young (7168K), 7 survivors (7168K)
 Metaspace       used 116399K, capacity 119539K, committed 119680K, reserved 1153024K
  class space    used 14577K, capacity 15700K, committed 15744K, reserved 1048576K
}
Event: 770.152 GC heap before
{Heap before GC invocations=52 (full 0):
 garbage-first heap   total 199680K, used 139715K [0x0000000080000000, 0x0000000100000000)
  region size 1024K, 15 young (15360K), 7 survivors (7168K)
 Metaspace       used 116412K, capacity 119539K, committed 119680K, reserved 1153024K
  class space    used 14577K, capacity 15700K, committed 15744K, reserved 1048576K
}
Event: 770.348 GC heap after
{Heap after GC invocations=53 (full 0):
 garbage-first heap   total 199680K, used 138579K [0x0000000080000000, 0x0000000100000000)
  region size 1024K, 4 young (4096K), 4 survivors (4096K)
 Metaspace       used 116412K, capacity 119539K, committed 119680K, reserved 1153024K
  class space    used 14577K, capacity 15700K, committed 15744K, reserved 1048576K
}
Event: 771.904 GC heap before
{Heap before GC invocations=54 (full 0):
 garbage-first heap   total 199680K, used 161107K [0x0000000080000000, 0x0000000100000000)
  region size 1024K, 23 young (23552K), 4 survivors (4096K)
 Metaspace       used 116494K, capacity 119667K, committed 119936K, reserved 1153024K
  class space    used 14577K, capacity 15700K, committed 15744K, reserved 1048576K
}
Event: 771.925 GC heap after
{Heap after GC invocations=55 (full 0):
 garbage-first heap   total 199680K, used 146865K [0x0000000080000000, 0x0000000100000000)
  region size 1024K, 3 young (3072K), 3 survivors (3072K)
 Metaspace       used 116494K, capacity 119667K, committed 119936K, reserved 1153024K
  class space    used 14577K, capacity 15700K, committed 15744K, reserved 1048576K
}
Event: 772.712 GC heap before
{Heap before GC invocations=55 (full 0):
 garbage-first heap   total 199680K, used 153009K [0x0000000080000000, 0x0000000100000000)
  region size 1024K, 9 young (9216K), 3 survivors (3072K)
 Metaspace       used 116553K, capacity 119670K, committed 119936K, reserved 1153024K
  class space    used 14582K, capacity 15701K, committed 15744K, reserved 1048576K
}
Event: 772.732 GC heap after
{Heap after GC invocations=56 (full 0):
 garbage-first heap   total 199680K, used 148452K [0x0000000080000000, 0x0000000100000000)
  region size 1024K, 2 young (2048K), 2 survivors (2048K)
 Metaspace       used 116553K, capacity 119670K, committed 119936K, reserved 1153024K
  class space    used 14582K, capacity 15701K, committed 15744K, reserved 1048576K
}

Deoptimization events (20 events):
Event: 772.310 Thread 0x000001b1842f9000 DEOPT PACKING pc=0x000001b1f650f3c8 sp=0x0000000adf3f9d20
Event: 772.310 Thread 0x000001b1842f9000 DEOPT UNPACKING pc=0x000001b1ee18782f sp=0x0000000adf3f9c98 mode 2
Event: 773.396 Thread 0x000001b1842f9000 Uncommon trap: trap_request=0xffffff7e fr.pc=0x000001b1f64804f0 relative=0x0000000000000530
Event: 773.396 Thread 0x000001b1842f9000 Uncommon trap: reason=predicate action=maybe_recompile pc=0x000001b1f64804f0 method=java.util.TimSort.reverseRange([Ljava/lang/Object;II)V @ 5 c2
Event: 773.396 Thread 0x000001b1842f9000 DEOPT PACKING pc=0x000001b1f64804f0 sp=0x0000000adf3f75a0
Event: 773.396 Thread 0x000001b1842f9000 DEOPT UNPACKING pc=0x000001b1ee18782f sp=0x0000000adf3f74d8 mode 2
Event: 773.472 Thread 0x000001b1842f9000 Uncommon trap: trap_request=0xffffff4d fr.pc=0x000001b1f6517624 relative=0x00000000000001c4
Event: 773.472 Thread 0x000001b1842f9000 Uncommon trap: reason=unstable_if action=reinterpret pc=0x000001b1f6517624 method=java.util.WeakHashMap.get(Ljava/lang/Object;)Ljava/lang/Object; @ 56 c2
Event: 773.472 Thread 0x000001b1842f9000 DEOPT PACKING pc=0x000001b1f6517624 sp=0x0000000adf3f9530
Event: 773.472 Thread 0x000001b1842f9000 DEOPT UNPACKING pc=0x000001b1ee18782f sp=0x0000000adf3f94c8 mode 2
Event: 773.797 Thread 0x000001b18b9e8800 Uncommon trap: trap_request=0xffffff4d fr.pc=0x000001b1f655ef04 relative=0x0000000000001764
Event: 773.797 Thread 0x000001b18b9e8800 Uncommon trap: reason=unstable_if action=reinterpret pc=0x000001b1f655ef04 method=org.apache.xerces.util.XMLAttributesImpl.addAttributeNS(Lorg/apache/xerces/xni/QName;Ljava/lang/String;Ljava/lang/String;)V @ 22 c2
Event: 773.797 Thread 0x000001b18b9e8800 DEOPT PACKING pc=0x000001b1f655ef04 sp=0x0000000add9fd480
Event: 773.798 Thread 0x000001b18b9e8800 DEOPT UNPACKING pc=0x000001b1ee18782f sp=0x0000000add9fd3a8 mode 2
Event: 773.809 Thread 0x000001b18b9ec800 Uncommon trap: trap_request=0xffffff4d fr.pc=0x000001b1f64d219c relative=0x00000000000006dc
Event: 773.809 Thread 0x000001b18b9ec800 Uncommon trap: reason=unstable_if action=reinterpret pc=0x000001b1f64d219c method=org.apache.xerces.util.XMLAttributesImpl.addAttributeNS(Lorg/apache/xerces/xni/QName;Ljava/lang/String;Ljava/lang/String;)V @ 22 c2
Event: 773.809 Thread 0x000001b18b9ec800 DEOPT PACKING pc=0x000001b1f64d219c sp=0x0000000adf8fcfb0
Event: 773.809 Thread 0x000001b18b9ec800 DEOPT UNPACKING pc=0x000001b1ee18782f sp=0x0000000adf8fcf50 mode 2
Event: 773.812 Thread 0x000001b18b9ec800 DEOPT PACKING pc=0x000001b1f0801dee sp=0x0000000adf8fcfc0
Event: 773.812 Thread 0x000001b18b9ec800 DEOPT UNPACKING pc=0x000001b1ee18764e sp=0x0000000adf8fc4f0 mode 0

Classes redefined (0 events):
No events

Internal exceptions (20 events):
Event: 765.065 Thread 0x000001b185065000 Exception <a 'java/lang/NoSuchMethodError'{0x000000008b1f8b38}: <clinit>> (0x000000008b1f8b38) thrown at [./src/hotspot/share/prims/jni.cpp, line 1362]
Event: 765.073 Thread 0x000001b185065000 Exception <a 'java/lang/NoSuchMethodError'{0x000000008b0237a0}: <clinit>> (0x000000008b0237a0) thrown at [./src/hotspot/share/prims/jni.cpp, line 1362]
Event: 765.145 Thread 0x000001b186d5c000 Exception <a 'java/lang/NoSuchMethodError'{0x000000008ae100f0}: <clinit>> (0x000000008ae100f0) thrown at [./src/hotspot/share/prims/jni.cpp, line 1362]
Event: 767.003 Thread 0x000001b1842f9000 Implicit null exception at 0x000001b1f5ffcb04 to 0x000001b1f5ffccfc
Event: 773.353 Thread 0x000001b1842f9000 Exception <a 'java/lang/NoSuchMethodError'{0x000000008bd24770}: <clinit>> (0x000000008bd24770) thrown at [./src/hotspot/share/prims/jni.cpp, line 1362]
Event: 773.366 Thread 0x000001b1842f9000 Exception <a 'java/lang/NoSuchMethodError'{0x000000008bd34a48}: <clinit>> (0x000000008bd34a48) thrown at [./src/hotspot/share/prims/jni.cpp, line 1362]
Event: 773.393 Thread 0x000001b1842f9000 Exception <a 'java/lang/NoSuchMethodError'{0x000000008bda4fa0}: <clinit>> (0x000000008bda4fa0) thrown at [./src/hotspot/share/prims/jni.cpp, line 1362]
Event: 773.393 Thread 0x000001b1842f9000 Exception <a 'java/lang/NoSuchMethodError'{0x000000008bda7b68}: <clinit>> (0x000000008bda7b68) thrown at [./src/hotspot/share/prims/jni.cpp, line 1362]
Event: 773.393 Thread 0x000001b1842f9000 Exception <a 'java/lang/NoSuchMethodError'{0x000000008bdac548}: <clinit>> (0x000000008bdac548) thrown at [./src/hotspot/share/prims/jni.cpp, line 1362]
Event: 773.396 Thread 0x000001b1842f9000 Exception <a 'java/lang/NoSuchMethodError'{0x000000008bdb7ce8}: <clinit>> (0x000000008bdb7ce8) thrown at [./src/hotspot/share/prims/jni.cpp, line 1362]
Event: 773.413 Thread 0x000001b1842f9000 Exception <a 'java/lang/NoSuchMethodError'{0x000000008ba045b8}: <clinit>> (0x000000008ba045b8) thrown at [./src/hotspot/share/prims/jni.cpp, line 1362]
Event: 773.431 Thread 0x000001b1842f9000 Exception <a 'java/lang/NoSuchMethodError'{0x000000008ba39980}: <clinit>> (0x000000008ba39980) thrown at [./src/hotspot/share/prims/jni.cpp, line 1362]
Event: 773.436 Thread 0x000001b1842f9000 Exception <a 'java/lang/NoSuchMethodError'{0x000000008ba6b818}: <clinit>> (0x000000008ba6b818) thrown at [./src/hotspot/share/prims/jni.cpp, line 1362]
Event: 773.436 Thread 0x000001b1842f9000 Exception <a 'java/lang/NoSuchMethodError'{0x000000008ba6eec8}: <clinit>> (0x000000008ba6eec8) thrown at [./src/hotspot/share/prims/jni.cpp, line 1362]
Event: 773.436 Thread 0x000001b1842f9000 Exception <a 'java/lang/NoSuchMethodError'{0x000000008ba71b38}: <clinit>> (0x000000008ba71b38) thrown at [./src/hotspot/share/prims/jni.cpp, line 1362]
Event: 773.444 Thread 0x000001b1842f9000 Exception <a 'java/lang/NoSuchMethodError'{0x000000008ba89b48}: <clinit>> (0x000000008ba89b48) thrown at [./src/hotspot/share/prims/jni.cpp, line 1362]
Event: 773.445 Thread 0x000001b1842f9000 Exception <a 'java/lang/NoSuchMethodError'{0x000000008baa0e68}: <clinit>> (0x000000008baa0e68) thrown at [./src/hotspot/share/prims/jni.cpp, line 1362]
Event: 773.453 Thread 0x000001b1842f9000 Exception <a 'java/lang/NoSuchMethodError'{0x000000008bac2ba0}: <clinit>> (0x000000008bac2ba0) thrown at [./src/hotspot/share/prims/jni.cpp, line 1362]
Event: 773.457 Thread 0x000001b1842f9000 Exception <a 'java/lang/NoSuchMethodError'{0x000000008bad5620}: <clinit>> (0x000000008bad5620) thrown at [./src/hotspot/share/prims/jni.cpp, line 1362]
Event: 773.589 Thread 0x000001b1842f9000 Exception <a 'java/lang/NoSuchMethodError'{0x000000008b834410}: <clinit>> (0x000000008b834410) thrown at [./src/hotspot/share/prims/jni.cpp, line 1362]

Events (20 events):
Event: 773.830 loading class com/android/ide/common/vectordrawable/PathParser$ParseMode done
Event: 773.831 loading class com/android/ide/common/vectordrawable/PathParser
Event: 773.831 loading class com/android/ide/common/vectordrawable/PathParser done
Event: 773.832 loading class com/android/ide/common/vectordrawable/PathParser$ExtractFloatResult
Event: 773.832 loading class com/android/ide/common/vectordrawable/PathParser$ExtractFloatResult done
Event: 773.832 loading class com/android/ide/common/vectordrawable/VdPath$Node
Event: 773.832 loading class com/android/ide/common/vectordrawable/VdPath$Node done
Event: 773.834 loading class com/android/ide/common/vectordrawable/VdPath$VdGradient
Event: 773.834 loading class com/android/ide/common/vectordrawable/VdPath$VdGradient done
Event: 773.843 loading class com/google/common/math/DoubleMath
Event: 773.843 loading class com/google/common/math/DoubleMath done
Event: 773.845 loading class com/google/common/math/DoubleUtils
Event: 773.845 loading class com/google/common/math/DoubleUtils done
Event: 773.846 loading class com/google/common/math/DoubleMath$1
Event: 773.846 loading class com/google/common/math/DoubleMath$1 done
Event: 773.847 loading class com/android/ide/common/util/AssetUtil
Event: 773.847 loading class com/android/ide/common/util/AssetUtil done
Event: 773.856 loading class com/google/common/collect/AbstractMapBasedMultimap$WrappedList$WrappedListIterator
Event: 773.856 loading class com/google/common/collect/AbstractMapBasedMultimap$WrappedList$WrappedListIterator done
Event: 773.873 Executing VM operation: Deoptimize


Dynamic libraries:
0x00007ff6d0e20000 - 0x00007ff6d0e2a000 	C:\Program Files\Android\Android Studio\jre\bin\java.exe
0x00007ffc38620000 - 0x00007ffc38810000 	C:\Windows\SYSTEM32\ntdll.dll
0x00007ffc37e20000 - 0x00007ffc37ed2000 	C:\Windows\System32\KERNEL32.DLL
0x00007ffc356c0000 - 0x00007ffc35965000 	C:\Windows\System32\KERNELBASE.dll
0x00007ffc355c0000 - 0x00007ffc356ba000 	C:\Windows\System32\ucrtbase.dll
0x00007ffc2c350000 - 0x00007ffc2c369000 	C:\Program Files\Android\Android Studio\jre\bin\jli.dll
0x00007ffc2c370000 - 0x00007ffc2c387000 	C:\Program Files\Android\Android Studio\jre\bin\VCRUNTIME140.dll
0x00007ffc37330000 - 0x00007ffc374c4000 	C:\Windows\System32\USER32.dll
0x00007ffc36600000 - 0x00007ffc36621000 	C:\Windows\System32\win32u.dll
0x00007ffc2f150000 - 0x00007ffc2f3d4000 	C:\Windows\WinSxS\amd64_microsoft.windows.common-controls_6595b64144ccf1df_6.0.18362.1556_none_9e7e372fe45e41d5\COMCTL32.dll
0x00007ffc36aa0000 - 0x00007ffc36ac6000 	C:\Windows\System32\GDI32.dll
0x00007ffc36a00000 - 0x00007ffc36a9e000 	C:\Windows\System32\msvcrt.dll
0x00007ffc35b30000 - 0x00007ffc35cc8000 	C:\Windows\System32\gdi32full.dll
0x00007ffc36630000 - 0x00007ffc366ce000 	C:\Windows\System32\msvcp_win.dll
0x00007ffc36f10000 - 0x00007ffc37246000 	C:\Windows\System32\combase.dll
0x00007ffc374d0000 - 0x00007ffc375ef000 	C:\Windows\System32\RPCRT4.dll
0x00007ffc35aa0000 - 0x00007ffc35b21000 	C:\Windows\System32\bcryptPrimitives.dll
0x00007ffc38510000 - 0x00007ffc3853e000 	C:\Windows\System32\IMM32.DLL
0x00007ffc19900000 - 0x00007ffc1999d000 	C:\Program Files\Android\Android Studio\jre\bin\msvcp140.dll
0x00007ffbfede0000 - 0x00007ffbff8af000 	C:\Program Files\Android\Android Studio\jre\bin\server\jvm.dll
0x00007ffc36ad0000 - 0x00007ffc36b73000 	C:\Windows\System32\ADVAPI32.dll
0x00007ffc38540000 - 0x00007ffc385d7000 	C:\Windows\System32\sechost.dll
0x00007ffc37250000 - 0x00007ffc37258000 	C:\Windows\System32\PSAPI.DLL
0x00007ffc32160000 - 0x00007ffc32184000 	C:\Windows\SYSTEM32\WINMM.dll
0x00007ffc1bb00000 - 0x00007ffc1bb09000 	C:\Windows\SYSTEM32\WSOCK32.dll
0x00007ffc25660000 - 0x00007ffc2566a000 	C:\Windows\SYSTEM32\VERSION.dll
0x00007ffc36e20000 - 0x00007ffc36e8f000 	C:\Windows\System32\WS2_32.dll
0x00007ffc32130000 - 0x00007ffc3215d000 	C:\Windows\SYSTEM32\winmmbase.dll
0x00007ffc365b0000 - 0x00007ffc365fa000 	C:\Windows\System32\cfgmgr32.dll
0x00007ffc354e0000 - 0x00007ffc354f1000 	C:\Windows\System32\kernel.appcore.dll
0x00007ffc2afb0000 - 0x00007ffc2afc1000 	C:\Program Files\Android\Android Studio\jre\bin\verify.dll
0x00007ffc23900000 - 0x00007ffc23af4000 	C:\Windows\SYSTEM32\DBGHELP.DLL
0x00007ffc237b0000 - 0x00007ffc237da000 	C:\Windows\SYSTEM32\dbgcore.DLL
0x00007ffc285c0000 - 0x00007ffc285e9000 	C:\Program Files\Android\Android Studio\jre\bin\java.dll
0x00007ffc2c930000 - 0x00007ffc2c93b000 	C:\Program Files\Android\Android Studio\jre\bin\jimage.dll
0x00007ffc28800000 - 0x00007ffc28818000 	C:\Program Files\Android\Android Studio\jre\bin\zip.dll
0x00007ffc37720000 - 0x00007ffc37e07000 	C:\Windows\System32\SHELL32.dll
0x00007ffc368a0000 - 0x00007ffc36948000 	C:\Windows\System32\shcore.dll
0x00007ffc35cd0000 - 0x00007ffc3644b000 	C:\Windows\System32\windows.storage.dll
0x00007ffc35550000 - 0x00007ffc3556e000 	C:\Windows\System32\profapi.dll
0x00007ffc35500000 - 0x00007ffc3554a000 	C:\Windows\System32\powrprof.dll
0x00007ffc354d0000 - 0x00007ffc354e0000 	C:\Windows\System32\UMPDC.dll
0x00007ffc36830000 - 0x00007ffc36882000 	C:\Windows\System32\shlwapi.dll
0x00007ffc359d0000 - 0x00007ffc359e7000 	C:\Windows\System32\cryptsp.dll
0x00007ffc28290000 - 0x00007ffc282aa000 	C:\Program Files\Android\Android Studio\jre\bin\net.dll
0x00007ffc29510000 - 0x00007ffc2960a000 	C:\Windows\SYSTEM32\WINHTTP.dll
0x00007ffc34cb0000 - 0x00007ffc34d17000 	C:\Windows\system32\mswsock.dll
0x00007ffc28270000 - 0x00007ffc28284000 	C:\Program Files\Android\Android Studio\jre\bin\nio.dll
0x00007ffc2c3c0000 - 0x00007ffc2c3e7000 	C:\Users\Admin\.gradle\native\8bec1ad78214c89d9ad589b4d07fe93259594b29d510b10fafb7a158f7737e5d\windows-amd64\native-platform.dll
0x00007ffc28380000 - 0x00007ffc284bd000 	C:\Users\Admin\.gradle\native\53dbd7edfb1c66fb8903c78663c9afc45aea4f116125fa6feffd364cf09443e8\windows-amd64\native-platform-file-events.dll
0x00007ffc29890000 - 0x00007ffc2989a000 	C:\Program Files\Android\Android Studio\jre\bin\management.dll
0x00007ffc28d20000 - 0x00007ffc28d2c000 	C:\Program Files\Android\Android Studio\jre\bin\management_ext.dll
0x00007ffc34830000 - 0x00007ffc34863000 	C:\Windows\system32\rsaenh.dll
0x00007ffc35590000 - 0x00007ffc355b6000 	C:\Windows\System32\bcrypt.dll
0x00007ffc353c0000 - 0x00007ffc353e5000 	C:\Windows\SYSTEM32\USERENV.dll
0x00007ffc34e80000 - 0x00007ffc34e8c000 	C:\Windows\SYSTEM32\CRYPTBASE.dll
0x00007ffc349c0000 - 0x00007ffc349fa000 	C:\Windows\SYSTEM32\IPHLPAPI.DLL
0x00007ffc36890000 - 0x00007ffc36898000 	C:\Windows\System32\NSI.dll
0x00007ffc2da90000 - 0x00007ffc2daa6000 	C:\Windows\SYSTEM32\dhcpcsvc6.DLL
0x00007ffc2dad0000 - 0x00007ffc2daec000 	C:\Windows\SYSTEM32\dhcpcsvc.DLL
0x00007ffc34a00000 - 0x00007ffc34acb000 	C:\Windows\SYSTEM32\DNSAPI.dll
0x00007ffc1bfe0000 - 0x00007ffc1c007000 	C:\Program Files\Android\Android Studio\jre\bin\sunec.dll
0x00007ffc274c0000 - 0x00007ffc274ca000 	C:\Windows\System32\rasadhlp.dll
0x00007ffc2c600000 - 0x00007ffc2c677000 	C:\Windows\System32\fwpuclnt.dll
0x00007ffc0f6c0000 - 0x00007ffc0f864000 	C:\Program Files\Android\Android Studio\jre\bin\awt.dll
0x00007ffc375f0000 - 0x00007ffc376b5000 	C:\Windows\System32\OLEAUT32.dll
0x00007ffc33c30000 - 0x00007ffc33c5d000 	C:\Windows\SYSTEM32\dwmapi.dll
0x00007ffc336c0000 - 0x00007ffc3374f000 	C:\Windows\SYSTEM32\apphelp.dll

dbghelp: loaded successfully - version: 4.0.5 - missing functions: none
symbol engine: initialized successfully - sym options: 0x614 - pdb path: .;C:\Program Files\Android\Android Studio\jre\bin;C:\Windows\SYSTEM32;C:\Windows\WinSxS\amd64_microsoft.windows.common-controls_6595b64144ccf1df_6.0.18362.1556_none_9e7e372fe45e41d5;C:\Program Files\Android\Android Studio\jre\bin\server;C:\Users\Admin\.gradle\native\8bec1ad78214c89d9ad589b4d07fe93259594b29d510b10fafb7a158f7737e5d\windows-amd64;C:\Users\Admin\.gradle\native\53dbd7edfb1c66fb8903c78663c9afc45aea4f116125fa6feffd364cf09443e8\windows-amd64

VM Arguments:
jvm_args: --add-opens=java.base/java.util=ALL-UNNAMED --add-opens=java.base/java.lang=ALL-UNNAMED --add-opens=java.base/java.lang.invoke=ALL-UNNAMED --add-opens=java.base/java.util=ALL-UNNAMED --add-opens=java.prefs/java.util.prefs=ALL-UNNAMED --add-opens=java.prefs/java.util.prefs=ALL-UNNAMED --add-opens=java.base/java.nio.charset=ALL-UNNAMED --add-opens=java.base/java.net=ALL-UNNAMED --add-opens=java.base/java.util.concurrent.atomic=ALL-UNNAMED -Xmx2048m -Dfile.encoding=UTF-8 -Duser.country=US -Duser.language=en -Duser.variant 
java_command: org.gradle.launcher.daemon.bootstrap.GradleDaemon 7.0.2
java_class_path (initial): C:\Users\Admin\.gradle\wrapper\dists\gradle-7.0.2-bin\857tjihv64xamwrf0h14cai3r\gradle-7.0.2\lib\gradle-launcher-7.0.2.jar
Launcher Type: SUN_STANDARD

[Global flags]
     intx CICompilerCount                          = 3                                         {product} {ergonomic}
     uint ConcGCThreads                            = 1                                         {product} {ergonomic}
     uint G1ConcRefinementThreads                  = 4                                         {product} {ergonomic}
   size_t G1HeapRegionSize                         = 1048576                                   {product} {ergonomic}
    uintx GCDrainStackTargetSize                   = 64                                        {product} {ergonomic}
   size_t InitialHeapSize                          = 67108864                                  {product} {ergonomic}
   size_t MarkStackSize                            = 4194304                                   {product} {ergonomic}
   size_t MaxHeapSize                              = 2147483648                                {product} {command line}
   size_t MaxNewSize                               = 1287651328                                {product} {ergonomic}
   size_t MinHeapDeltaBytes                        = 1048576                                   {product} {ergonomic}
    uintx NonNMethodCodeHeapSize                   = 5830732                                {pd product} {ergonomic}
    uintx NonProfiledCodeHeapSize                  = 122913754                              {pd product} {ergonomic}
    uintx ProfiledCodeHeapSize                     = 122913754                              {pd product} {ergonomic}
    uintx ReservedCodeCacheSize                    = 251658240                              {pd product} {ergonomic}
     bool SegmentedCodeCache                       = true                                      {product} {ergonomic}
     bool UseCompressedClassPointers               = true                                 {lp64_product} {ergonomic}
     bool UseCompressedOops                        = true                                 {lp64_product} {ergonomic}
     bool UseG1GC                                  = true                                      {product} {ergonomic}
     bool UseLargePagesIndividualAllocation        = false                                  {pd product} {ergonomic}

Logging:
Log output configuration:
 #0: stdout all=warning uptime,level,tags
 #1: stderr all=off uptime,level,tags

Environment Variables:
PATH=C:\Windows\system32;C:\Windows;C:\Windows\System32\Wbem;C:\Windows\System32\WindowsPowerShell\v1.0\;C:\Windows\System32\OpenSSH\;C:\Program Files (x86)\ATI Technologies\ATI.ACE\Core-Static;C:\Program Files\Git\cmd;C:\Users\Admin\AppData\Local\Microsoft\WindowsApps;;C:\Users\Admin\AppData\Local\Programs\Microsoft VS Code\bin
USERNAME=Admin
OS=Windows_NT
PROCESSOR_IDENTIFIER=Intel64 Family 6 Model 58 Stepping 9, GenuineIntel



---------------  S Y S T E M  ---------------

OS: Windows 10 , 64 bit Build 18362 (10.0.18362.1500)
OS uptime: 1 days 1:45 hours

CPU:total 4 (initial active 4) (2 cores per cpu, 2 threads per core) family 6 model 58 stepping 9 microcode 0x21, cmov, cx8, fxsr, mmx, sse, sse2, sse3, ssse3, sse4.1, sse4.2, popcnt, avx, aes, clmul, erms, ht, tsc, tscinvbit, tscinv

Memory: 4k page, system-wide physical 3968M (94M free)
TotalPageFile size 7968M (AvailPageFile size 0M)
current process WorkingSet (physical memory assigned to process): 196M, peak: 486M
current process commit charge ("private bytes"): 532M, peak: 533M

vm_info: OpenJDK 64-Bit Server VM (11.0.10+0-b96-7249189) for windows-amd64 JRE (11.0.10+0-b96-7249189), built on Mar 31 2021 21:44:00 by "builder" with MS VC++ 14.0 (VS2015)

END.
