#
# There is insufficient memory for the Java Runtime Environment to continue.
# Native memory allocation (malloc) failed to allocate 3048176 bytes for Chunk::new
# Possible reasons:
#   The system is out of physical RAM or swap space
#   The process is running with CompressedOops enabled, and the Java Heap may be blocking the growth of the native heap
# Possible solutions:
#   Reduce memory load on the system
#   Increase physical memory or swap space
#   Check if swap backing store is full
#   Decrease Java heap size (-Xmx/-Xms)
#   Decrease number of Java threads
#   Decrease Java thread stack sizes (-Xss)
#   Set larger code cache with -XX:ReservedCodeCacheSize=
#   JVM is running with Unscaled Compressed Oops mode in which the Java heap is
#     placed in the first 4GB address space. The Java Heap base address is the
#     maximum limit for the native heap growth. Please use -XX:HeapBaseMinAddress
#     to set the Java Heap base and to place the Java Heap above 4GB virtual address.
# This output file may be truncated or incomplete.
#
#  Out of Memory Error (./src/hotspot/share/memory/arena.cpp:197), pid=9164, tid=1856
#
# JRE version: OpenJDK Runtime Environment (11.0.10) (build 11.0.10+0-b96-7249189)
# Java VM: OpenJDK 64-Bit Server VM (11.0.10+0-b96-7249189, mixed mode, tiered, compressed oops, g1 gc, windows-amd64)
# No core dump will be written. Minidumps are not enabled by default on client versions of Windows
#

---------------  S U M M A R Y ------------

Command Line: --add-opens=java.base/java.util=ALL-UNNAMED --add-opens=java.base/java.lang=ALL-UNNAMED --add-opens=java.base/java.lang.invoke=ALL-UNNAMED --add-opens=java.base/java.util=ALL-UNNAMED --add-opens=java.prefs/java.util.prefs=ALL-UNNAMED --add-opens=java.prefs/java.util.prefs=ALL-UNNAMED --add-opens=java.base/java.nio.charset=ALL-UNNAMED --add-opens=java.base/java.net=ALL-UNNAMED --add-opens=java.base/java.util.concurrent.atomic=ALL-UNNAMED -Xmx2048m -Dfile.encoding=UTF-8 -Duser.country=US -Duser.language=en -Duser.variant org.gradle.launcher.daemon.bootstrap.GradleDaemon 7.0.2

Host: Intel(R) Core(TM) i5-3210M CPU @ 2.50GHz, 4 cores, 3G,  Windows 10 , 64 bit Build 18362 (10.0.18362.1500)
Time: Wed Oct  6 00:47:29 2021 SE Asia Standard Time elapsed time: 35.466065 seconds (0d 0h 0m 35s)

---------------  T H R E A D  ---------------

Current thread (0x0000019fcc490000):  JavaThread "C2 CompilerThread1" daemon [_thread_in_native, id=1856, stack(0x0000004ed7e00000,0x0000004ed7f00000)]


Current CompileTask:
C2:  35466 10905 %     4       com.android.tools.r8.internal.T6::a @ 2560 (6044 bytes)

Stack: [0x0000004ed7e00000,0x0000004ed7f00000]
Native frames: (J=compiled Java code, j=interpreted, Vv=VM code, C=native code)
V  [jvm.dll+0x5ecfaa]
V  [jvm.dll+0x722bd5]
V  [jvm.dll+0x72412d]
V  [jvm.dll+0x7247e3]
V  [jvm.dll+0x242928]
V  [jvm.dll+0xbc4fc]
V  [jvm.dll+0xbca0c]
V  [jvm.dll+0x352d7d]
V  [jvm.dll+0x19800c]
V  [jvm.dll+0x1fb70e]
V  [jvm.dll+0x1fa7f4]
V  [jvm.dll+0x18354c]
V  [jvm.dll+0x208ee7]
V  [jvm.dll+0x207731]
V  [jvm.dll+0x6eb1cf]
V  [jvm.dll+0x6e3d45]
V  [jvm.dll+0x5ebe96]
C  [ucrtbase.dll+0x210b2]
C  [KERNEL32.DLL+0x17c24]
C  [ntdll.dll+0x6d721]


---------------  P R O C E S S  ---------------

Threads class SMR info:
_java_thread_list=0x0000019fd32e5340, length=54, elements={
0x0000019fae67c800, 0x0000019fc8210800, 0x0000019fc8256800, 0x0000019fc826d800,
0x0000019fc8270000, 0x0000019fc8273000, 0x0000019fc8278000, 0x0000019fc827b800,
0x0000019fc829d000, 0x0000019fc8d18800, 0x0000019fcb0e0000, 0x0000019fcb3f3000,
0x0000019fcc460800, 0x0000019fca76e800, 0x0000019fcaf73000, 0x0000019fcbc19800,
0x0000019fcb5a5800, 0x0000019fca74b000, 0x0000019fcada2800, 0x0000019fcbc10000,
0x0000019fcbc0d800, 0x0000019fcbc14000, 0x0000019fcbc0f000, 0x0000019fcbc13000,
0x0000019fcbc10800, 0x0000019fcbc0e000, 0x0000019fcbc11800, 0x0000019fcbc12000,
0x0000019fcc4c4800, 0x0000019fcc4c9000, 0x0000019fcc4c6000, 0x0000019fcc4c3800,
0x0000019fcc4ca000, 0x0000019fcc4c5000, 0x0000019fcc4cb800, 0x0000019fcc4cc800,
0x0000019fcc4c8800, 0x0000019fcc4cd800, 0x0000019fcc4c7800, 0x0000019fcc4d0000,
0x0000019fcc4d0800, 0x0000019fcc4d1800, 0x0000019fcc490000, 0x0000019fcc4cf000,
0x0000019fcc4d2000, 0x0000019fcf07b800, 0x0000019fcf07d800, 0x0000019fcf07b000,
0x0000019fcf07e000, 0x0000019fcf07f000, 0x0000019fcf07c800, 0x0000019fcf081800,
0x0000019fcf082000, 0x0000019fcf083000
}

Java Threads: ( => current thread )
  0x0000019fae67c800 JavaThread "main" [_thread_blocked, id=8168, stack(0x0000004ed5c00000,0x0000004ed5d00000)]
  0x0000019fc8210800 JavaThread "Reference Handler" daemon [_thread_blocked, id=2912, stack(0x0000004ed6400000,0x0000004ed6500000)]
  0x0000019fc8256800 JavaThread "Finalizer" daemon [_thread_blocked, id=1860, stack(0x0000004ed6500000,0x0000004ed6600000)]
  0x0000019fc826d800 JavaThread "Signal Dispatcher" daemon [_thread_blocked, id=648, stack(0x0000004ed6600000,0x0000004ed6700000)]
  0x0000019fc8270000 JavaThread "Attach Listener" daemon [_thread_blocked, id=7324, stack(0x0000004ed6700000,0x0000004ed6800000)]
  0x0000019fc8273000 JavaThread "Service Thread" daemon [_thread_blocked, id=5228, stack(0x0000004ed6800000,0x0000004ed6900000)]
  0x0000019fc8278000 JavaThread "C2 CompilerThread0" daemon [_thread_in_native, id=3912, stack(0x0000004ed6900000,0x0000004ed6a00000)]
  0x0000019fc827b800 JavaThread "C1 CompilerThread0" daemon [_thread_blocked, id=6756, stack(0x0000004ed6a00000,0x0000004ed6b00000)]
  0x0000019fc829d000 JavaThread "Sweeper thread" daemon [_thread_blocked, id=10232, stack(0x0000004ed6b00000,0x0000004ed6c00000)]
  0x0000019fc8d18800 JavaThread "Common-Cleaner" daemon [_thread_blocked, id=4672, stack(0x0000004ed6c00000,0x0000004ed6d00000)]
  0x0000019fcb0e0000 JavaThread "Daemon health stats" [_thread_blocked, id=2120, stack(0x0000004ed7000000,0x0000004ed7100000)]
  0x0000019fcb3f3000 JavaThread "Incoming local TCP Connector on port 56174" [_thread_in_native, id=9708, stack(0x0000004ed6e00000,0x0000004ed6f00000)]
  0x0000019fcc460800 JavaThread "Daemon periodic checks" [_thread_blocked, id=8512, stack(0x0000004ed7300000,0x0000004ed7400000)]
  0x0000019fca76e800 JavaThread "Daemon" [_thread_blocked, id=1876, stack(0x0000004ed7400000,0x0000004ed7500000)]
  0x0000019fcaf73000 JavaThread "Handler for socket connection from /127.0.0.1:56174 to /127.0.0.1:56175" [_thread_in_native, id=9040, stack(0x0000004ed7500000,0x0000004ed7600000)]
  0x0000019fcbc19800 JavaThread "Cancel handler" [_thread_blocked, id=8596, stack(0x0000004ed7600000,0x0000004ed7700000)]
  0x0000019fcb5a5800 JavaThread "Daemon worker" [_thread_blocked, id=8896, stack(0x0000004ed7700000,0x0000004ed7800000)]
  0x0000019fca74b000 JavaThread "Asynchronous log dispatcher for DefaultDaemonConnection: socket connection from /127.0.0.1:56174 to /127.0.0.1:56175" [_thread_blocked, id=3924, stack(0x0000004ed7800000,0x0000004ed7900000)]
  0x0000019fcada2800 JavaThread "Stdin handler" [_thread_blocked, id=10136, stack(0x0000004ed7900000,0x0000004ed7a00000)]
  0x0000019fcbc10000 JavaThread "Daemon client event forwarder" [_thread_blocked, id=4448, stack(0x0000004ed7a00000,0x0000004ed7b00000)]
  0x0000019fcbc0d800 JavaThread "Cache worker for file hash cache (C:\Users\Admin\.gradle\caches\7.0.2\fileHashes)" [_thread_blocked, id=8496, stack(0x0000004ed7b00000,0x0000004ed7c00000)]
  0x0000019fcbc14000 JavaThread "File lock request listener" [_thread_in_native, id=7768, stack(0x0000004ed7c00000,0x0000004ed7d00000)]
  0x0000019fcbc0f000 JavaThread "Cache worker for journal cache (C:\Users\Admin\.gradle\caches\journal-1)" [_thread_blocked, id=7460, stack(0x0000004ed7d00000,0x0000004ed7e00000)]
  0x0000019fcbc13000 JavaThread "Cache worker for file hash cache (D:\USTHMobile\androiddev2022\USTHMobile\.gradle\7.0.2\fileHashes)" [_thread_blocked, id=6520, stack(0x0000004ed7f00000,0x0000004ed8000000)]
  0x0000019fcbc10800 JavaThread "File watcher server" daemon [_thread_in_native, id=7036, stack(0x0000004ed8000000,0x0000004ed8100000)]
  0x0000019fcbc0e000 JavaThread "File watcher consumer" daemon [_thread_blocked, id=9796, stack(0x0000004ed8100000,0x0000004ed8200000)]
  0x0000019fcbc11800 JavaThread "Cache worker for checksums cache (D:\USTHMobile\androiddev2022\USTHMobile\.gradle\checksums)" [_thread_blocked, id=6064, stack(0x0000004ed8200000,0x0000004ed8300000)]
  0x0000019fcbc12000 JavaThread "Cache worker for cache directory md-supplier (C:\Users\Admin\.gradle\caches\7.0.2\md-supplier)" [_thread_blocked, id=7120, stack(0x0000004ed8300000,0x0000004ed8400000)]
  0x0000019fcc4c4800 JavaThread "Cache worker for cache directory md-rule (C:\Users\Admin\.gradle\caches\7.0.2\md-rule)" [_thread_blocked, id=7488, stack(0x0000004ed8400000,0x0000004ed8500000)]
  0x0000019fcc4c9000 JavaThread "Cache worker for execution history cache (C:\Users\Admin\.gradle\caches\7.0.2\executionHistory)" [_thread_blocked, id=2436, stack(0x0000004ed8500000,0x0000004ed8600000)]
  0x0000019fcc4c6000 JavaThread "jar transforms" [_thread_blocked, id=3480, stack(0x0000004ed8600000,0x0000004ed8700000)]
  0x0000019fcc4c3800 JavaThread "jar transforms Thread 2" [_thread_blocked, id=6652, stack(0x0000004ed8700000,0x0000004ed8800000)]
  0x0000019fcc4ca000 JavaThread "Cache worker for file content cache (C:\Users\Admin\.gradle\caches\7.0.2\fileContent)" [_thread_blocked, id=6764, stack(0x0000004ed8800000,0x0000004ed8900000)]
  0x0000019fcc4c5000 JavaThread "Cache worker for dependencies-accessors (D:\USTHMobile\androiddev2022\USTHMobile\.gradle\7.0.2\dependencies-accessors)" [_thread_blocked, id=7776, stack(0x0000004ed8900000,0x0000004ed8a00000)]
  0x0000019fcc4cb800 JavaThread "jar transforms Thread 3" [_thread_blocked, id=5116, stack(0x0000004ed8a00000,0x0000004ed8b00000)]
  0x0000019fcc4cc800 JavaThread "Cache worker for Build Output Cleanup Cache (D:\USTHMobile\androiddev2022\USTHMobile\.gradle\buildOutputCleanup)" [_thread_blocked, id=7752, stack(0x0000004ed8b00000,0x0000004ed8c00000)]
  0x0000019fcc4c8800 JavaThread "Build operations" [_thread_blocked, id=8252, stack(0x0000004ed8c00000,0x0000004ed8d00000)]
  0x0000019fcc4cd800 JavaThread "Build operations Thread 2" [_thread_in_Java, id=9460, stack(0x0000004ed8d00000,0x0000004ed8e00000)]
  0x0000019fcc4c7800 JavaThread "Build operations Thread 3" [_thread_blocked, id=508, stack(0x0000004ed8e00000,0x0000004ed8f00000)]
  0x0000019fcc4d0000 JavaThread "Build operations Thread 4" [_thread_in_vm, id=3624, stack(0x0000004ed8f00000,0x0000004ed9000000)]
  0x0000019fcc4d0800 JavaThread "jar transforms Thread 4" [_thread_blocked, id=7296, stack(0x0000004ed9000000,0x0000004ed9100000)]
  0x0000019fcc4d1800 JavaThread "Memory manager" [_thread_blocked, id=68, stack(0x0000004ed9100000,0x0000004ed9200000)]
=>0x0000019fcc490000 JavaThread "C2 CompilerThread1" daemon [_thread_in_native, id=1856, stack(0x0000004ed7e00000,0x0000004ed7f00000)]
  0x0000019fcc4cf000 JavaThread "build event listener" [_thread_blocked, id=5184, stack(0x0000004ed9200000,0x0000004ed9300000)]
  0x0000019fcc4d2000 JavaThread "pool-3-thread-1" [_thread_blocked, id=9576, stack(0x0000004ed9300000,0x0000004ed9400000)]
  0x0000019fcf07b800 JavaThread "build event listener" [_thread_blocked, id=2272, stack(0x0000004ed9400000,0x0000004ed9500000)]
  0x0000019fcf07d800 JavaThread "Execution worker for ':'" [_thread_blocked, id=6528, stack(0x0000004ed9500000,0x0000004ed9600000)]
  0x0000019fcf07b000 JavaThread "Execution worker for ':' Thread 2" [_thread_blocked, id=1260, stack(0x0000004ed9600000,0x0000004ed9700000)]
  0x0000019fcf07e000 JavaThread "Execution worker for ':' Thread 3" [_thread_blocked, id=5152, stack(0x0000004ed9700000,0x0000004ed9800000)]
  0x0000019fcf07f000 JavaThread "Cache worker for execution history cache (D:\USTHMobile\androiddev2022\USTHMobile\.gradle\7.0.2\executionHistory)" [_thread_blocked, id=9416, stack(0x0000004ed9800000,0x0000004ed9900000)]
  0x0000019fcf07c800 JavaThread "WorkerExecutor Queue" [_thread_blocked, id=8264, stack(0x0000004ed9900000,0x0000004ed9a00000)]
  0x0000019fcf081800 JavaThread "pool-4-thread-1" [_thread_blocked, id=7812, stack(0x0000004ed9a00000,0x0000004ed9b00000)]
  0x0000019fcf082000 JavaThread "stderr" [_thread_in_native, id=4320, stack(0x0000004ed9b00000,0x0000004ed9c00000)]
  0x0000019fcf083000 JavaThread "stdout" [_thread_in_native, id=9824, stack(0x0000004ed9c00000,0x0000004ed9d00000)]

Other Threads:
  0x0000019fc820d000 VMThread "VM Thread" [stack: 0x0000004ed6300000,0x0000004ed6400000] [id=7708]
  0x0000019fc8dcd800 WatcherThread [stack: 0x0000004ed6d00000,0x0000004ed6e00000] [id=5316]
  0x0000019fae696000 GCTaskThread "GC Thread#0" [stack: 0x0000004ed5e00000,0x0000004ed5f00000] [id=228]
  0x0000019fc967b800 GCTaskThread "GC Thread#1" [stack: 0x0000004ed6f00000,0x0000004ed7000000] [id=724]
  0x0000019fca2d1000 GCTaskThread "GC Thread#2" [stack: 0x0000004ed7100000,0x0000004ed7200000] [id=5932]
  0x0000019fcb103800 GCTaskThread "GC Thread#3" [stack: 0x0000004ed7200000,0x0000004ed7300000] [id=252]
  0x0000019fae6c5800 ConcurrentGCThread "G1 Main Marker" [stack: 0x0000004ed5f00000,0x0000004ed6000000] [id=10068]
  0x0000019fae6c9000 ConcurrentGCThread "G1 Conc#0" [stack: 0x0000004ed6000000,0x0000004ed6100000] [id=380]
  0x0000019fae724800 ConcurrentGCThread "G1 Refine#0" [stack: 0x0000004ed6100000,0x0000004ed6200000] [id=2096]
  0x0000019fae725800 ConcurrentGCThread "G1 Young RemSet Sampling" [stack: 0x0000004ed6200000,0x0000004ed6300000] [id=9812]

Threads with active compile tasks:
C2 CompilerThread0  35508 11935 %     4       com.android.tools.r8.internal.T6::a @ 2458 (4191 bytes)
C2 CompilerThread1  35508 10905 %     4       com.android.tools.r8.internal.T6::a @ 2560 (6044 bytes)

VM state:not at safepoint (normal execution)

VM Mutex/Monitor currently owned by a thread: None

Heap address: 0x0000000080000000, size: 2048 MB, Compressed Oops mode: 32-bit
Narrow klass base: 0x0000000000000000, Narrow klass shift: 3
Compressed class space size: 1073741824 Address: 0x0000000100000000

Heap:
 garbage-first heap   total 199680K, used 112459K [0x0000000080000000, 0x0000000100000000)
  region size 1024K, 10 young (10240K), 4 survivors (4096K)
 Metaspace       used 96903K, capacity 99427K, committed 99620K, reserved 1136640K
  class space    used 12585K, capacity 13499K, committed 13568K, reserved 1048576K
Heap Regions: E=young(eden), S=young(survivor), O=old, HS=humongous(starts), HC=humongous(continues), CS=collection set, F=free, A=archive, TAMS=top-at-mark-start (previous, next)
|   0|0x0000000080000000, 0x0000000080100000, 0x0000000080100000|100%| O|  |TAMS 0x0000000080100000, 0x0000000080100000| Untracked 
|   1|0x0000000080100000, 0x0000000080200000, 0x0000000080200000|100%| O|  |TAMS 0x0000000080200000, 0x0000000080200000| Untracked 
|   2|0x0000000080200000, 0x0000000080300000, 0x0000000080300000|100%| O|  |TAMS 0x0000000080300000, 0x0000000080300000| Untracked 
|   3|0x0000000080300000, 0x0000000080400000, 0x0000000080400000|100%|HS|  |TAMS 0x0000000080400000, 0x0000000080400000| Complete 
|   4|0x0000000080400000, 0x0000000080500000, 0x0000000080500000|100%|HC|  |TAMS 0x0000000080500000, 0x0000000080500000| Complete 
|   5|0x0000000080500000, 0x0000000080600000, 0x0000000080600000|100%|HC|  |TAMS 0x0000000080600000, 0x0000000080600000| Complete 
|   6|0x0000000080600000, 0x0000000080700000, 0x0000000080700000|100%| O|  |TAMS 0x0000000080700000, 0x0000000080700000| Untracked 
|   7|0x0000000080700000, 0x0000000080800000, 0x0000000080800000|100%| O|  |TAMS 0x0000000080800000, 0x0000000080800000| Untracked 
|   8|0x0000000080800000, 0x0000000080900000, 0x0000000080900000|100%| O|  |TAMS 0x0000000080900000, 0x0000000080900000| Untracked 
|   9|0x0000000080900000, 0x0000000080a00000, 0x0000000080a00000|100%| O|  |TAMS 0x0000000080a00000, 0x0000000080a00000| Untracked 
|  10|0x0000000080a00000, 0x0000000080b00000, 0x0000000080b00000|100%| O|  |TAMS 0x0000000080b00000, 0x0000000080b00000| Untracked 
|  11|0x0000000080b00000, 0x0000000080c00000, 0x0000000080c00000|100%| O|  |TAMS 0x0000000080c00000, 0x0000000080c00000| Untracked 
|  12|0x0000000080c00000, 0x0000000080d00000, 0x0000000080d00000|100%| O|  |TAMS 0x0000000080d00000, 0x0000000080d00000| Untracked 
|  13|0x0000000080d00000, 0x0000000080e00000, 0x0000000080e00000|100%| O|  |TAMS 0x0000000080e00000, 0x0000000080e00000| Untracked 
|  14|0x0000000080e00000, 0x0000000080f00000, 0x0000000080f00000|100%| O|  |TAMS 0x0000000080f00000, 0x0000000080f00000| Untracked 
|  15|0x0000000080f00000, 0x0000000081000000, 0x0000000081000000|100%| O|  |TAMS 0x0000000081000000, 0x0000000081000000| Untracked 
|  16|0x0000000081000000, 0x0000000081100000, 0x0000000081100000|100%| O|  |TAMS 0x0000000081100000, 0x0000000081100000| Untracked 
|  17|0x0000000081100000, 0x0000000081200000, 0x0000000081200000|100%| O|  |TAMS 0x0000000081200000, 0x0000000081200000| Untracked 
|  18|0x0000000081200000, 0x0000000081300000, 0x0000000081300000|100%| O|  |TAMS 0x0000000081300000, 0x0000000081300000| Untracked 
|  19|0x0000000081300000, 0x0000000081400000, 0x0000000081400000|100%| O|  |TAMS 0x0000000081400000, 0x0000000081400000| Untracked 
|  20|0x0000000081400000, 0x0000000081500000, 0x0000000081500000|100%| O|  |TAMS 0x0000000081500000, 0x0000000081500000| Untracked 
|  21|0x0000000081500000, 0x0000000081600000, 0x0000000081600000|100%| O|  |TAMS 0x0000000081600000, 0x0000000081600000| Untracked 
|  22|0x0000000081600000, 0x0000000081700000, 0x0000000081700000|100%| O|  |TAMS 0x0000000081700000, 0x0000000081700000| Untracked 
|  23|0x0000000081700000, 0x0000000081800000, 0x0000000081800000|100%| O|  |TAMS 0x0000000081800000, 0x0000000081800000| Untracked 
|  24|0x0000000081800000, 0x0000000081900000, 0x0000000081900000|100%| O|  |TAMS 0x0000000081900000, 0x0000000081900000| Untracked 
|  25|0x0000000081900000, 0x0000000081a00000, 0x0000000081a00000|100%| O|  |TAMS 0x0000000081a00000, 0x0000000081a00000| Untracked 
|  26|0x0000000081a00000, 0x0000000081b00000, 0x0000000081b00000|100%| O|  |TAMS 0x0000000081b00000, 0x0000000081b00000| Untracked 
|  27|0x0000000081b00000, 0x0000000081c00000, 0x0000000081c00000|100%|HS|  |TAMS 0x0000000081c00000, 0x0000000081c00000| Complete 
|  28|0x0000000081c00000, 0x0000000081d00000, 0x0000000081d00000|100%|HS|  |TAMS 0x0000000081d00000, 0x0000000081d00000| Complete 
|  29|0x0000000081d00000, 0x0000000081e00000, 0x0000000081e00000|100%| O|  |TAMS 0x0000000081e00000, 0x0000000081e00000| Untracked 
|  30|0x0000000081e00000, 0x0000000081f00000, 0x0000000081f00000|100%| O|  |TAMS 0x0000000081f00000, 0x0000000081f00000| Untracked 
|  31|0x0000000081f00000, 0x0000000082000000, 0x0000000082000000|100%|HS|  |TAMS 0x0000000082000000, 0x0000000082000000| Complete 
|  32|0x0000000082000000, 0x0000000082100000, 0x0000000082100000|100%|HC|  |TAMS 0x0000000082100000, 0x0000000082100000| Complete 
|  33|0x0000000082100000, 0x0000000082200000, 0x0000000082200000|100%| O|  |TAMS 0x0000000082200000, 0x0000000082200000| Untracked 
|  34|0x0000000082200000, 0x0000000082300000, 0x0000000082300000|100%| O|  |TAMS 0x0000000082300000, 0x0000000082300000| Untracked 
|  35|0x0000000082300000, 0x0000000082400000, 0x0000000082400000|100%| O|  |TAMS 0x0000000082400000, 0x0000000082400000| Untracked 
|  36|0x0000000082400000, 0x0000000082500000, 0x0000000082500000|100%| O|  |TAMS 0x0000000082500000, 0x0000000082500000| Untracked 
|  37|0x0000000082500000, 0x0000000082600000, 0x0000000082600000|100%| O|  |TAMS 0x0000000082600000, 0x0000000082600000| Untracked 
|  38|0x0000000082600000, 0x0000000082700000, 0x0000000082700000|100%| O|  |TAMS 0x0000000082700000, 0x0000000082700000| Untracked 
|  39|0x0000000082700000, 0x0000000082800000, 0x0000000082800000|100%| O|  |TAMS 0x0000000082800000, 0x0000000082800000| Untracked 
|  40|0x0000000082800000, 0x0000000082900000, 0x0000000082900000|100%| O|  |TAMS 0x0000000082900000, 0x0000000082900000| Untracked 
|  41|0x0000000082900000, 0x0000000082a00000, 0x0000000082a00000|100%| O|  |TAMS 0x0000000082a00000, 0x0000000082a00000| Untracked 
|  42|0x0000000082a00000, 0x0000000082b00000, 0x0000000082b00000|100%| O|  |TAMS 0x0000000082b00000, 0x0000000082b00000| Untracked 
|  43|0x0000000082b00000, 0x0000000082c00000, 0x0000000082c00000|100%| O|  |TAMS 0x0000000082c00000, 0x0000000082c00000| Untracked 
|  44|0x0000000082c00000, 0x0000000082d00000, 0x0000000082d00000|100%| O|  |TAMS 0x0000000082d00000, 0x0000000082d00000| Untracked 
|  45|0x0000000082d00000, 0x0000000082e00000, 0x0000000082e00000|100%| O|  |TAMS 0x0000000082e00000, 0x0000000082e00000| Untracked 
|  46|0x0000000082e00000, 0x0000000082f00000, 0x0000000082f00000|100%| O|  |TAMS 0x0000000082f00000, 0x0000000082f00000| Untracked 
|  47|0x0000000082f00000, 0x0000000083000000, 0x0000000083000000|100%| O|  |TAMS 0x0000000083000000, 0x0000000083000000| Untracked 
|  48|0x0000000083000000, 0x0000000083100000, 0x0000000083100000|100%| O|  |TAMS 0x0000000083100000, 0x0000000083100000| Untracked 
|  49|0x0000000083100000, 0x0000000083200000, 0x0000000083200000|100%| O|  |TAMS 0x0000000083200000, 0x0000000083200000| Untracked 
|  50|0x0000000083200000, 0x0000000083300000, 0x0000000083300000|100%| O|  |TAMS 0x0000000083300000, 0x0000000083300000| Untracked 
|  51|0x0000000083300000, 0x0000000083400000, 0x0000000083400000|100%| O|  |TAMS 0x0000000083400000, 0x0000000083400000| Untracked 
|  52|0x0000000083400000, 0x0000000083500000, 0x0000000083500000|100%| O|  |TAMS 0x0000000083500000, 0x0000000083500000| Untracked 
|  53|0x0000000083500000, 0x0000000083600000, 0x0000000083600000|100%| O|  |TAMS 0x0000000083600000, 0x0000000083600000| Untracked 
|  54|0x0000000083600000, 0x0000000083700000, 0x0000000083700000|100%| O|  |TAMS 0x0000000083700000, 0x0000000083700000| Untracked 
|  55|0x0000000083700000, 0x0000000083800000, 0x0000000083800000|100%| O|  |TAMS 0x0000000083800000, 0x0000000083800000| Untracked 
|  56|0x0000000083800000, 0x0000000083900000, 0x0000000083900000|100%| O|  |TAMS 0x0000000083900000, 0x0000000083900000| Untracked 
|  57|0x0000000083900000, 0x0000000083a00000, 0x0000000083a00000|100%| O|  |TAMS 0x0000000083a00000, 0x0000000083a00000| Untracked 
|  58|0x0000000083a00000, 0x0000000083b00000, 0x0000000083b00000|100%| O|  |TAMS 0x0000000083b00000, 0x0000000083b00000| Untracked 
|  59|0x0000000083b00000, 0x0000000083c00000, 0x0000000083c00000|100%| O|  |TAMS 0x0000000083c00000, 0x0000000083c00000| Untracked 
|  60|0x0000000083c00000, 0x0000000083d00000, 0x0000000083d00000|100%| O|  |TAMS 0x0000000083d00000, 0x0000000083d00000| Untracked 
|  61|0x0000000083d00000, 0x0000000083e00000, 0x0000000083e00000|100%| O|  |TAMS 0x0000000083e00000, 0x0000000083e00000| Untracked 
|  62|0x0000000083e00000, 0x0000000083f00000, 0x0000000083f00000|100%| O|  |TAMS 0x0000000083f00000, 0x0000000083f00000| Untracked 
|  63|0x0000000083f00000, 0x0000000084000000, 0x0000000084000000|100%| O|  |TAMS 0x0000000084000000, 0x0000000084000000| Untracked 
|  64|0x0000000084000000, 0x0000000084100000, 0x0000000084100000|100%| O|  |TAMS 0x0000000084100000, 0x0000000084100000| Untracked 
|  65|0x0000000084100000, 0x0000000084200000, 0x0000000084200000|100%| O|  |TAMS 0x0000000084200000, 0x0000000084200000| Untracked 
|  66|0x0000000084200000, 0x0000000084300000, 0x0000000084300000|100%| O|  |TAMS 0x0000000084300000, 0x0000000084300000| Untracked 
|  67|0x0000000084300000, 0x0000000084400000, 0x0000000084400000|100%| O|  |TAMS 0x0000000084400000, 0x0000000084400000| Untracked 
|  68|0x0000000084400000, 0x0000000084500000, 0x0000000084500000|100%|HS|  |TAMS 0x0000000084500000, 0x0000000084500000| Complete 
|  69|0x0000000084500000, 0x0000000084600000, 0x0000000084600000|100%|HC|  |TAMS 0x0000000084600000, 0x0000000084600000| Complete 
|  70|0x0000000084600000, 0x0000000084700000, 0x0000000084700000|100%| O|  |TAMS 0x0000000084700000, 0x0000000084700000| Untracked 
|  71|0x0000000084700000, 0x0000000084800000, 0x0000000084800000|100%| O|  |TAMS 0x0000000084800000, 0x0000000084800000| Untracked 
|  72|0x0000000084800000, 0x0000000084900000, 0x0000000084900000|100%| O|  |TAMS 0x0000000084900000, 0x0000000084900000| Untracked 
|  73|0x0000000084900000, 0x0000000084a00000, 0x0000000084a00000|100%| O|  |TAMS 0x0000000084a00000, 0x0000000084a00000| Untracked 
|  74|0x0000000084a00000, 0x0000000084b00000, 0x0000000084b00000|100%| O|  |TAMS 0x0000000084b00000, 0x0000000084b00000| Untracked 
|  75|0x0000000084b00000, 0x0000000084c00000, 0x0000000084c00000|100%| O|  |TAMS 0x0000000084c00000, 0x0000000084c00000| Untracked 
|  76|0x0000000084c00000, 0x0000000084d00000, 0x0000000084d00000|100%| O|  |TAMS 0x0000000084d00000, 0x0000000084d00000| Untracked 
|  77|0x0000000084d00000, 0x0000000084e00000, 0x0000000084e00000|100%| O|  |TAMS 0x0000000084e00000, 0x0000000084e00000| Untracked 
|  78|0x0000000084e00000, 0x0000000084f00000, 0x0000000084f00000|100%| O|  |TAMS 0x0000000084f00000, 0x0000000084f00000| Untracked 
|  79|0x0000000084f00000, 0x0000000085000000, 0x0000000085000000|100%| O|  |TAMS 0x0000000085000000, 0x0000000085000000| Untracked 
|  80|0x0000000085000000, 0x0000000085100000, 0x0000000085100000|100%| O|  |TAMS 0x0000000085100000, 0x0000000085100000| Untracked 
|  81|0x0000000085100000, 0x0000000085200000, 0x0000000085200000|100%| O|  |TAMS 0x0000000085200000, 0x0000000085200000| Untracked 
|  82|0x0000000085200000, 0x0000000085300000, 0x0000000085300000|100%| O|  |TAMS 0x0000000085300000, 0x0000000085300000| Untracked 
|  83|0x0000000085300000, 0x0000000085400000, 0x0000000085400000|100%| O|  |TAMS 0x0000000085400000, 0x0000000085400000| Untracked 
|  84|0x0000000085400000, 0x0000000085500000, 0x0000000085500000|100%| O|  |TAMS 0x0000000085500000, 0x0000000085500000| Untracked 
|  85|0x0000000085500000, 0x0000000085600000, 0x0000000085600000|100%| O|  |TAMS 0x0000000085600000, 0x0000000085600000| Untracked 
|  86|0x0000000085600000, 0x0000000085700000, 0x0000000085700000|100%| O|  |TAMS 0x0000000085700000, 0x0000000085700000| Untracked 
|  87|0x0000000085700000, 0x0000000085800000, 0x0000000085800000|100%| O|  |TAMS 0x0000000085800000, 0x0000000085800000| Untracked 
|  88|0x0000000085800000, 0x0000000085900000, 0x0000000085900000|100%| O|  |TAMS 0x0000000085900000, 0x0000000085900000| Untracked 
|  89|0x0000000085900000, 0x0000000085a00000, 0x0000000085a00000|100%| O|  |TAMS 0x0000000085a00000, 0x0000000085a00000| Untracked 
|  90|0x0000000085a00000, 0x0000000085b00000, 0x0000000085b00000|100%| O|  |TAMS 0x0000000085a33600, 0x0000000085b00000| Untracked 
|  91|0x0000000085b00000, 0x0000000085c00000, 0x0000000085c00000|100%| O|  |TAMS 0x0000000085b00000, 0x0000000085c00000| Untracked 
|  92|0x0000000085c00000, 0x0000000085d00000, 0x0000000085d00000|100%| O|  |TAMS 0x0000000085c00000, 0x0000000085d00000| Untracked 
|  93|0x0000000085d00000, 0x0000000085e00000, 0x0000000085e00000|100%| O|  |TAMS 0x0000000085d00000, 0x0000000085e00000| Untracked 
|  94|0x0000000085e00000, 0x0000000085f00000, 0x0000000085f00000|100%| O|  |TAMS 0x0000000085e00000, 0x0000000085f00000| Untracked 
|  95|0x0000000085f00000, 0x0000000086000000, 0x0000000086000000|100%| O|  |TAMS 0x0000000085f00000, 0x0000000086000000| Untracked 
|  96|0x0000000086000000, 0x0000000086100000, 0x0000000086100000|100%| O|  |TAMS 0x0000000086000000, 0x0000000086100000| Untracked 
|  97|0x0000000086100000, 0x0000000086200000, 0x0000000086200000|100%| O|  |TAMS 0x0000000086100000, 0x0000000086200000| Untracked 
|  98|0x0000000086200000, 0x0000000086300000, 0x0000000086300000|100%| O|  |TAMS 0x0000000086200000, 0x0000000086300000| Untracked 
|  99|0x0000000086300000, 0x0000000086400000, 0x0000000086400000|100%| O|  |TAMS 0x0000000086300000, 0x0000000086400000| Untracked 
| 100|0x0000000086400000, 0x0000000086500000, 0x0000000086500000|100%| O|  |TAMS 0x0000000086400000, 0x0000000086500000| Untracked 
| 101|0x0000000086500000, 0x0000000086595000, 0x0000000086600000| 58%| O|  |TAMS 0x0000000086500000, 0x0000000086595000| Untracked 
| 102|0x0000000086600000, 0x0000000086600000, 0x0000000086700000|  0%| F|  |TAMS 0x0000000086600000, 0x0000000086600000| Untracked 
| 103|0x0000000086700000, 0x0000000086700000, 0x0000000086800000|  0%| F|  |TAMS 0x0000000086700000, 0x0000000086700000| Untracked 
| 104|0x0000000086800000, 0x0000000086800000, 0x0000000086900000|  0%| F|  |TAMS 0x0000000086800000, 0x0000000086800000| Untracked 
| 105|0x0000000086900000, 0x0000000086900000, 0x0000000086a00000|  0%| F|  |TAMS 0x0000000086900000, 0x0000000086900000| Untracked 
| 106|0x0000000086a00000, 0x0000000086a00000, 0x0000000086b00000|  0%| F|  |TAMS 0x0000000086a00000, 0x0000000086a00000| Untracked 
| 107|0x0000000086b00000, 0x0000000086b00000, 0x0000000086c00000|  0%| F|  |TAMS 0x0000000086b00000, 0x0000000086b00000| Untracked 
| 108|0x0000000086c00000, 0x0000000086c00000, 0x0000000086d00000|  0%| F|  |TAMS 0x0000000086c00000, 0x0000000086c00000| Untracked 
| 109|0x0000000086d00000, 0x0000000086d00000, 0x0000000086e00000|  0%| F|  |TAMS 0x0000000086d00000, 0x0000000086d00000| Untracked 
| 110|0x0000000086e00000, 0x0000000086e00000, 0x0000000086f00000|  0%| F|  |TAMS 0x0000000086e00000, 0x0000000086e00000| Untracked 
| 111|0x0000000086f00000, 0x0000000086f00000, 0x0000000087000000|  0%| F|  |TAMS 0x0000000086f00000, 0x0000000086f00000| Untracked 
| 112|0x0000000087000000, 0x0000000087000000, 0x0000000087100000|  0%| F|  |TAMS 0x0000000087000000, 0x0000000087000000| Untracked 
| 113|0x0000000087100000, 0x0000000087100000, 0x0000000087200000|  0%| F|  |TAMS 0x0000000087100000, 0x0000000087100000| Untracked 
| 114|0x0000000087200000, 0x0000000087200000, 0x0000000087300000|  0%| F|  |TAMS 0x0000000087200000, 0x0000000087200000| Untracked 
| 115|0x0000000087300000, 0x0000000087300000, 0x0000000087400000|  0%| F|  |TAMS 0x0000000087300000, 0x0000000087300000| Untracked 
| 116|0x0000000087400000, 0x0000000087400000, 0x0000000087500000|  0%| F|  |TAMS 0x0000000087400000, 0x0000000087400000| Untracked 
| 117|0x0000000087500000, 0x0000000087500000, 0x0000000087600000|  0%| F|  |TAMS 0x0000000087500000, 0x0000000087500000| Untracked 
| 118|0x0000000087600000, 0x0000000087600000, 0x0000000087700000|  0%| F|  |TAMS 0x0000000087600000, 0x0000000087600000| Untracked 
| 119|0x0000000087700000, 0x0000000087700000, 0x0000000087800000|  0%| F|  |TAMS 0x0000000087700000, 0x0000000087700000| Untracked 
| 120|0x0000000087800000, 0x0000000087800000, 0x0000000087900000|  0%| F|  |TAMS 0x0000000087800000, 0x0000000087800000| Untracked 
| 121|0x0000000087900000, 0x0000000087900000, 0x0000000087a00000|  0%| F|  |TAMS 0x0000000087900000, 0x0000000087900000| Untracked 
| 122|0x0000000087a00000, 0x0000000087a00000, 0x0000000087b00000|  0%| F|  |TAMS 0x0000000087a00000, 0x0000000087a00000| Untracked 
| 123|0x0000000087b00000, 0x0000000087b00000, 0x0000000087c00000|  0%| F|  |TAMS 0x0000000087b00000, 0x0000000087b00000| Untracked 
| 124|0x0000000087c00000, 0x0000000087c00000, 0x0000000087d00000|  0%| F|  |TAMS 0x0000000087c00000, 0x0000000087c00000| Untracked 
| 125|0x0000000087d00000, 0x0000000087d3dfc8, 0x0000000087e00000| 24%| S|CS|TAMS 0x0000000087d00000, 0x0000000087d00000| Complete 
| 126|0x0000000087e00000, 0x0000000087f00000, 0x0000000087f00000|100%| S|CS|TAMS 0x0000000087e00000, 0x0000000087e00000| Complete 
| 127|0x0000000087f00000, 0x0000000087f00000, 0x0000000088000000|  0%| F|  |TAMS 0x0000000087f00000, 0x0000000087f00000| Untracked 
| 128|0x0000000088000000, 0x0000000088000000, 0x0000000088100000|  0%| F|  |TAMS 0x0000000088000000, 0x0000000088000000| Untracked 
| 129|0x0000000088100000, 0x0000000088100000, 0x0000000088200000|  0%| F|  |TAMS 0x0000000088100000, 0x0000000088100000| Untracked 
| 130|0x0000000088200000, 0x0000000088200000, 0x0000000088300000|  0%| F|  |TAMS 0x0000000088200000, 0x0000000088200000| Untracked 
| 131|0x0000000088300000, 0x0000000088400000, 0x0000000088400000|100%| S|CS|TAMS 0x0000000088300000, 0x0000000088300000| Complete 
| 132|0x0000000088400000, 0x0000000088500000, 0x0000000088500000|100%| S|CS|TAMS 0x0000000088400000, 0x0000000088400000| Complete 
| 133|0x0000000088500000, 0x0000000088500000, 0x0000000088600000|  0%| F|  |TAMS 0x0000000088500000, 0x0000000088500000| Untracked 
| 134|0x0000000088600000, 0x0000000088600000, 0x0000000088700000|  0%| F|  |TAMS 0x0000000088600000, 0x0000000088600000| Untracked 
| 135|0x0000000088700000, 0x0000000088700000, 0x0000000088800000|  0%| F|  |TAMS 0x0000000088700000, 0x0000000088700000| Untracked 
| 136|0x0000000088800000, 0x0000000088800000, 0x0000000088900000|  0%| F|  |TAMS 0x0000000088800000, 0x0000000088800000| Untracked 
| 137|0x0000000088900000, 0x0000000088900000, 0x0000000088a00000|  0%| F|  |TAMS 0x0000000088900000, 0x0000000088900000| Untracked 
| 138|0x0000000088a00000, 0x0000000088a00000, 0x0000000088b00000|  0%| F|  |TAMS 0x0000000088a00000, 0x0000000088a00000| Untracked 
| 139|0x0000000088b00000, 0x0000000088b00000, 0x0000000088c00000|  0%| F|  |TAMS 0x0000000088b00000, 0x0000000088b00000| Untracked 
| 140|0x0000000088c00000, 0x0000000088c00000, 0x0000000088d00000|  0%| F|  |TAMS 0x0000000088c00000, 0x0000000088c00000| Untracked 
| 141|0x0000000088d00000, 0x0000000088d00000, 0x0000000088e00000|  0%| F|  |TAMS 0x0000000088d00000, 0x0000000088d00000| Untracked 
| 142|0x0000000088e00000, 0x0000000088e00000, 0x0000000088f00000|  0%| F|  |TAMS 0x0000000088e00000, 0x0000000088e00000| Untracked 
| 143|0x0000000088f00000, 0x0000000088f00000, 0x0000000089000000|  0%| F|  |TAMS 0x0000000088f00000, 0x0000000088f00000| Untracked 
| 144|0x0000000089000000, 0x0000000089000000, 0x0000000089100000|  0%| F|  |TAMS 0x0000000089000000, 0x0000000089000000| Untracked 
| 145|0x0000000089100000, 0x0000000089100000, 0x0000000089200000|  0%| F|  |TAMS 0x0000000089100000, 0x0000000089100000| Untracked 
| 146|0x0000000089200000, 0x0000000089200000, 0x0000000089300000|  0%| F|  |TAMS 0x0000000089200000, 0x0000000089200000| Untracked 
| 147|0x0000000089300000, 0x0000000089300000, 0x0000000089400000|  0%| F|  |TAMS 0x0000000089300000, 0x0000000089300000| Untracked 
| 148|0x0000000089400000, 0x0000000089400000, 0x0000000089500000|  0%| F|  |TAMS 0x0000000089400000, 0x0000000089400000| Untracked 
| 149|0x0000000089500000, 0x0000000089500000, 0x0000000089600000|  0%| F|  |TAMS 0x0000000089500000, 0x0000000089500000| Untracked 
| 150|0x0000000089600000, 0x0000000089600000, 0x0000000089700000|  0%| F|  |TAMS 0x0000000089600000, 0x0000000089600000| Untracked 
| 151|0x0000000089700000, 0x0000000089700000, 0x0000000089800000|  0%| F|  |TAMS 0x0000000089700000, 0x0000000089700000| Untracked 
| 152|0x0000000089800000, 0x0000000089800000, 0x0000000089900000|  0%| F|  |TAMS 0x0000000089800000, 0x0000000089800000| Untracked 
| 153|0x0000000089900000, 0x0000000089900000, 0x0000000089a00000|  0%| F|  |TAMS 0x0000000089900000, 0x0000000089900000| Untracked 
| 154|0x0000000089a00000, 0x0000000089a00000, 0x0000000089b00000|  0%| F|  |TAMS 0x0000000089a00000, 0x0000000089a00000| Untracked 
| 155|0x0000000089b00000, 0x0000000089b00000, 0x0000000089c00000|  0%| F|  |TAMS 0x0000000089b00000, 0x0000000089b00000| Untracked 
| 156|0x0000000089c00000, 0x0000000089c00000, 0x0000000089d00000|  0%| F|  |TAMS 0x0000000089c00000, 0x0000000089c00000| Untracked 
| 157|0x0000000089d00000, 0x0000000089d00000, 0x0000000089e00000|  0%| F|  |TAMS 0x0000000089d00000, 0x0000000089d00000| Untracked 
| 158|0x0000000089e00000, 0x0000000089e00000, 0x0000000089f00000|  0%| F|  |TAMS 0x0000000089e00000, 0x0000000089e00000| Untracked 
| 159|0x0000000089f00000, 0x0000000089f00000, 0x000000008a000000|  0%| F|  |TAMS 0x0000000089f00000, 0x0000000089f00000| Untracked 
| 160|0x000000008a000000, 0x000000008a000000, 0x000000008a100000|  0%| F|  |TAMS 0x000000008a000000, 0x000000008a000000| Untracked 
| 161|0x000000008a100000, 0x000000008a100000, 0x000000008a200000|  0%| F|  |TAMS 0x000000008a100000, 0x000000008a100000| Untracked 
| 162|0x000000008a200000, 0x000000008a200000, 0x000000008a300000|  0%| F|  |TAMS 0x000000008a200000, 0x000000008a200000| Untracked 
| 163|0x000000008a300000, 0x000000008a300000, 0x000000008a400000|  0%| F|  |TAMS 0x000000008a300000, 0x000000008a300000| Untracked 
| 164|0x000000008a400000, 0x000000008a400000, 0x000000008a500000|  0%| F|  |TAMS 0x000000008a400000, 0x000000008a400000| Untracked 
| 165|0x000000008a500000, 0x000000008a500000, 0x000000008a600000|  0%| F|  |TAMS 0x000000008a500000, 0x000000008a500000| Untracked 
| 166|0x000000008a600000, 0x000000008a600000, 0x000000008a700000|  0%| F|  |TAMS 0x000000008a600000, 0x000000008a600000| Untracked 
| 167|0x000000008a700000, 0x000000008a700000, 0x000000008a800000|  0%| F|  |TAMS 0x000000008a700000, 0x000000008a700000| Untracked 
| 168|0x000000008a800000, 0x000000008a800000, 0x000000008a900000|  0%| F|  |TAMS 0x000000008a800000, 0x000000008a800000| Untracked 
| 169|0x000000008a900000, 0x000000008a900000, 0x000000008aa00000|  0%| F|  |TAMS 0x000000008a900000, 0x000000008a900000| Untracked 
| 170|0x000000008aa00000, 0x000000008aa00000, 0x000000008ab00000|  0%| F|  |TAMS 0x000000008aa00000, 0x000000008aa00000| Untracked 
| 171|0x000000008ab00000, 0x000000008ab00000, 0x000000008ac00000|  0%| F|  |TAMS 0x000000008ab00000, 0x000000008ab00000| Untracked 
| 172|0x000000008ac00000, 0x000000008ac00000, 0x000000008ad00000|  0%| F|  |TAMS 0x000000008ac00000, 0x000000008ac00000| Untracked 
| 173|0x000000008ad00000, 0x000000008ad00000, 0x000000008ae00000|  0%| F|  |TAMS 0x000000008ad00000, 0x000000008ad00000| Untracked 
| 174|0x000000008ae00000, 0x000000008ae00000, 0x000000008af00000|  0%| F|  |TAMS 0x000000008ae00000, 0x000000008ae00000| Untracked 
| 175|0x000000008af00000, 0x000000008af00000, 0x000000008b000000|  0%| F|  |TAMS 0x000000008af00000, 0x000000008af00000| Untracked 
| 176|0x000000008b000000, 0x000000008b000000, 0x000000008b100000|  0%| F|  |TAMS 0x000000008b000000, 0x000000008b000000| Untracked 
| 177|0x000000008b100000, 0x000000008b100000, 0x000000008b200000|  0%| F|  |TAMS 0x000000008b100000, 0x000000008b100000| Untracked 
| 178|0x000000008b200000, 0x000000008b200000, 0x000000008b300000|  0%| F|  |TAMS 0x000000008b200000, 0x000000008b200000| Untracked 
| 179|0x000000008b300000, 0x000000008b300000, 0x000000008b400000|  0%| F|  |TAMS 0x000000008b300000, 0x000000008b300000| Untracked 
| 180|0x000000008b400000, 0x000000008b400000, 0x000000008b500000|  0%| F|  |TAMS 0x000000008b400000, 0x000000008b400000| Untracked 
| 181|0x000000008b500000, 0x000000008b500000, 0x000000008b600000|  0%| F|  |TAMS 0x000000008b500000, 0x000000008b500000| Untracked 
| 182|0x000000008b600000, 0x000000008b600000, 0x000000008b700000|  0%| F|  |TAMS 0x000000008b600000, 0x000000008b600000| Untracked 
| 183|0x000000008b700000, 0x000000008b700000, 0x000000008b800000|  0%| F|  |TAMS 0x000000008b700000, 0x000000008b700000| Untracked 
| 184|0x000000008b800000, 0x000000008b800000, 0x000000008b900000|  0%| F|  |TAMS 0x000000008b800000, 0x000000008b800000| Untracked 
| 185|0x000000008b900000, 0x000000008b900000, 0x000000008ba00000|  0%| F|  |TAMS 0x000000008b900000, 0x000000008b900000| Untracked 
| 186|0x000000008ba00000, 0x000000008ba00000, 0x000000008bb00000|  0%| F|  |TAMS 0x000000008ba00000, 0x000000008ba00000| Untracked 
| 187|0x000000008bb00000, 0x000000008bb00000, 0x000000008bc00000|  0%| F|  |TAMS 0x000000008bb00000, 0x000000008bb00000| Untracked 
| 188|0x000000008bc00000, 0x000000008bc00000, 0x000000008bd00000|  0%| F|  |TAMS 0x000000008bc00000, 0x000000008bc00000| Untracked 
| 189|0x000000008bd00000, 0x000000008bd77140, 0x000000008be00000| 46%| E|  |TAMS 0x000000008bd00000, 0x000000008bd00000| Complete 
| 190|0x000000008be00000, 0x000000008bf00000, 0x000000008bf00000|100%| E|CS|TAMS 0x000000008be00000, 0x000000008be00000| Complete 
| 191|0x000000008bf00000, 0x000000008c000000, 0x000000008c000000|100%| E|CS|TAMS 0x000000008bf00000, 0x000000008bf00000| Complete 
| 192|0x000000008c000000, 0x000000008c100000, 0x000000008c100000|100%| E|CS|TAMS 0x000000008c000000, 0x000000008c000000| Complete 
| 193|0x000000008c100000, 0x000000008c200000, 0x000000008c200000|100%| E|CS|TAMS 0x000000008c100000, 0x000000008c100000| Complete 
| 194|0x000000008c200000, 0x000000008c300000, 0x000000008c300000|100%| E|CS|TAMS 0x000000008c200000, 0x000000008c200000| Complete 

Card table byte_map: [0x0000019fc1560000,0x0000019fc1960000] _byte_map_base: 0x0000019fc1160000

Marking Bits (Prev, Next): (CMBitMap*) 0x0000019fae6bcac0, (CMBitMap*) 0x0000019fae6bca88
 Prev Bits: [0x0000019fc3d60000, 0x0000019fc5d60000)
 Next Bits: [0x0000019fc1d60000, 0x0000019fc3d60000)

Polling page: 0x0000019fac470000

Metaspace:

Usage:
  Non-class:     83.91 MB capacity,    82.37 MB ( 98%) used,     1.27 MB (  2%) free+waste,   287.75 KB ( <1%) overhead. 
      Class:     13.18 MB capacity,    12.31 MB ( 93%) used,   767.70 KB (  6%) free+waste,   130.94 KB ( <1%) overhead. 
       Both:     97.10 MB capacity,    94.67 MB ( 98%) used,     2.02 MB (  2%) free+waste,   418.69 KB ( <1%) overhead. 

Virtual space:
  Non-class space:       86.00 MB reserved,      84.04 MB ( 98%) committed 
      Class space:        1.00 GB reserved,      13.25 MB (  1%) committed 
             Both:        1.08 GB reserved,      97.29 MB (  9%) committed 

Chunk freelists:
   Non-Class:  60.00 KB
       Class:  5.00 KB
        Both:  65.00 KB

MaxMetaspaceSize: 17179869184.00 GB
CompressedClassSpaceSize: 1.00 GB

CodeHeap 'non-profiled nmethods': size=120064Kb used=7225Kb max_used=7225Kb free=112839Kb
 bounds [0x0000019fb9c20000, 0x0000019fba330000, 0x0000019fc1160000]
CodeHeap 'profiled nmethods': size=120000Kb used=26663Kb max_used=26663Kb free=93336Kb
 bounds [0x0000019fb26f0000, 0x0000019fb4100000, 0x0000019fb9c20000]
CodeHeap 'non-nmethods': size=5696Kb used=2309Kb max_used=2348Kb free=3386Kb
 bounds [0x0000019fb2160000, 0x0000019fb23d0000, 0x0000019fb26f0000]
 total_blobs=12860 nmethods=11945 adapters=824
 compilation: enabled
              stopped_count=0, restarted_count=0
 full_count=0

Compilation events (20 events):
Event: 35.439 Thread 0x0000019fc827b800 11975       3       com.android.tools.r8.internal.nh::a (26 bytes)
Event: 35.439 Thread 0x0000019fc827b800 nmethod 11975 0x0000019fb40d8e10 code [0x0000019fb40d9020, 0x0000019fb40d9678]
Event: 35.439 Thread 0x0000019fc827b800 11976       3       com.android.tools.r8.internal.kh::iterator (12 bytes)
Event: 35.440 Thread 0x0000019fc827b800 nmethod 11976 0x0000019fb40d9890 code [0x0000019fb40d9a60, 0x0000019fb40d9d98]
Event: 35.440 Thread 0x0000019fc827b800 11977       3       com.android.tools.r8.internal.h2::<init> (107 bytes)
Event: 35.441 Thread 0x0000019fc827b800 nmethod 11977 0x0000019fb40d9f10 code [0x0000019fb40da1c0, 0x0000019fb40db218]
Event: 35.441 Thread 0x0000019fc827b800 11978       3       com.android.tools.r8.internal.k9::<init> (6 bytes)
Event: 35.442 Thread 0x0000019fc827b800 nmethod 11978 0x0000019fb40db790 code [0x0000019fb40db940, 0x0000019fb40dba68]
Event: 35.442 Thread 0x0000019fc827b800 11979       3       com.android.tools.r8.internal.h5::d (8 bytes)
Event: 35.442 Thread 0x0000019fc827b800 nmethod 11979 0x0000019fb40dbb10 code [0x0000019fb40dbcc0, 0x0000019fb40dbe88]
Event: 35.443 Thread 0x0000019fc827b800 11980       3       com.android.tools.r8.internal.h2::J (19 bytes)
Event: 35.444 Thread 0x0000019fc827b800 nmethod 11980 0x0000019fb40dbf90 code [0x0000019fb40dc160, 0x0000019fb40dc388]
Event: 35.444 Thread 0x0000019fc827b800 11981       3       com.android.tools.r8.internal.i2$$Lambda$1248/0x0000000100cec040::get$Lambda (9 bytes)
Event: 35.444 Thread 0x0000019fc827b800 nmethod 11981 0x0000019fb40dc490 code [0x0000019fb40dc660, 0x0000019fb40dc8b8]
Event: 35.444 Thread 0x0000019fc827b800 11982       3       com.android.tools.r8.internal.hw::a (9 bytes)
Event: 35.445 Thread 0x0000019fc827b800 nmethod 11982 0x0000019fb40dc990 code [0x0000019fb40dcb60, 0x0000019fb40dcf38]
Event: 35.445 Thread 0x0000019fc827b800 11983       3       com.android.tools.r8.internal.CG::y (4 bytes)
Event: 35.445 Thread 0x0000019fc827b800 nmethod 11983 0x0000019fb40dd090 code [0x0000019fb40dd240, 0x0000019fb40dd338]
Event: 35.449 Thread 0x0000019fc827b800 11984       3       com.android.tools.r8.internal.Oe::<init> (37 bytes)
Event: 35.450 Thread 0x0000019fc827b800 nmethod 11984 0x0000019fb40dd410 code [0x0000019fb40dd6c0, 0x0000019fb40de548]

GC Heap History (20 events):
Event: 27.597 GC heap before
{Heap before GC invocations=40 (full 0):
 garbage-first heap   total 138240K, used 103331K [0x0000000080000000, 0x0000000100000000)
  region size 1024K, 42 young (43008K), 3 survivors (3072K)
 Metaspace       used 81873K, capacity 83950K, committed 84004K, reserved 1122304K
  class space    used 10541K, capacity 11264K, committed 11264K, reserved 1048576K
}
Event: 27.606 GC heap after
{Heap after GC invocations=41 (full 0):
 garbage-first heap   total 138240K, used 66769K [0x0000000080000000, 0x0000000100000000)
  region size 1024K, 5 young (5120K), 5 survivors (5120K)
 Metaspace       used 81873K, capacity 83950K, committed 84004K, reserved 1122304K
  class space    used 10541K, capacity 11264K, committed 11264K, reserved 1048576K
}
Event: 29.175 GC heap before
{Heap before GC invocations=41 (full 0):
 garbage-first heap   total 138240K, used 109777K [0x0000000080000000, 0x0000000100000000)
  region size 1024K, 48 young (49152K), 5 survivors (5120K)
 Metaspace       used 83326K, capacity 85492K, committed 85796K, reserved 1124352K
  class space    used 10697K, capacity 11464K, committed 11520K, reserved 1048576K
}
Event: 29.190 GC heap after
{Heap after GC invocations=42 (full 0):
 garbage-first heap   total 138240K, used 69145K [0x0000000080000000, 0x0000000100000000)
  region size 1024K, 5 young (5120K), 5 survivors (5120K)
 Metaspace       used 83326K, capacity 85492K, committed 85796K, reserved 1124352K
  class space    used 10697K, capacity 11464K, committed 11520K, reserved 1048576K
}
Event: 29.892 GC heap before
{Heap before GC invocations=43 (full 0):
 garbage-first heap   total 138240K, used 111129K [0x0000000080000000, 0x0000000100000000)
  region size 1024K, 47 young (48128K), 5 survivors (5120K)
 Metaspace       used 84926K, capacity 87067K, committed 87332K, reserved 1124352K
  class space    used 10905K, capacity 11689K, committed 11776K, reserved 1048576K
}
Event: 29.905 GC heap after
{Heap after GC invocations=44 (full 0):
 garbage-first heap   total 138240K, used 70702K [0x0000000080000000, 0x0000000100000000)
  region size 1024K, 4 young (4096K), 4 survivors (4096K)
 Metaspace       used 84926K, capacity 87067K, committed 87332K, reserved 1124352K
  class space    used 10905K, capacity 11689K, committed 11776K, reserved 1048576K
}
Event: 30.362 GC heap before
{Heap before GC invocations=44 (full 0):
 garbage-first heap   total 138240K, used 93230K [0x0000000080000000, 0x0000000100000000)
  region size 1024K, 28 young (28672K), 4 survivors (4096K)
 Metaspace       used 86030K, capacity 88166K, committed 88484K, reserved 1126400K
  class space    used 11049K, capacity 11798K, committed 11904K, reserved 1048576K
}
Event: 30.371 GC heap after
{Heap after GC invocations=45 (full 0):
 garbage-first heap   total 138240K, used 71608K [0x0000000080000000, 0x0000000100000000)
  region size 1024K, 3 young (3072K), 3 survivors (3072K)
 Metaspace       used 86030K, capacity 88166K, committed 88484K, reserved 1126400K
  class space    used 11049K, capacity 11798K, committed 11904K, reserved 1048576K
}
Event: 31.113 GC heap before
{Heap before GC invocations=46 (full 0):
 garbage-first heap   total 138240K, used 110520K [0x0000000080000000, 0x0000000100000000)
  region size 1024K, 41 young (41984K), 3 survivors (3072K)
 Metaspace       used 87132K, capacity 89269K, committed 89380K, reserved 1126400K
  class space    used 11178K, capacity 11951K, committed 12032K, reserved 1048576K
}
Event: 31.132 GC heap after
{Heap after GC invocations=47 (full 0):
 garbage-first heap   total 138240K, used 79872K [0x0000000080000000, 0x0000000100000000)
  region size 1024K, 5 young (5120K), 5 survivors (5120K)
 Metaspace       used 87132K, capacity 89269K, committed 89380K, reserved 1126400K
  class space    used 11178K, capacity 11951K, committed 12032K, reserved 1048576K
}
Event: 31.618 GC heap before
{Heap before GC invocations=47 (full 0):
 garbage-first heap   total 138240K, used 110592K [0x0000000080000000, 0x0000000100000000)
  region size 1024K, 36 young (36864K), 5 survivors (5120K)
 Metaspace       used 88902K, capacity 91018K, committed 91172K, reserved 1128448K
  class space    used 11404K, capacity 12172K, committed 12288K, reserved 1048576K
}
Event: 31.636 GC heap after
{Heap after GC invocations=48 (full 0):
 garbage-first heap   total 165888K, used 86476K [0x0000000080000000, 0x0000000100000000)
  region size 1024K, 5 young (5120K), 5 survivors (5120K)
 Metaspace       used 88902K, capacity 91018K, committed 91172K, reserved 1128448K
  class space    used 11404K, capacity 12172K, committed 12288K, reserved 1048576K
}
Event: 32.779 GC heap before
{Heap before GC invocations=49 (full 0):
 garbage-first heap   total 165888K, used 124364K [0x0000000080000000, 0x0000000100000000)
  region size 1024K, 42 young (43008K), 5 survivors (5120K)
 Metaspace       used 90925K, capacity 93156K, committed 93476K, reserved 1130496K
  class space    used 11677K, capacity 12459K, committed 12544K, reserved 1048576K
}
Event: 32.805 GC heap after
{Heap after GC invocations=50 (full 0):
 garbage-first heap   total 165888K, used 91902K [0x0000000080000000, 0x0000000100000000)
  region size 1024K, 6 young (6144K), 6 survivors (6144K)
 Metaspace       used 90925K, capacity 93156K, committed 93476K, reserved 1130496K
  class space    used 11677K, capacity 12459K, committed 12544K, reserved 1048576K
}
Event: 33.410 GC heap before
{Heap before GC invocations=50 (full 0):
 garbage-first heap   total 165888K, used 126718K [0x0000000080000000, 0x0000000100000000)
  region size 1024K, 41 young (41984K), 6 survivors (6144K)
 Metaspace       used 92760K, capacity 95025K, committed 95268K, reserved 1132544K
  class space    used 11923K, capacity 12718K, committed 12800K, reserved 1048576K
}
Event: 33.437 GC heap after
{Heap after GC invocations=51 (full 0):
 garbage-first heap   total 165888K, used 98509K [0x0000000080000000, 0x0000000100000000)
  region size 1024K, 6 young (6144K), 6 survivors (6144K)
 Metaspace       used 92760K, capacity 95025K, committed 95268K, reserved 1132544K
  class space    used 11923K, capacity 12718K, committed 12800K, reserved 1048576K
}
Event: 34.259 GC heap before
{Heap before GC invocations=52 (full 0):
 garbage-first heap   total 165888K, used 130253K [0x0000000080000000, 0x0000000100000000)
  region size 1024K, 37 young (37888K), 6 survivors (6144K)
 Metaspace       used 94279K, capacity 96656K, committed 96932K, reserved 1132544K
  class space    used 12216K, capacity 13078K, committed 13184K, reserved 1048576K
}
Event: 34.282 GC heap after
{Heap after GC invocations=53 (full 0):
 garbage-first heap   total 165888K, used 103988K [0x0000000080000000, 0x0000000100000000)
  region size 1024K, 5 young (5120K), 5 survivors (5120K)
 Metaspace       used 94279K, capacity 96656K, committed 96932K, reserved 1132544K
  class space    used 12216K, capacity 13078K, committed 13184K, reserved 1048576K
}
Event: 35.243 GC heap before
{Heap before GC invocations=53 (full 0):
 garbage-first heap   total 165888K, used 132660K [0x0000000080000000, 0x0000000100000000)
  region size 1024K, 34 young (34816K), 5 survivors (5120K)
 Metaspace       used 96757K, capacity 99293K, committed 99364K, reserved 1134592K
  class space    used 12583K, capacity 13499K, committed 13568K, reserved 1048576K
}
Event: 35.261 GC heap after
{Heap after GC invocations=54 (full 0):
 garbage-first heap   total 199680K, used 107339K [0x0000000080000000, 0x0000000100000000)
  region size 1024K, 4 young (4096K), 4 survivors (4096K)
 Metaspace       used 96757K, capacity 99293K, committed 99364K, reserved 1134592K
  class space    used 12583K, capacity 13499K, committed 13568K, reserved 1048576K
}

Deoptimization events (20 events):
Event: 34.586 Thread 0x0000019fcc4c7800 Uncommon trap: trap_request=0xffffffc6 fr.pc=0x0000019fba2882dc relative=0x00000000000005bc
Event: 34.586 Thread 0x0000019fcc4c7800 Uncommon trap: reason=bimorphic_or_optimized_type_check action=maybe_recompile pc=0x0000019fba2882dc method=com.android.tools.r8.internal.Rb$a.hashCode()I @ 26 c2
Event: 34.586 Thread 0x0000019fcc4c7800 DEOPT PACKING pc=0x0000019fba2882dc sp=0x0000004ed8ef9dc0
Event: 34.586 Thread 0x0000019fcc4c7800 DEOPT UNPACKING pc=0x0000019fb218782f sp=0x0000004ed8ef9d68 mode 2
Event: 34.586 Thread 0x0000019fcc4c7800 Uncommon trap: trap_request=0xffffffc6 fr.pc=0x0000019fba2882dc relative=0x00000000000005bc
Event: 34.586 Thread 0x0000019fcc4c7800 Uncommon trap: reason=bimorphic_or_optimized_type_check action=maybe_recompile pc=0x0000019fba2882dc method=com.android.tools.r8.internal.Rb$a.hashCode()I @ 26 c2
Event: 34.586 Thread 0x0000019fcc4c7800 DEOPT PACKING pc=0x0000019fba2882dc sp=0x0000004ed8ef9d80
Event: 34.586 Thread 0x0000019fcc4c7800 DEOPT UNPACKING pc=0x0000019fb218782f sp=0x0000004ed8ef9d28 mode 2
Event: 34.603 Thread 0x0000019fcc4d0000 Uncommon trap: trap_request=0xffffff4d fr.pc=0x0000019fb9e87ee0 relative=0x0000000000000c40
Event: 34.603 Thread 0x0000019fcc4d0000 Uncommon trap: reason=unstable_if action=reinterpret pc=0x0000019fb9e87ee0 method=java.util.HashMap.computeIfAbsent(Ljava/lang/Object;Ljava/util/function/Function;)Ljava/lang/Object; @ 145 c2
Event: 34.603 Thread 0x0000019fcc4d0000 DEOPT PACKING pc=0x0000019fb9e87ee0 sp=0x0000004ed8ff9cd0
Event: 34.603 Thread 0x0000019fcc4d0000 DEOPT UNPACKING pc=0x0000019fb218782f sp=0x0000004ed8ff9ca0 mode 2
Event: 34.616 Thread 0x0000019fcc4d0000 Uncommon trap: trap_request=0xffffff4d fr.pc=0x0000019fba2c8afc relative=0x000000000000595c
Event: 34.616 Thread 0x0000019fcc4d0000 Uncommon trap: reason=unstable_if action=reinterpret pc=0x0000019fba2c8afc method=com.android.tools.r8.graph.B0$d.c()V @ 72 c2
Event: 34.616 Thread 0x0000019fcc4d0000 DEOPT PACKING pc=0x0000019fba2c8afc sp=0x0000004ed8ff90a0
Event: 34.616 Thread 0x0000019fcc4d0000 DEOPT UNPACKING pc=0x0000019fb218782f sp=0x0000004ed8ff9060 mode 2
Event: 34.868 Thread 0x0000019fcc4c7800 Uncommon trap: trap_request=0xffffff4d fr.pc=0x0000019fb9fc0538 relative=0x0000000000002678
Event: 34.868 Thread 0x0000019fcc4c7800 Uncommon trap: reason=unstable_if action=reinterpret pc=0x0000019fb9fc0538 method=java.util.TreeMap.put(Ljava/lang/Object;Ljava/lang/Object;)Ljava/lang/Object; @ 163 c2
Event: 34.868 Thread 0x0000019fcc4c7800 DEOPT PACKING pc=0x0000019fb9fc0538 sp=0x0000004ed8ef9cf0
Event: 34.868 Thread 0x0000019fcc4c7800 DEOPT UNPACKING pc=0x0000019fb218782f sp=0x0000004ed8ef9cb0 mode 2

Classes redefined (0 events):
No events

Internal exceptions (20 events):
Event: 31.737 Thread 0x0000019fcc4c7800 Exception <a 'java/lang/IncompatibleClassChangeError'{0x000000008a0544e0}: Found class java.lang.Object, but interface was expected> (0x000000008a0544e0) thrown at [./src/hotspot/share/interpreter/linkResolver.cpp, line 839]
Event: 32.215 Thread 0x0000019fcc4d0000 Exception <a 'java/lang/NoSuchMethodError'{0x0000000089456228}: 'int java.lang.invoke.DirectMethodHandle$Holder.invokeVirtual(java.lang.Object, java.lang.Object, java.lang.Object, java.lang.Object)'> (0x0000000089456228) thrown at [./src/hotspot/share/interpreter/linkResolver.cpp, line 773]
Event: 32.322 Thread 0x0000019fcc4d0000 Exception <a 'java/lang/NoSuchMethodError'{0x00000000890c6d90}: 'long java.lang.invoke.DirectMethodHandle$Holder.invokeStatic(java.lang.Object, java.lang.Object)'> (0x00000000890c6d90) thrown at [./src/hotspot/share/interpreter/linkResolver.cpp, line 773]
Event: 32.766 Thread 0x0000019fcc4d0000 Exception <a 'java/lang/IncompatibleClassChangeError'{0x0000000087e41a78}: Found class java.lang.Object, but interface was expected> (0x0000000087e41a78) thrown at [./src/hotspot/share/interpreter/linkResolver.cpp, line 839]
Event: 32.767 Thread 0x0000019fcc4d0000 Exception <a 'java/lang/NoSuchMethodError'{0x0000000087e49918}: 'java.lang.Object java.lang.invoke.DirectMethodHandle$Holder.newInvokeSpecial(java.lang.Object, int)'> (0x0000000087e49918) thrown at [./src/hotspot/share/interpreter/linkResolver.cpp, line 773]
Event: 32.771 Thread 0x0000019fcc4d0000 Exception <a 'java/lang/IncompatibleClassChangeError'{0x0000000087d055c8}: Found class java.lang.Object, but interface was expected> (0x0000000087d055c8) thrown at [./src/hotspot/share/interpreter/linkResolver.cpp, line 839]
Event: 32.772 Thread 0x0000019fcc4d0000 Exception <a 'java/lang/IncompatibleClassChangeError'{0x0000000087d0f3c8}: Found class java.lang.Object, but interface was expected> (0x0000000087d0f3c8) thrown at [./src/hotspot/share/interpreter/linkResolver.cpp, line 839]
Event: 33.011 Thread 0x0000019fcc4d0000 Exception <a 'java/lang/NoSuchMethodError'{0x00000000892631a8}: 'void java.lang.invoke.DirectMethodHandle$Holder.invokeStatic(java.lang.Object, java.lang.Object, java.lang.Object, int)'> (0x00000000892631a8) thrown at [./src/hotspot/share/interpreter/linkResolver.cpp, line 773]
Event: 33.011 Thread 0x0000019fcc4c7800 Exception <a 'java/lang/NoSuchMethodError'{0x0000000089243b98}: 'void java.lang.invoke.DirectMethodHandle$Holder.invokeStatic(java.lang.Object, java.lang.Object, java.lang.Object, int)'> (0x0000000089243b98) thrown at [./src/hotspot/share/interpreter/linkResolver.cpp, line 773]
Event: 33.022 Thread 0x0000019fcc4d0000 Exception <a 'java/lang/IncompatibleClassChangeError'{0x0000000089266b78}: Found class java.lang.Object, but interface was expected> (0x0000000089266b78) thrown at [./src/hotspot/share/interpreter/linkResolver.cpp, line 839]
Event: 33.048 Thread 0x0000019fcc4cd800 Exception <a 'java/lang/NoSuchMethodError'{0x0000000088e08348}: 'int java.lang.invoke.DirectMethodHandle$Holder.invokeVirtual(java.lang.Object, java.lang.Object, java.lang.Object)'> (0x0000000088e08348) thrown at [./src/hotspot/share/interpreter/linkResolver.cpp, line 773]
Event: 33.326 Thread 0x0000019fcf07c800 Exception <a 'java/lang/NoSuchMethodError'{0x00000000884d7b20}: 'int java.lang.invoke.DirectMethodHandle$Holder.invokeSpecialIFC(java.lang.Object, java.lang.Object, java.lang.Object)'> (0x00000000884d7b20) thrown at [./src/hotspot/share/interpreter/linkResolver.cpp, line 773]
Event: 33.544 Thread 0x0000019fcc4d0000 Exception <a 'java/lang/NoSuchMethodError'{0x0000000089d72910}: 'java.lang.Object java.lang.invoke.DirectMethodHandle$Holder.invokeStatic(java.lang.Object, int, java.lang.Object, java.lang.Object)'> (0x0000000089d72910) thrown at [./src/hotspot/share/interpreter/linkResolver.cpp, line 773]
Event: 33.567 Thread 0x0000019fcc4d0000 Exception <a 'java/lang/NoSuchMethodError'{0x0000000089cf4208}: 'java.lang.Object java.lang.invoke.Invokers$Holder.linkToTargetMethod(java.lang.Object, java.lang.Object, java.lang.Object, java.lang.Object, java.lang.Object, java.lang.Object, java.lang.Object, java.lang.Object)'> (0x0000000089cf4208) thrown at [./src/hotspot/share/interpreter/linkResolver.cpp, line 773]
Event: 33.981 Thread 0x0000019fcc4d0000 Exception <a 'java/lang/NoSuchMethodError'{0x00000000894269c0}: 'java.lang.Object java.lang.invoke.Invokers$Holder.linkToTargetMethod(java.lang.Object, java.lang.Object, java.lang.Object, java.lang.Object, java.lang.Object, java.lang.Object, java.lang.Object)'> (0x00000000894269c0) thrown at [./src/hotspot/share/interpreter/linkResolver.cpp, line 773]
Event: 34.157 Thread 0x0000019fcc4d0000 Exception <a 'java/lang/NoSuchMethodError'{0x00000000891573c0}: 'java.lang.Object java.lang.invoke.DirectMethodHandle$Holder.invokeVirtual(java.lang.Object, java.lang.Object, int, java.lang.Object)'> (0x00000000891573c0) thrown at [./src/hotspot/share/interpreter/linkResolver.cpp, line 773]
Event: 34.157 Thread 0x0000019fcc4c7800 Exception <a 'java/lang/NoSuchMethodError'{0x0000000088a9f908}: 'java.lang.Object java.lang.invoke.DirectMethodHandle$Holder.invokeVirtual(java.lang.Object, java.lang.Object, int, java.lang.Object)'> (0x0000000088a9f908) thrown at [./src/hotspot/share/interpreter/linkResolver.cpp, line 773]
Event: 34.227 Thread 0x0000019fcc4d0000 Exception <a 'java/lang/NoSuchMethodError'{0x00000000886eb670}: 'void java.lang.invoke.DirectMethodHandle$Holder.invokeVirtual(java.lang.Object, java.lang.Object, int, java.lang.Object)'> (0x00000000886eb670) thrown at [./src/hotspot/share/interpreter/linkResolver.cpp, line 773]
Event: 34.431 Thread 0x0000019fcc4c7800 Exception <a 'java/lang/NoSuchMethodError'{0x0000000089ba8758}: 'int java.lang.invoke.DirectMethodHandle$Holder.invokeSpecial(java.lang.Object, java.lang.Object, java.lang.Object, int, java.lang.Object)'> (0x0000000089ba8758) thrown at [./src/hotspot/share/interpreter/linkResolver.cpp, line 773]
Event: 34.887 Thread 0x0000019fcc4c7800 Exception <a 'java/lang/NoSuchMethodError'{0x00000000890d26d8}: 'java.lang.Object java.lang.invoke.DirectMethodHandle$Holder.invokeInterface(java.lang.Object, java.lang.Object, int)'> (0x00000000890d26d8) thrown at [./src/hotspot/share/interpreter/linkResolver.cpp, line 773]

Events (20 events):
Event: 35.212 loading class com/android/tools/r8/code/s2
Event: 35.212 loading class com/android/tools/r8/code/s2 done
Event: 35.214 loading class com/android/tools/r8/code/u2
Event: 35.214 loading class com/android/tools/r8/code/u2 done
Event: 35.216 loading class com/android/tools/r8/code/x2
Event: 35.216 loading class com/android/tools/r8/code/x2 done
Event: 35.217 loading class com/android/tools/r8/code/B2
Event: 35.217 loading class com/android/tools/r8/code/B2 done
Event: 35.218 loading class com/android/tools/r8/code/w2
Event: 35.218 loading class com/android/tools/r8/code/w2 done
Event: 35.218 loading class com/android/tools/r8/code/y2
Event: 35.218 loading class com/android/tools/r8/code/y2 done
Event: 35.219 loading class com/android/tools/r8/code/t2
Event: 35.219 loading class com/android/tools/r8/code/t2 done
Event: 35.220 loading class com/android/tools/r8/code/A2
Event: 35.220 loading class com/android/tools/r8/code/A2 done
Event: 35.221 loading class com/android/tools/r8/code/z2
Event: 35.221 loading class com/android/tools/r8/code/z2 done
Event: 35.238 Executing VM operation: G1CollectForAllocation
Event: 35.261 Executing VM operation: G1CollectForAllocation done


Dynamic libraries:
0x00007ff615640000 - 0x00007ff61564a000 	C:\Program Files\Android\Android Studio\jre\bin\java.exe
0x00007ffc38620000 - 0x00007ffc38810000 	C:\Windows\SYSTEM32\ntdll.dll
0x00007ffc37e20000 - 0x00007ffc37ed2000 	C:\Windows\System32\KERNEL32.DLL
0x00007ffc356c0000 - 0x00007ffc35965000 	C:\Windows\System32\KERNELBASE.dll
0x00007ffc355c0000 - 0x00007ffc356ba000 	C:\Windows\System32\ucrtbase.dll
0x00007ffc2c320000 - 0x00007ffc2c339000 	C:\Program Files\Android\Android Studio\jre\bin\jli.dll
0x00007ffc37330000 - 0x00007ffc374c4000 	C:\Windows\System32\USER32.dll
0x00007ffc36600000 - 0x00007ffc36621000 	C:\Windows\System32\win32u.dll
0x00007ffc36aa0000 - 0x00007ffc36ac6000 	C:\Windows\System32\GDI32.dll
0x00007ffc35b30000 - 0x00007ffc35cc8000 	C:\Windows\System32\gdi32full.dll
0x00007ffc36630000 - 0x00007ffc366ce000 	C:\Windows\System32\msvcp_win.dll
0x00007ffc2c300000 - 0x00007ffc2c317000 	C:\Program Files\Android\Android Studio\jre\bin\VCRUNTIME140.dll
0x00007ffc2f150000 - 0x00007ffc2f3d4000 	C:\Windows\WinSxS\amd64_microsoft.windows.common-controls_6595b64144ccf1df_6.0.18362.1556_none_9e7e372fe45e41d5\COMCTL32.dll
0x00007ffc36a00000 - 0x00007ffc36a9e000 	C:\Windows\System32\msvcrt.dll
0x00007ffc36f10000 - 0x00007ffc37246000 	C:\Windows\System32\combase.dll
0x00007ffc374d0000 - 0x00007ffc375ef000 	C:\Windows\System32\RPCRT4.dll
0x00007ffc35aa0000 - 0x00007ffc35b21000 	C:\Windows\System32\bcryptPrimitives.dll
0x00007ffc38510000 - 0x00007ffc3853e000 	C:\Windows\System32\IMM32.DLL
0x00007ffc19900000 - 0x00007ffc1999d000 	C:\Program Files\Android\Android Studio\jre\bin\msvcp140.dll
0x00007ffbfede0000 - 0x00007ffbff8af000 	C:\Program Files\Android\Android Studio\jre\bin\server\jvm.dll
0x00007ffc36ad0000 - 0x00007ffc36b73000 	C:\Windows\System32\ADVAPI32.dll
0x00007ffc38540000 - 0x00007ffc385d7000 	C:\Windows\System32\sechost.dll
0x00007ffc37250000 - 0x00007ffc37258000 	C:\Windows\System32\PSAPI.DLL
0x00007ffc1bb00000 - 0x00007ffc1bb09000 	C:\Windows\SYSTEM32\WSOCK32.dll
0x00007ffc36e20000 - 0x00007ffc36e8f000 	C:\Windows\System32\WS2_32.dll
0x00007ffc25660000 - 0x00007ffc2566a000 	C:\Windows\SYSTEM32\VERSION.dll
0x00007ffc32160000 - 0x00007ffc32184000 	C:\Windows\SYSTEM32\WINMM.dll
0x00007ffc32130000 - 0x00007ffc3215d000 	C:\Windows\SYSTEM32\winmmbase.dll
0x00007ffc365b0000 - 0x00007ffc365fa000 	C:\Windows\System32\cfgmgr32.dll
0x00007ffc354e0000 - 0x00007ffc354f1000 	C:\Windows\System32\kernel.appcore.dll
0x00007ffc2afb0000 - 0x00007ffc2afc1000 	C:\Program Files\Android\Android Studio\jre\bin\verify.dll
0x00007ffc23900000 - 0x00007ffc23af4000 	C:\Windows\SYSTEM32\DBGHELP.DLL
0x00007ffc237b0000 - 0x00007ffc237da000 	C:\Windows\SYSTEM32\dbgcore.DLL
0x00007ffc285c0000 - 0x00007ffc285e9000 	C:\Program Files\Android\Android Studio\jre\bin\java.dll
0x00007ffc2c930000 - 0x00007ffc2c93b000 	C:\Program Files\Android\Android Studio\jre\bin\jimage.dll
0x00007ffc28800000 - 0x00007ffc28818000 	C:\Program Files\Android\Android Studio\jre\bin\zip.dll
0x00007ffc37720000 - 0x00007ffc37e07000 	C:\Windows\System32\SHELL32.dll
0x00007ffc368a0000 - 0x00007ffc36948000 	C:\Windows\System32\shcore.dll
0x00007ffc35cd0000 - 0x00007ffc3644b000 	C:\Windows\System32\windows.storage.dll
0x00007ffc35550000 - 0x00007ffc3556e000 	C:\Windows\System32\profapi.dll
0x00007ffc35500000 - 0x00007ffc3554a000 	C:\Windows\System32\powrprof.dll
0x00007ffc354d0000 - 0x00007ffc354e0000 	C:\Windows\System32\UMPDC.dll
0x00007ffc36830000 - 0x00007ffc36882000 	C:\Windows\System32\shlwapi.dll
0x00007ffc359d0000 - 0x00007ffc359e7000 	C:\Windows\System32\cryptsp.dll
0x00007ffc28290000 - 0x00007ffc282aa000 	C:\Program Files\Android\Android Studio\jre\bin\net.dll
0x00007ffc29510000 - 0x00007ffc2960a000 	C:\Windows\SYSTEM32\WINHTTP.dll
0x00007ffc34cb0000 - 0x00007ffc34d17000 	C:\Windows\system32\mswsock.dll
0x00007ffc28270000 - 0x00007ffc28284000 	C:\Program Files\Android\Android Studio\jre\bin\nio.dll
0x00007ffc2c3c0000 - 0x00007ffc2c3e7000 	C:\Users\Admin\.gradle\native\8bec1ad78214c89d9ad589b4d07fe93259594b29d510b10fafb7a158f7737e5d\windows-amd64\native-platform.dll
0x00007ffc28380000 - 0x00007ffc284bd000 	C:\Users\Admin\.gradle\native\53dbd7edfb1c66fb8903c78663c9afc45aea4f116125fa6feffd364cf09443e8\windows-amd64\native-platform-file-events.dll
0x00007ffc29890000 - 0x00007ffc2989a000 	C:\Program Files\Android\Android Studio\jre\bin\management.dll
0x00007ffc28d20000 - 0x00007ffc28d2c000 	C:\Program Files\Android\Android Studio\jre\bin\management_ext.dll
0x00007ffc34830000 - 0x00007ffc34863000 	C:\Windows\system32\rsaenh.dll
0x00007ffc35590000 - 0x00007ffc355b6000 	C:\Windows\System32\bcrypt.dll
0x00007ffc353c0000 - 0x00007ffc353e5000 	C:\Windows\SYSTEM32\USERENV.dll
0x00007ffc34e80000 - 0x00007ffc34e8c000 	C:\Windows\SYSTEM32\CRYPTBASE.dll
0x00007ffc349c0000 - 0x00007ffc349fa000 	C:\Windows\SYSTEM32\IPHLPAPI.DLL
0x00007ffc36890000 - 0x00007ffc36898000 	C:\Windows\System32\NSI.dll
0x00007ffc2da90000 - 0x00007ffc2daa6000 	C:\Windows\SYSTEM32\dhcpcsvc6.DLL
0x00007ffc2dad0000 - 0x00007ffc2daec000 	C:\Windows\SYSTEM32\dhcpcsvc.DLL
0x00007ffc34a00000 - 0x00007ffc34acb000 	C:\Windows\SYSTEM32\DNSAPI.dll

dbghelp: loaded successfully - version: 4.0.5 - missing functions: none
symbol engine: initialized successfully - sym options: 0x614 - pdb path: .;C:\Program Files\Android\Android Studio\jre\bin;C:\Windows\SYSTEM32;C:\Windows\WinSxS\amd64_microsoft.windows.common-controls_6595b64144ccf1df_6.0.18362.1556_none_9e7e372fe45e41d5;C:\Program Files\Android\Android Studio\jre\bin\server;C:\Users\Admin\.gradle\native\8bec1ad78214c89d9ad589b4d07fe93259594b29d510b10fafb7a158f7737e5d\windows-amd64;C:\Users\Admin\.gradle\native\53dbd7edfb1c66fb8903c78663c9afc45aea4f116125fa6feffd364cf09443e8\windows-amd64

VM Arguments:
jvm_args: --add-opens=java.base/java.util=ALL-UNNAMED --add-opens=java.base/java.lang=ALL-UNNAMED --add-opens=java.base/java.lang.invoke=ALL-UNNAMED --add-opens=java.base/java.util=ALL-UNNAMED --add-opens=java.prefs/java.util.prefs=ALL-UNNAMED --add-opens=java.prefs/java.util.prefs=ALL-UNNAMED --add-opens=java.base/java.nio.charset=ALL-UNNAMED --add-opens=java.base/java.net=ALL-UNNAMED --add-opens=java.base/java.util.concurrent.atomic=ALL-UNNAMED -Xmx2048m -Dfile.encoding=UTF-8 -Duser.country=US -Duser.language=en -Duser.variant 
java_command: org.gradle.launcher.daemon.bootstrap.GradleDaemon 7.0.2
java_class_path (initial): C:\Users\Admin\.gradle\wrapper\dists\gradle-7.0.2-bin\857tjihv64xamwrf0h14cai3r\gradle-7.0.2\lib\gradle-launcher-7.0.2.jar
Launcher Type: SUN_STANDARD

[Global flags]
     intx CICompilerCount                          = 3                                         {product} {ergonomic}
     uint ConcGCThreads                            = 1                                         {product} {ergonomic}
     uint G1ConcRefinementThreads                  = 4                                         {product} {ergonomic}
   size_t G1HeapRegionSize                         = 1048576                                   {product} {ergonomic}
    uintx GCDrainStackTargetSize                   = 64                                        {product} {ergonomic}
   size_t InitialHeapSize                          = 67108864                                  {product} {ergonomic}
   size_t MarkStackSize                            = 4194304                                   {product} {ergonomic}
   size_t MaxHeapSize                              = 2147483648                                {product} {command line}
   size_t MaxNewSize                               = 1287651328                                {product} {ergonomic}
   size_t MinHeapDeltaBytes                        = 1048576                                   {product} {ergonomic}
    uintx NonNMethodCodeHeapSize                   = 5830732                                {pd product} {ergonomic}
    uintx NonProfiledCodeHeapSize                  = 122913754                              {pd product} {ergonomic}
    uintx ProfiledCodeHeapSize                     = 122913754                              {pd product} {ergonomic}
    uintx ReservedCodeCacheSize                    = 251658240                              {pd product} {ergonomic}
     bool SegmentedCodeCache                       = true                                      {product} {ergonomic}
     bool UseCompressedClassPointers               = true                                 {lp64_product} {ergonomic}
     bool UseCompressedOops                        = true                                 {lp64_product} {ergonomic}
     bool UseG1GC                                  = true                                      {product} {ergonomic}
     bool UseLargePagesIndividualAllocation        = false                                  {pd product} {ergonomic}

Logging:
Log output configuration:
 #0: stdout all=warning uptime,level,tags
 #1: stderr all=off uptime,level,tags

Environment Variables:
PATH=C:\Windows\system32;C:\Windows;C:\Windows\System32\Wbem;C:\Windows\System32\WindowsPowerShell\v1.0\;C:\Windows\System32\OpenSSH\;C:\Program Files (x86)\ATI Technologies\ATI.ACE\Core-Static;C:\Program Files\Git\cmd;C:\Users\Admin\AppData\Local\Microsoft\WindowsApps;;C:\Users\Admin\AppData\Local\Programs\Microsoft VS Code\bin
USERNAME=Admin
OS=Windows_NT
PROCESSOR_IDENTIFIER=Intel64 Family 6 Model 58 Stepping 9, GenuineIntel



---------------  S Y S T E M  ---------------

OS: Windows 10 , 64 bit Build 18362 (10.0.18362.1500)
OS uptime: 1 days 2:13 hours

CPU:total 4 (initial active 4) (2 cores per cpu, 2 threads per core) family 6 model 58 stepping 9 microcode 0x21, cmov, cx8, fxsr, mmx, sse, sse2, sse3, ssse3, sse4.1, sse4.2, popcnt, avx, aes, clmul, erms, ht, tsc, tscinvbit, tscinv

Memory: 4k page, system-wide physical 3968M (317M free)
TotalPageFile size 7968M (AvailPageFile size 5M)
current process WorkingSet (physical memory assigned to process): 469M, peak: 472M
current process commit charge ("private bytes"): 541M, peak: 544M

vm_info: OpenJDK 64-Bit Server VM (11.0.10+0-b96-7249189) for windows-amd64 JRE (11.0.10+0-b96-7249189), built on Mar 31 2021 21:44:00 by "builder" with MS VC++ 14.0 (VS2015)

END.
